[0.170s] DEBUG:colcon:Command line arguments: ['/usr/bin/colcon', 'build']
[0.170s] DEBUG:colcon:Parsed command line arguments: Namespace(log_base=None, log_level=None, verb_name='build', build_base='build', install_base='install', merge_install=False, symlink_install=False, test_result_base=None, continue_on_error=False, executor='parallel', parallel_workers=16, event_handlers=None, ignore_user_meta=False, metas=['./colcon.meta'], base_paths=['.'], packages_ignore=None, packages_ignore_regex=None, paths=None, packages_up_to=None, packages_up_to_regex=None, packages_above=None, packages_above_and_dependencies=None, packages_above_depth=None, packages_select_by_dep=None, packages_skip_by_dep=None, packages_skip_up_to=None, packages_select_build_failed=False, packages_skip_build_finished=False, packages_select_test_failures=False, packages_skip_test_passed=False, packages_select=None, packages_skip=None, packages_select_regex=None, packages_skip_regex=None, packages_start=None, packages_end=None, allow_overriding=[], cmake_args=None, cmake_target=None, cmake_target_skip_unavailable=False, cmake_clean_cache=False, cmake_clean_first=False, cmake_force_configure=False, ament_cmake_args=None, catkin_cmake_args=None, catkin_skip_building_tests=False, mixin_files=None, mixin=None, verb_parser=<colcon_mixin.mixin.mixin_argument.MixinArgumentDecorator object at 0x78b82dd769f0>, verb_extension=<colcon_core.verb.build.BuildVerb object at 0x78b82dd76750>, main=<bound method BuildVerb.main of <colcon_core.verb.build.BuildVerb object at 0x78b82dd76750>>, mixin_verb=('build',))
[0.210s] Level 1:colcon.colcon_core.package_discovery:discover_packages(colcon_meta) check parameters
[0.210s] Level 1:colcon.colcon_core.package_discovery:discover_packages(recursive) check parameters
[0.210s] Level 1:colcon.colcon_core.package_discovery:discover_packages(ignore) check parameters
[0.210s] Level 1:colcon.colcon_core.package_discovery:discover_packages(path) check parameters
[0.210s] Level 1:colcon.colcon_core.package_discovery:discover_packages(colcon_meta) discover
[0.210s] Level 1:colcon.colcon_core.package_discovery:discover_packages(recursive) discover
[0.210s] INFO:colcon.colcon_core.package_discovery:Crawling recursively for packages in '/home/jhw0178/ros2_2026_summer_study/ros_ws'
[0.210s] Level 1:colcon.colcon_core.package_identification:_identify(.) by extensions ['ignore', 'ignore_ament_install']
[0.210s] Level 1:colcon.colcon_core.package_identification:_identify(.) by extension 'ignore'
[0.211s] Level 1:colcon.colcon_core.package_identification:_identify(.) by extension 'ignore_ament_install'
[0.211s] Level 1:colcon.colcon_core.package_identification:_identify(.) by extensions ['colcon_pkg']
[0.211s] Level 1:colcon.colcon_core.package_identification:_identify(.) by extension 'colcon_pkg'
[0.211s] Level 1:colcon.colcon_core.package_identification:_identify(.) by extensions ['colcon_meta']
[0.211s] Level 1:colcon.colcon_core.package_identification:_identify(.) by extension 'colcon_meta'
[0.211s] Level 1:colcon.colcon_core.package_identification:_identify(.) by extensions ['ros']
[0.211s] Level 1:colcon.colcon_core.package_identification:_identify(.) by extension 'ros'
[0.235s] Level 1:colcon.colcon_core.package_identification:_identify(.) by extensions ['cmake', 'python']
[0.235s] Level 1:colcon.colcon_core.package_identification:_identify(.) by extension 'cmake'
[0.235s] Level 1:colcon.colcon_core.package_identification:_identify(.) by extension 'python'
[0.235s] Level 1:colcon.colcon_core.package_identification:_identify(.) by extensions ['python_setup_py']
[0.236s] Level 1:colcon.colcon_core.package_identification:_identify(.) by extension 'python_setup_py'
[0.236s] Level 1:colcon.colcon_core.package_identification:_identify(build) by extensions ['ignore', 'ignore_ament_install']
[0.236s] Level 1:colcon.colcon_core.package_identification:_identify(build) by extension 'ignore'
[0.236s] Level 1:colcon.colcon_core.package_identification:_identify(build) ignored
[0.236s] Level 1:colcon.colcon_core.package_identification:_identify(install) by extensions ['ignore', 'ignore_ament_install']
[0.236s] Level 1:colcon.colcon_core.package_identification:_identify(install) by extension 'ignore'
[0.236s] Level 1:colcon.colcon_core.package_identification:_identify(install) ignored
[0.236s] Level 1:colcon.colcon_core.package_identification:_identify(log) by extensions ['ignore', 'ignore_ament_install']
[0.236s] Level 1:colcon.colcon_core.package_identification:_identify(log) by extension 'ignore'
[0.236s] Level 1:colcon.colcon_core.package_identification:_identify(log) ignored
[0.236s] Level 1:colcon.colcon_core.package_identification:_identify(src) by extensions ['ignore', 'ignore_ament_install']
[0.236s] Level 1:colcon.colcon_core.package_identification:_identify(src) by extension 'ignore'
[0.237s] Level 1:colcon.colcon_core.package_identification:_identify(src) by extension 'ignore_ament_install'
[0.237s] Level 1:colcon.colcon_core.package_identification:_identify(src) by extensions ['colcon_pkg']
[0.237s] Level 1:colcon.colcon_core.package_identification:_identify(src) by extension 'colcon_pkg'
[0.237s] Level 1:colcon.colcon_core.package_identification:_identify(src) by extensions ['colcon_meta']
[0.237s] Level 1:colcon.colcon_core.package_identification:_identify(src) by extension 'colcon_meta'
[0.237s] Level 1:colcon.colcon_core.package_identification:_identify(src) by extensions ['ros']
[0.238s] Level 1:colcon.colcon_core.package_identification:_identify(src) by extension 'ros'
[0.238s] Level 1:colcon.colcon_core.package_identification:_identify(src) by extensions ['cmake', 'python']
[0.238s] Level 1:colcon.colcon_core.package_identification:_identify(src) by extension 'cmake'
[0.238s] Level 1:colcon.colcon_core.package_identification:_identify(src) by extension 'python'
[0.238s] Level 1:colcon.colcon_core.package_identification:_identify(src) by extensions ['python_setup_py']
[0.238s] Level 1:colcon.colcon_core.package_identification:_identify(src) by extension 'python_setup_py'
[0.239s] Level 1:colcon.colcon_core.package_identification:_identify(src/follow_turtle) by extensions ['ignore', 'ignore_ament_install']
[0.239s] Level 1:colcon.colcon_core.package_identification:_identify(src/follow_turtle) by extension 'ignore'
[0.239s] Level 1:colcon.colcon_core.package_identification:_identify(src/follow_turtle) by extension 'ignore_ament_install'
[0.239s] Level 1:colcon.colcon_core.package_identification:_identify(src/follow_turtle) by extensions ['colcon_pkg']
[0.239s] Level 1:colcon.colcon_core.package_identification:_identify(src/follow_turtle) by extension 'colcon_pkg'
[0.239s] Level 1:colcon.colcon_core.package_identification:_identify(src/follow_turtle) by extensions ['colcon_meta']
[0.239s] Level 1:colcon.colcon_core.package_identification:_identify(src/follow_turtle) by extension 'colcon_meta'
[0.239s] Level 1:colcon.colcon_core.package_identification:_identify(src/follow_turtle) by extensions ['ros']
[0.239s] Level 1:colcon.colcon_core.package_identification:_identify(src/follow_turtle) by extension 'ros'
[0.242s] DEBUG:colcon.colcon_core.package_identification:Package 'src/follow_turtle' with type 'ros.ament_python' and name 'follow_turtle'
[0.242s] Level 1:colcon.colcon_core.package_identification:_identify(src/mini_homework1) by extensions ['ignore', 'ignore_ament_install']
[0.242s] Level 1:colcon.colcon_core.package_identification:_identify(src/mini_homework1) by extension 'ignore'
[0.242s] Level 1:colcon.colcon_core.package_identification:_identify(src/mini_homework1) by extension 'ignore_ament_install'
[0.242s] Level 1:colcon.colcon_core.package_identification:_identify(src/mini_homework1) by extensions ['colcon_pkg']
[0.242s] Level 1:colcon.colcon_core.package_identification:_identify(src/mini_homework1) by extension 'colcon_pkg'
[0.242s] Level 1:colcon.colcon_core.package_identification:_identify(src/mini_homework1) by extensions ['colcon_meta']
[0.242s] Level 1:colcon.colcon_core.package_identification:_identify(src/mini_homework1) by extension 'colcon_meta'
[0.242s] Level 1:colcon.colcon_core.package_identification:_identify(src/mini_homework1) by extensions ['ros']
[0.243s] Level 1:colcon.colcon_core.package_identification:_identify(src/mini_homework1) by extension 'ros'
[0.243s] DEBUG:colcon.colcon_core.package_identification:Package 'src/mini_homework1' with type 'ros.ament_python' and name 'mini_homework1'
[0.243s] Level 1:colcon.colcon_core.package_identification:_identify(src/my_first_package) by extensions ['ignore', 'ignore_ament_install']
[0.243s] Level 1:colcon.colcon_core.package_identification:_identify(src/my_first_package) by extension 'ignore'
[0.243s] Level 1:colcon.colcon_core.package_identification:_identify(src/my_first_package) by extension 'ignore_ament_install'
[0.243s] Level 1:colcon.colcon_core.package_identification:_identify(src/my_first_package) by extensions ['colcon_pkg']
[0.243s] Level 1:colcon.colcon_core.package_identification:_identify(src/my_first_package) by extension 'colcon_pkg'
[0.243s] Level 1:colcon.colcon_core.package_identification:_identify(src/my_first_package) by extensions ['colcon_meta']
[0.243s] Level 1:colcon.colcon_core.package_identification:_identify(src/my_first_package) by extension 'colcon_meta'
[0.243s] Level 1:colcon.colcon_core.package_identification:_identify(src/my_first_package) by extensions ['ros']
[0.244s] Level 1:colcon.colcon_core.package_identification:_identify(src/my_first_package) by extension 'ros'
[0.244s] DEBUG:colcon.colcon_core.package_identification:Package 'src/my_first_package' with type 'ros.ament_python' and name 'my_first_package'
[0.244s] Level 1:colcon.colcon_core.package_identification:_identify(src/tf2_basic) by extensions ['ignore', 'ignore_ament_install']
[0.244s] Level 1:colcon.colcon_core.package_identification:_identify(src/tf2_basic) by extension 'ignore'
[0.244s] Level 1:colcon.colcon_core.package_identification:_identify(src/tf2_basic) by extension 'ignore_ament_install'
[0.244s] Level 1:colcon.colcon_core.package_identification:_identify(src/tf2_basic) by extensions ['colcon_pkg']
[0.244s] Level 1:colcon.colcon_core.package_identification:_identify(src/tf2_basic) by extension 'colcon_pkg'
[0.244s] Level 1:colcon.colcon_core.package_identification:_identify(src/tf2_basic) by extensions ['colcon_meta']
[0.244s] Level 1:colcon.colcon_core.package_identification:_identify(src/tf2_basic) by extension 'colcon_meta'
[0.245s] Level 1:colcon.colcon_core.package_identification:_identify(src/tf2_basic) by extensions ['ros']
[0.245s] Level 1:colcon.colcon_core.package_identification:_identify(src/tf2_basic) by extension 'ros'
[0.245s] DEBUG:colcon.colcon_core.package_identification:Package 'src/tf2_basic' with type 'ros.ament_python' and name 'tf2_basic'
[0.245s] Level 1:colcon.colcon_core.package_identification:_identify(src/user_interface) by extensions ['ignore', 'ignore_ament_install']
[0.245s] Level 1:colcon.colcon_core.package_identification:_identify(src/user_interface) by extension 'ignore'
[0.245s] Level 1:colcon.colcon_core.package_identification:_identify(src/user_interface) by extension 'ignore_ament_install'
[0.245s] Level 1:colcon.colcon_core.package_identification:_identify(src/user_interface) by extensions ['colcon_pkg']
[0.245s] Level 1:colcon.colcon_core.package_identification:_identify(src/user_interface) by extension 'colcon_pkg'
[0.245s] Level 1:colcon.colcon_core.package_identification:_identify(src/user_interface) by extensions ['colcon_meta']
[0.245s] Level 1:colcon.colcon_core.package_identification:_identify(src/user_interface) by extension 'colcon_meta'
[0.245s] Level 1:colcon.colcon_core.package_identification:_identify(src/user_interface) by extensions ['ros']
[0.246s] Level 1:colcon.colcon_core.package_identification:_identify(src/user_interface) by extension 'ros'
[0.246s] DEBUG:colcon.colcon_core.package_identification:Package 'src/user_interface' with type 'ros.ament_cmake' and name 'user_interface'
[0.246s] Level 1:colcon.colcon_core.package_discovery:discover_packages(recursive) using defaults
[0.247s] Level 1:colcon.colcon_core.package_discovery:discover_packages(ignore) discover
[0.247s] Level 1:colcon.colcon_core.package_discovery:discover_packages(ignore) using defaults
[0.247s] Level 1:colcon.colcon_core.package_discovery:discover_packages(path) discover
[0.247s] Level 1:colcon.colcon_core.package_discovery:discover_packages(path) using defaults
[0.264s] Level 1:colcon.colcon_core.package_discovery:discover_packages(prefix_path) check parameters
[0.264s] Level 1:colcon.colcon_core.package_discovery:discover_packages(prefix_path) discover
[0.265s] DEBUG:colcon.colcon_installed_package_information.package_discovery:Found 5 installed packages in /home/jhw0178/ros2_2026_summer_study/ros_ws/install
[0.266s] DEBUG:colcon.colcon_installed_package_information.package_discovery:Found 292 installed packages in /opt/ros/jazzy
[0.268s] Level 1:colcon.colcon_core.package_discovery:discover_packages(prefix_path) using defaults
[0.302s] Level 5:colcon.colcon_core.verb:set package 'follow_turtle' build argument 'cmake_args' from command line to 'None'
[0.302s] Level 5:colcon.colcon_core.verb:set package 'follow_turtle' build argument 'cmake_target' from command line to 'None'
[0.302s] Level 5:colcon.colcon_core.verb:set package 'follow_turtle' build argument 'cmake_target_skip_unavailable' from command line to 'False'
[0.302s] Level 5:colcon.colcon_core.verb:set package 'follow_turtle' build argument 'cmake_clean_cache' from command line to 'False'
[0.302s] Level 5:colcon.colcon_core.verb:set package 'follow_turtle' build argument 'cmake_clean_first' from command line to 'False'
[0.302s] Level 5:colcon.colcon_core.verb:set package 'follow_turtle' build argument 'cmake_force_configure' from command line to 'False'
[0.302s] Level 5:colcon.colcon_core.verb:set package 'follow_turtle' build argument 'ament_cmake_args' from command line to 'None'
[0.302s] Level 5:colcon.colcon_core.verb:set package 'follow_turtle' build argument 'catkin_cmake_args' from command line to 'None'
[0.302s] Level 5:colcon.colcon_core.verb:set package 'follow_turtle' build argument 'catkin_skip_building_tests' from command line to 'False'
[0.302s] DEBUG:colcon.colcon_core.verb:Building package 'follow_turtle' with the following arguments: {'ament_cmake_args': None, 'build_base': '/home/jhw0178/ros2_2026_summer_study/ros_ws/build/follow_turtle', 'catkin_cmake_args': None, 'catkin_skip_building_tests': False, 'cmake_args': None, 'cmake_clean_cache': False, 'cmake_clean_first': False, 'cmake_force_configure': False, 'cmake_target': None, 'cmake_target_skip_unavailable': False, 'install_base': '/home/jhw0178/ros2_2026_summer_study/ros_ws/install/follow_turtle', 'merge_install': False, 'path': '/home/jhw0178/ros2_2026_summer_study/ros_ws/src/follow_turtle', 'symlink_install': False, 'test_result_base': None}
[0.302s] Level 5:colcon.colcon_core.verb:set package 'mini_homework1' build argument 'cmake_args' from command line to 'None'
[0.302s] Level 5:colcon.colcon_core.verb:set package 'mini_homework1' build argument 'cmake_target' from command line to 'None'
[0.302s] Level 5:colcon.colcon_core.verb:set package 'mini_homework1' build argument 'cmake_target_skip_unavailable' from command line to 'False'
[0.302s] Level 5:colcon.colcon_core.verb:set package 'mini_homework1' build argument 'cmake_clean_cache' from command line to 'False'
[0.303s] Level 5:colcon.colcon_core.verb:set package 'mini_homework1' build argument 'cmake_clean_first' from command line to 'False'
[0.303s] Level 5:colcon.colcon_core.verb:set package 'mini_homework1' build argument 'cmake_force_configure' from command line to 'False'
[0.303s] Level 5:colcon.colcon_core.verb:set package 'mini_homework1' build argument 'ament_cmake_args' from command line to 'None'
[0.303s] Level 5:colcon.colcon_core.verb:set package 'mini_homework1' build argument 'catkin_cmake_args' from command line to 'None'
[0.303s] Level 5:colcon.colcon_core.verb:set package 'mini_homework1' build argument 'catkin_skip_building_tests' from command line to 'False'
[0.303s] DEBUG:colcon.colcon_core.verb:Building package 'mini_homework1' with the following arguments: {'ament_cmake_args': None, 'build_base': '/home/jhw0178/ros2_2026_summer_study/ros_ws/build/mini_homework1', 'catkin_cmake_args': None, 'catkin_skip_building_tests': False, 'cmake_args': None, 'cmake_clean_cache': False, 'cmake_clean_first': False, 'cmake_force_configure': False, 'cmake_target': None, 'cmake_target_skip_unavailable': False, 'install_base': '/home/jhw0178/ros2_2026_summer_study/ros_ws/install/mini_homework1', 'merge_install': False, 'path': '/home/jhw0178/ros2_2026_summer_study/ros_ws/src/mini_homework1', 'symlink_install': False, 'test_result_base': None}
[0.303s] Level 5:colcon.colcon_core.verb:set package 'my_first_package' build argument 'cmake_args' from command line to 'None'
[0.303s] Level 5:colcon.colcon_core.verb:set package 'my_first_package' build argument 'cmake_target' from command line to 'None'
[0.303s] Level 5:colcon.colcon_core.verb:set package 'my_first_package' build argument 'cmake_target_skip_unavailable' from command line to 'False'
[0.303s] Level 5:colcon.colcon_core.verb:set package 'my_first_package' build argument 'cmake_clean_cache' from command line to 'False'
[0.303s] Level 5:colcon.colcon_core.verb:set package 'my_first_package' build argument 'cmake_clean_first' from command line to 'False'
[0.303s] Level 5:colcon.colcon_core.verb:set package 'my_first_package' build argument 'cmake_force_configure' from command line to 'False'
[0.303s] Level 5:colcon.colcon_core.verb:set package 'my_first_package' build argument 'ament_cmake_args' from command line to 'None'
[0.303s] Level 5:colcon.colcon_core.verb:set package 'my_first_package' build argument 'catkin_cmake_args' from command line to 'None'
[0.303s] Level 5:colcon.colcon_core.verb:set package 'my_first_package' build argument 'catkin_skip_building_tests' from command line to 'False'
[0.303s] DEBUG:colcon.colcon_core.verb:Building package 'my_first_package' with the following arguments: {'ament_cmake_args': None, 'build_base': '/home/jhw0178/ros2_2026_summer_study/ros_ws/build/my_first_package', 'catkin_cmake_args': None, 'catkin_skip_building_tests': False, 'cmake_args': None, 'cmake_clean_cache': False, 'cmake_clean_first': False, 'cmake_force_configure': False, 'cmake_target': None, 'cmake_target_skip_unavailable': False, 'install_base': '/home/jhw0178/ros2_2026_summer_study/ros_ws/install/my_first_package', 'merge_install': False, 'path': '/home/jhw0178/ros2_2026_summer_study/ros_ws/src/my_first_package', 'symlink_install': False, 'test_result_base': None}
[0.303s] Level 5:colcon.colcon_core.verb:set package 'tf2_basic' build argument 'cmake_args' from command line to 'None'
[0.303s] Level 5:colcon.colcon_core.verb:set package 'tf2_basic' build argument 'cmake_target' from command line to 'None'
[0.303s] Level 5:colcon.colcon_core.verb:set package 'tf2_basic' build argument 'cmake_target_skip_unavailable' from command line to 'False'
[0.303s] Level 5:colcon.colcon_core.verb:set package 'tf2_basic' build argument 'cmake_clean_cache' from command line to 'False'
[0.303s] Level 5:colcon.colcon_core.verb:set package 'tf2_basic' build argument 'cmake_clean_first' from command line to 'False'
[0.303s] Level 5:colcon.colcon_core.verb:set package 'tf2_basic' build argument 'cmake_force_configure' from command line to 'False'
[0.303s] Level 5:colcon.colcon_core.verb:set package 'tf2_basic' build argument 'ament_cmake_args' from command line to 'None'
[0.303s] Level 5:colcon.colcon_core.verb:set package 'tf2_basic' build argument 'catkin_cmake_args' from command line to 'None'
[0.303s] Level 5:colcon.colcon_core.verb:set package 'tf2_basic' build argument 'catkin_skip_building_tests' from command line to 'False'
[0.303s] DEBUG:colcon.colcon_core.verb:Building package 'tf2_basic' with the following arguments: {'ament_cmake_args': None, 'build_base': '/home/jhw0178/ros2_2026_summer_study/ros_ws/build/tf2_basic', 'catkin_cmake_args': None, 'catkin_skip_building_tests': False, 'cmake_args': None, 'cmake_clean_cache': False, 'cmake_clean_first': False, 'cmake_force_configure': False, 'cmake_target': None, 'cmake_target_skip_unavailable': False, 'install_base': '/home/jhw0178/ros2_2026_summer_study/ros_ws/install/tf2_basic', 'merge_install': False, 'path': '/home/jhw0178/ros2_2026_summer_study/ros_ws/src/tf2_basic', 'symlink_install': False, 'test_result_base': None}
[0.304s] Level 5:colcon.colcon_core.verb:set package 'user_interface' build argument 'cmake_args' from command line to 'None'
[0.304s] Level 5:colcon.colcon_core.verb:set package 'user_interface' build argument 'cmake_target' from command line to 'None'
[0.304s] Level 5:colcon.colcon_core.verb:set package 'user_interface' build argument 'cmake_target_skip_unavailable' from command line to 'False'
[0.304s] Level 5:colcon.colcon_core.verb:set package 'user_interface' build argument 'cmake_clean_cache' from command line to 'False'
[0.304s] Level 5:colcon.colcon_core.verb:set package 'user_interface' build argument 'cmake_clean_first' from command line to 'False'
[0.304s] Level 5:colcon.colcon_core.verb:set package 'user_interface' build argument 'cmake_force_configure' from command line to 'False'
[0.304s] Level 5:colcon.colcon_core.verb:set package 'user_interface' build argument 'ament_cmake_args' from command line to 'None'
[0.304s] Level 5:colcon.colcon_core.verb:set package 'user_interface' build argument 'catkin_cmake_args' from command line to 'None'
[0.304s] Level 5:colcon.colcon_core.verb:set package 'user_interface' build argument 'catkin_skip_building_tests' from command line to 'False'
[0.304s] DEBUG:colcon.colcon_core.verb:Building package 'user_interface' with the following arguments: {'ament_cmake_args': None, 'build_base': '/home/jhw0178/ros2_2026_summer_study/ros_ws/build/user_interface', 'catkin_cmake_args': None, 'catkin_skip_building_tests': False, 'cmake_args': None, 'cmake_clean_cache': False, 'cmake_clean_first': False, 'cmake_force_configure': False, 'cmake_target': None, 'cmake_target_skip_unavailable': False, 'install_base': '/home/jhw0178/ros2_2026_summer_study/ros_ws/install/user_interface', 'merge_install': False, 'path': '/home/jhw0178/ros2_2026_summer_study/ros_ws/src/user_interface', 'symlink_install': False, 'test_result_base': None}
[0.304s] INFO:colcon.colcon_core.executor:Executing jobs using 'parallel' executor
[0.305s] DEBUG:colcon.colcon_parallel_executor.executor.parallel:run_until_complete
[0.305s] INFO:colcon.colcon_ros.task.ament_python.build:Building ROS package in '/home/jhw0178/ros2_2026_summer_study/ros_ws/src/follow_turtle' with build type 'ament_python'
[0.306s] Level 1:colcon.colcon_core.shell:create_environment_hook('follow_turtle', 'ament_prefix_path')
[0.308s] INFO:colcon.colcon_core.plugin_system:Skipping extension 'colcon_core.shell.bat': Not used on non-Windows systems
[0.308s] INFO:colcon.colcon_core.shell:Creating environment hook '/home/jhw0178/ros2_2026_summer_study/ros_ws/install/follow_turtle/share/follow_turtle/hook/ament_prefix_path.ps1'
[0.309s] INFO:colcon.colcon_core.shell:Creating environment descriptor '/home/jhw0178/ros2_2026_summer_study/ros_ws/install/follow_turtle/share/follow_turtle/hook/ament_prefix_path.dsv'
[0.310s] INFO:colcon.colcon_core.shell:Creating environment hook '/home/jhw0178/ros2_2026_summer_study/ros_ws/install/follow_turtle/share/follow_turtle/hook/ament_prefix_path.sh'
[0.310s] INFO:colcon.colcon_core.shell:Skip shell extension 'powershell' for command environment: Not usable outside of PowerShell
[0.311s] DEBUG:colcon.colcon_core.shell:Skip shell extension 'dsv' for command environment
[0.315s] INFO:colcon.colcon_ros.task.ament_python.build:Building ROS package in '/home/jhw0178/ros2_2026_summer_study/ros_ws/src/mini_homework1' with build type 'ament_python'
[0.316s] Level 1:colcon.colcon_core.shell:create_environment_hook('mini_homework1', 'ament_prefix_path')
[0.317s] INFO:colcon.colcon_core.shell:Creating environment hook '/home/jhw0178/ros2_2026_summer_study/ros_ws/install/mini_homework1/share/mini_homework1/hook/ament_prefix_path.ps1'
[0.319s] INFO:colcon.colcon_core.shell:Creating environment descriptor '/home/jhw0178/ros2_2026_summer_study/ros_ws/install/mini_homework1/share/mini_homework1/hook/ament_prefix_path.dsv'
[0.320s] INFO:colcon.colcon_core.shell:Creating environment hook '/home/jhw0178/ros2_2026_summer_study/ros_ws/install/mini_homework1/share/mini_homework1/hook/ament_prefix_path.sh'
[0.320s] INFO:colcon.colcon_core.shell:Skip shell extension 'powershell' for command environment: Not usable outside of PowerShell
[0.321s] DEBUG:colcon.colcon_core.shell:Skip shell extension 'dsv' for command environment
[0.323s] INFO:colcon.colcon_ros.task.ament_python.build:Building ROS package in '/home/jhw0178/ros2_2026_summer_study/ros_ws/src/my_first_package' with build type 'ament_python'
[0.324s] Level 1:colcon.colcon_core.shell:create_environment_hook('my_first_package', 'ament_prefix_path')
[0.324s] INFO:colcon.colcon_core.shell:Creating environment hook '/home/jhw0178/ros2_2026_summer_study/ros_ws/install/my_first_package/share/my_first_package/hook/ament_prefix_path.ps1'
[0.325s] INFO:colcon.colcon_core.shell:Creating environment descriptor '/home/jhw0178/ros2_2026_summer_study/ros_ws/install/my_first_package/share/my_first_package/hook/ament_prefix_path.dsv'
[0.326s] INFO:colcon.colcon_core.shell:Creating environment hook '/home/jhw0178/ros2_2026_summer_study/ros_ws/install/my_first_package/share/my_first_package/hook/ament_prefix_path.sh'
[0.327s] INFO:colcon.colcon_core.shell:Skip shell extension 'powershell' for command environment: Not usable outside of PowerShell
[0.327s] DEBUG:colcon.colcon_core.shell:Skip shell extension 'dsv' for command environment
[0.330s] INFO:colcon.colcon_ros.task.ament_python.build:Building ROS package in '/home/jhw0178/ros2_2026_summer_study/ros_ws/src/tf2_basic' with build type 'ament_python'
[0.330s] Level 1:colcon.colcon_core.shell:create_environment_hook('tf2_basic', 'ament_prefix_path')
[0.331s] INFO:colcon.colcon_core.shell:Creating environment hook '/home/jhw0178/ros2_2026_summer_study/ros_ws/install/tf2_basic/share/tf2_basic/hook/ament_prefix_path.ps1'
[0.333s] INFO:colcon.colcon_core.shell:Creating environment descriptor '/home/jhw0178/ros2_2026_summer_study/ros_ws/install/tf2_basic/share/tf2_basic/hook/ament_prefix_path.dsv'
[0.333s] INFO:colcon.colcon_core.shell:Creating environment hook '/home/jhw0178/ros2_2026_summer_study/ros_ws/install/tf2_basic/share/tf2_basic/hook/ament_prefix_path.sh'
[0.334s] INFO:colcon.colcon_core.shell:Skip shell extension 'powershell' for command environment: Not usable outside of PowerShell
[0.334s] DEBUG:colcon.colcon_core.shell:Skip shell extension 'dsv' for command environment
[0.339s] INFO:colcon.colcon_ros.task.ament_cmake.build:Building ROS package in '/home/jhw0178/ros2_2026_summer_study/ros_ws/src/user_interface' with build type 'ament_cmake'
[0.340s] INFO:colcon.colcon_cmake.task.cmake.build:Building CMake package in '/home/jhw0178/ros2_2026_summer_study/ros_ws/src/user_interface'
[0.340s] INFO:colcon.colcon_core.shell:Skip shell extension 'powershell' for command environment: Not usable outside of PowerShell
[0.340s] DEBUG:colcon.colcon_core.shell:Skip shell extension 'dsv' for command environment
[0.554s] INFO:colcon.colcon_core.task.python.build:Building Python package in '/home/jhw0178/ros2_2026_summer_study/ros_ws/src/follow_turtle'
[0.554s] INFO:colcon.colcon_core.shell:Skip shell extension 'powershell' for command environment: Not usable outside of PowerShell
[0.554s] DEBUG:colcon.colcon_core.shell:Skip shell extension 'dsv' for command environment
[0.732s] INFO:colcon.colcon_core.task.python.build:Building Python package in '/home/jhw0178/ros2_2026_summer_study/ros_ws/src/mini_homework1'
[0.732s] INFO:colcon.colcon_core.shell:Skip shell extension 'powershell' for command environment: Not usable outside of PowerShell
[0.732s] DEBUG:colcon.colcon_core.shell:Skip shell extension 'dsv' for command environment
[0.903s] INFO:colcon.colcon_core.task.python.build:Building Python package in '/home/jhw0178/ros2_2026_summer_study/ros_ws/src/my_first_package'
[0.903s] INFO:colcon.colcon_core.shell:Skip shell extension 'powershell' for command environment: Not usable outside of PowerShell
[0.903s] DEBUG:colcon.colcon_core.shell:Skip shell extension 'dsv' for command environment
[1.081s] INFO:colcon.colcon_core.task.python.build:Building Python package in '/home/jhw0178/ros2_2026_summer_study/ros_ws/src/tf2_basic'
[1.081s] INFO:colcon.colcon_core.shell:Skip shell extension 'powershell' for command environment: Not usable outside of PowerShell
[1.082s] DEBUG:colcon.colcon_core.shell:Skip shell extension 'dsv' for command environment
[1.088s] DEBUG:colcon.colcon_core.event_handler.log_command:Invoking command in '/home/jhw0178/ros2_2026_summer_study/ros_ws/build/user_interface': CMAKE_PREFIX_PATH=${CMAKE_PREFIX_PATH}:/home/jhw0178/ros2_2026_summer_study/ros_ws/install/follow_turtle:/home/jhw0178/ros2_2026_summer_study/ros_ws/install/tf2_basic:/home/jhw0178/ros2_2026_summer_study/ros_ws/install/my_first_package:/home/jhw0178/ros2_2026_summer_study/ros_ws/install/mini_homework1:/opt/ros/jazzy /usr/bin/cmake --build /home/jhw0178/ros2_2026_summer_study/ros_ws/build/user_interface -- -j16 -l16
[1.526s] DEBUG:colcon.colcon_core.event_handler.log_command:Invoked command in '/home/jhw0178/ros2_2026_summer_study/ros_ws/build/user_interface' returned '0': CMAKE_PREFIX_PATH=${CMAKE_PREFIX_PATH}:/home/jhw0178/ros2_2026_summer_study/ros_ws/install/follow_turtle:/home/jhw0178/ros2_2026_summer_study/ros_ws/install/tf2_basic:/home/jhw0178/ros2_2026_summer_study/ros_ws/install/my_first_package:/home/jhw0178/ros2_2026_summer_study/ros_ws/install/mini_homework1:/opt/ros/jazzy /usr/bin/cmake --build /home/jhw0178/ros2_2026_summer_study/ros_ws/build/user_interface -- -j16 -l16
[1.539s] DEBUG:colcon.colcon_core.event_handler.log_command:Invoking command in '/home/jhw0178/ros2_2026_summer_study/ros_ws/build/user_interface': CMAKE_PREFIX_PATH=${CMAKE_PREFIX_PATH}:/home/jhw0178/ros2_2026_summer_study/ros_ws/install/follow_turtle:/home/jhw0178/ros2_2026_summer_study/ros_ws/install/tf2_basic:/home/jhw0178/ros2_2026_summer_study/ros_ws/install/my_first_package:/home/jhw0178/ros2_2026_summer_study/ros_ws/install/mini_homework1:/opt/ros/jazzy /usr/bin/cmake --install /home/jhw0178/ros2_2026_summer_study/ros_ws/build/user_interface
[1.614s] Level 1:colcon.colcon_core.environment:create_environment_scripts_only(user_interface)
[1.626s] Level 1:colcon.colcon_core.environment:checking '/home/jhw0178/ros2_2026_summer_study/ros_ws/install/user_interface' for CMake module files
[1.632s] Level 1:colcon.colcon_core.environment:checking '/home/jhw0178/ros2_2026_summer_study/ros_ws/install/user_interface' for CMake config files
[1.636s] DEBUG:colcon.colcon_core.event_handler.log_command:Invoked command in '/home/jhw0178/ros2_2026_summer_study/ros_ws/build/user_interface' returned '0': CMAKE_PREFIX_PATH=${CMAKE_PREFIX_PATH}:/home/jhw0178/ros2_2026_summer_study/ros_ws/install/follow_turtle:/home/jhw0178/ros2_2026_summer_study/ros_ws/install/tf2_basic:/home/jhw0178/ros2_2026_summer_study/ros_ws/install/my_first_package:/home/jhw0178/ros2_2026_summer_study/ros_ws/install/mini_homework1:/opt/ros/jazzy /usr/bin/cmake --install /home/jhw0178/ros2_2026_summer_study/ros_ws/build/user_interface
[1.637s] Level 1:colcon.colcon_core.shell:create_environment_hook('user_interface', 'cmake_prefix_path')
[1.637s] INFO:colcon.colcon_core.shell:Creating environment hook '/home/jhw0178/ros2_2026_summer_study/ros_ws/install/user_interface/share/user_interface/hook/cmake_prefix_path.ps1'
[1.638s] INFO:colcon.colcon_core.shell:Creating environment descriptor '/home/jhw0178/ros2_2026_summer_study/ros_ws/install/user_interface/share/user_interface/hook/cmake_prefix_path.dsv'
[1.639s] INFO:colcon.colcon_core.shell:Creating environment hook '/home/jhw0178/ros2_2026_summer_study/ros_ws/install/user_interface/share/user_interface/hook/cmake_prefix_path.sh'
[1.639s] Level 1:colcon.colcon_core.environment:checking '/home/jhw0178/ros2_2026_summer_study/ros_ws/install/user_interface/lib'
[1.640s] Level 1:colcon.colcon_core.shell:create_environment_hook('user_interface', 'ld_library_path_lib')
[1.640s] INFO:colcon.colcon_core.shell:Creating environment hook '/home/jhw0178/ros2_2026_summer_study/ros_ws/install/user_interface/share/user_interface/hook/ld_library_path_lib.ps1'
[1.640s] INFO:colcon.colcon_core.shell:Creating environment descriptor '/home/jhw0178/ros2_2026_summer_study/ros_ws/install/user_interface/share/user_interface/hook/ld_library_path_lib.dsv'
[1.641s] INFO:colcon.colcon_core.shell:Creating environment hook '/home/jhw0178/ros2_2026_summer_study/ros_ws/install/user_interface/share/user_interface/hook/ld_library_path_lib.sh'
[1.641s] Level 1:colcon.colcon_core.environment:checking '/home/jhw0178/ros2_2026_summer_study/ros_ws/install/user_interface/bin'
[1.641s] Level 1:colcon.colcon_core.environment:checking '/home/jhw0178/ros2_2026_summer_study/ros_ws/install/user_interface/lib/pkgconfig/user_interface.pc'
[1.641s] Level 1:colcon.colcon_core.environment:checking '/home/jhw0178/ros2_2026_summer_study/ros_ws/install/user_interface/lib/python3.12/site-packages'
[1.641s] Level 1:colcon.colcon_core.shell:create_environment_hook('user_interface', 'pythonpath')
[1.641s] INFO:colcon.colcon_core.shell:Creating environment hook '/home/jhw0178/ros2_2026_summer_study/ros_ws/install/user_interface/share/user_interface/hook/pythonpath.ps1'
[1.642s] INFO:colcon.colcon_core.shell:Creating environment descriptor '/home/jhw0178/ros2_2026_summer_study/ros_ws/install/user_interface/share/user_interface/hook/pythonpath.dsv'
[1.642s] INFO:colcon.colcon_core.shell:Creating environment hook '/home/jhw0178/ros2_2026_summer_study/ros_ws/install/user_interface/share/user_interface/hook/pythonpath.sh'
[1.643s] Level 1:colcon.colcon_core.environment:checking '/home/jhw0178/ros2_2026_summer_study/ros_ws/install/user_interface/bin'
[1.643s] INFO:colcon.colcon_core.shell:Creating package script '/home/jhw0178/ros2_2026_summer_study/ros_ws/install/user_interface/share/user_interface/package.ps1'
[1.644s] INFO:colcon.colcon_core.shell:Creating package descriptor '/home/jhw0178/ros2_2026_summer_study/ros_ws/install/user_interface/share/user_interface/package.dsv'
[1.644s] INFO:colcon.colcon_core.shell:Creating package script '/home/jhw0178/ros2_2026_summer_study/ros_ws/install/user_interface/share/user_interface/package.sh'
[1.645s] INFO:colcon.colcon_core.shell:Creating package script '/home/jhw0178/ros2_2026_summer_study/ros_ws/install/user_interface/share/user_interface/package.bash'
[1.645s] INFO:colcon.colcon_core.shell:Creating package script '/home/jhw0178/ros2_2026_summer_study/ros_ws/install/user_interface/share/user_interface/package.zsh'
[1.646s] Level 1:colcon.colcon_core.environment:create_file_with_runtime_dependencies(/home/jhw0178/ros2_2026_summer_study/ros_ws/install/user_interface/share/colcon-core/packages/user_interface)
[1.647s] Level 1:colcon.colcon_core.environment:create_environment_scripts_only(user_interface)
[1.647s] Level 1:colcon.colcon_core.environment:checking '/home/jhw0178/ros2_2026_summer_study/ros_ws/install/user_interface' for CMake module files
[1.648s] Level 1:colcon.colcon_core.environment:checking '/home/jhw0178/ros2_2026_summer_study/ros_ws/install/user_interface' for CMake config files
[1.649s] Level 1:colcon.colcon_core.shell:create_environment_hook('user_interface', 'cmake_prefix_path')
[1.649s] INFO:colcon.colcon_core.shell:Creating environment hook '/home/jhw0178/ros2_2026_summer_study/ros_ws/install/user_interface/share/user_interface/hook/cmake_prefix_path.ps1'
[1.649s] INFO:colcon.colcon_core.shell:Creating environment descriptor '/home/jhw0178/ros2_2026_summer_study/ros_ws/install/user_interface/share/user_interface/hook/cmake_prefix_path.dsv'
[1.650s] INFO:colcon.colcon_core.shell:Creating environment hook '/home/jhw0178/ros2_2026_summer_study/ros_ws/install/user_interface/share/user_interface/hook/cmake_prefix_path.sh'
[1.651s] Level 1:colcon.colcon_core.environment:checking '/home/jhw0178/ros2_2026_summer_study/ros_ws/install/user_interface/lib'
[1.651s] Level 1:colcon.colcon_core.shell:create_environment_hook('user_interface', 'ld_library_path_lib')
[1.651s] INFO:colcon.colcon_core.shell:Creating environment hook '/home/jhw0178/ros2_2026_summer_study/ros_ws/install/user_interface/share/user_interface/hook/ld_library_path_lib.ps1'
[1.652s] INFO:colcon.colcon_core.shell:Creating environment descriptor '/home/jhw0178/ros2_2026_summer_study/ros_ws/install/user_interface/share/user_interface/hook/ld_library_path_lib.dsv'
[1.653s] INFO:colcon.colcon_core.shell:Creating environment hook '/home/jhw0178/ros2_2026_summer_study/ros_ws/install/user_interface/share/user_interface/hook/ld_library_path_lib.sh'
[1.653s] Level 1:colcon.colcon_core.environment:checking '/home/jhw0178/ros2_2026_summer_study/ros_ws/install/user_interface/bin'
[1.653s] Level 1:colcon.colcon_core.environment:checking '/home/jhw0178/ros2_2026_summer_study/ros_ws/install/user_interface/lib/pkgconfig/user_interface.pc'
[1.654s] Level 1:colcon.colcon_core.environment:checking '/home/jhw0178/ros2_2026_summer_study/ros_ws/install/user_interface/lib/python3.12/site-packages'
[1.654s] Level 1:colcon.colcon_core.shell:create_environment_hook('user_interface', 'pythonpath')
[1.654s] INFO:colcon.colcon_core.shell:Creating environment hook '/home/jhw0178/ros2_2026_summer_study/ros_ws/install/user_interface/share/user_interface/hook/pythonpath.ps1'
[1.655s] INFO:colcon.colcon_core.shell:Creating environment descriptor '/home/jhw0178/ros2_2026_summer_study/ros_ws/install/user_interface/share/user_interface/hook/pythonpath.dsv'
[1.655s] INFO:colcon.colcon_core.shell:Creating environment hook '/home/jhw0178/ros2_2026_summer_study/ros_ws/install/user_interface/share/user_interface/hook/pythonpath.sh'
[1.656s] Level 1:colcon.colcon_core.environment:checking '/home/jhw0178/ros2_2026_summer_study/ros_ws/install/user_interface/bin'
[1.657s] INFO:colcon.colcon_core.shell:Creating package script '/home/jhw0178/ros2_2026_summer_study/ros_ws/install/user_interface/share/user_interface/package.ps1'
[1.657s] INFO:colcon.colcon_core.shell:Creating package descriptor '/home/jhw0178/ros2_2026_summer_study/ros_ws/install/user_interface/share/user_interface/package.dsv'
[1.658s] INFO:colcon.colcon_core.shell:Creating package script '/home/jhw0178/ros2_2026_summer_study/ros_ws/install/user_interface/share/user_interface/package.sh'
[1.658s] INFO:colcon.colcon_core.shell:Creating package script '/home/jhw0178/ros2_2026_summer_study/ros_ws/install/user_interface/share/user_interface/package.bash'
[1.659s] INFO:colcon.colcon_core.shell:Creating package script '/home/jhw0178/ros2_2026_summer_study/ros_ws/install/user_interface/share/user_interface/package.zsh'
[1.659s] Level 1:colcon.colcon_core.environment:create_file_with_runtime_dependencies(/home/jhw0178/ros2_2026_summer_study/ros_ws/install/user_interface/share/colcon-core/packages/user_interface)
[1.719s] DEBUG:colcon.colcon_core.task.python.build:Available setuptools commands: install, develop, alias, build_ext, install_lib, bdist_dumb, build, build_scripts, register, test, install_data, rotate, init_catalog, check, install_egg_info, upload, easy_install, saveopts, upload_docs, sdist, compile_catalog, build_py, extract_messages, symlink_data, bdist_rpm, bdist, egg_info, update_catalog, build_clib, dist_info, install_scripts, editable_wheel, setopt, clean, bdist_egg, install_headers
[1.723s] DEBUG:colcon.colcon_core.event_handler.log_command:Invoking command in '/home/jhw0178/ros2_2026_summer_study/ros_ws/src/follow_turtle': PYTHONPATH=/home/jhw0178/ros2_2026_summer_study/ros_ws/build/follow_turtle/prefix_override:/usr/lib/python3/dist-packages/colcon_core/task/python/colcon_distutils_commands:/home/jhw0178/ros2_2026_summer_study/ros_ws/install/follow_turtle/lib/python3.12/site-packages:${PYTHONPATH} /usr/bin/python3 -W ignore:setup.py install is deprecated -W ignore:easy_install command is deprecated setup.py egg_info --egg-base ../../build/follow_turtle build --build-base /home/jhw0178/ros2_2026_summer_study/ros_ws/build/follow_turtle/build install --record /home/jhw0178/ros2_2026_summer_study/ros_ws/build/follow_turtle/install.log --install-scripts $base/lib/follow_turtle --single-version-externally-managed install_data
[1.724s] DEBUG:colcon.colcon_core.task.python.build:Available setuptools commands: install, develop, alias, build_ext, install_lib, bdist_dumb, build, build_scripts, register, test, install_data, rotate, init_catalog, check, install_egg_info, upload, easy_install, saveopts, upload_docs, sdist, compile_catalog, build_py, extract_messages, symlink_data, bdist_rpm, bdist, egg_info, update_catalog, build_clib, dist_info, install_scripts, editable_wheel, setopt, clean, bdist_egg, install_headers
[1.728s] DEBUG:colcon.colcon_core.event_handler.log_command:Invoking command in '/home/jhw0178/ros2_2026_summer_study/ros_ws/src/tf2_basic': PYTHONPATH=/home/jhw0178/ros2_2026_summer_study/ros_ws/build/tf2_basic/prefix_override:/usr/lib/python3/dist-packages/colcon_core/task/python/colcon_distutils_commands:/home/jhw0178/ros2_2026_summer_study/ros_ws/install/tf2_basic/lib/python3.12/site-packages:${PYTHONPATH} /usr/bin/python3 -W ignore:setup.py install is deprecated -W ignore:easy_install command is deprecated setup.py egg_info --egg-base ../../build/tf2_basic build --build-base /home/jhw0178/ros2_2026_summer_study/ros_ws/build/tf2_basic/build install --record /home/jhw0178/ros2_2026_summer_study/ros_ws/build/tf2_basic/install.log --install-scripts $base/lib/tf2_basic --single-version-externally-managed install_data
[1.754s] DEBUG:colcon.colcon_core.task.python.build:Available setuptools commands: install, develop, alias, build_ext, install_lib, bdist_dumb, build, build_scripts, register, test, install_data, rotate, init_catalog, check, install_egg_info, upload, easy_install, saveopts, upload_docs, sdist, compile_catalog, build_py, extract_messages, symlink_data, bdist_rpm, bdist, egg_info, update_catalog, build_clib, dist_info, install_scripts, editable_wheel, setopt, clean, bdist_egg, install_headers
[1.758s] DEBUG:colcon.colcon_core.event_handler.log_command:Invoking command in '/home/jhw0178/ros2_2026_summer_study/ros_ws/src/my_first_package': PYTHONPATH=/home/jhw0178/ros2_2026_summer_study/ros_ws/build/my_first_package/prefix_override:/usr/lib/python3/dist-packages/colcon_core/task/python/colcon_distutils_commands:/home/jhw0178/ros2_2026_summer_study/ros_ws/install/my_first_package/lib/python3.12/site-packages:${PYTHONPATH} /usr/bin/python3 -W ignore:setup.py install is deprecated -W ignore:easy_install command is deprecated setup.py egg_info --egg-base ../../build/my_first_package build --build-base /home/jhw0178/ros2_2026_summer_study/ros_ws/build/my_first_package/build install --record /home/jhw0178/ros2_2026_summer_study/ros_ws/build/my_first_package/install.log --install-scripts $base/lib/my_first_package --single-version-externally-managed install_data
[1.768s] DEBUG:colcon.colcon_core.task.python.build:Available setuptools commands: install, develop, alias, build_ext, install_lib, bdist_dumb, build, build_scripts, register, test, install_data, rotate, init_catalog, check, install_egg_info, upload, easy_install, saveopts, upload_docs, sdist, compile_catalog, build_py, extract_messages, symlink_data, bdist_rpm, bdist, egg_info, update_catalog, build_clib, dist_info, install_scripts, editable_wheel, setopt, clean, bdist_egg, install_headers
[1.771s] DEBUG:colcon.colcon_core.event_handler.log_command:Invoking command in '/home/jhw0178/ros2_2026_summer_study/ros_ws/src/mini_homework1': PYTHONPATH=/home/jhw0178/ros2_2026_summer_study/ros_ws/build/mini_homework1/prefix_override:/usr/lib/python3/dist-packages/colcon_core/task/python/colcon_distutils_commands:/home/jhw0178/ros2_2026_summer_study/ros_ws/install/mini_homework1/lib/python3.12/site-packages:${PYTHONPATH} /usr/bin/python3 -W ignore:setup.py install is deprecated -W ignore:easy_install command is deprecated setup.py egg_info --egg-base ../../build/mini_homework1 build --build-base /home/jhw0178/ros2_2026_summer_study/ros_ws/build/mini_homework1/build install --record /home/jhw0178/ros2_2026_summer_study/ros_ws/build/mini_homework1/install.log --install-scripts $base/lib/mini_homework1 --single-version-externally-managed install_data
[2.259s] Level 1:colcon.colcon_core.environment:checking '/home/jhw0178/ros2_2026_summer_study/ros_ws/install/tf2_basic' for CMake module files
[2.260s] DEBUG:colcon.colcon_core.event_handler.log_command:Invoked command in '/home/jhw0178/ros2_2026_summer_study/ros_ws/src/tf2_basic' returned '0': PYTHONPATH=/home/jhw0178/ros2_2026_summer_study/ros_ws/build/tf2_basic/prefix_override:/usr/lib/python3/dist-packages/colcon_core/task/python/colcon_distutils_commands:/home/jhw0178/ros2_2026_summer_study/ros_ws/install/tf2_basic/lib/python3.12/site-packages:${PYTHONPATH} /usr/bin/python3 -W ignore:setup.py install is deprecated -W ignore:easy_install command is deprecated setup.py egg_info --egg-base ../../build/tf2_basic build --build-base /home/jhw0178/ros2_2026_summer_study/ros_ws/build/tf2_basic/build install --record /home/jhw0178/ros2_2026_summer_study/ros_ws/build/tf2_basic/install.log --install-scripts $base/lib/tf2_basic --single-version-externally-managed install_data
[2.260s] Level 1:colcon.colcon_core.environment:checking '/home/jhw0178/ros2_2026_summer_study/ros_ws/install/tf2_basic' for CMake config files
[2.261s] Level 1:colcon.colcon_core.environment:checking '/home/jhw0178/ros2_2026_summer_study/ros_ws/install/tf2_basic/lib'
[2.261s] Level 1:colcon.colcon_core.environment:checking '/home/jhw0178/ros2_2026_summer_study/ros_ws/install/tf2_basic/bin'
[2.261s] Level 1:colcon.colcon_core.environment:checking '/home/jhw0178/ros2_2026_summer_study/ros_ws/install/tf2_basic/lib/pkgconfig/tf2_basic.pc'
[2.261s] Level 1:colcon.colcon_core.environment:checking '/home/jhw0178/ros2_2026_summer_study/ros_ws/install/tf2_basic/lib/python3.12/site-packages'
[2.261s] Level 1:colcon.colcon_core.shell:create_environment_hook('tf2_basic', 'pythonpath')
[2.261s] INFO:colcon.colcon_core.shell:Creating environment hook '/home/jhw0178/ros2_2026_summer_study/ros_ws/install/tf2_basic/share/tf2_basic/hook/pythonpath.ps1'
[2.262s] INFO:colcon.colcon_core.shell:Creating environment descriptor '/home/jhw0178/ros2_2026_summer_study/ros_ws/install/tf2_basic/share/tf2_basic/hook/pythonpath.dsv'
[2.262s] INFO:colcon.colcon_core.shell:Creating environment hook '/home/jhw0178/ros2_2026_summer_study/ros_ws/install/tf2_basic/share/tf2_basic/hook/pythonpath.sh'
[2.263s] Level 1:colcon.colcon_core.environment:checking '/home/jhw0178/ros2_2026_summer_study/ros_ws/install/tf2_basic/bin'
[2.263s] Level 1:colcon.colcon_core.environment:create_environment_scripts_only(tf2_basic)
[2.263s] INFO:colcon.colcon_core.shell:Creating package script '/home/jhw0178/ros2_2026_summer_study/ros_ws/install/tf2_basic/share/tf2_basic/package.ps1'
[2.264s] INFO:colcon.colcon_core.shell:Creating package descriptor '/home/jhw0178/ros2_2026_summer_study/ros_ws/install/tf2_basic/share/tf2_basic/package.dsv'
[2.264s] INFO:colcon.colcon_core.shell:Creating package script '/home/jhw0178/ros2_2026_summer_study/ros_ws/install/tf2_basic/share/tf2_basic/package.sh'
[2.265s] INFO:colcon.colcon_core.shell:Creating package script '/home/jhw0178/ros2_2026_summer_study/ros_ws/install/tf2_basic/share/tf2_basic/package.bash'
[2.265s] INFO:colcon.colcon_core.shell:Creating package script '/home/jhw0178/ros2_2026_summer_study/ros_ws/install/tf2_basic/share/tf2_basic/package.zsh'
[2.265s] Level 1:colcon.colcon_core.environment:create_file_with_runtime_dependencies(/home/jhw0178/ros2_2026_summer_study/ros_ws/install/tf2_basic/share/colcon-core/packages/tf2_basic)
[2.268s] Level 1:colcon.colcon_core.environment:checking '/home/jhw0178/ros2_2026_summer_study/ros_ws/install/follow_turtle' for CMake module files
[2.269s] Level 1:colcon.colcon_core.environment:checking '/home/jhw0178/ros2_2026_summer_study/ros_ws/install/follow_turtle' for CMake config files
[2.269s] DEBUG:colcon.colcon_core.event_handler.log_command:Invoked command in '/home/jhw0178/ros2_2026_summer_study/ros_ws/src/follow_turtle' returned '0': PYTHONPATH=/home/jhw0178/ros2_2026_summer_study/ros_ws/build/follow_turtle/prefix_override:/usr/lib/python3/dist-packages/colcon_core/task/python/colcon_distutils_commands:/home/jhw0178/ros2_2026_summer_study/ros_ws/install/follow_turtle/lib/python3.12/site-packages:${PYTHONPATH} /usr/bin/python3 -W ignore:setup.py install is deprecated -W ignore:easy_install command is deprecated setup.py egg_info --egg-base ../../build/follow_turtle build --build-base /home/jhw0178/ros2_2026_summer_study/ros_ws/build/follow_turtle/build install --record /home/jhw0178/ros2_2026_summer_study/ros_ws/build/follow_turtle/install.log --install-scripts $base/lib/follow_turtle --single-version-externally-managed install_data
[2.270s] Level 1:colcon.colcon_core.environment:checking '/home/jhw0178/ros2_2026_summer_study/ros_ws/install/follow_turtle/lib'
[2.270s] Level 1:colcon.colcon_core.environment:checking '/home/jhw0178/ros2_2026_summer_study/ros_ws/install/follow_turtle/bin'
[2.270s] Level 1:colcon.colcon_core.environment:checking '/home/jhw0178/ros2_2026_summer_study/ros_ws/install/follow_turtle/lib/pkgconfig/follow_turtle.pc'
[2.271s] Level 1:colcon.colcon_core.environment:checking '/home/jhw0178/ros2_2026_summer_study/ros_ws/install/follow_turtle/lib/python3.12/site-packages'
[2.271s] Level 1:colcon.colcon_core.shell:create_environment_hook('follow_turtle', 'pythonpath')
[2.271s] INFO:colcon.colcon_core.shell:Creating environment hook '/home/jhw0178/ros2_2026_summer_study/ros_ws/install/follow_turtle/share/follow_turtle/hook/pythonpath.ps1'
[2.272s] INFO:colcon.colcon_core.shell:Creating environment descriptor '/home/jhw0178/ros2_2026_summer_study/ros_ws/install/follow_turtle/share/follow_turtle/hook/pythonpath.dsv'
[2.274s] INFO:colcon.colcon_core.shell:Creating environment hook '/home/jhw0178/ros2_2026_summer_study/ros_ws/install/follow_turtle/share/follow_turtle/hook/pythonpath.sh'
[2.276s] Level 1:colcon.colcon_core.environment:checking '/home/jhw0178/ros2_2026_summer_study/ros_ws/install/follow_turtle/bin'
[2.276s] Level 1:colcon.colcon_core.environment:create_environment_scripts_only(follow_turtle)
[2.277s] INFO:colcon.colcon_core.shell:Creating package script '/home/jhw0178/ros2_2026_summer_study/ros_ws/install/follow_turtle/share/follow_turtle/package.ps1'
[2.278s] INFO:colcon.colcon_core.shell:Creating package descriptor '/home/jhw0178/ros2_2026_summer_study/ros_ws/install/follow_turtle/share/follow_turtle/package.dsv'
[2.279s] INFO:colcon.colcon_core.shell:Creating package script '/home/jhw0178/ros2_2026_summer_study/ros_ws/install/follow_turtle/share/follow_turtle/package.sh'
[2.279s] INFO:colcon.colcon_core.shell:Creating package script '/home/jhw0178/ros2_2026_summer_study/ros_ws/install/follow_turtle/share/follow_turtle/package.bash'
[2.280s] INFO:colcon.colcon_core.shell:Creating package script '/home/jhw0178/ros2_2026_summer_study/ros_ws/install/follow_turtle/share/follow_turtle/package.zsh'
[2.280s] Level 1:colcon.colcon_core.environment:create_file_with_runtime_dependencies(/home/jhw0178/ros2_2026_summer_study/ros_ws/install/follow_turtle/share/colcon-core/packages/follow_turtle)
[2.312s] Level 1:colcon.colcon_core.environment:checking '/home/jhw0178/ros2_2026_summer_study/ros_ws/install/mini_homework1' for CMake module files
[2.312s] DEBUG:colcon.colcon_core.event_handler.log_command:Invoked command in '/home/jhw0178/ros2_2026_summer_study/ros_ws/src/mini_homework1' returned '0': PYTHONPATH=/home/jhw0178/ros2_2026_summer_study/ros_ws/build/mini_homework1/prefix_override:/usr/lib/python3/dist-packages/colcon_core/task/python/colcon_distutils_commands:/home/jhw0178/ros2_2026_summer_study/ros_ws/install/mini_homework1/lib/python3.12/site-packages:${PYTHONPATH} /usr/bin/python3 -W ignore:setup.py install is deprecated -W ignore:easy_install command is deprecated setup.py egg_info --egg-base ../../build/mini_homework1 build --build-base /home/jhw0178/ros2_2026_summer_study/ros_ws/build/mini_homework1/build install --record /home/jhw0178/ros2_2026_summer_study/ros_ws/build/mini_homework1/install.log --install-scripts $base/lib/mini_homework1 --single-version-externally-managed install_data
[2.313s] Level 1:colcon.colcon_core.environment:checking '/home/jhw0178/ros2_2026_summer_study/ros_ws/install/mini_homework1' for CMake config files
[2.314s] Level 1:colcon.colcon_core.environment:checking '/home/jhw0178/ros2_2026_summer_study/ros_ws/install/mini_homework1/lib'
[2.314s] Level 1:colcon.colcon_core.environment:checking '/home/jhw0178/ros2_2026_summer_study/ros_ws/install/mini_homework1/bin'
[2.314s] Level 1:colcon.colcon_core.environment:checking '/home/jhw0178/ros2_2026_summer_study/ros_ws/install/mini_homework1/lib/pkgconfig/mini_homework1.pc'
[2.314s] Level 1:colcon.colcon_core.environment:checking '/home/jhw0178/ros2_2026_summer_study/ros_ws/install/mini_homework1/lib/python3.12/site-packages'
[2.315s] Level 1:colcon.colcon_core.shell:create_environment_hook('mini_homework1', 'pythonpath')
[2.315s] INFO:colcon.colcon_core.shell:Creating environment hook '/home/jhw0178/ros2_2026_summer_study/ros_ws/install/mini_homework1/share/mini_homework1/hook/pythonpath.ps1'
[2.315s] INFO:colcon.colcon_core.shell:Creating environment descriptor '/home/jhw0178/ros2_2026_summer_study/ros_ws/install/mini_homework1/share/mini_homework1/hook/pythonpath.dsv'
[2.316s] INFO:colcon.colcon_core.shell:Creating environment hook '/home/jhw0178/ros2_2026_summer_study/ros_ws/install/mini_homework1/share/mini_homework1/hook/pythonpath.sh'
[2.317s] Level 1:colcon.colcon_core.environment:checking '/home/jhw0178/ros2_2026_summer_study/ros_ws/install/mini_homework1/bin'
[2.317s] Level 1:colcon.colcon_core.environment:create_environment_scripts_only(mini_homework1)
[2.317s] INFO:colcon.colcon_core.shell:Creating package script '/home/jhw0178/ros2_2026_summer_study/ros_ws/install/mini_homework1/share/mini_homework1/package.ps1'
[2.318s] INFO:colcon.colcon_core.shell:Creating package descriptor '/home/jhw0178/ros2_2026_summer_study/ros_ws/install/mini_homework1/share/mini_homework1/package.dsv'
[2.318s] INFO:colcon.colcon_core.shell:Creating package script '/home/jhw0178/ros2_2026_summer_study/ros_ws/install/mini_homework1/share/mini_homework1/package.sh'
[2.319s] INFO:colcon.colcon_core.shell:Creating package script '/home/jhw0178/ros2_2026_summer_study/ros_ws/install/mini_homework1/share/mini_homework1/package.bash'
[2.320s] INFO:colcon.colcon_core.shell:Creating package script '/home/jhw0178/ros2_2026_summer_study/ros_ws/install/mini_homework1/share/mini_homework1/package.zsh'
[2.320s] Level 1:colcon.colcon_core.environment:create_file_with_runtime_dependencies(/home/jhw0178/ros2_2026_summer_study/ros_ws/install/mini_homework1/share/colcon-core/packages/mini_homework1)
[2.346s] Level 1:colcon.colcon_core.environment:checking '/home/jhw0178/ros2_2026_summer_study/ros_ws/install/my_first_package' for CMake module files
[2.346s] DEBUG:colcon.colcon_core.event_handler.log_command:Invoked command in '/home/jhw0178/ros2_2026_summer_study/ros_ws/src/my_first_package' returned '0': PYTHONPATH=/home/jhw0178/ros2_2026_summer_study/ros_ws/build/my_first_package/prefix_override:/usr/lib/python3/dist-packages/colcon_core/task/python/colcon_distutils_commands:/home/jhw0178/ros2_2026_summer_study/ros_ws/install/my_first_package/lib/python3.12/site-packages:${PYTHONPATH} /usr/bin/python3 -W ignore:setup.py install is deprecated -W ignore:easy_install command is deprecated setup.py egg_info --egg-base ../../build/my_first_package build --build-base /home/jhw0178/ros2_2026_summer_study/ros_ws/build/my_first_package/build install --record /home/jhw0178/ros2_2026_summer_study/ros_ws/build/my_first_package/install.log --install-scripts $base/lib/my_first_package --single-version-externally-managed install_data
[2.347s] Level 1:colcon.colcon_core.environment:checking '/home/jhw0178/ros2_2026_summer_study/ros_ws/install/my_first_package' for CMake config files
[2.347s] Level 1:colcon.colcon_core.environment:checking '/home/jhw0178/ros2_2026_summer_study/ros_ws/install/my_first_package/lib'
[2.348s] Level 1:colcon.colcon_core.environment:checking '/home/jhw0178/ros2_2026_summer_study/ros_ws/install/my_first_package/bin'
[2.348s] Level 1:colcon.colcon_core.environment:checking '/home/jhw0178/ros2_2026_summer_study/ros_ws/install/my_first_package/lib/pkgconfig/my_first_package.pc'
[2.348s] Level 1:colcon.colcon_core.environment:checking '/home/jhw0178/ros2_2026_summer_study/ros_ws/install/my_first_package/lib/python3.12/site-packages'
[2.348s] Level 1:colcon.colcon_core.shell:create_environment_hook('my_first_package', 'pythonpath')
[2.348s] INFO:colcon.colcon_core.shell:Creating environment hook '/home/jhw0178/ros2_2026_summer_study/ros_ws/install/my_first_package/share/my_first_package/hook/pythonpath.ps1'
[2.349s] INFO:colcon.colcon_core.shell:Creating environment descriptor '/home/jhw0178/ros2_2026_summer_study/ros_ws/install/my_first_package/share/my_first_package/hook/pythonpath.dsv'
[2.350s] INFO:colcon.colcon_core.shell:Creating environment hook '/home/jhw0178/ros2_2026_summer_study/ros_ws/install/my_first_package/share/my_first_package/hook/pythonpath.sh'
[2.350s] Level 1:colcon.colcon_core.environment:checking '/home/jhw0178/ros2_2026_summer_study/ros_ws/install/my_first_package/bin'
[2.350s] Level 1:colcon.colcon_core.environment:create_environment_scripts_only(my_first_package)
[2.351s] INFO:colcon.colcon_core.shell:Creating package script '/home/jhw0178/ros2_2026_summer_study/ros_ws/install/my_first_package/share/my_first_package/package.ps1'
[2.351s] INFO:colcon.colcon_core.shell:Creating package descriptor '/home/jhw0178/ros2_2026_summer_study/ros_ws/install/my_first_package/share/my_first_package/package.dsv'
[2.352s] INFO:colcon.colcon_core.shell:Creating package script '/home/jhw0178/ros2_2026_summer_study/ros_ws/install/my_first_package/share/my_first_package/package.sh'
[2.352s] INFO:colcon.colcon_core.shell:Creating package script '/home/jhw0178/ros2_2026_summer_study/ros_ws/install/my_first_package/share/my_first_package/package.bash'
[2.352s] INFO:colcon.colcon_core.shell:Creating package script '/home/jhw0178/ros2_2026_summer_study/ros_ws/install/my_first_package/share/my_first_package/package.zsh'
[2.353s] Level 1:colcon.colcon_core.environment:create_file_with_runtime_dependencies(/home/jhw0178/ros2_2026_summer_study/ros_ws/install/my_first_package/share/colcon-core/packages/my_first_package)
[2.353s] DEBUG:colcon.colcon_parallel_executor.executor.parallel:closing loop
[2.354s] DEBUG:colcon.colcon_parallel_executor.executor.parallel:loop closed
[2.354s] DEBUG:colcon.colcon_parallel_executor.executor.parallel:run_until_complete finished with '0'
[2.355s] DEBUG:colcon.colcon_core.event_reactor:joining thread
[2.393s] INFO:colcon.colcon_core.plugin_system:Skipping extension 'colcon_notification.desktop_notification.notify_send': Could not find 'notify-send'
[2.393s] INFO:colcon.colcon_core.plugin_system:Skipping extension 'colcon_notification.desktop_notification.terminal_notifier': Not used on non-Darwin systems
[2.393s] INFO:colcon.colcon_core.plugin_system:Skipping extension 'colcon_notification.desktop_notification.win32': Not used on non-Windows systems
[2.393s] INFO:colcon.colcon_notification.desktop_notification:Sending desktop notification using 'notify2'
[2.394s] DEBUG:colcon.colcon_notification.desktop_notification.notify2:Failed to initialize notify2: org.freedesktop.DBus.Error.ServiceUnknown: The name org.freedesktop.Notifications was not provided by any .service files
[2.394s] DEBUG:colcon.colcon_core.event_reactor:joined thread
[2.395s] INFO:colcon.colcon_core.shell:Creating prefix script '/home/jhw0178/ros2_2026_summer_study/ros_ws/install/local_setup.ps1'
[2.395s] INFO:colcon.colcon_core.shell:Creating prefix util module '/home/jhw0178/ros2_2026_summer_study/ros_ws/install/_local_setup_util_ps1.py'
[2.397s] INFO:colcon.colcon_core.shell:Creating prefix chain script '/home/jhw0178/ros2_2026_summer_study/ros_ws/install/setup.ps1'
[2.398s] INFO:colcon.colcon_core.shell:Creating prefix script '/home/jhw0178/ros2_2026_summer_study/ros_ws/install/local_setup.sh'
[2.399s] INFO:colcon.colcon_core.shell:Creating prefix util module '/home/jhw0178/ros2_2026_summer_study/ros_ws/install/_local_setup_util_sh.py'
[2.400s] INFO:colcon.colcon_core.shell:Creating prefix chain script '/home/jhw0178/ros2_2026_summer_study/ros_ws/install/setup.sh'
[2.401s] INFO:colcon.colcon_core.shell:Creating prefix script '/home/jhw0178/ros2_2026_summer_study/ros_ws/install/local_setup.bash'
[2.401s] INFO:colcon.colcon_core.shell:Creating prefix chain script '/home/jhw0178/ros2_2026_summer_study/ros_ws/install/setup.bash'
[2.402s] INFO:colcon.colcon_core.shell:Creating prefix script '/home/jhw0178/ros2_2026_summer_study/ros_ws/install/local_setup.zsh'
[2.403s] INFO:colcon.colcon_core.shell:Creating prefix chain script '/home/jhw0178/ros2_2026_summer_study/ros_ws/install/setup.zsh'
