[1.075s] Invoking command in '/home/jhw0178/ros_ws/src/my_first_package': PYTHONPATH=/home/jhw0178/ros_ws/build/my_first_package/prefix_override:/usr/lib/python3/dist-packages/colcon_core/task/python/colcon_distutils_commands:/home/jhw0178/ros_ws/install/my_first_package/lib/python3.12/site-packages:${PYTHONPATH} /usr/bin/python3 -W ignore:setup.py install is deprecated -W ignore:easy_install command is deprecated setup.py egg_info --egg-base ../../build/my_first_package build --build-base /home/jhw0178/ros_ws/build/my_first_package/build install --record /home/jhw0178/ros_ws/build/my_first_package/install.log --install-scripts $base/lib/my_first_package --single-version-externally-managed install_data
[1.265s] running egg_info
[1.278s] writing ../../build/my_first_package/my_first_package.egg-info/PKG-INFO
[1.281s] writing dependency_links to ../../build/my_first_package/my_first_package.egg-info/dependency_links.txt
[1.281s] writing entry points to ../../build/my_first_package/my_first_package.egg-info/entry_points.txt
[1.281s] writing requirements to ../../build/my_first_package/my_first_package.egg-info/requires.txt
[1.281s] writing top-level names to ../../build/my_first_package/my_first_package.egg-info/top_level.txt
[1.308s] reading manifest file '../../build/my_first_package/my_first_package.egg-info/SOURCES.txt'
[1.309s] writing manifest file '../../build/my_first_package/my_first_package.egg-info/SOURCES.txt'
[1.309s] running build
[1.310s] running build_py
[1.310s] copying my_first_package/simple_pub.py -> /home/jhw0178/ros_ws/build/my_first_package/build/lib/my_first_package
[1.310s] running install
[1.316s] running install_lib
[1.333s] copying /home/jhw0178/ros_ws/build/my_first_package/build/lib/my_first_package/simple_pub.py -> /home/jhw0178/ros_ws/install/my_first_package/lib/python3.12/site-packages/my_first_package
[1.334s] byte-compiling /home/jhw0178/ros_ws/install/my_first_package/lib/python3.12/site-packages/my_first_package/simple_pub.py to simple_pub.cpython-312.pyc
[1.334s] running install_data
[1.335s] copying package.xml -> /home/jhw0178/ros_ws/install/my_first_package/share/my_first_package
[1.335s] running install_egg_info
[1.350s] removing '/home/jhw0178/ros_ws/install/my_first_package/lib/python3.12/site-packages/my_first_package-0.0.0-py3.12.egg-info' (and everything under it)
[1.350s] Copying ../../build/my_first_package/my_first_package.egg-info to /home/jhw0178/ros_ws/install/my_first_package/lib/python3.12/site-packages/my_first_package-0.0.0-py3.12.egg-info
[1.352s] running install_scripts
[1.441s] Installing simple_pub script to /home/jhw0178/ros_ws/install/my_first_package/lib/my_first_package
[1.443s] writing list of installed files to '/home/jhw0178/ros_ws/build/my_first_package/install.log'
[1.475s] Invoked command in '/home/jhw0178/ros_ws/src/my_first_package' returned '0': PYTHONPATH=/home/jhw0178/ros_ws/build/my_first_package/prefix_override:/usr/lib/python3/dist-packages/colcon_core/task/python/colcon_distutils_commands:/home/jhw0178/ros_ws/install/my_first_package/lib/python3.12/site-packages:${PYTHONPATH} /usr/bin/python3 -W ignore:setup.py install is deprecated -W ignore:easy_install command is deprecated setup.py egg_info --egg-base ../../build/my_first_package build --build-base /home/jhw0178/ros_ws/build/my_first_package/build install --record /home/jhw0178/ros_ws/build/my_first_package/install.log --install-scripts $base/lib/my_first_package --single-version-externally-managed install_data
