[1.039s] Invoking command in '/home/jhw0178/ros_ws/src/my_first_package': PYTHONPATH=/home/jhw0178/ros_ws/build/my_first_package/prefix_override:/usr/lib/python3/dist-packages/colcon_core/task/python/colcon_distutils_commands:/home/jhw0178/ros_ws/install/my_first_package/lib/python3.12/site-packages:${PYTHONPATH} /usr/bin/python3 -W ignore:setup.py install is deprecated -W ignore:easy_install command is deprecated setup.py egg_info --egg-base ../../build/my_first_package build --build-base /home/jhw0178/ros_ws/build/my_first_package/build install --record /home/jhw0178/ros_ws/build/my_first_package/install.log --install-scripts $base/lib/my_first_package --single-version-externally-managed install_data
[1.242s] running egg_info
[1.254s] writing ../../build/my_first_package/my_first_package.egg-info/PKG-INFO
[1.254s] writing dependency_links to ../../build/my_first_package/my_first_package.egg-info/dependency_links.txt
[1.254s] writing entry points to ../../build/my_first_package/my_first_package.egg-info/entry_points.txt
[1.255s] writing requirements to ../../build/my_first_package/my_first_package.egg-info/requires.txt
[1.255s] writing top-level names to ../../build/my_first_package/my_first_package.egg-info/top_level.txt
[1.283s] reading manifest file '../../build/my_first_package/my_first_package.egg-info/SOURCES.txt'
[1.285s] writing manifest file '../../build/my_first_package/my_first_package.egg-info/SOURCES.txt'
[1.285s] running build
[1.285s] running build_py
[1.285s] running install
[1.290s] running install_lib
[1.306s] running install_data
[1.306s] running install_egg_info
[1.320s] removing '/home/jhw0178/ros_ws/install/my_first_package/lib/python3.12/site-packages/my_first_package-0.0.0-py3.12.egg-info' (and everything under it)
[1.320s] Copying ../../build/my_first_package/my_first_package.egg-info to /home/jhw0178/ros_ws/install/my_first_package/lib/python3.12/site-packages/my_first_package-0.0.0-py3.12.egg-info
[1.322s] running install_scripts
[1.421s] Installing simple_pub script to /home/jhw0178/ros_ws/install/my_first_package/lib/my_first_package
[1.421s] writing list of installed files to '/home/jhw0178/ros_ws/build/my_first_package/install.log'
[1.469s] Invoked command in '/home/jhw0178/ros_ws/src/my_first_package' returned '0': PYTHONPATH=/home/jhw0178/ros_ws/build/my_first_package/prefix_override:/usr/lib/python3/dist-packages/colcon_core/task/python/colcon_distutils_commands:/home/jhw0178/ros_ws/install/my_first_package/lib/python3.12/site-packages:${PYTHONPATH} /usr/bin/python3 -W ignore:setup.py install is deprecated -W ignore:easy_install command is deprecated setup.py egg_info --egg-base ../../build/my_first_package build --build-base /home/jhw0178/ros_ws/build/my_first_package/build install --record /home/jhw0178/ros_ws/build/my_first_package/install.log --install-scripts $base/lib/my_first_package --single-version-externally-managed install_data
