[1.055s] Invoking command in '/home/jhw0178/ros_ws/src/my_second_package': PYTHONPATH=/home/jhw0178/ros_ws/build/my_second_package/prefix_override:/usr/lib/python3/dist-packages/colcon_core/task/python/colcon_distutils_commands:/home/jhw0178/ros_ws/install/my_second_package/lib/python3.12/site-packages:${PYTHONPATH} /usr/bin/python3 -W ignore:setup.py install is deprecated -W ignore:easy_install command is deprecated setup.py egg_info --egg-base ../../build/my_second_package build --build-base /home/jhw0178/ros_ws/build/my_second_package/build install --record /home/jhw0178/ros_ws/build/my_second_package/install.log --install-scripts $base/lib/my_second_package --single-version-externally-managed install_data
[1.253s] running egg_info
[1.253s] creating ../../build/my_second_package/my_second_package.egg-info
[1.264s] writing ../../build/my_second_package/my_second_package.egg-info/PKG-INFO
[1.265s] writing dependency_links to ../../build/my_second_package/my_second_package.egg-info/dependency_links.txt
[1.265s] writing requirements to ../../build/my_second_package/my_second_package.egg-info/requires.txt
[1.265s] writing top-level names to ../../build/my_second_package/my_second_package.egg-info/top_level.txt
[1.265s] writing manifest file '../../build/my_second_package/my_second_package.egg-info/SOURCES.txt'
[1.291s] reading manifest file '../../build/my_second_package/my_second_package.egg-info/SOURCES.txt'
[1.291s] writing manifest file '../../build/my_second_package/my_second_package.egg-info/SOURCES.txt'
[1.291s] running build
[1.291s] running build_py
[1.292s] creating /home/jhw0178/ros_ws/build/my_second_package/build
[1.292s] creating /home/jhw0178/ros_ws/build/my_second_package/build/lib
[1.292s] creating /home/jhw0178/ros_ws/build/my_second_package/build/lib/my_second_package
[1.292s] copying my_second_package/__init__.py -> /home/jhw0178/ros_ws/build/my_second_package/build/lib/my_second_package
[1.292s] running install
[1.297s] running install_lib
[1.313s] creating /home/jhw0178/ros_ws/install/my_second_package/lib/python3.12/site-packages/my_second_package
[1.314s] copying /home/jhw0178/ros_ws/build/my_second_package/build/lib/my_second_package/__init__.py -> /home/jhw0178/ros_ws/install/my_second_package/lib/python3.12/site-packages/my_second_package
[1.314s] byte-compiling /home/jhw0178/ros_ws/install/my_second_package/lib/python3.12/site-packages/my_second_package/__init__.py to __init__.cpython-312.pyc
[1.315s] running install_data
[1.315s] creating /home/jhw0178/ros_ws/install/my_second_package/share/ament_index
[1.316s] creating /home/jhw0178/ros_ws/install/my_second_package/share/ament_index/resource_index
[1.316s] creating /home/jhw0178/ros_ws/install/my_second_package/share/ament_index/resource_index/packages
[1.316s] copying resource/my_second_package -> /home/jhw0178/ros_ws/install/my_second_package/share/ament_index/resource_index/packages
[1.317s] copying package.xml -> /home/jhw0178/ros_ws/install/my_second_package/share/my_second_package
[1.317s] running install_egg_info
[1.333s] Copying ../../build/my_second_package/my_second_package.egg-info to /home/jhw0178/ros_ws/install/my_second_package/lib/python3.12/site-packages/my_second_package-0.0.0-py3.12.egg-info
[1.334s] running install_scripts
[1.420s] writing list of installed files to '/home/jhw0178/ros_ws/build/my_second_package/install.log'
[1.448s] Invoked command in '/home/jhw0178/ros_ws/src/my_second_package' returned '0': PYTHONPATH=/home/jhw0178/ros_ws/build/my_second_package/prefix_override:/usr/lib/python3/dist-packages/colcon_core/task/python/colcon_distutils_commands:/home/jhw0178/ros_ws/install/my_second_package/lib/python3.12/site-packages:${PYTHONPATH} /usr/bin/python3 -W ignore:setup.py install is deprecated -W ignore:easy_install command is deprecated setup.py egg_info --egg-base ../../build/my_second_package build --build-base /home/jhw0178/ros_ws/build/my_second_package/build install --record /home/jhw0178/ros_ws/build/my_second_package/install.log --install-scripts $base/lib/my_second_package --single-version-externally-managed install_data
