running egg_info
writing ../../build/tf2_basic/tf2_basic.egg-info/PKG-INFO
writing dependency_links to ../../build/tf2_basic/tf2_basic.egg-info/dependency_links.txt
writing entry points to ../../build/tf2_basic/tf2_basic.egg-info/entry_points.txt
writing requirements to ../../build/tf2_basic/tf2_basic.egg-info/requires.txt
writing top-level names to ../../build/tf2_basic/tf2_basic.egg-info/top_level.txt
reading manifest file '../../build/tf2_basic/tf2_basic.egg-info/SOURCES.txt'
writing manifest file '../../build/tf2_basic/tf2_basic.egg-info/SOURCES.txt'
running build
running build_py
running install
running install_lib
running install_data
copying launch/display.launch.py -> /home/jhw0178/ros2_2026_summer_study/ros_ws/install/tf2_basic/share/tf2_basic/launch
running install_egg_info
removing '/home/jhw0178/ros2_2026_summer_study/ros_ws/install/tf2_basic/lib/python3.12/site-packages/tf2_basic-0.0.0-py3.12.egg-info' (and everything under it)
Copying ../../build/tf2_basic/tf2_basic.egg-info to /home/jhw0178/ros2_2026_summer_study/ros_ws/install/tf2_basic/lib/python3.12/site-packages/tf2_basic-0.0.0-py3.12.egg-info
running install_scripts
Installing dynamic_turtle_tf2_broadcaster script to /home/jhw0178/ros2_2026_summer_study/ros_ws/install/tf2_basic/lib/tf2_basic
Installing static_turtle_tf2_broadcaster script to /home/jhw0178/ros2_2026_summer_study/ros_ws/install/tf2_basic/lib/tf2_basic
Installing tf_listener script to /home/jhw0178/ros2_2026_summer_study/ros_ws/install/tf2_basic/lib/tf2_basic
writing list of installed files to '/home/jhw0178/ros2_2026_summer_study/ros_ws/build/tf2_basic/install.log'
