[0.165s] DEBUG:colcon:Command line arguments: ['/usr/bin/colcon', 'build']
[0.165s] DEBUG:colcon:Parsed command line arguments: Namespace(log_base=None, log_level=None, verb_name='build', build_base='build', install_base='install', merge_install=False, symlink_install=False, test_result_base=None, continue_on_error=False, executor='parallel', parallel_workers=16, event_handlers=None, ignore_user_meta=False, metas=['./colcon.meta'], base_paths=['.'], packages_ignore=None, packages_ignore_regex=None, paths=None, packages_up_to=None, packages_up_to_regex=None, packages_above=None, packages_above_and_dependencies=None, packages_above_depth=None, packages_select_by_dep=None, packages_skip_by_dep=None, packages_skip_up_to=None, packages_select_build_failed=False, packages_skip_build_finished=False, packages_select_test_failures=False, packages_skip_test_passed=False, packages_select=None, packages_skip=None, packages_select_regex=None, packages_skip_regex=None, packages_start=None, packages_end=None, allow_overriding=[], cmake_args=None, cmake_target=None, cmake_target_skip_unavailable=False, cmake_clean_cache=False, cmake_clean_first=False, cmake_force_configure=False, ament_cmake_args=None, catkin_cmake_args=None, catkin_skip_building_tests=False, mixin_files=None, mixin=None, verb_parser=<colcon_mixin.mixin.mixin_argument.MixinArgumentDecorator object at 0x7c6526e86bd0>, verb_extension=<colcon_core.verb.build.BuildVerb object at 0x7c6526e868a0>, main=<bound method BuildVerb.main of <colcon_core.verb.build.BuildVerb object at 0x7c6526e868a0>>, mixin_verb=('build',))
[0.202s] Level 1:colcon.colcon_core.package_discovery:discover_packages(colcon_meta) check parameters
[0.202s] Level 1:colcon.colcon_core.package_discovery:discover_packages(recursive) check parameters
[0.202s] Level 1:colcon.colcon_core.package_discovery:discover_packages(ignore) check parameters
[0.202s] Level 1:colcon.colcon_core.package_discovery:discover_packages(path) check parameters
[0.202s] Level 1:colcon.colcon_core.package_discovery:discover_packages(colcon_meta) discover
[0.202s] Level 1:colcon.colcon_core.package_discovery:discover_packages(recursive) discover
[0.202s] INFO:colcon.colcon_core.package_discovery:Crawling recursively for packages in '/home/jhw0178/ros2_2026_summer_study/ros_ws'
[0.202s] Level 1:colcon.colcon_core.package_identification:_identify(.) by extensions ['ignore', 'ignore_ament_install']
[0.202s] Level 1:colcon.colcon_core.package_identification:_identify(.) by extension 'ignore'
[0.202s] Level 1:colcon.colcon_core.package_identification:_identify(.) by extension 'ignore_ament_install'
[0.202s] Level 1:colcon.colcon_core.package_identification:_identify(.) by extensions ['colcon_pkg']
[0.202s] Level 1:colcon.colcon_core.package_identification:_identify(.) by extension 'colcon_pkg'
[0.202s] Level 1:colcon.colcon_core.package_identification:_identify(.) by extensions ['colcon_meta']
[0.203s] Level 1:colcon.colcon_core.package_identification:_identify(.) by extension 'colcon_meta'
[0.203s] Level 1:colcon.colcon_core.package_identification:_identify(.) by extensions ['ros']
[0.203s] Level 1:colcon.colcon_core.package_identification:_identify(.) by extension 'ros'
[0.228s] Level 1:colcon.colcon_core.package_identification:_identify(.) by extensions ['cmake', 'python']
[0.229s] Level 1:colcon.colcon_core.package_identification:_identify(.) by extension 'cmake'
[0.229s] Level 1:colcon.colcon_core.package_identification:_identify(.) by extension 'python'
[0.229s] Level 1:colcon.colcon_core.package_identification:_identify(.) by extensions ['python_setup_py']
[0.229s] Level 1:colcon.colcon_core.package_identification:_identify(.) by extension 'python_setup_py'
[0.229s] Level 1:colcon.colcon_core.package_identification:_identify(build) by extensions ['ignore', 'ignore_ament_install']
[0.229s] Level 1:colcon.colcon_core.package_identification:_identify(build) by extension 'ignore'
[0.229s] Level 1:colcon.colcon_core.package_identification:_identify(build) ignored
[0.229s] Level 1:colcon.colcon_core.package_identification:_identify(install) by extensions ['ignore', 'ignore_ament_install']
[0.229s] Level 1:colcon.colcon_core.package_identification:_identify(install) by extension 'ignore'
[0.229s] Level 1:colcon.colcon_core.package_identification:_identify(install) ignored
[0.230s] Level 1:colcon.colcon_core.package_identification:_identify(log) by extensions ['ignore', 'ignore_ament_install']
[0.230s] Level 1:colcon.colcon_core.package_identification:_identify(log) by extension 'ignore'
[0.230s] Level 1:colcon.colcon_core.package_identification:_identify(log) ignored
[0.230s] Level 1:colcon.colcon_core.package_identification:_identify(src) by extensions ['ignore', 'ignore_ament_install']
[0.230s] Level 1:colcon.colcon_core.package_identification:_identify(src) by extension 'ignore'
[0.230s] Level 1:colcon.colcon_core.package_identification:_identify(src) by extension 'ignore_ament_install'
[0.230s] Level 1:colcon.colcon_core.package_identification:_identify(src) by extensions ['colcon_pkg']
[0.230s] Level 1:colcon.colcon_core.package_identification:_identify(src) by extension 'colcon_pkg'
[0.230s] Level 1:colcon.colcon_core.package_identification:_identify(src) by extensions ['colcon_meta']
[0.231s] Level 1:colcon.colcon_core.package_identification:_identify(src) by extension 'colcon_meta'
[0.231s] Level 1:colcon.colcon_core.package_identification:_identify(src) by extensions ['ros']
[0.231s] Level 1:colcon.colcon_core.package_identification:_identify(src) by extension 'ros'
[0.231s] Level 1:colcon.colcon_core.package_identification:_identify(src) by extensions ['cmake', 'python']
[0.231s] Level 1:colcon.colcon_core.package_identification:_identify(src) by extension 'cmake'
[0.231s] Level 1:colcon.colcon_core.package_identification:_identify(src) by extension 'python'
[0.231s] Level 1:colcon.colcon_core.package_identification:_identify(src) by extensions ['python_setup_py']
[0.231s] Level 1:colcon.colcon_core.package_identification:_identify(src) by extension 'python_setup_py'
[0.231s] Level 1:colcon.colcon_core.package_identification:_identify(src/follow_turtle) by extensions ['ignore', 'ignore_ament_install']
[0.231s] Level 1:colcon.colcon_core.package_identification:_identify(src/follow_turtle) by extension 'ignore'
[0.231s] Level 1:colcon.colcon_core.package_identification:_identify(src/follow_turtle) by extension 'ignore_ament_install'
[0.231s] Level 1:colcon.colcon_core.package_identification:_identify(src/follow_turtle) by extensions ['colcon_pkg']
[0.231s] Level 1:colcon.colcon_core.package_identification:_identify(src/follow_turtle) by extension 'colcon_pkg'
[0.231s] Level 1:colcon.colcon_core.package_identification:_identify(src/follow_turtle) by extensions ['colcon_meta']
[0.232s] Level 1:colcon.colcon_core.package_identification:_identify(src/follow_turtle) by extension 'colcon_meta'
[0.232s] Level 1:colcon.colcon_core.package_identification:_identify(src/follow_turtle) by extensions ['ros']
[0.232s] Level 1:colcon.colcon_core.package_identification:_identify(src/follow_turtle) by extension 'ros'
[0.234s] DEBUG:colcon.colcon_core.package_identification:Package 'src/follow_turtle' with type 'ros.ament_python' and name 'follow_turtle'
[0.234s] Level 1:colcon.colcon_core.package_identification:_identify(src/mini_homework1) by extensions ['ignore', 'ignore_ament_install']
[0.234s] Level 1:colcon.colcon_core.package_identification:_identify(src/mini_homework1) by extension 'ignore'
[0.235s] Level 1:colcon.colcon_core.package_identification:_identify(src/mini_homework1) by extension 'ignore_ament_install'
[0.235s] Level 1:colcon.colcon_core.package_identification:_identify(src/mini_homework1) by extensions ['colcon_pkg']
[0.235s] Level 1:colcon.colcon_core.package_identification:_identify(src/mini_homework1) by extension 'colcon_pkg'
[0.235s] Level 1:colcon.colcon_core.package_identification:_identify(src/mini_homework1) by extensions ['colcon_meta']
[0.235s] Level 1:colcon.colcon_core.package_identification:_identify(src/mini_homework1) by extension 'colcon_meta'
[0.235s] Level 1:colcon.colcon_core.package_identification:_identify(src/mini_homework1) by extensions ['ros']
[0.235s] Level 1:colcon.colcon_core.package_identification:_identify(src/mini_homework1) by extension 'ros'
[0.235s] DEBUG:colcon.colcon_core.package_identification:Package 'src/mini_homework1' with type 'ros.ament_python' and name 'mini_homework1'
[0.236s] Level 1:colcon.colcon_core.package_identification:_identify(src/my_first_package) by extensions ['ignore', 'ignore_ament_install']
[0.236s] Level 1:colcon.colcon_core.package_identification:_identify(src/my_first_package) by extension 'ignore'
[0.236s] Level 1:colcon.colcon_core.package_identification:_identify(src/my_first_package) by extension 'ignore_ament_install'
[0.236s] Level 1:colcon.colcon_core.package_identification:_identify(src/my_first_package) by extensions ['colcon_pkg']
[0.236s] Level 1:colcon.colcon_core.package_identification:_identify(src/my_first_package) by extension 'colcon_pkg'
[0.236s] Level 1:colcon.colcon_core.package_identification:_identify(src/my_first_package) by extensions ['colcon_meta']
[0.236s] Level 1:colcon.colcon_core.package_identification:_identify(src/my_first_package) by extension 'colcon_meta'
[0.237s] Level 1:colcon.colcon_core.package_identification:_identify(src/my_first_package) by extensions ['ros']
[0.237s] Level 1:colcon.colcon_core.package_identification:_identify(src/my_first_package) by extension 'ros'
[0.237s] DEBUG:colcon.colcon_core.package_identification:Package 'src/my_first_package' with type 'ros.ament_python' and name 'my_first_package'
[0.237s] Level 1:colcon.colcon_core.package_identification:_identify(src/tf2_basic) by extensions ['ignore', 'ignore_ament_install']
[0.237s] Level 1:colcon.colcon_core.package_identification:_identify(src/tf2_basic) by extension 'ignore'
[0.237s] Level 1:colcon.colcon_core.package_identification:_identify(src/tf2_basic) by extension 'ignore_ament_install'
[0.237s] Level 1:colcon.colcon_core.package_identification:_identify(src/tf2_basic) by extensions ['colcon_pkg']
[0.237s] Level 1:colcon.colcon_core.package_identification:_identify(src/tf2_basic) by extension 'colcon_pkg'
[0.237s] Level 1:colcon.colcon_core.package_identification:_identify(src/tf2_basic) by extensions ['colcon_meta']
[0.238s] Level 1:colcon.colcon_core.package_identification:_identify(src/tf2_basic) by extension 'colcon_meta'
[0.238s] Level 1:colcon.colcon_core.package_identification:_identify(src/tf2_basic) by extensions ['ros']
[0.238s] Level 1:colcon.colcon_core.package_identification:_identify(src/tf2_basic) by extension 'ros'
[0.238s] DEBUG:colcon.colcon_core.package_identification:Package 'src/tf2_basic' with type 'ros.ament_python' and name 'tf2_basic'
[0.238s] Level 1:colcon.colcon_core.package_identification:_identify(src/user_interface) by extensions ['ignore', 'ignore_ament_install']
[0.238s] Level 1:colcon.colcon_core.package_identification:_identify(src/user_interface) by extension 'ignore'
[0.238s] Level 1:colcon.colcon_core.package_identification:_identify(src/user_interface) by extension 'ignore_ament_install'
[0.238s] Level 1:colcon.colcon_core.package_identification:_identify(src/user_interface) by extensions ['colcon_pkg']
[0.238s] Level 1:colcon.colcon_core.package_identification:_identify(src/user_interface) by extension 'colcon_pkg'
[0.239s] Level 1:colcon.colcon_core.package_identification:_identify(src/user_interface) by extensions ['colcon_meta']
[0.239s] Level 1:colcon.colcon_core.package_identification:_identify(src/user_interface) by extension 'colcon_meta'
[0.239s] Level 1:colcon.colcon_core.package_identification:_identify(src/user_interface) by extensions ['ros']
[0.239s] Level 1:colcon.colcon_core.package_identification:_identify(src/user_interface) by extension 'ros'
[0.240s] DEBUG:colcon.colcon_core.package_identification:Package 'src/user_interface' with type 'ros.ament_cmake' and name 'user_interface'
[0.240s] Level 1:colcon.colcon_core.package_discovery:discover_packages(recursive) using defaults
[0.240s] Level 1:colcon.colcon_core.package_discovery:discover_packages(ignore) discover
[0.240s] Level 1:colcon.colcon_core.package_discovery:discover_packages(ignore) using defaults
[0.240s] Level 1:colcon.colcon_core.package_discovery:discover_packages(path) discover
[0.240s] Level 1:colcon.colcon_core.package_discovery:discover_packages(path) using defaults
[0.257s] Level 1:colcon.colcon_core.package_discovery:discover_packages(prefix_path) check parameters
[0.257s] Level 1:colcon.colcon_core.package_discovery:discover_packages(prefix_path) discover
[0.259s] DEBUG:colcon.colcon_installed_package_information.package_discovery:Found 5 installed packages in /home/jhw0178/ros2_2026_summer_study/ros_ws/install
[0.260s] DEBUG:colcon.colcon_installed_package_information.package_discovery:Found 292 installed packages in /opt/ros/jazzy
[0.261s] Level 1:colcon.colcon_core.package_discovery:discover_packages(prefix_path) using defaults
[0.293s] Level 5:colcon.colcon_core.verb:set package 'follow_turtle' build argument 'cmake_args' from command line to 'None'
[0.293s] Level 5:colcon.colcon_core.verb:set package 'follow_turtle' build argument 'cmake_target' from command line to 'None'
[0.293s] Level 5:colcon.colcon_core.verb:set package 'follow_turtle' build argument 'cmake_target_skip_unavailable' from command line to 'False'
[0.293s] Level 5:colcon.colcon_core.verb:set package 'follow_turtle' build argument 'cmake_clean_cache' from command line to 'False'
[0.293s] Level 5:colcon.colcon_core.verb:set package 'follow_turtle' build argument 'cmake_clean_first' from command line to 'False'
[0.293s] Level 5:colcon.colcon_core.verb:set package 'follow_turtle' build argument 'cmake_force_configure' from command line to 'False'
[0.293s] Level 5:colcon.colcon_core.verb:set package 'follow_turtle' build argument 'ament_cmake_args' from command line to 'None'
[0.293s] Level 5:colcon.colcon_core.verb:set package 'follow_turtle' build argument 'catkin_cmake_args' from command line to 'None'
[0.293s] Level 5:colcon.colcon_core.verb:set package 'follow_turtle' build argument 'catkin_skip_building_tests' from command line to 'False'
[0.293s] DEBUG:colcon.colcon_core.verb:Building package 'follow_turtle' with the following arguments: {'ament_cmake_args': None, 'build_base': '/home/jhw0178/ros2_2026_summer_study/ros_ws/build/follow_turtle', 'catkin_cmake_args': None, 'catkin_skip_building_tests': False, 'cmake_args': None, 'cmake_clean_cache': False, 'cmake_clean_first': False, 'cmake_force_configure': False, 'cmake_target': None, 'cmake_target_skip_unavailable': False, 'install_base': '/home/jhw0178/ros2_2026_summer_study/ros_ws/install/follow_turtle', 'merge_install': False, 'path': '/home/jhw0178/ros2_2026_summer_study/ros_ws/src/follow_turtle', 'symlink_install': False, 'test_result_base': None}
[0.294s] Level 5:colcon.colcon_core.verb:set package 'mini_homework1' build argument 'cmake_args' from command line to 'None'
[0.294s] Level 5:colcon.colcon_core.verb:set package 'mini_homework1' build argument 'cmake_target' from command line to 'None'
[0.294s] Level 5:colcon.colcon_core.verb:set package 'mini_homework1' build argument 'cmake_target_skip_unavailable' from command line to 'False'
[0.294s] Level 5:colcon.colcon_core.verb:set package 'mini_homework1' build argument 'cmake_clean_cache' from command line to 'False'
[0.294s] Level 5:colcon.colcon_core.verb:set package 'mini_homework1' build argument 'cmake_clean_first' from command line to 'False'
[0.294s] Level 5:colcon.colcon_core.verb:set package 'mini_homework1' build argument 'cmake_force_configure' from command line to 'False'
[0.294s] Level 5:colcon.colcon_core.verb:set package 'mini_homework1' build argument 'ament_cmake_args' from command line to 'None'
[0.294s] Level 5:colcon.colcon_core.verb:set package 'mini_homework1' build argument 'catkin_cmake_args' from command line to 'None'
[0.294s] Level 5:colcon.colcon_core.verb:set package 'mini_homework1' build argument 'catkin_skip_building_tests' from command line to 'False'
[0.294s] DEBUG:colcon.colcon_core.verb:Building package 'mini_homework1' with the following arguments: {'ament_cmake_args': None, 'build_base': '/home/jhw0178/ros2_2026_summer_study/ros_ws/build/mini_homework1', 'catkin_cmake_args': None, 'catkin_skip_building_tests': False, 'cmake_args': None, 'cmake_clean_cache': False, 'cmake_clean_first': False, 'cmake_force_configure': False, 'cmake_target': None, 'cmake_target_skip_unavailable': False, 'install_base': '/home/jhw0178/ros2_2026_summer_study/ros_ws/install/mini_homework1', 'merge_install': False, 'path': '/home/jhw0178/ros2_2026_summer_study/ros_ws/src/mini_homework1', 'symlink_install': False, 'test_result_base': None}
[0.294s] Level 5:colcon.colcon_core.verb:set package 'my_first_package' build argument 'cmake_args' from command line to 'None'
[0.294s] Level 5:colcon.colcon_core.verb:set package 'my_first_package' build argument 'cmake_target' from command line to 'None'
[0.294s] Level 5:colcon.colcon_core.verb:set package 'my_first_package' build argument 'cmake_target_skip_unavailable' from command line to 'False'
[0.294s] Level 5:colcon.colcon_core.verb:set package 'my_first_package' build argument 'cmake_clean_cache' from command line to 'False'
[0.294s] Level 5:colcon.colcon_core.verb:set package 'my_first_package' build argument 'cmake_clean_first' from command line to 'False'
[0.294s] Level 5:colcon.colcon_core.verb:set package 'my_first_package' build argument 'cmake_force_configure' from command line to 'False'
[0.294s] Level 5:colcon.colcon_core.verb:set package 'my_first_package' build argument 'ament_cmake_args' from command line to 'None'
[0.294s] Level 5:colcon.colcon_core.verb:set package 'my_first_package' build argument 'catkin_cmake_args' from command line to 'None'
[0.294s] Level 5:colcon.colcon_core.verb:set package 'my_first_package' build argument 'catkin_skip_building_tests' from command line to 'False'
[0.295s] DEBUG:colcon.colcon_core.verb:Building package 'my_first_package' with the following arguments: {'ament_cmake_args': None, 'build_base': '/home/jhw0178/ros2_2026_summer_study/ros_ws/build/my_first_package', 'catkin_cmake_args': None, 'catkin_skip_building_tests': False, 'cmake_args': None, 'cmake_clean_cache': False, 'cmake_clean_first': False, 'cmake_force_configure': False, 'cmake_target': None, 'cmake_target_skip_unavailable': False, 'install_base': '/home/jhw0178/ros2_2026_summer_study/ros_ws/install/my_first_package', 'merge_install': False, 'path': '/home/jhw0178/ros2_2026_summer_study/ros_ws/src/my_first_package', 'symlink_install': False, 'test_result_base': None}
[0.295s] Level 5:colcon.colcon_core.verb:set package 'tf2_basic' build argument 'cmake_args' from command line to 'None'
[0.295s] Level 5:colcon.colcon_core.verb:set package 'tf2_basic' build argument 'cmake_target' from command line to 'None'
[0.295s] Level 5:colcon.colcon_core.verb:set package 'tf2_basic' build argument 'cmake_target_skip_unavailable' from command line to 'False'
[0.295s] Level 5:colcon.colcon_core.verb:set package 'tf2_basic' build argument 'cmake_clean_cache' from command line to 'False'
[0.295s] Level 5:colcon.colcon_core.verb:set package 'tf2_basic' build argument 'cmake_clean_first' from command line to 'False'
[0.295s] Level 5:colcon.colcon_core.verb:set package 'tf2_basic' build argument 'cmake_force_configure' from command line to 'False'
[0.295s] Level 5:colcon.colcon_core.verb:set package 'tf2_basic' build argument 'ament_cmake_args' from command line to 'None'
[0.295s] Level 5:colcon.colcon_core.verb:set package 'tf2_basic' build argument 'catkin_cmake_args' from command line to 'None'
[0.295s] Level 5:colcon.colcon_core.verb:set package 'tf2_basic' build argument 'catkin_skip_building_tests' from command line to 'False'
[0.295s] DEBUG:colcon.colcon_core.verb:Building package 'tf2_basic' with the following arguments: {'ament_cmake_args': None, 'build_base': '/home/jhw0178/ros2_2026_summer_study/ros_ws/build/tf2_basic', 'catkin_cmake_args': None, 'catkin_skip_building_tests': False, 'cmake_args': None, 'cmake_clean_cache': False, 'cmake_clean_first': False, 'cmake_force_configure': False, 'cmake_target': None, 'cmake_target_skip_unavailable': False, 'install_base': '/home/jhw0178/ros2_2026_summer_study/ros_ws/install/tf2_basic', 'merge_install': False, 'path': '/home/jhw0178/ros2_2026_summer_study/ros_ws/src/tf2_basic', 'symlink_install': False, 'test_result_base': None}
[0.295s] Level 5:colcon.colcon_core.verb:set package 'user_interface' build argument 'cmake_args' from command line to 'None'
[0.295s] Level 5:colcon.colcon_core.verb:set package 'user_interface' build argument 'cmake_target' from command line to 'None'
[0.295s] Level 5:colcon.colcon_core.verb:set package 'user_interface' build argument 'cmake_target_skip_unavailable' from command line to 'False'
[0.295s] Level 5:colcon.colcon_core.verb:set package 'user_interface' build argument 'cmake_clean_cache' from command line to 'False'
[0.295s] Level 5:colcon.colcon_core.verb:set package 'user_interface' build argument 'cmake_clean_first' from command line to 'False'
[0.295s] Level 5:colcon.colcon_core.verb:set package 'user_interface' build argument 'cmake_force_configure' from command line to 'False'
[0.295s] Level 5:colcon.colcon_core.verb:set package 'user_interface' build argument 'ament_cmake_args' from command line to 'None'
[0.295s] Level 5:colcon.colcon_core.verb:set package 'user_interface' build argument 'catkin_cmake_args' from command line to 'None'
[0.295s] Level 5:colcon.colcon_core.verb:set package 'user_interface' build argument 'catkin_skip_building_tests' from command line to 'False'
[0.295s] DEBUG:colcon.colcon_core.verb:Building package 'user_interface' with the following arguments: {'ament_cmake_args': None, 'build_base': '/home/jhw0178/ros2_2026_summer_study/ros_ws/build/user_interface', 'catkin_cmake_args': None, 'catkin_skip_building_tests': False, 'cmake_args': None, 'cmake_clean_cache': False, 'cmake_clean_first': False, 'cmake_force_configure': False, 'cmake_target': None, 'cmake_target_skip_unavailable': False, 'install_base': '/home/jhw0178/ros2_2026_summer_study/ros_ws/install/user_interface', 'merge_install': False, 'path': '/home/jhw0178/ros2_2026_summer_study/ros_ws/src/user_interface', 'symlink_install': False, 'test_result_base': None}
[0.295s] INFO:colcon.colcon_core.executor:Executing jobs using 'parallel' executor
[0.297s] DEBUG:colcon.colcon_parallel_executor.executor.parallel:run_until_complete
[0.297s] INFO:colcon.colcon_ros.task.ament_python.build:Building ROS package in '/home/jhw0178/ros2_2026_summer_study/ros_ws/src/follow_turtle' with build type 'ament_python'
[0.297s] Level 1:colcon.colcon_core.shell:create_environment_hook('follow_turtle', 'ament_prefix_path')
[0.299s] INFO:colcon.colcon_core.plugin_system:Skipping extension 'colcon_core.shell.bat': Not used on non-Windows systems
[0.300s] INFO:colcon.colcon_core.shell:Creating environment hook '/home/jhw0178/ros2_2026_summer_study/ros_ws/install/follow_turtle/share/follow_turtle/hook/ament_prefix_path.ps1'
[0.300s] INFO:colcon.colcon_core.shell:Creating environment descriptor '/home/jhw0178/ros2_2026_summer_study/ros_ws/install/follow_turtle/share/follow_turtle/hook/ament_prefix_path.dsv'
[0.301s] INFO:colcon.colcon_core.shell:Creating environment hook '/home/jhw0178/ros2_2026_summer_study/ros_ws/install/follow_turtle/share/follow_turtle/hook/ament_prefix_path.sh'
[0.301s] INFO:colcon.colcon_core.shell:Skip shell extension 'powershell' for command environment: Not usable outside of PowerShell
[0.301s] DEBUG:colcon.colcon_core.shell:Skip shell extension 'dsv' for command environment
[0.304s] INFO:colcon.colcon_ros.task.ament_python.build:Building ROS package in '/home/jhw0178/ros2_2026_summer_study/ros_ws/src/mini_homework1' with build type 'ament_python'
[0.305s] Level 1:colcon.colcon_core.shell:create_environment_hook('mini_homework1', 'ament_prefix_path')
[0.305s] INFO:colcon.colcon_core.shell:Creating environment hook '/home/jhw0178/ros2_2026_summer_study/ros_ws/install/mini_homework1/share/mini_homework1/hook/ament_prefix_path.ps1'
[0.306s] INFO:colcon.colcon_core.shell:Creating environment descriptor '/home/jhw0178/ros2_2026_summer_study/ros_ws/install/mini_homework1/share/mini_homework1/hook/ament_prefix_path.dsv'
[0.306s] INFO:colcon.colcon_core.shell:Creating environment hook '/home/jhw0178/ros2_2026_summer_study/ros_ws/install/mini_homework1/share/mini_homework1/hook/ament_prefix_path.sh'
[0.307s] INFO:colcon.colcon_core.shell:Skip shell extension 'powershell' for command environment: Not usable outside of PowerShell
[0.307s] DEBUG:colcon.colcon_core.shell:Skip shell extension 'dsv' for command environment
[0.310s] INFO:colcon.colcon_ros.task.ament_python.build:Building ROS package in '/home/jhw0178/ros2_2026_summer_study/ros_ws/src/my_first_package' with build type 'ament_python'
[0.310s] Level 1:colcon.colcon_core.shell:create_environment_hook('my_first_package', 'ament_prefix_path')
[0.310s] INFO:colcon.colcon_core.shell:Creating environment hook '/home/jhw0178/ros2_2026_summer_study/ros_ws/install/my_first_package/share/my_first_package/hook/ament_prefix_path.ps1'
[0.312s] INFO:colcon.colcon_core.shell:Creating environment descriptor '/home/jhw0178/ros2_2026_summer_study/ros_ws/install/my_first_package/share/my_first_package/hook/ament_prefix_path.dsv'
[0.313s] INFO:colcon.colcon_core.shell:Creating environment hook '/home/jhw0178/ros2_2026_summer_study/ros_ws/install/my_first_package/share/my_first_package/hook/ament_prefix_path.sh'
[0.313s] INFO:colcon.colcon_core.shell:Skip shell extension 'powershell' for command environment: Not usable outside of PowerShell
[0.313s] DEBUG:colcon.colcon_core.shell:Skip shell extension 'dsv' for command environment
[0.318s] INFO:colcon.colcon_ros.task.ament_python.build:Building ROS package in '/home/jhw0178/ros2_2026_summer_study/ros_ws/src/tf2_basic' with build type 'ament_python'
[0.318s] Level 1:colcon.colcon_core.shell:create_environment_hook('tf2_basic', 'ament_prefix_path')
[0.319s] INFO:colcon.colcon_core.shell:Creating environment hook '/home/jhw0178/ros2_2026_summer_study/ros_ws/install/tf2_basic/share/tf2_basic/hook/ament_prefix_path.ps1'
[0.320s] INFO:colcon.colcon_core.shell:Creating environment descriptor '/home/jhw0178/ros2_2026_summer_study/ros_ws/install/tf2_basic/share/tf2_basic/hook/ament_prefix_path.dsv'
[0.320s] INFO:colcon.colcon_core.shell:Creating environment hook '/home/jhw0178/ros2_2026_summer_study/ros_ws/install/tf2_basic/share/tf2_basic/hook/ament_prefix_path.sh'
[0.321s] INFO:colcon.colcon_core.shell:Skip shell extension 'powershell' for command environment: Not usable outside of PowerShell
[0.321s] DEBUG:colcon.colcon_core.shell:Skip shell extension 'dsv' for command environment
[0.324s] INFO:colcon.colcon_ros.task.ament_cmake.build:Building ROS package in '/home/jhw0178/ros2_2026_summer_study/ros_ws/src/user_interface' with build type 'ament_cmake'
[0.324s] INFO:colcon.colcon_cmake.task.cmake.build:Building CMake package in '/home/jhw0178/ros2_2026_summer_study/ros_ws/src/user_interface'
[0.324s] INFO:colcon.colcon_core.shell:Skip shell extension 'powershell' for command environment: Not usable outside of PowerShell
[0.325s] DEBUG:colcon.colcon_core.shell:Skip shell extension 'dsv' for command environment
[0.525s] INFO:colcon.colcon_core.task.python.build:Building Python package in '/home/jhw0178/ros2_2026_summer_study/ros_ws/src/follow_turtle'
[0.525s] INFO:colcon.colcon_core.shell:Skip shell extension 'powershell' for command environment: Not usable outside of PowerShell
[0.525s] DEBUG:colcon.colcon_core.shell:Skip shell extension 'dsv' for command environment
[0.723s] INFO:colcon.colcon_core.task.python.build:Building Python package in '/home/jhw0178/ros2_2026_summer_study/ros_ws/src/mini_homework1'
[0.723s] INFO:colcon.colcon_core.shell:Skip shell extension 'powershell' for command environment: Not usable outside of PowerShell
[0.724s] DEBUG:colcon.colcon_core.shell:Skip shell extension 'dsv' for command environment
[0.902s] INFO:colcon.colcon_core.task.python.build:Building Python package in '/home/jhw0178/ros2_2026_summer_study/ros_ws/src/my_first_package'
[0.902s] INFO:colcon.colcon_core.shell:Skip shell extension 'powershell' for command environment: Not usable outside of PowerShell
[0.902s] DEBUG:colcon.colcon_core.shell:Skip shell extension 'dsv' for command environment
[1.088s] INFO:colcon.colcon_core.task.python.build:Building Python package in '/home/jhw0178/ros2_2026_summer_study/ros_ws/src/tf2_basic'
[1.088s] INFO:colcon.colcon_core.shell:Skip shell extension 'powershell' for command environment: Not usable outside of PowerShell
[1.088s] DEBUG:colcon.colcon_core.shell:Skip shell extension 'dsv' for command environment
[1.096s] DEBUG:colcon.colcon_core.event_handler.log_command:Invoking command in '/home/jhw0178/ros2_2026_summer_study/ros_ws/build/user_interface': CMAKE_PREFIX_PATH=${CMAKE_PREFIX_PATH}:/home/jhw0178/ros2_2026_summer_study/ros_ws/install/follow_turtle:/home/jhw0178/ros2_2026_summer_study/ros_ws/install/tf2_basic:/home/jhw0178/ros2_2026_summer_study/ros_ws/install/my_first_package:/home/jhw0178/ros2_2026_summer_study/ros_ws/install/mini_homework1:/opt/ros/jazzy /usr/bin/cmake --build /home/jhw0178/ros2_2026_summer_study/ros_ws/build/user_interface -- -j16 -l16
[1.554s] DEBUG:colcon.colcon_core.event_handler.log_command:Invoked command in '/home/jhw0178/ros2_2026_summer_study/ros_ws/build/user_interface' returned '0': CMAKE_PREFIX_PATH=${CMAKE_PREFIX_PATH}:/home/jhw0178/ros2_2026_summer_study/ros_ws/install/follow_turtle:/home/jhw0178/ros2_2026_summer_study/ros_ws/install/tf2_basic:/home/jhw0178/ros2_2026_summer_study/ros_ws/install/my_first_package:/home/jhw0178/ros2_2026_summer_study/ros_ws/install/mini_homework1:/opt/ros/jazzy /usr/bin/cmake --build /home/jhw0178/ros2_2026_summer_study/ros_ws/build/user_interface -- -j16 -l16
[1.563s] DEBUG:colcon.colcon_core.event_handler.log_command:Invoking command in '/home/jhw0178/ros2_2026_summer_study/ros_ws/build/user_interface': CMAKE_PREFIX_PATH=${CMAKE_PREFIX_PATH}:/home/jhw0178/ros2_2026_summer_study/ros_ws/install/follow_turtle:/home/jhw0178/ros2_2026_summer_study/ros_ws/install/tf2_basic:/home/jhw0178/ros2_2026_summer_study/ros_ws/install/my_first_package:/home/jhw0178/ros2_2026_summer_study/ros_ws/install/mini_homework1:/opt/ros/jazzy /usr/bin/cmake --install /home/jhw0178/ros2_2026_summer_study/ros_ws/build/user_interface
[1.661s] Level 1:colcon.colcon_core.environment:create_environment_scripts_only(user_interface)
[1.671s] Level 1:colcon.colcon_core.environment:checking '/home/jhw0178/ros2_2026_summer_study/ros_ws/install/user_interface' for CMake module files
[1.675s] Level 1:colcon.colcon_core.environment:checking '/home/jhw0178/ros2_2026_summer_study/ros_ws/install/user_interface' for CMake config files
[1.682s] DEBUG:colcon.colcon_core.event_handler.log_command:Invoked command in '/home/jhw0178/ros2_2026_summer_study/ros_ws/build/user_interface' returned '0': CMAKE_PREFIX_PATH=${CMAKE_PREFIX_PATH}:/home/jhw0178/ros2_2026_summer_study/ros_ws/install/follow_turtle:/home/jhw0178/ros2_2026_summer_study/ros_ws/install/tf2_basic:/home/jhw0178/ros2_2026_summer_study/ros_ws/install/my_first_package:/home/jhw0178/ros2_2026_summer_study/ros_ws/install/mini_homework1:/opt/ros/jazzy /usr/bin/cmake --install /home/jhw0178/ros2_2026_summer_study/ros_ws/build/user_interface
[1.683s] Level 1:colcon.colcon_core.shell:create_environment_hook('user_interface', 'cmake_prefix_path')
[1.683s] INFO:colcon.colcon_core.shell:Creating environment hook '/home/jhw0178/ros2_2026_summer_study/ros_ws/install/user_interface/share/user_interface/hook/cmake_prefix_path.ps1'
[1.684s] INFO:colcon.colcon_core.shell:Creating environment descriptor '/home/jhw0178/ros2_2026_summer_study/ros_ws/install/user_interface/share/user_interface/hook/cmake_prefix_path.dsv'
[1.685s] INFO:colcon.colcon_core.shell:Creating environment hook '/home/jhw0178/ros2_2026_summer_study/ros_ws/install/user_interface/share/user_interface/hook/cmake_prefix_path.sh'
[1.686s] Level 1:colcon.colcon_core.environment:checking '/home/jhw0178/ros2_2026_summer_study/ros_ws/install/user_interface/lib'
[1.686s] Level 1:colcon.colcon_core.shell:create_environment_hook('user_interface', 'ld_library_path_lib')
[1.686s] INFO:colcon.colcon_core.shell:Creating environment hook '/home/jhw0178/ros2_2026_summer_study/ros_ws/install/user_interface/share/user_interface/hook/ld_library_path_lib.ps1'
[1.687s] INFO:colcon.colcon_core.shell:Creating environment descriptor '/home/jhw0178/ros2_2026_summer_study/ros_ws/install/user_interface/share/user_interface/hook/ld_library_path_lib.dsv'
[1.688s] INFO:colcon.colcon_core.shell:Creating environment hook '/home/jhw0178/ros2_2026_summer_study/ros_ws/install/user_interface/share/user_interface/hook/ld_library_path_lib.sh'
[1.688s] Level 1:colcon.colcon_core.environment:checking '/home/jhw0178/ros2_2026_summer_study/ros_ws/install/user_interface/bin'
[1.688s] Level 1:colcon.colcon_core.environment:checking '/home/jhw0178/ros2_2026_summer_study/ros_ws/install/user_interface/lib/pkgconfig/user_interface.pc'
[1.688s] Level 1:colcon.colcon_core.environment:checking '/home/jhw0178/ros2_2026_summer_study/ros_ws/install/user_interface/lib/python3.12/site-packages'
[1.689s] Level 1:colcon.colcon_core.shell:create_environment_hook('user_interface', 'pythonpath')
[1.689s] INFO:colcon.colcon_core.shell:Creating environment hook '/home/jhw0178/ros2_2026_summer_study/ros_ws/install/user_interface/share/user_interface/hook/pythonpath.ps1'
[1.689s] INFO:colcon.colcon_core.shell:Creating environment descriptor '/home/jhw0178/ros2_2026_summer_study/ros_ws/install/user_interface/share/user_interface/hook/pythonpath.dsv'
[1.690s] INFO:colcon.colcon_core.shell:Creating environment hook '/home/jhw0178/ros2_2026_summer_study/ros_ws/install/user_interface/share/user_interface/hook/pythonpath.sh'
[1.692s] Level 1:colcon.colcon_core.environment:checking '/home/jhw0178/ros2_2026_summer_study/ros_ws/install/user_interface/bin'
[1.692s] INFO:colcon.colcon_core.shell:Creating package script '/home/jhw0178/ros2_2026_summer_study/ros_ws/install/user_interface/share/user_interface/package.ps1'
[1.694s] INFO:colcon.colcon_core.shell:Creating package descriptor '/home/jhw0178/ros2_2026_summer_study/ros_ws/install/user_interface/share/user_interface/package.dsv'
[1.695s] INFO:colcon.colcon_core.shell:Creating package script '/home/jhw0178/ros2_2026_summer_study/ros_ws/install/user_interface/share/user_interface/package.sh'
[1.696s] INFO:colcon.colcon_core.shell:Creating package script '/home/jhw0178/ros2_2026_summer_study/ros_ws/install/user_interface/share/user_interface/package.bash'
[1.697s] INFO:colcon.colcon_core.shell:Creating package script '/home/jhw0178/ros2_2026_summer_study/ros_ws/install/user_interface/share/user_interface/package.zsh'
[1.698s] Level 1:colcon.colcon_core.environment:create_file_with_runtime_dependencies(/home/jhw0178/ros2_2026_summer_study/ros_ws/install/user_interface/share/colcon-core/packages/user_interface)
[1.699s] Level 1:colcon.colcon_core.environment:create_environment_scripts_only(user_interface)
[1.699s] Level 1:colcon.colcon_core.environment:checking '/home/jhw0178/ros2_2026_summer_study/ros_ws/install/user_interface' for CMake module files
[1.700s] Level 1:colcon.colcon_core.environment:checking '/home/jhw0178/ros2_2026_summer_study/ros_ws/install/user_interface' for CMake config files
[1.702s] Level 1:colcon.colcon_core.shell:create_environment_hook('user_interface', 'cmake_prefix_path')
[1.703s] INFO:colcon.colcon_core.shell:Creating environment hook '/home/jhw0178/ros2_2026_summer_study/ros_ws/install/user_interface/share/user_interface/hook/cmake_prefix_path.ps1'
[1.703s] INFO:colcon.colcon_core.shell:Creating environment descriptor '/home/jhw0178/ros2_2026_summer_study/ros_ws/install/user_interface/share/user_interface/hook/cmake_prefix_path.dsv'
[1.704s] INFO:colcon.colcon_core.shell:Creating environment hook '/home/jhw0178/ros2_2026_summer_study/ros_ws/install/user_interface/share/user_interface/hook/cmake_prefix_path.sh'
[1.705s] Level 1:colcon.colcon_core.environment:checking '/home/jhw0178/ros2_2026_summer_study/ros_ws/install/user_interface/lib'
[1.705s] Level 1:colcon.colcon_core.shell:create_environment_hook('user_interface', 'ld_library_path_lib')
[1.706s] INFO:colcon.colcon_core.shell:Creating environment hook '/home/jhw0178/ros2_2026_summer_study/ros_ws/install/user_interface/share/user_interface/hook/ld_library_path_lib.ps1'
[1.707s] INFO:colcon.colcon_core.shell:Creating environment descriptor '/home/jhw0178/ros2_2026_summer_study/ros_ws/install/user_interface/share/user_interface/hook/ld_library_path_lib.dsv'
[1.707s] INFO:colcon.colcon_core.shell:Creating environment hook '/home/jhw0178/ros2_2026_summer_study/ros_ws/install/user_interface/share/user_interface/hook/ld_library_path_lib.sh'
[1.708s] Level 1:colcon.colcon_core.environment:checking '/home/jhw0178/ros2_2026_summer_study/ros_ws/install/user_interface/bin'
[1.708s] Level 1:colcon.colcon_core.environment:checking '/home/jhw0178/ros2_2026_summer_study/ros_ws/install/user_interface/lib/pkgconfig/user_interface.pc'
[1.708s] Level 1:colcon.colcon_core.environment:checking '/home/jhw0178/ros2_2026_summer_study/ros_ws/install/user_interface/lib/python3.12/site-packages'
[1.708s] Level 1:colcon.colcon_core.shell:create_environment_hook('user_interface', 'pythonpath')
[1.709s] INFO:colcon.colcon_core.shell:Creating environment hook '/home/jhw0178/ros2_2026_summer_study/ros_ws/install/user_interface/share/user_interface/hook/pythonpath.ps1'
[1.709s] INFO:colcon.colcon_core.shell:Creating environment descriptor '/home/jhw0178/ros2_2026_summer_study/ros_ws/install/user_interface/share/user_interface/hook/pythonpath.dsv'
[1.710s] INFO:colcon.colcon_core.shell:Creating environment hook '/home/jhw0178/ros2_2026_summer_study/ros_ws/install/user_interface/share/user_interface/hook/pythonpath.sh'
[1.712s] Level 1:colcon.colcon_core.environment:checking '/home/jhw0178/ros2_2026_summer_study/ros_ws/install/user_interface/bin'
[1.713s] INFO:colcon.colcon_core.shell:Creating package script '/home/jhw0178/ros2_2026_summer_study/ros_ws/install/user_interface/share/user_interface/package.ps1'
[1.714s] INFO:colcon.colcon_core.shell:Creating package descriptor '/home/jhw0178/ros2_2026_summer_study/ros_ws/install/user_interface/share/user_interface/package.dsv'
[1.715s] INFO:colcon.colcon_core.shell:Creating package script '/home/jhw0178/ros2_2026_summer_study/ros_ws/install/user_interface/share/user_interface/package.sh'
[1.716s] INFO:colcon.colcon_core.shell:Creating package script '/home/jhw0178/ros2_2026_summer_study/ros_ws/install/user_interface/share/user_interface/package.bash'
[1.717s] INFO:colcon.colcon_core.shell:Creating package script '/home/jhw0178/ros2_2026_summer_study/ros_ws/install/user_interface/share/user_interface/package.zsh'
[1.718s] Level 1:colcon.colcon_core.environment:create_file_with_runtime_dependencies(/home/jhw0178/ros2_2026_summer_study/ros_ws/install/user_interface/share/colcon-core/packages/user_interface)
[1.733s] DEBUG:colcon.colcon_core.task.python.build:Available setuptools commands: upload, bdist, compile_catalog, check, extract_messages, install_lib, build_scripts, bdist_rpm, install_data, bdist_dumb, sdist, upload_docs, install_scripts, install_egg_info, bdist_egg, clean, build_ext, alias, install_headers, setopt, develop, dist_info, build, editable_wheel, egg_info, symlink_data, easy_install, install, init_catalog, saveopts, update_catalog, test, build_clib, rotate, register, build_py
[1.737s] DEBUG:colcon.colcon_core.event_handler.log_command:Invoking command in '/home/jhw0178/ros2_2026_summer_study/ros_ws/src/follow_turtle': PYTHONPATH=/home/jhw0178/ros2_2026_summer_study/ros_ws/build/follow_turtle/prefix_override:/usr/lib/python3/dist-packages/colcon_core/task/python/colcon_distutils_commands:/home/jhw0178/ros2_2026_summer_study/ros_ws/install/follow_turtle/lib/python3.12/site-packages:${PYTHONPATH} /usr/bin/python3 -W ignore:setup.py install is deprecated -W ignore:easy_install command is deprecated setup.py egg_info --egg-base ../../build/follow_turtle build --build-base /home/jhw0178/ros2_2026_summer_study/ros_ws/build/follow_turtle/build install --record /home/jhw0178/ros2_2026_summer_study/ros_ws/build/follow_turtle/install.log --install-scripts $base/lib/follow_turtle --single-version-externally-managed install_data
[1.759s] DEBUG:colcon.colcon_core.task.python.build:Available setuptools commands: upload, bdist, compile_catalog, check, extract_messages, install_lib, build_scripts, bdist_rpm, install_data, bdist_dumb, sdist, upload_docs, install_scripts, install_egg_info, bdist_egg, clean, build_ext, alias, install_headers, setopt, develop, dist_info, build, editable_wheel, egg_info, symlink_data, easy_install, install, init_catalog, saveopts, update_catalog, test, build_clib, rotate, register, build_py
[1.764s] DEBUG:colcon.colcon_core.task.python.build:Available setuptools commands: upload, bdist, compile_catalog, check, extract_messages, install_lib, build_scripts, bdist_rpm, install_data, bdist_dumb, sdist, upload_docs, install_scripts, install_egg_info, bdist_egg, clean, build_ext, alias, install_headers, setopt, develop, dist_info, build, editable_wheel, egg_info, symlink_data, easy_install, install, init_catalog, saveopts, update_catalog, test, build_clib, rotate, register, build_py
[1.764s] DEBUG:colcon.colcon_core.event_handler.log_command:Invoking command in '/home/jhw0178/ros2_2026_summer_study/ros_ws/src/my_first_package': PYTHONPATH=/home/jhw0178/ros2_2026_summer_study/ros_ws/build/my_first_package/prefix_override:/usr/lib/python3/dist-packages/colcon_core/task/python/colcon_distutils_commands:/home/jhw0178/ros2_2026_summer_study/ros_ws/install/my_first_package/lib/python3.12/site-packages:${PYTHONPATH} /usr/bin/python3 -W ignore:setup.py install is deprecated -W ignore:easy_install command is deprecated setup.py egg_info --egg-base ../../build/my_first_package build --build-base /home/jhw0178/ros2_2026_summer_study/ros_ws/build/my_first_package/build install --record /home/jhw0178/ros2_2026_summer_study/ros_ws/build/my_first_package/install.log --install-scripts $base/lib/my_first_package --single-version-externally-managed install_data
[1.769s] DEBUG:colcon.colcon_core.event_handler.log_command:Invoking command in '/home/jhw0178/ros2_2026_summer_study/ros_ws/src/tf2_basic': PYTHONPATH=/home/jhw0178/ros2_2026_summer_study/ros_ws/build/tf2_basic/prefix_override:/usr/lib/python3/dist-packages/colcon_core/task/python/colcon_distutils_commands:/home/jhw0178/ros2_2026_summer_study/ros_ws/install/tf2_basic/lib/python3.12/site-packages:${PYTHONPATH} /usr/bin/python3 -W ignore:setup.py install is deprecated -W ignore:easy_install command is deprecated setup.py egg_info --egg-base ../../build/tf2_basic build --build-base /home/jhw0178/ros2_2026_summer_study/ros_ws/build/tf2_basic/build install --record /home/jhw0178/ros2_2026_summer_study/ros_ws/build/tf2_basic/install.log --install-scripts $base/lib/tf2_basic --single-version-externally-managed install_data
[1.782s] DEBUG:colcon.colcon_core.task.python.build:Available setuptools commands: upload, bdist, compile_catalog, check, extract_messages, install_lib, build_scripts, bdist_rpm, install_data, bdist_dumb, sdist, upload_docs, install_scripts, install_egg_info, bdist_egg, clean, build_ext, alias, install_headers, setopt, develop, dist_info, build, editable_wheel, egg_info, symlink_data, easy_install, install, init_catalog, saveopts, update_catalog, test, build_clib, rotate, register, build_py
[1.787s] DEBUG:colcon.colcon_core.event_handler.log_command:Invoking command in '/home/jhw0178/ros2_2026_summer_study/ros_ws/src/mini_homework1': PYTHONPATH=/home/jhw0178/ros2_2026_summer_study/ros_ws/build/mini_homework1/prefix_override:/usr/lib/python3/dist-packages/colcon_core/task/python/colcon_distutils_commands:/home/jhw0178/ros2_2026_summer_study/ros_ws/install/mini_homework1/lib/python3.12/site-packages:${PYTHONPATH} /usr/bin/python3 -W ignore:setup.py install is deprecated -W ignore:easy_install command is deprecated setup.py egg_info --egg-base ../../build/mini_homework1 build --build-base /home/jhw0178/ros2_2026_summer_study/ros_ws/build/mini_homework1/build install --record /home/jhw0178/ros2_2026_summer_study/ros_ws/build/mini_homework1/install.log --install-scripts $base/lib/mini_homework1 --single-version-externally-managed install_data
[2.317s] Level 1:colcon.colcon_core.environment:checking '/home/jhw0178/ros2_2026_summer_study/ros_ws/install/follow_turtle' for CMake module files
[2.318s] DEBUG:colcon.colcon_core.event_handler.log_command:Invoked command in '/home/jhw0178/ros2_2026_summer_study/ros_ws/src/follow_turtle' returned '0': PYTHONPATH=/home/jhw0178/ros2_2026_summer_study/ros_ws/build/follow_turtle/prefix_override:/usr/lib/python3/dist-packages/colcon_core/task/python/colcon_distutils_commands:/home/jhw0178/ros2_2026_summer_study/ros_ws/install/follow_turtle/lib/python3.12/site-packages:${PYTHONPATH} /usr/bin/python3 -W ignore:setup.py install is deprecated -W ignore:easy_install command is deprecated setup.py egg_info --egg-base ../../build/follow_turtle build --build-base /home/jhw0178/ros2_2026_summer_study/ros_ws/build/follow_turtle/build install --record /home/jhw0178/ros2_2026_summer_study/ros_ws/build/follow_turtle/install.log --install-scripts $base/lib/follow_turtle --single-version-externally-managed install_data
[2.319s] Level 1:colcon.colcon_core.environment:checking '/home/jhw0178/ros2_2026_summer_study/ros_ws/install/follow_turtle' for CMake config files
[2.320s] Level 1:colcon.colcon_core.environment:checking '/home/jhw0178/ros2_2026_summer_study/ros_ws/install/follow_turtle/lib'
[2.320s] Level 1:colcon.colcon_core.environment:checking '/home/jhw0178/ros2_2026_summer_study/ros_ws/install/follow_turtle/bin'
[2.320s] Level 1:colcon.colcon_core.environment:checking '/home/jhw0178/ros2_2026_summer_study/ros_ws/install/follow_turtle/lib/pkgconfig/follow_turtle.pc'
[2.320s] Level 1:colcon.colcon_core.environment:checking '/home/jhw0178/ros2_2026_summer_study/ros_ws/install/follow_turtle/lib/python3.12/site-packages'
[2.321s] Level 1:colcon.colcon_core.shell:create_environment_hook('follow_turtle', 'pythonpath')
[2.321s] INFO:colcon.colcon_core.shell:Creating environment hook '/home/jhw0178/ros2_2026_summer_study/ros_ws/install/follow_turtle/share/follow_turtle/hook/pythonpath.ps1'
[2.322s] INFO:colcon.colcon_core.shell:Creating environment descriptor '/home/jhw0178/ros2_2026_summer_study/ros_ws/install/follow_turtle/share/follow_turtle/hook/pythonpath.dsv'
[2.322s] INFO:colcon.colcon_core.shell:Creating environment hook '/home/jhw0178/ros2_2026_summer_study/ros_ws/install/follow_turtle/share/follow_turtle/hook/pythonpath.sh'
[2.323s] Level 1:colcon.colcon_core.environment:checking '/home/jhw0178/ros2_2026_summer_study/ros_ws/install/follow_turtle/bin'
[2.323s] Level 1:colcon.colcon_core.environment:create_environment_scripts_only(follow_turtle)
[2.323s] INFO:colcon.colcon_core.shell:Creating package script '/home/jhw0178/ros2_2026_summer_study/ros_ws/install/follow_turtle/share/follow_turtle/package.ps1'
[2.323s] INFO:colcon.colcon_core.shell:Creating package descriptor '/home/jhw0178/ros2_2026_summer_study/ros_ws/install/follow_turtle/share/follow_turtle/package.dsv'
[2.324s] INFO:colcon.colcon_core.shell:Creating package script '/home/jhw0178/ros2_2026_summer_study/ros_ws/install/follow_turtle/share/follow_turtle/package.sh'
[2.324s] INFO:colcon.colcon_core.shell:Creating package script '/home/jhw0178/ros2_2026_summer_study/ros_ws/install/follow_turtle/share/follow_turtle/package.bash'
[2.325s] INFO:colcon.colcon_core.shell:Creating package script '/home/jhw0178/ros2_2026_summer_study/ros_ws/install/follow_turtle/share/follow_turtle/package.zsh'
[2.325s] Level 1:colcon.colcon_core.environment:create_file_with_runtime_dependencies(/home/jhw0178/ros2_2026_summer_study/ros_ws/install/follow_turtle/share/colcon-core/packages/follow_turtle)
[2.338s] Level 1:colcon.colcon_core.environment:checking '/home/jhw0178/ros2_2026_summer_study/ros_ws/install/my_first_package' for CMake module files
[2.338s] DEBUG:colcon.colcon_core.event_handler.log_command:Invoked command in '/home/jhw0178/ros2_2026_summer_study/ros_ws/src/my_first_package' returned '0': PYTHONPATH=/home/jhw0178/ros2_2026_summer_study/ros_ws/build/my_first_package/prefix_override:/usr/lib/python3/dist-packages/colcon_core/task/python/colcon_distutils_commands:/home/jhw0178/ros2_2026_summer_study/ros_ws/install/my_first_package/lib/python3.12/site-packages:${PYTHONPATH} /usr/bin/python3 -W ignore:setup.py install is deprecated -W ignore:easy_install command is deprecated setup.py egg_info --egg-base ../../build/my_first_package build --build-base /home/jhw0178/ros2_2026_summer_study/ros_ws/build/my_first_package/build install --record /home/jhw0178/ros2_2026_summer_study/ros_ws/build/my_first_package/install.log --install-scripts $base/lib/my_first_package --single-version-externally-managed install_data
[2.340s] Level 1:colcon.colcon_core.environment:checking '/home/jhw0178/ros2_2026_summer_study/ros_ws/install/my_first_package' for CMake config files
[2.341s] Level 1:colcon.colcon_core.environment:checking '/home/jhw0178/ros2_2026_summer_study/ros_ws/install/my_first_package/lib'
[2.341s] Level 1:colcon.colcon_core.environment:checking '/home/jhw0178/ros2_2026_summer_study/ros_ws/install/my_first_package/bin'
[2.341s] Level 1:colcon.colcon_core.environment:checking '/home/jhw0178/ros2_2026_summer_study/ros_ws/install/my_first_package/lib/pkgconfig/my_first_package.pc'
[2.341s] Level 1:colcon.colcon_core.environment:checking '/home/jhw0178/ros2_2026_summer_study/ros_ws/install/my_first_package/lib/python3.12/site-packages'
[2.342s] Level 1:colcon.colcon_core.shell:create_environment_hook('my_first_package', 'pythonpath')
[2.342s] INFO:colcon.colcon_core.shell:Creating environment hook '/home/jhw0178/ros2_2026_summer_study/ros_ws/install/my_first_package/share/my_first_package/hook/pythonpath.ps1'
[2.343s] INFO:colcon.colcon_core.shell:Creating environment descriptor '/home/jhw0178/ros2_2026_summer_study/ros_ws/install/my_first_package/share/my_first_package/hook/pythonpath.dsv'
[2.343s] INFO:colcon.colcon_core.shell:Creating environment hook '/home/jhw0178/ros2_2026_summer_study/ros_ws/install/my_first_package/share/my_first_package/hook/pythonpath.sh'
[2.344s] Level 1:colcon.colcon_core.environment:checking '/home/jhw0178/ros2_2026_summer_study/ros_ws/install/my_first_package/bin'
[2.344s] Level 1:colcon.colcon_core.environment:create_environment_scripts_only(my_first_package)
[2.345s] INFO:colcon.colcon_core.shell:Creating package script '/home/jhw0178/ros2_2026_summer_study/ros_ws/install/my_first_package/share/my_first_package/package.ps1'
[2.345s] INFO:colcon.colcon_core.shell:Creating package descriptor '/home/jhw0178/ros2_2026_summer_study/ros_ws/install/my_first_package/share/my_first_package/package.dsv'
[2.346s] INFO:colcon.colcon_core.shell:Creating package script '/home/jhw0178/ros2_2026_summer_study/ros_ws/install/my_first_package/share/my_first_package/package.sh'
[2.347s] INFO:colcon.colcon_core.shell:Creating package script '/home/jhw0178/ros2_2026_summer_study/ros_ws/install/my_first_package/share/my_first_package/package.bash'
[2.347s] INFO:colcon.colcon_core.shell:Creating package script '/home/jhw0178/ros2_2026_summer_study/ros_ws/install/my_first_package/share/my_first_package/package.zsh'
[2.348s] Level 1:colcon.colcon_core.environment:create_file_with_runtime_dependencies(/home/jhw0178/ros2_2026_summer_study/ros_ws/install/my_first_package/share/colcon-core/packages/my_first_package)
[2.350s] Level 1:colcon.colcon_core.environment:checking '/home/jhw0178/ros2_2026_summer_study/ros_ws/install/tf2_basic' for CMake module files
[2.351s] DEBUG:colcon.colcon_core.event_handler.log_command:Invoked command in '/home/jhw0178/ros2_2026_summer_study/ros_ws/src/tf2_basic' returned '0': PYTHONPATH=/home/jhw0178/ros2_2026_summer_study/ros_ws/build/tf2_basic/prefix_override:/usr/lib/python3/dist-packages/colcon_core/task/python/colcon_distutils_commands:/home/jhw0178/ros2_2026_summer_study/ros_ws/install/tf2_basic/lib/python3.12/site-packages:${PYTHONPATH} /usr/bin/python3 -W ignore:setup.py install is deprecated -W ignore:easy_install command is deprecated setup.py egg_info --egg-base ../../build/tf2_basic build --build-base /home/jhw0178/ros2_2026_summer_study/ros_ws/build/tf2_basic/build install --record /home/jhw0178/ros2_2026_summer_study/ros_ws/build/tf2_basic/install.log --install-scripts $base/lib/tf2_basic --single-version-externally-managed install_data
[2.352s] Level 1:colcon.colcon_core.environment:checking '/home/jhw0178/ros2_2026_summer_study/ros_ws/install/tf2_basic' for CMake config files
[2.352s] Level 1:colcon.colcon_core.environment:checking '/home/jhw0178/ros2_2026_summer_study/ros_ws/install/tf2_basic/lib'
[2.353s] Level 1:colcon.colcon_core.environment:checking '/home/jhw0178/ros2_2026_summer_study/ros_ws/install/tf2_basic/bin'
[2.353s] Level 1:colcon.colcon_core.environment:checking '/home/jhw0178/ros2_2026_summer_study/ros_ws/install/tf2_basic/lib/pkgconfig/tf2_basic.pc'
[2.353s] Level 1:colcon.colcon_core.environment:checking '/home/jhw0178/ros2_2026_summer_study/ros_ws/install/tf2_basic/lib/python3.12/site-packages'
[2.354s] Level 1:colcon.colcon_core.shell:create_environment_hook('tf2_basic', 'pythonpath')
[2.354s] INFO:colcon.colcon_core.shell:Creating environment hook '/home/jhw0178/ros2_2026_summer_study/ros_ws/install/tf2_basic/share/tf2_basic/hook/pythonpath.ps1'
[2.355s] INFO:colcon.colcon_core.shell:Creating environment descriptor '/home/jhw0178/ros2_2026_summer_study/ros_ws/install/tf2_basic/share/tf2_basic/hook/pythonpath.dsv'
[2.355s] INFO:colcon.colcon_core.shell:Creating environment hook '/home/jhw0178/ros2_2026_summer_study/ros_ws/install/tf2_basic/share/tf2_basic/hook/pythonpath.sh'
[2.356s] Level 1:colcon.colcon_core.environment:checking '/home/jhw0178/ros2_2026_summer_study/ros_ws/install/tf2_basic/bin'
[2.356s] Level 1:colcon.colcon_core.environment:create_environment_scripts_only(tf2_basic)
[2.357s] INFO:colcon.colcon_core.shell:Creating package script '/home/jhw0178/ros2_2026_summer_study/ros_ws/install/tf2_basic/share/tf2_basic/package.ps1'
[2.357s] INFO:colcon.colcon_core.shell:Creating package descriptor '/home/jhw0178/ros2_2026_summer_study/ros_ws/install/tf2_basic/share/tf2_basic/package.dsv'
[2.358s] INFO:colcon.colcon_core.shell:Creating package script '/home/jhw0178/ros2_2026_summer_study/ros_ws/install/tf2_basic/share/tf2_basic/package.sh'
[2.358s] INFO:colcon.colcon_core.shell:Creating package script '/home/jhw0178/ros2_2026_summer_study/ros_ws/install/tf2_basic/share/tf2_basic/package.bash'
[2.358s] INFO:colcon.colcon_core.shell:Creating package script '/home/jhw0178/ros2_2026_summer_study/ros_ws/install/tf2_basic/share/tf2_basic/package.zsh'
[2.359s] Level 1:colcon.colcon_core.environment:create_file_with_runtime_dependencies(/home/jhw0178/ros2_2026_summer_study/ros_ws/install/tf2_basic/share/colcon-core/packages/tf2_basic)
[2.360s] Level 1:colcon.colcon_core.environment:checking '/home/jhw0178/ros2_2026_summer_study/ros_ws/install/mini_homework1' for CMake module files
[2.361s] Level 1:colcon.colcon_core.environment:checking '/home/jhw0178/ros2_2026_summer_study/ros_ws/install/mini_homework1' for CMake config files
[2.362s] DEBUG:colcon.colcon_core.event_handler.log_command:Invoked command in '/home/jhw0178/ros2_2026_summer_study/ros_ws/src/mini_homework1' returned '0': PYTHONPATH=/home/jhw0178/ros2_2026_summer_study/ros_ws/build/mini_homework1/prefix_override:/usr/lib/python3/dist-packages/colcon_core/task/python/colcon_distutils_commands:/home/jhw0178/ros2_2026_summer_study/ros_ws/install/mini_homework1/lib/python3.12/site-packages:${PYTHONPATH} /usr/bin/python3 -W ignore:setup.py install is deprecated -W ignore:easy_install command is deprecated setup.py egg_info --egg-base ../../build/mini_homework1 build --build-base /home/jhw0178/ros2_2026_summer_study/ros_ws/build/mini_homework1/build install --record /home/jhw0178/ros2_2026_summer_study/ros_ws/build/mini_homework1/install.log --install-scripts $base/lib/mini_homework1 --single-version-externally-managed install_data
[2.362s] Level 1:colcon.colcon_core.environment:checking '/home/jhw0178/ros2_2026_summer_study/ros_ws/install/mini_homework1/lib'
[2.362s] Level 1:colcon.colcon_core.environment:checking '/home/jhw0178/ros2_2026_summer_study/ros_ws/install/mini_homework1/bin'
[2.363s] Level 1:colcon.colcon_core.environment:checking '/home/jhw0178/ros2_2026_summer_study/ros_ws/install/mini_homework1/lib/pkgconfig/mini_homework1.pc'
[2.363s] Level 1:colcon.colcon_core.environment:checking '/home/jhw0178/ros2_2026_summer_study/ros_ws/install/mini_homework1/lib/python3.12/site-packages'
[2.363s] Level 1:colcon.colcon_core.shell:create_environment_hook('mini_homework1', 'pythonpath')
[2.363s] INFO:colcon.colcon_core.shell:Creating environment hook '/home/jhw0178/ros2_2026_summer_study/ros_ws/install/mini_homework1/share/mini_homework1/hook/pythonpath.ps1'
[2.364s] INFO:colcon.colcon_core.shell:Creating environment descriptor '/home/jhw0178/ros2_2026_summer_study/ros_ws/install/mini_homework1/share/mini_homework1/hook/pythonpath.dsv'
[2.364s] INFO:colcon.colcon_core.shell:Creating environment hook '/home/jhw0178/ros2_2026_summer_study/ros_ws/install/mini_homework1/share/mini_homework1/hook/pythonpath.sh'
[2.365s] Level 1:colcon.colcon_core.environment:checking '/home/jhw0178/ros2_2026_summer_study/ros_ws/install/mini_homework1/bin'
[2.365s] Level 1:colcon.colcon_core.environment:create_environment_scripts_only(mini_homework1)
[2.365s] INFO:colcon.colcon_core.shell:Creating package script '/home/jhw0178/ros2_2026_summer_study/ros_ws/install/mini_homework1/share/mini_homework1/package.ps1'
[2.366s] INFO:colcon.colcon_core.shell:Creating package descriptor '/home/jhw0178/ros2_2026_summer_study/ros_ws/install/mini_homework1/share/mini_homework1/package.dsv'
[2.366s] INFO:colcon.colcon_core.shell:Creating package script '/home/jhw0178/ros2_2026_summer_study/ros_ws/install/mini_homework1/share/mini_homework1/package.sh'
[2.367s] INFO:colcon.colcon_core.shell:Creating package script '/home/jhw0178/ros2_2026_summer_study/ros_ws/install/mini_homework1/share/mini_homework1/package.bash'
[2.367s] INFO:colcon.colcon_core.shell:Creating package script '/home/jhw0178/ros2_2026_summer_study/ros_ws/install/mini_homework1/share/mini_homework1/package.zsh'
[2.368s] Level 1:colcon.colcon_core.environment:create_file_with_runtime_dependencies(/home/jhw0178/ros2_2026_summer_study/ros_ws/install/mini_homework1/share/colcon-core/packages/mini_homework1)
[2.369s] DEBUG:colcon.colcon_parallel_executor.executor.parallel:closing loop
[2.370s] DEBUG:colcon.colcon_parallel_executor.executor.parallel:loop closed
[2.371s] DEBUG:colcon.colcon_parallel_executor.executor.parallel:run_until_complete finished with '0'
[2.371s] DEBUG:colcon.colcon_core.event_reactor:joining thread
[2.413s] INFO:colcon.colcon_core.plugin_system:Skipping extension 'colcon_notification.desktop_notification.notify_send': Could not find 'notify-send'
[2.413s] INFO:colcon.colcon_core.plugin_system:Skipping extension 'colcon_notification.desktop_notification.terminal_notifier': Not used on non-Darwin systems
[2.413s] INFO:colcon.colcon_core.plugin_system:Skipping extension 'colcon_notification.desktop_notification.win32': Not used on non-Windows systems
[2.413s] INFO:colcon.colcon_notification.desktop_notification:Sending desktop notification using 'notify2'
[2.414s] DEBUG:colcon.colcon_notification.desktop_notification.notify2:Failed to initialize notify2: org.freedesktop.DBus.Error.ServiceUnknown: The name org.freedesktop.Notifications was not provided by any .service files
[2.415s] DEBUG:colcon.colcon_core.event_reactor:joined thread
[2.415s] INFO:colcon.colcon_core.shell:Creating prefix script '/home/jhw0178/ros2_2026_summer_study/ros_ws/install/local_setup.ps1'
[2.416s] INFO:colcon.colcon_core.shell:Creating prefix util module '/home/jhw0178/ros2_2026_summer_study/ros_ws/install/_local_setup_util_ps1.py'
[2.416s] INFO:colcon.colcon_core.shell:Creating prefix chain script '/home/jhw0178/ros2_2026_summer_study/ros_ws/install/setup.ps1'
[2.417s] INFO:colcon.colcon_core.shell:Creating prefix script '/home/jhw0178/ros2_2026_summer_study/ros_ws/install/local_setup.sh'
[2.418s] INFO:colcon.colcon_core.shell:Creating prefix util module '/home/jhw0178/ros2_2026_summer_study/ros_ws/install/_local_setup_util_sh.py'
[2.418s] INFO:colcon.colcon_core.shell:Creating prefix chain script '/home/jhw0178/ros2_2026_summer_study/ros_ws/install/setup.sh'
[2.419s] INFO:colcon.colcon_core.shell:Creating prefix script '/home/jhw0178/ros2_2026_summer_study/ros_ws/install/local_setup.bash'
[2.420s] INFO:colcon.colcon_core.shell:Creating prefix chain script '/home/jhw0178/ros2_2026_summer_study/ros_ws/install/setup.bash'
[2.421s] INFO:colcon.colcon_core.shell:Creating prefix script '/home/jhw0178/ros2_2026_summer_study/ros_ws/install/local_setup.zsh'
[2.421s] INFO:colcon.colcon_core.shell:Creating prefix chain script '/home/jhw0178/ros2_2026_summer_study/ros_ws/install/setup.zsh'
