[0.858s] Invoking command in '/home/jhw0178/ros_ws/my_first_package': PYTHONPATH=/home/jhw0178/ros_ws/build/my_first_package/prefix_override:/usr/lib/python3/dist-packages/colcon_core/task/python/colcon_distutils_commands:/home/jhw0178/ros_ws/install/my_first_package/lib/python3.12/site-packages:${PYTHONPATH} /usr/bin/python3 -W ignore:setup.py install is deprecated -W ignore:easy_install command is deprecated setup.py egg_info --egg-base ../build/my_first_package build --build-base /home/jhw0178/ros_ws/build/my_first_package/build install --record /home/jhw0178/ros_ws/build/my_first_package/install.log --install-scripts $base/lib/my_first_package --single-version-externally-managed install_data
[1.029s] running egg_info
[1.029s] creating ../build/my_first_package/my_first_package.egg-info
[1.042s] writing ../build/my_first_package/my_first_package.egg-info/PKG-INFO
[1.043s] writing dependency_links to ../build/my_first_package/my_first_package.egg-info/dependency_links.txt
[1.043s] writing requirements to ../build/my_first_package/my_first_package.egg-info/requires.txt
[1.043s] writing top-level names to ../build/my_first_package/my_first_package.egg-info/top_level.txt
[1.043s] writing manifest file '../build/my_first_package/my_first_package.egg-info/SOURCES.txt'
[1.065s] reading manifest file '../build/my_first_package/my_first_package.egg-info/SOURCES.txt'
[1.065s] writing manifest file '../build/my_first_package/my_first_package.egg-info/SOURCES.txt'
[1.065s] running build
[1.065s] running build_py
[1.066s] creating /home/jhw0178/ros_ws/build/my_first_package/build
[1.066s] creating /home/jhw0178/ros_ws/build/my_first_package/build/lib
[1.066s] creating /home/jhw0178/ros_ws/build/my_first_package/build/lib/my_first_package
[1.067s] copying my_first_package/__init__.py -> /home/jhw0178/ros_ws/build/my_first_package/build/lib/my_first_package
[1.067s] running install
[1.072s] running install_lib
[1.083s] creating /home/jhw0178/ros_ws/install/my_first_package/lib/python3.12/site-packages/my_first_package
[1.083s] copying /home/jhw0178/ros_ws/build/my_first_package/build/lib/my_first_package/__init__.py -> /home/jhw0178/ros_ws/install/my_first_package/lib/python3.12/site-packages/my_first_package
[1.083s] byte-compiling /home/jhw0178/ros_ws/install/my_first_package/lib/python3.12/site-packages/my_first_package/__init__.py to __init__.cpython-312.pyc
[1.084s] running install_data
[1.084s] creating /home/jhw0178/ros_ws/install/my_first_package/share/ament_index
[1.084s] creating /home/jhw0178/ros_ws/install/my_first_package/share/ament_index/resource_index
[1.084s] creating /home/jhw0178/ros_ws/install/my_first_package/share/ament_index/resource_index/packages
[1.084s] copying resource/my_first_package -> /home/jhw0178/ros_ws/install/my_first_package/share/ament_index/resource_index/packages
[1.085s] copying package.xml -> /home/jhw0178/ros_ws/install/my_first_package/share/my_first_package
[1.085s] running install_egg_info
[1.096s] Copying ../build/my_first_package/my_first_package.egg-info to /home/jhw0178/ros_ws/install/my_first_package/lib/python3.12/site-packages/my_first_package-0.0.0-py3.12.egg-info
[1.097s] running install_scripts
[1.176s] writing list of installed files to '/home/jhw0178/ros_ws/build/my_first_package/install.log'
[1.196s] Invoked command in '/home/jhw0178/ros_ws/my_first_package' returned '0': PYTHONPATH=/home/jhw0178/ros_ws/build/my_first_package/prefix_override:/usr/lib/python3/dist-packages/colcon_core/task/python/colcon_distutils_commands:/home/jhw0178/ros_ws/install/my_first_package/lib/python3.12/site-packages:${PYTHONPATH} /usr/bin/python3 -W ignore:setup.py install is deprecated -W ignore:easy_install command is deprecated setup.py egg_info --egg-base ../build/my_first_package build --build-base /home/jhw0178/ros_ws/build/my_first_package/build install --record /home/jhw0178/ros_ws/build/my_first_package/install.log --install-scripts $base/lib/my_first_package --single-version-externally-managed install_data
