running egg_info
writing ../../build/follow_turtle/follow_turtle.egg-info/PKG-INFO
writing dependency_links to ../../build/follow_turtle/follow_turtle.egg-info/dependency_links.txt
writing entry points to ../../build/follow_turtle/follow_turtle.egg-info/entry_points.txt
writing requirements to ../../build/follow_turtle/follow_turtle.egg-info/requires.txt
writing top-level names to ../../build/follow_turtle/follow_turtle.egg-info/top_level.txt
reading manifest file '../../build/follow_turtle/follow_turtle.egg-info/SOURCES.txt'
writing manifest file '../../build/follow_turtle/follow_turtle.egg-info/SOURCES.txt'
running build
running build_py
copying follow_turtle/tf_listener.py -> /home/jhw0178/ros2_2026_summer_study/ros_ws/build/follow_turtle/build/lib/follow_turtle
running install
running install_lib
copying /home/jhw0178/ros2_2026_summer_study/ros_ws/build/follow_turtle/build/lib/follow_turtle/tf_listener.py -> /home/jhw0178/ros2_2026_summer_study/ros_ws/install/follow_turtle/lib/python3.12/site-packages/follow_turtle
byte-compiling /home/jhw0178/ros2_2026_summer_study/ros_ws/install/follow_turtle/lib/python3.12/site-packages/follow_turtle/tf_listener.py to tf_listener.cpython-312.pyc
running install_data
running install_egg_info
removing '/home/jhw0178/ros2_2026_summer_study/ros_ws/install/follow_turtle/lib/python3.12/site-packages/follow_turtle-0.0.0-py3.12.egg-info' (and everything under it)
Copying ../../build/follow_turtle/follow_turtle.egg-info to /home/jhw0178/ros2_2026_summer_study/ros_ws/install/follow_turtle/lib/python3.12/site-packages/follow_turtle-0.0.0-py3.12.egg-info
running install_scripts
Installing dynamic_turtle_tf2_broadcaster script to /home/jhw0178/ros2_2026_summer_study/ros_ws/install/follow_turtle/lib/follow_turtle
Installing tf_listener script to /home/jhw0178/ros2_2026_summer_study/ros_ws/install/follow_turtle/lib/follow_turtle
writing list of installed files to '/home/jhw0178/ros2_2026_summer_study/ros_ws/build/follow_turtle/install.log'
