[0.907s] Invoking command in '/home/jhw0178/ros2_2026_summer_study/ros_ws/src/mini_homework1': PYTHONPATH=/home/jhw0178/ros2_2026_summer_study/ros_ws/build/mini_homework1/prefix_override:/usr/lib/python3/dist-packages/colcon_core/task/python/colcon_distutils_commands:/home/jhw0178/ros2_2026_summer_study/ros_ws/install/mini_homework1/lib/python3.12/site-packages:${PYTHONPATH} /usr/bin/python3 -W ignore:setup.py install is deprecated -W ignore:easy_install command is deprecated setup.py egg_info --egg-base ../../build/mini_homework1 build --build-base /home/jhw0178/ros2_2026_summer_study/ros_ws/build/mini_homework1/build install --record /home/jhw0178/ros2_2026_summer_study/ros_ws/build/mini_homework1/install.log --install-scripts $base/lib/mini_homework1 --single-version-externally-managed install_data
[1.102s] running egg_info
[1.103s] creating ../../build/mini_homework1/mini_homework1.egg-info
[1.115s] writing ../../build/mini_homework1/mini_homework1.egg-info/PKG-INFO
[1.116s] writing dependency_links to ../../build/mini_homework1/mini_homework1.egg-info/dependency_links.txt
[1.116s] writing entry points to ../../build/mini_homework1/mini_homework1.egg-info/entry_points.txt
[1.116s] writing requirements to ../../build/mini_homework1/mini_homework1.egg-info/requires.txt
[1.116s] writing top-level names to ../../build/mini_homework1/mini_homework1.egg-info/top_level.txt
[1.116s] writing manifest file '../../build/mini_homework1/mini_homework1.egg-info/SOURCES.txt'
[1.149s] reading manifest file '../../build/mini_homework1/mini_homework1.egg-info/SOURCES.txt'
[1.150s] writing manifest file '../../build/mini_homework1/mini_homework1.egg-info/SOURCES.txt'
[1.150s] running build
[1.150s] running build_py
[1.150s] creating /home/jhw0178/ros2_2026_summer_study/ros_ws/build/mini_homework1/build
[1.150s] creating /home/jhw0178/ros2_2026_summer_study/ros_ws/build/mini_homework1/build/lib
[1.150s] creating /home/jhw0178/ros2_2026_summer_study/ros_ws/build/mini_homework1/build/lib/mini_homework1
[1.151s] copying mini_homework1/subscriber2.py -> /home/jhw0178/ros2_2026_summer_study/ros_ws/build/mini_homework1/build/lib/mini_homework1
[1.155s] copying mini_homework1/time_and_topic1_subscriber.py -> /home/jhw0178/ros2_2026_summer_study/ros_ws/build/mini_homework1/build/lib/mini_homework1
[1.155s] copying mini_homework1/__init__.py -> /home/jhw0178/ros2_2026_summer_study/ros_ws/build/mini_homework1/build/lib/mini_homework1
[1.156s] copying mini_homework1/publisher.py -> /home/jhw0178/ros2_2026_summer_study/ros_ws/build/mini_homework1/build/lib/mini_homework1
[1.156s] copying mini_homework1/subscriber1.py -> /home/jhw0178/ros2_2026_summer_study/ros_ws/build/mini_homework1/build/lib/mini_homework1
[1.157s] copying mini_homework1/time_publisher.py -> /home/jhw0178/ros2_2026_summer_study/ros_ws/build/mini_homework1/build/lib/mini_homework1
[1.158s] running install
[1.163s] running install_lib
[1.178s] creating /home/jhw0178/ros2_2026_summer_study/ros_ws/install/mini_homework1/lib/python3.12/site-packages/mini_homework1
[1.178s] copying /home/jhw0178/ros2_2026_summer_study/ros_ws/build/mini_homework1/build/lib/mini_homework1/subscriber2.py -> /home/jhw0178/ros2_2026_summer_study/ros_ws/install/mini_homework1/lib/python3.12/site-packages/mini_homework1
[1.178s] copying /home/jhw0178/ros2_2026_summer_study/ros_ws/build/mini_homework1/build/lib/mini_homework1/time_and_topic1_subscriber.py -> /home/jhw0178/ros2_2026_summer_study/ros_ws/install/mini_homework1/lib/python3.12/site-packages/mini_homework1
[1.178s] copying /home/jhw0178/ros2_2026_summer_study/ros_ws/build/mini_homework1/build/lib/mini_homework1/__init__.py -> /home/jhw0178/ros2_2026_summer_study/ros_ws/install/mini_homework1/lib/python3.12/site-packages/mini_homework1
[1.178s] copying /home/jhw0178/ros2_2026_summer_study/ros_ws/build/mini_homework1/build/lib/mini_homework1/publisher.py -> /home/jhw0178/ros2_2026_summer_study/ros_ws/install/mini_homework1/lib/python3.12/site-packages/mini_homework1
[1.179s] copying /home/jhw0178/ros2_2026_summer_study/ros_ws/build/mini_homework1/build/lib/mini_homework1/subscriber1.py -> /home/jhw0178/ros2_2026_summer_study/ros_ws/install/mini_homework1/lib/python3.12/site-packages/mini_homework1
[1.179s] copying /home/jhw0178/ros2_2026_summer_study/ros_ws/build/mini_homework1/build/lib/mini_homework1/time_publisher.py -> /home/jhw0178/ros2_2026_summer_study/ros_ws/install/mini_homework1/lib/python3.12/site-packages/mini_homework1
[1.179s] byte-compiling /home/jhw0178/ros2_2026_summer_study/ros_ws/install/mini_homework1/lib/python3.12/site-packages/mini_homework1/subscriber2.py to subscriber2.cpython-312.pyc
[1.180s] byte-compiling /home/jhw0178/ros2_2026_summer_study/ros_ws/install/mini_homework1/lib/python3.12/site-packages/mini_homework1/time_and_topic1_subscriber.py to time_and_topic1_subscriber.cpython-312.pyc
[1.180s] byte-compiling /home/jhw0178/ros2_2026_summer_study/ros_ws/install/mini_homework1/lib/python3.12/site-packages/mini_homework1/__init__.py to __init__.cpython-312.pyc
[1.181s] byte-compiling /home/jhw0178/ros2_2026_summer_study/ros_ws/install/mini_homework1/lib/python3.12/site-packages/mini_homework1/publisher.py to publisher.cpython-312.pyc
[1.181s] byte-compiling /home/jhw0178/ros2_2026_summer_study/ros_ws/install/mini_homework1/lib/python3.12/site-packages/mini_homework1/subscriber1.py to subscriber1.cpython-312.pyc
[1.181s] byte-compiling /home/jhw0178/ros2_2026_summer_study/ros_ws/install/mini_homework1/lib/python3.12/site-packages/mini_homework1/time_publisher.py to time_publisher.cpython-312.pyc
[1.182s] running install_data
[1.182s] creating /home/jhw0178/ros2_2026_summer_study/ros_ws/install/mini_homework1/share/ament_index
[1.182s] creating /home/jhw0178/ros2_2026_summer_study/ros_ws/install/mini_homework1/share/ament_index/resource_index
[1.183s] creating /home/jhw0178/ros2_2026_summer_study/ros_ws/install/mini_homework1/share/ament_index/resource_index/packages
[1.183s] copying resource/mini_homework1 -> /home/jhw0178/ros2_2026_summer_study/ros_ws/install/mini_homework1/share/ament_index/resource_index/packages
[1.183s] copying package.xml -> /home/jhw0178/ros2_2026_summer_study/ros_ws/install/mini_homework1/share/mini_homework1
[1.183s] creating /home/jhw0178/ros2_2026_summer_study/ros_ws/install/mini_homework1/share/mini_homework1/launch
[1.183s] copying launch/test.launch.py -> /home/jhw0178/ros2_2026_summer_study/ros_ws/install/mini_homework1/share/mini_homework1/launch
[1.183s] running install_egg_info
[1.198s] Copying ../../build/mini_homework1/mini_homework1.egg-info to /home/jhw0178/ros2_2026_summer_study/ros_ws/install/mini_homework1/lib/python3.12/site-packages/mini_homework1-0.0.0-py3.12.egg-info
[1.199s] running install_scripts
[1.287s] Installing publisher script to /home/jhw0178/ros2_2026_summer_study/ros_ws/install/mini_homework1/lib/mini_homework1
[1.287s] Installing subscriber1 script to /home/jhw0178/ros2_2026_summer_study/ros_ws/install/mini_homework1/lib/mini_homework1
[1.287s] Installing subscriber2 script to /home/jhw0178/ros2_2026_summer_study/ros_ws/install/mini_homework1/lib/mini_homework1
[1.287s] Installing time_and_topic1_subscriber script to /home/jhw0178/ros2_2026_summer_study/ros_ws/install/mini_homework1/lib/mini_homework1
[1.288s] Installing time_publisher script to /home/jhw0178/ros2_2026_summer_study/ros_ws/install/mini_homework1/lib/mini_homework1
[1.288s] writing list of installed files to '/home/jhw0178/ros2_2026_summer_study/ros_ws/build/mini_homework1/install.log'
[1.309s] Invoked command in '/home/jhw0178/ros2_2026_summer_study/ros_ws/src/mini_homework1' returned '0': PYTHONPATH=/home/jhw0178/ros2_2026_summer_study/ros_ws/build/mini_homework1/prefix_override:/usr/lib/python3/dist-packages/colcon_core/task/python/colcon_distutils_commands:/home/jhw0178/ros2_2026_summer_study/ros_ws/install/mini_homework1/lib/python3.12/site-packages:${PYTHONPATH} /usr/bin/python3 -W ignore:setup.py install is deprecated -W ignore:easy_install command is deprecated setup.py egg_info --egg-base ../../build/mini_homework1 build --build-base /home/jhw0178/ros2_2026_summer_study/ros_ws/build/mini_homework1/build install --record /home/jhw0178/ros2_2026_summer_study/ros_ws/build/mini_homework1/install.log --install-scripts $base/lib/mini_homework1 --single-version-externally-managed install_data
