[1.404s] Invoking command in '/home/jhw0178/ros2_2026_summer_study/ros_ws/src/tf2_basic': PYTHONPATH=/home/jhw0178/ros2_2026_summer_study/ros_ws/build/tf2_basic/prefix_override:/usr/lib/python3/dist-packages/colcon_core/task/python/colcon_distutils_commands:/home/jhw0178/ros2_2026_summer_study/ros_ws/install/tf2_basic/lib/python3.12/site-packages:${PYTHONPATH} /usr/bin/python3 -W ignore:setup.py install is deprecated -W ignore:easy_install command is deprecated setup.py egg_info --egg-base ../../build/tf2_basic build --build-base /home/jhw0178/ros2_2026_summer_study/ros_ws/build/tf2_basic/build install --record /home/jhw0178/ros2_2026_summer_study/ros_ws/build/tf2_basic/install.log --install-scripts $base/lib/tf2_basic --single-version-externally-managed install_data
[1.650s] running egg_info
[1.665s] writing ../../build/tf2_basic/tf2_basic.egg-info/PKG-INFO
[1.665s] writing dependency_links to ../../build/tf2_basic/tf2_basic.egg-info/dependency_links.txt
[1.665s] writing entry points to ../../build/tf2_basic/tf2_basic.egg-info/entry_points.txt
[1.665s] writing requirements to ../../build/tf2_basic/tf2_basic.egg-info/requires.txt
[1.666s] writing top-level names to ../../build/tf2_basic/tf2_basic.egg-info/top_level.txt
[1.695s] reading manifest file '../../build/tf2_basic/tf2_basic.egg-info/SOURCES.txt'
[1.696s] writing manifest file '../../build/tf2_basic/tf2_basic.egg-info/SOURCES.txt'
[1.696s] running build
[1.696s] running build_py
[1.697s] running install
[1.706s] running install_lib
[1.723s] running install_data
[1.723s] copying urdf/02_myfirst.urdf -> /home/jhw0178/ros2_2026_summer_study/ros_ws/install/tf2_basic/share/tf2_basic/urdf
[1.723s] running install_egg_info
[1.741s] removing '/home/jhw0178/ros2_2026_summer_study/ros_ws/install/tf2_basic/lib/python3.12/site-packages/tf2_basic-0.0.0-py3.12.egg-info' (and everything under it)
[1.741s] Copying ../../build/tf2_basic/tf2_basic.egg-info to /home/jhw0178/ros2_2026_summer_study/ros_ws/install/tf2_basic/lib/python3.12/site-packages/tf2_basic-0.0.0-py3.12.egg-info
[1.743s] running install_scripts
[1.869s] Installing dynamic_turtle_tf2_broadcaster script to /home/jhw0178/ros2_2026_summer_study/ros_ws/install/tf2_basic/lib/tf2_basic
[1.870s] Installing static_turtle_tf2_broadcaster script to /home/jhw0178/ros2_2026_summer_study/ros_ws/install/tf2_basic/lib/tf2_basic
[1.870s] Installing tf_listener script to /home/jhw0178/ros2_2026_summer_study/ros_ws/install/tf2_basic/lib/tf2_basic
[1.870s] writing list of installed files to '/home/jhw0178/ros2_2026_summer_study/ros_ws/build/tf2_basic/install.log'
[1.929s] Invoked command in '/home/jhw0178/ros2_2026_summer_study/ros_ws/src/tf2_basic' returned '0': PYTHONPATH=/home/jhw0178/ros2_2026_summer_study/ros_ws/build/tf2_basic/prefix_override:/usr/lib/python3/dist-packages/colcon_core/task/python/colcon_distutils_commands:/home/jhw0178/ros2_2026_summer_study/ros_ws/install/tf2_basic/lib/python3.12/site-packages:${PYTHONPATH} /usr/bin/python3 -W ignore:setup.py install is deprecated -W ignore:easy_install command is deprecated setup.py egg_info --egg-base ../../build/tf2_basic build --build-base /home/jhw0178/ros2_2026_summer_study/ros_ws/build/tf2_basic/build install --record /home/jhw0178/ros2_2026_summer_study/ros_ws/build/tf2_basic/install.log --install-scripts $base/lib/tf2_basic --single-version-externally-managed install_data
