/home/jhw0178/ros2_2026_summer_study/ros_ws/install/my_first_package/lib/python3.12/site-packages/my_first_package/simple_pub.py
/home/jhw0178/ros2_2026_summer_study/ros_ws/install/my_first_package/lib/python3.12/site-packages/my_first_package/message1_pub.py
/home/jhw0178/ros2_2026_summer_study/ros_ws/install/my_first_package/lib/python3.12/site-packages/my_first_package/message_pub.py
/home/jhw0178/ros2_2026_summer_study/ros_ws/install/my_first_package/lib/python3.12/site-packages/my_first_package/__init__.py
/home/jhw0178/ros2_2026_summer_study/ros_ws/install/my_first_package/lib/python3.12/site-packages/my_first_package/simple1_pub.py
/home/jhw0178/ros2_2026_summer_study/ros_ws/install/my_first_package/lib/python3.12/site-packages/my_first_package/__pycache__/simple_pub.cpython-312.pyc
/home/jhw0178/ros2_2026_summer_study/ros_ws/install/my_first_package/lib/python3.12/site-packages/my_first_package/__pycache__/message1_pub.cpython-312.pyc
/home/jhw0178/ros2_2026_summer_study/ros_ws/install/my_first_package/lib/python3.12/site-packages/my_first_package/__pycache__/message_pub.cpython-312.pyc
/home/jhw0178/ros2_2026_summer_study/ros_ws/install/my_first_package/lib/python3.12/site-packages/my_first_package/__pycache__/__init__.cpython-312.pyc
/home/jhw0178/ros2_2026_summer_study/ros_ws/install/my_first_package/lib/python3.12/site-packages/my_first_package/__pycache__/simple1_pub.cpython-312.pyc
/home/jhw0178/ros2_2026_summer_study/ros_ws/install/my_first_package/share/ament_index/resource_index/packages/my_first_package
/home/jhw0178/ros2_2026_summer_study/ros_ws/install/my_first_package/share/my_first_package/package.xml
/home/jhw0178/ros2_2026_summer_study/ros_ws/install/my_first_package/lib/python3.12/site-packages/my_first_package-0.0.0-py3.12.egg-info/dependency_links.txt
/home/jhw0178/ros2_2026_summer_study/ros_ws/install/my_first_package/lib/python3.12/site-packages/my_first_package-0.0.0-py3.12.egg-info/entry_points.txt
/home/jhw0178/ros2_2026_summer_study/ros_ws/install/my_first_package/lib/python3.12/site-packages/my_first_package-0.0.0-py3.12.egg-info/requires.txt
/home/jhw0178/ros2_2026_summer_study/ros_ws/install/my_first_package/lib/python3.12/site-packages/my_first_package-0.0.0-py3.12.egg-info/zip-safe
/home/jhw0178/ros2_2026_summer_study/ros_ws/install/my_first_package/lib/python3.12/site-packages/my_first_package-0.0.0-py3.12.egg-info/SOURCES.txt
/home/jhw0178/ros2_2026_summer_study/ros_ws/install/my_first_package/lib/python3.12/site-packages/my_first_package-0.0.0-py3.12.egg-info/PKG-INFO
/home/jhw0178/ros2_2026_summer_study/ros_ws/install/my_first_package/lib/python3.12/site-packages/my_first_package-0.0.0-py3.12.egg-info/top_level.txt
/home/jhw0178/ros2_2026_summer_study/ros_ws/install/my_first_package/lib/my_first_package/message1_pub
/home/jhw0178/ros2_2026_summer_study/ros_ws/install/my_first_package/lib/my_first_package/message_pub
/home/jhw0178/ros2_2026_summer_study/ros_ws/install/my_first_package/lib/my_first_package/simple1_pub
/home/jhw0178/ros2_2026_summer_study/ros_ws/install/my_first_package/lib/my_first_package/simple_pub
