[0.627s] Invoking command in '/home/jhw0178/ros2_2026_summer_study/ros_ws/build/user_interface': CMAKE_PREFIX_PATH=${CMAKE_PREFIX_PATH}:/home/jhw0178/ros2_2026_summer_study/ros_ws/install/tf2_basic:/home/jhw0178/ros2_2026_summer_study/ros_ws/install/my_first_package:/home/jhw0178/ros2_2026_summer_study/ros_ws/install/mini_homework1:/opt/ros/jazzy /usr/bin/cmake --build /home/jhw0178/ros2_2026_summer_study/ros_ws/build/user_interface -- -j16 -l16
[0.681s] [  1%] Built target user_interface__rosidl_generator_type_description
[0.686s] [  3%] Built target user_interface__rs
[0.698s] [  3%] Built target ament_cmake_python_copy_user_interface
[0.706s] [  5%] Built target user_interface__cpp
[0.710s] [ 25%] Built target user_interface__rosidl_generator_c
[0.741s] [ 34%] Built target user_interface__rosidl_typesupport_introspection_c
[0.743s] [ 52%] Built target user_interface__rosidl_typesupport_c
[0.743s] [ 52%] Built target user_interface__rosidl_typesupport_fastrtps_c
[0.744s] [ 65%] Built target user_interface__rosidl_typesupport_introspection_cpp
[0.745s] [ 70%] Built target user_interface__rosidl_typesupport_cpp
[0.746s] [ 80%] Built target user_interface__rosidl_typesupport_fastrtps_cpp
[0.770s] [ 80%] Built target user_interface
[0.790s] [ 81%] Built target user_interface__py
[0.815s] [ 89%] Built target user_interface__rosidl_generator_py
[0.840s] [ 92%] Built target user_interface_s__rosidl_typesupport_fastrtps_c
[0.840s] [ 96%] Built target user_interface_s__rosidl_typesupport_c
[0.842s] [100%] Built target user_interface_s__rosidl_typesupport_introspection_c
[0.930s] running egg_info
[0.946s] writing user_interface.egg-info/PKG-INFO
[0.946s] writing dependency_links to user_interface.egg-info/dependency_links.txt
[0.946s] writing top-level names to user_interface.egg-info/top_level.txt
[1.002s] reading manifest file 'user_interface.egg-info/SOURCES.txt'
[1.003s] writing manifest file 'user_interface.egg-info/SOURCES.txt'
[1.039s] [100%] Built target ament_cmake_python_build_user_interface_egg
[1.054s] Invoked command in '/home/jhw0178/ros2_2026_summer_study/ros_ws/build/user_interface' returned '0': CMAKE_PREFIX_PATH=${CMAKE_PREFIX_PATH}:/home/jhw0178/ros2_2026_summer_study/ros_ws/install/tf2_basic:/home/jhw0178/ros2_2026_summer_study/ros_ws/install/my_first_package:/home/jhw0178/ros2_2026_summer_study/ros_ws/install/mini_homework1:/opt/ros/jazzy /usr/bin/cmake --build /home/jhw0178/ros2_2026_summer_study/ros_ws/build/user_interface -- -j16 -l16
[1.067s] Invoking command in '/home/jhw0178/ros2_2026_summer_study/ros_ws/build/user_interface': CMAKE_PREFIX_PATH=${CMAKE_PREFIX_PATH}:/home/jhw0178/ros2_2026_summer_study/ros_ws/install/tf2_basic:/home/jhw0178/ros2_2026_summer_study/ros_ws/install/my_first_package:/home/jhw0178/ros2_2026_summer_study/ros_ws/install/mini_homework1:/opt/ros/jazzy /usr/bin/cmake --install /home/jhw0178/ros2_2026_summer_study/ros_ws/build/user_interface
[1.075s] -- Install configuration: ""
[1.075s] -- Up-to-date: /home/jhw0178/ros2_2026_summer_study/ros_ws/install/user_interface/share/ament_index/resource_index/rosidl_interfaces/user_interface
[1.076s] -- Up-to-date: /home/jhw0178/ros2_2026_summer_study/ros_ws/install/user_interface/share/user_interface/msg/UserInt.json
[1.076s] -- Up-to-date: /home/jhw0178/ros2_2026_summer_study/ros_ws/install/user_interface/share/user_interface/srv/AddAndOdd.json
[1.076s] -- Up-to-date: /home/jhw0178/ros2_2026_summer_study/ros_ws/install/user_interface/share/user_interface/action/Fibonacci.json
[1.077s] -- Up-to-date: /home/jhw0178/ros2_2026_summer_study/ros_ws/install/user_interface/include/user_interface/user_interface
[1.077s] -- Up-to-date: /home/jhw0178/ros2_2026_summer_study/ros_ws/install/user_interface/include/user_interface/user_interface/srv
[1.077s] -- Up-to-date: /home/jhw0178/ros2_2026_summer_study/ros_ws/install/user_interface/include/user_interface/user_interface/srv/detail
[1.077s] -- Up-to-date: /home/jhw0178/ros2_2026_summer_study/ros_ws/install/user_interface/include/user_interface/user_interface/srv/detail/add_and_odd__description.c
[1.077s] -- Up-to-date: /home/jhw0178/ros2_2026_summer_study/ros_ws/install/user_interface/include/user_interface/user_interface/srv/detail/add_and_odd__type_support.h
[1.077s] -- Up-to-date: /home/jhw0178/ros2_2026_summer_study/ros_ws/install/user_interface/include/user_interface/user_interface/srv/detail/add_and_odd__struct.h
[1.077s] -- Up-to-date: /home/jhw0178/ros2_2026_summer_study/ros_ws/install/user_interface/include/user_interface/user_interface/srv/detail/add_and_odd__functions.c
[1.077s] -- Up-to-date: /home/jhw0178/ros2_2026_summer_study/ros_ws/install/user_interface/include/user_interface/user_interface/srv/detail/add_and_odd__type_support.c
[1.078s] -- Up-to-date: /home/jhw0178/ros2_2026_summer_study/ros_ws/install/user_interface/include/user_interface/user_interface/srv/detail/add_and_odd__functions.h
[1.078s] -- Up-to-date: /home/jhw0178/ros2_2026_summer_study/ros_ws/install/user_interface/include/user_interface/user_interface/srv/add_and_odd.h
[1.078s] -- Up-to-date: /home/jhw0178/ros2_2026_summer_study/ros_ws/install/user_interface/include/user_interface/user_interface/msg
[1.078s] -- Up-to-date: /home/jhw0178/ros2_2026_summer_study/ros_ws/install/user_interface/include/user_interface/user_interface/msg/user_int.h
[1.078s] -- Up-to-date: /home/jhw0178/ros2_2026_summer_study/ros_ws/install/user_interface/include/user_interface/user_interface/msg/rosidl_generator_c__visibility_control.h
[1.078s] -- Up-to-date: /home/jhw0178/ros2_2026_summer_study/ros_ws/install/user_interface/include/user_interface/user_interface/msg/detail
[1.078s] -- Up-to-date: /home/jhw0178/ros2_2026_summer_study/ros_ws/install/user_interface/include/user_interface/user_interface/msg/detail/user_int__struct.h
[1.078s] -- Up-to-date: /home/jhw0178/ros2_2026_summer_study/ros_ws/install/user_interface/include/user_interface/user_interface/msg/detail/user_int__type_support.c
[1.079s] -- Up-to-date: /home/jhw0178/ros2_2026_summer_study/ros_ws/install/user_interface/include/user_interface/user_interface/msg/detail/user_int__functions.c
[1.079s] -- Up-to-date: /home/jhw0178/ros2_2026_summer_study/ros_ws/install/user_interface/include/user_interface/user_interface/msg/detail/user_int__description.c
[1.079s] -- Up-to-date: /home/jhw0178/ros2_2026_summer_study/ros_ws/install/user_interface/include/user_interface/user_interface/msg/detail/user_int__functions.h
[1.079s] -- Up-to-date: /home/jhw0178/ros2_2026_summer_study/ros_ws/install/user_interface/include/user_interface/user_interface/msg/detail/user_int__type_support.h
[1.079s] -- Up-to-date: /home/jhw0178/ros2_2026_summer_study/ros_ws/install/user_interface/include/user_interface/user_interface/action
[1.079s] -- Up-to-date: /home/jhw0178/ros2_2026_summer_study/ros_ws/install/user_interface/include/user_interface/user_interface/action/detail
[1.079s] -- Up-to-date: /home/jhw0178/ros2_2026_summer_study/ros_ws/install/user_interface/include/user_interface/user_interface/action/detail/fibonacci__struct.h
[1.079s] -- Up-to-date: /home/jhw0178/ros2_2026_summer_study/ros_ws/install/user_interface/include/user_interface/user_interface/action/detail/fibonacci__type_support.c
[1.082s] -- Up-to-date: /home/jhw0178/ros2_2026_summer_study/ros_ws/install/user_interface/include/user_interface/user_interface/action/detail/fibonacci__description.c
[1.082s] -- Up-to-date: /home/jhw0178/ros2_2026_summer_study/ros_ws/install/user_interface/include/user_interface/user_interface/action/detail/fibonacci__type_support.h
[1.082s] -- Up-to-date: /home/jhw0178/ros2_2026_summer_study/ros_ws/install/user_interface/include/user_interface/user_interface/action/detail/fibonacci__functions.h
[1.082s] -- Up-to-date: /home/jhw0178/ros2_2026_summer_study/ros_ws/install/user_interface/include/user_interface/user_interface/action/detail/fibonacci__functions.c
[1.082s] -- Up-to-date: /home/jhw0178/ros2_2026_summer_study/ros_ws/install/user_interface/include/user_interface/user_interface/action/fibonacci.h
[1.083s] -- Up-to-date: /home/jhw0178/ros2_2026_summer_study/ros_ws/install/user_interface/share/user_interface/environment/library_path.sh
[1.083s] -- Up-to-date: /home/jhw0178/ros2_2026_summer_study/ros_ws/install/user_interface/share/user_interface/environment/library_path.dsv
[1.083s] -- Up-to-date: /home/jhw0178/ros2_2026_summer_study/ros_ws/install/user_interface/lib/libuser_interface__rosidl_generator_c.so
[1.083s] -- Up-to-date: /home/jhw0178/ros2_2026_summer_study/ros_ws/install/user_interface/include/user_interface/user_interface
[1.083s] -- Up-to-date: /home/jhw0178/ros2_2026_summer_study/ros_ws/install/user_interface/include/user_interface/user_interface/srv
[1.083s] -- Up-to-date: /home/jhw0178/ros2_2026_summer_study/ros_ws/install/user_interface/include/user_interface/user_interface/srv/detail
[1.083s] -- Up-to-date: /home/jhw0178/ros2_2026_summer_study/ros_ws/install/user_interface/include/user_interface/user_interface/srv/detail/add_and_odd__rosidl_typesupport_fastrtps_c.h
[1.083s] -- Up-to-date: /home/jhw0178/ros2_2026_summer_study/ros_ws/install/user_interface/include/user_interface/user_interface/msg
[1.083s] -- Up-to-date: /home/jhw0178/ros2_2026_summer_study/ros_ws/install/user_interface/include/user_interface/user_interface/msg/rosidl_typesupport_fastrtps_c__visibility_control.h
[1.083s] -- Up-to-date: /home/jhw0178/ros2_2026_summer_study/ros_ws/install/user_interface/include/user_interface/user_interface/msg/detail
[1.083s] -- Up-to-date: /home/jhw0178/ros2_2026_summer_study/ros_ws/install/user_interface/include/user_interface/user_interface/msg/detail/user_int__rosidl_typesupport_fastrtps_c.h
[1.083s] -- Up-to-date: /home/jhw0178/ros2_2026_summer_study/ros_ws/install/user_interface/include/user_interface/user_interface/action
[1.083s] -- Up-to-date: /home/jhw0178/ros2_2026_summer_study/ros_ws/install/user_interface/include/user_interface/user_interface/action/detail
[1.083s] -- Up-to-date: /home/jhw0178/ros2_2026_summer_study/ros_ws/install/user_interface/include/user_interface/user_interface/action/detail/fibonacci__rosidl_typesupport_fastrtps_c.h
[1.083s] -- Up-to-date: /home/jhw0178/ros2_2026_summer_study/ros_ws/install/user_interface/lib/libuser_interface__rosidl_typesupport_fastrtps_c.so
[1.083s] -- Up-to-date: /home/jhw0178/ros2_2026_summer_study/ros_ws/install/user_interface/include/user_interface/user_interface
[1.083s] -- Up-to-date: /home/jhw0178/ros2_2026_summer_study/ros_ws/install/user_interface/include/user_interface/user_interface/srv
[1.084s] -- Up-to-date: /home/jhw0178/ros2_2026_summer_study/ros_ws/install/user_interface/include/user_interface/user_interface/srv/detail
[1.084s] -- Up-to-date: /home/jhw0178/ros2_2026_summer_study/ros_ws/install/user_interface/include/user_interface/user_interface/srv/detail/add_and_odd__type_support.c
[1.084s] -- Up-to-date: /home/jhw0178/ros2_2026_summer_study/ros_ws/install/user_interface/include/user_interface/user_interface/srv/detail/add_and_odd__rosidl_typesupport_introspection_c.h
[1.084s] -- Up-to-date: /home/jhw0178/ros2_2026_summer_study/ros_ws/install/user_interface/include/user_interface/user_interface/msg
[1.084s] -- Up-to-date: /home/jhw0178/ros2_2026_summer_study/ros_ws/install/user_interface/include/user_interface/user_interface/msg/detail
[1.084s] -- Up-to-date: /home/jhw0178/ros2_2026_summer_study/ros_ws/install/user_interface/include/user_interface/user_interface/msg/detail/user_int__type_support.c
[1.084s] -- Up-to-date: /home/jhw0178/ros2_2026_summer_study/ros_ws/install/user_interface/include/user_interface/user_interface/msg/detail/user_int__rosidl_typesupport_introspection_c.h
[1.084s] -- Up-to-date: /home/jhw0178/ros2_2026_summer_study/ros_ws/install/user_interface/include/user_interface/user_interface/msg/rosidl_typesupport_introspection_c__visibility_control.h
[1.084s] -- Up-to-date: /home/jhw0178/ros2_2026_summer_study/ros_ws/install/user_interface/include/user_interface/user_interface/action
[1.084s] -- Up-to-date: /home/jhw0178/ros2_2026_summer_study/ros_ws/install/user_interface/include/user_interface/user_interface/action/detail
[1.084s] -- Up-to-date: /home/jhw0178/ros2_2026_summer_study/ros_ws/install/user_interface/include/user_interface/user_interface/action/detail/fibonacci__type_support.c
[1.085s] -- Up-to-date: /home/jhw0178/ros2_2026_summer_study/ros_ws/install/user_interface/include/user_interface/user_interface/action/detail/fibonacci__rosidl_typesupport_introspection_c.h
[1.085s] -- Up-to-date: /home/jhw0178/ros2_2026_summer_study/ros_ws/install/user_interface/lib/libuser_interface__rosidl_typesupport_introspection_c.so
[1.085s] -- Up-to-date: /home/jhw0178/ros2_2026_summer_study/ros_ws/install/user_interface/lib/libuser_interface__rosidl_typesupport_c.so
[1.085s] -- Up-to-date: /home/jhw0178/ros2_2026_summer_study/ros_ws/install/user_interface/include/user_interface/user_interface
[1.085s] -- Up-to-date: /home/jhw0178/ros2_2026_summer_study/ros_ws/install/user_interface/include/user_interface/user_interface/srv
[1.085s] -- Up-to-date: /home/jhw0178/ros2_2026_summer_study/ros_ws/install/user_interface/include/user_interface/user_interface/srv/add_and_odd.hpp
[1.085s] -- Up-to-date: /home/jhw0178/ros2_2026_summer_study/ros_ws/install/user_interface/include/user_interface/user_interface/srv/detail
[1.085s] -- Up-to-date: /home/jhw0178/ros2_2026_summer_study/ros_ws/install/user_interface/include/user_interface/user_interface/srv/detail/add_and_odd__builder.hpp
[1.085s] -- Up-to-date: /home/jhw0178/ros2_2026_summer_study/ros_ws/install/user_interface/include/user_interface/user_interface/srv/detail/add_and_odd__traits.hpp
[1.085s] -- Up-to-date: /home/jhw0178/ros2_2026_summer_study/ros_ws/install/user_interface/include/user_interface/user_interface/srv/detail/add_and_odd__type_support.hpp
[1.085s] -- Up-to-date: /home/jhw0178/ros2_2026_summer_study/ros_ws/install/user_interface/include/user_interface/user_interface/srv/detail/add_and_odd__struct.hpp
[1.085s] -- Up-to-date: /home/jhw0178/ros2_2026_summer_study/ros_ws/install/user_interface/include/user_interface/user_interface/msg
[1.085s] -- Up-to-date: /home/jhw0178/ros2_2026_summer_study/ros_ws/install/user_interface/include/user_interface/user_interface/msg/rosidl_generator_cpp__visibility_control.hpp
[1.085s] -- Up-to-date: /home/jhw0178/ros2_2026_summer_study/ros_ws/install/user_interface/include/user_interface/user_interface/msg/detail
[1.085s] -- Up-to-date: /home/jhw0178/ros2_2026_summer_study/ros_ws/install/user_interface/include/user_interface/user_interface/msg/detail/user_int__struct.hpp
[1.085s] -- Up-to-date: /home/jhw0178/ros2_2026_summer_study/ros_ws/install/user_interface/include/user_interface/user_interface/msg/detail/user_int__builder.hpp
[1.085s] -- Up-to-date: /home/jhw0178/ros2_2026_summer_study/ros_ws/install/user_interface/include/user_interface/user_interface/msg/detail/user_int__traits.hpp
[1.085s] -- Up-to-date: /home/jhw0178/ros2_2026_summer_study/ros_ws/install/user_interface/include/user_interface/user_interface/msg/detail/user_int__type_support.hpp
[1.085s] -- Up-to-date: /home/jhw0178/ros2_2026_summer_study/ros_ws/install/user_interface/include/user_interface/user_interface/msg/user_int.hpp
[1.085s] -- Up-to-date: /home/jhw0178/ros2_2026_summer_study/ros_ws/install/user_interface/include/user_interface/user_interface/action
[1.085s] -- Up-to-date: /home/jhw0178/ros2_2026_summer_study/ros_ws/install/user_interface/include/user_interface/user_interface/action/detail
[1.086s] -- Up-to-date: /home/jhw0178/ros2_2026_summer_study/ros_ws/install/user_interface/include/user_interface/user_interface/action/detail/fibonacci__struct.hpp
[1.086s] -- Up-to-date: /home/jhw0178/ros2_2026_summer_study/ros_ws/install/user_interface/include/user_interface/user_interface/action/detail/fibonacci__builder.hpp
[1.086s] -- Up-to-date: /home/jhw0178/ros2_2026_summer_study/ros_ws/install/user_interface/include/user_interface/user_interface/action/detail/fibonacci__type_support.hpp
[1.086s] -- Up-to-date: /home/jhw0178/ros2_2026_summer_study/ros_ws/install/user_interface/include/user_interface/user_interface/action/detail/fibonacci__traits.hpp
[1.086s] -- Up-to-date: /home/jhw0178/ros2_2026_summer_study/ros_ws/install/user_interface/include/user_interface/user_interface/action/fibonacci.hpp
[1.086s] -- Up-to-date: /home/jhw0178/ros2_2026_summer_study/ros_ws/install/user_interface/include/user_interface/user_interface
[1.086s] -- Up-to-date: /home/jhw0178/ros2_2026_summer_study/ros_ws/install/user_interface/include/user_interface/user_interface/srv
[1.086s] -- Up-to-date: /home/jhw0178/ros2_2026_summer_study/ros_ws/install/user_interface/include/user_interface/user_interface/srv/detail
[1.086s] -- Up-to-date: /home/jhw0178/ros2_2026_summer_study/ros_ws/install/user_interface/include/user_interface/user_interface/srv/detail/add_and_odd__rosidl_typesupport_fastrtps_cpp.hpp
[1.086s] -- Up-to-date: /home/jhw0178/ros2_2026_summer_study/ros_ws/install/user_interface/include/user_interface/user_interface/srv/detail/dds_fastrtps
[1.086s] -- Up-to-date: /home/jhw0178/ros2_2026_summer_study/ros_ws/install/user_interface/include/user_interface/user_interface/msg
[1.086s] -- Up-to-date: /home/jhw0178/ros2_2026_summer_study/ros_ws/install/user_interface/include/user_interface/user_interface/msg/rosidl_typesupport_fastrtps_cpp__visibility_control.h
[1.086s] -- Up-to-date: /home/jhw0178/ros2_2026_summer_study/ros_ws/install/user_interface/include/user_interface/user_interface/msg/detail
[1.086s] -- Up-to-date: /home/jhw0178/ros2_2026_summer_study/ros_ws/install/user_interface/include/user_interface/user_interface/msg/detail/user_int__rosidl_typesupport_fastrtps_cpp.hpp
[1.086s] -- Up-to-date: /home/jhw0178/ros2_2026_summer_study/ros_ws/install/user_interface/include/user_interface/user_interface/msg/detail/dds_fastrtps
[1.086s] -- Up-to-date: /home/jhw0178/ros2_2026_summer_study/ros_ws/install/user_interface/include/user_interface/user_interface/action
[1.086s] -- Up-to-date: /home/jhw0178/ros2_2026_summer_study/ros_ws/install/user_interface/include/user_interface/user_interface/action/detail
[1.086s] -- Up-to-date: /home/jhw0178/ros2_2026_summer_study/ros_ws/install/user_interface/include/user_interface/user_interface/action/detail/fibonacci__rosidl_typesupport_fastrtps_cpp.hpp
[1.086s] -- Up-to-date: /home/jhw0178/ros2_2026_summer_study/ros_ws/install/user_interface/include/user_interface/user_interface/action/detail/dds_fastrtps
[1.086s] -- Up-to-date: /home/jhw0178/ros2_2026_summer_study/ros_ws/install/user_interface/lib/libuser_interface__rosidl_typesupport_fastrtps_cpp.so
[1.086s] -- Up-to-date: /home/jhw0178/ros2_2026_summer_study/ros_ws/install/user_interface/include/user_interface/user_interface
[1.086s] -- Up-to-date: /home/jhw0178/ros2_2026_summer_study/ros_ws/install/user_interface/include/user_interface/user_interface/srv
[1.087s] -- Up-to-date: /home/jhw0178/ros2_2026_summer_study/ros_ws/install/user_interface/include/user_interface/user_interface/srv/detail
[1.087s] -- Up-to-date: /home/jhw0178/ros2_2026_summer_study/ros_ws/install/user_interface/include/user_interface/user_interface/srv/detail/add_and_odd__rosidl_typesupport_introspection_cpp.hpp
[1.087s] -- Up-to-date: /home/jhw0178/ros2_2026_summer_study/ros_ws/install/user_interface/include/user_interface/user_interface/srv/detail/add_and_odd__type_support.cpp
[1.087s] -- Up-to-date: /home/jhw0178/ros2_2026_summer_study/ros_ws/install/user_interface/include/user_interface/user_interface/msg
[1.087s] -- Up-to-date: /home/jhw0178/ros2_2026_summer_study/ros_ws/install/user_interface/include/user_interface/user_interface/msg/detail
[1.087s] -- Up-to-date: /home/jhw0178/ros2_2026_summer_study/ros_ws/install/user_interface/include/user_interface/user_interface/msg/detail/user_int__rosidl_typesupport_introspection_cpp.hpp
[1.087s] -- Up-to-date: /home/jhw0178/ros2_2026_summer_study/ros_ws/install/user_interface/include/user_interface/user_interface/msg/detail/user_int__type_support.cpp
[1.087s] -- Up-to-date: /home/jhw0178/ros2_2026_summer_study/ros_ws/install/user_interface/include/user_interface/user_interface/action
[1.087s] -- Up-to-date: /home/jhw0178/ros2_2026_summer_study/ros_ws/install/user_interface/include/user_interface/user_interface/action/detail
[1.087s] -- Up-to-date: /home/jhw0178/ros2_2026_summer_study/ros_ws/install/user_interface/include/user_interface/user_interface/action/detail/fibonacci__rosidl_typesupport_introspection_cpp.hpp
[1.087s] -- Up-to-date: /home/jhw0178/ros2_2026_summer_study/ros_ws/install/user_interface/include/user_interface/user_interface/action/detail/fibonacci__type_support.cpp
[1.087s] -- Up-to-date: /home/jhw0178/ros2_2026_summer_study/ros_ws/install/user_interface/lib/libuser_interface__rosidl_typesupport_introspection_cpp.so
[1.087s] -- Up-to-date: /home/jhw0178/ros2_2026_summer_study/ros_ws/install/user_interface/lib/libuser_interface__rosidl_typesupport_cpp.so
[1.087s] -- Up-to-date: /home/jhw0178/ros2_2026_summer_study/ros_ws/install/user_interface/share/user_interface/environment/pythonpath.sh
[1.087s] -- Up-to-date: /home/jhw0178/ros2_2026_summer_study/ros_ws/install/user_interface/share/user_interface/environment/pythonpath.dsv
[1.087s] -- Up-to-date: /home/jhw0178/ros2_2026_summer_study/ros_ws/install/user_interface/lib/python3.12/site-packages/user_interface-0.1.0-py3.12.egg-info
[1.087s] -- Installing: /home/jhw0178/ros2_2026_summer_study/ros_ws/install/user_interface/lib/python3.12/site-packages/user_interface-0.1.0-py3.12.egg-info/dependency_links.txt
[1.087s] -- Installing: /home/jhw0178/ros2_2026_summer_study/ros_ws/install/user_interface/lib/python3.12/site-packages/user_interface-0.1.0-py3.12.egg-info/SOURCES.txt
[1.087s] -- Installing: /home/jhw0178/ros2_2026_summer_study/ros_ws/install/user_interface/lib/python3.12/site-packages/user_interface-0.1.0-py3.12.egg-info/PKG-INFO
[1.087s] -- Installing: /home/jhw0178/ros2_2026_summer_study/ros_ws/install/user_interface/lib/python3.12/site-packages/user_interface-0.1.0-py3.12.egg-info/top_level.txt
[1.087s] -- Up-to-date: /home/jhw0178/ros2_2026_summer_study/ros_ws/install/user_interface/lib/python3.12/site-packages/user_interface
[1.087s] -- Up-to-date: /home/jhw0178/ros2_2026_summer_study/ros_ws/install/user_interface/lib/python3.12/site-packages/user_interface/srv
[1.087s] -- Up-to-date: /home/jhw0178/ros2_2026_summer_study/ros_ws/install/user_interface/lib/python3.12/site-packages/user_interface/srv/_add_and_odd.py
[1.088s] -- Up-to-date: /home/jhw0178/ros2_2026_summer_study/ros_ws/install/user_interface/lib/python3.12/site-packages/user_interface/srv/_add_and_odd_s.c
[1.088s] -- Up-to-date: /home/jhw0178/ros2_2026_summer_study/ros_ws/install/user_interface/lib/python3.12/site-packages/user_interface/srv/__init__.py
[1.088s] -- Up-to-date: /home/jhw0178/ros2_2026_summer_study/ros_ws/install/user_interface/lib/python3.12/site-packages/user_interface/msg
[1.088s] -- Up-to-date: /home/jhw0178/ros2_2026_summer_study/ros_ws/install/user_interface/lib/python3.12/site-packages/user_interface/msg/_user_int.py
[1.088s] -- Up-to-date: /home/jhw0178/ros2_2026_summer_study/ros_ws/install/user_interface/lib/python3.12/site-packages/user_interface/msg/_user_int_s.c
[1.088s] -- Up-to-date: /home/jhw0178/ros2_2026_summer_study/ros_ws/install/user_interface/lib/python3.12/site-packages/user_interface/msg/__init__.py
[1.088s] -- Up-to-date: /home/jhw0178/ros2_2026_summer_study/ros_ws/install/user_interface/lib/python3.12/site-packages/user_interface/_user_interface_s.ep.rosidl_typesupport_c.c
[1.088s] -- Up-to-date: /home/jhw0178/ros2_2026_summer_study/ros_ws/install/user_interface/lib/python3.12/site-packages/user_interface/_user_interface_s.ep.rosidl_typesupport_fastrtps_c.c
[1.088s] -- Up-to-date: /home/jhw0178/ros2_2026_summer_study/ros_ws/install/user_interface/lib/python3.12/site-packages/user_interface/action
[1.088s] -- Up-to-date: /home/jhw0178/ros2_2026_summer_study/ros_ws/install/user_interface/lib/python3.12/site-packages/user_interface/action/_fibonacci.py
[1.088s] -- Up-to-date: /home/jhw0178/ros2_2026_summer_study/ros_ws/install/user_interface/lib/python3.12/site-packages/user_interface/action/_fibonacci_s.c
[1.088s] -- Up-to-date: /home/jhw0178/ros2_2026_summer_study/ros_ws/install/user_interface/lib/python3.12/site-packages/user_interface/action/__init__.py
[1.088s] -- Up-to-date: /home/jhw0178/ros2_2026_summer_study/ros_ws/install/user_interface/lib/python3.12/site-packages/user_interface/__init__.py
[1.088s] -- Up-to-date: /home/jhw0178/ros2_2026_summer_study/ros_ws/install/user_interface/lib/python3.12/site-packages/user_interface/_user_interface_s.ep.rosidl_typesupport_introspection_c.c
[1.088s] -- Up-to-date: /home/jhw0178/ros2_2026_summer_study/ros_ws/install/user_interface/lib/python3.12/site-packages/user_interface/user_interface_s__rosidl_typesupport_c.so
[1.088s] -- Up-to-date: /home/jhw0178/ros2_2026_summer_study/ros_ws/install/user_interface/lib/python3.12/site-packages/user_interface/user_interface_s__rosidl_typesupport_introspection_c.so
[1.088s] -- Up-to-date: /home/jhw0178/ros2_2026_summer_study/ros_ws/install/user_interface/lib/python3.12/site-packages/user_interface/user_interface_s__rosidl_typesupport_fastrtps_c.so
[1.127s] Listing '/home/jhw0178/ros2_2026_summer_study/ros_ws/install/user_interface/lib/python3.12/site-packages/user_interface'...
[1.127s] Listing '/home/jhw0178/ros2_2026_summer_study/ros_ws/install/user_interface/lib/python3.12/site-packages/user_interface/action'...
[1.128s] Listing '/home/jhw0178/ros2_2026_summer_study/ros_ws/install/user_interface/lib/python3.12/site-packages/user_interface/msg'...
[1.128s] Listing '/home/jhw0178/ros2_2026_summer_study/ros_ws/install/user_interface/lib/python3.12/site-packages/user_interface/srv'...
[1.133s] -- Up-to-date: /home/jhw0178/ros2_2026_summer_study/ros_ws/install/user_interface/lib/python3.12/site-packages/user_interface/user_interface_s__rosidl_typesupport_fastrtps_c.so
[1.133s] -- Up-to-date: /home/jhw0178/ros2_2026_summer_study/ros_ws/install/user_interface/lib/python3.12/site-packages/user_interface/user_interface_s__rosidl_typesupport_introspection_c.so
[1.134s] -- Up-to-date: /home/jhw0178/ros2_2026_summer_study/ros_ws/install/user_interface/lib/python3.12/site-packages/user_interface/user_interface_s__rosidl_typesupport_c.so
[1.134s] -- Up-to-date: /home/jhw0178/ros2_2026_summer_study/ros_ws/install/user_interface/lib/libuser_interface__rosidl_generator_py.so
[1.134s] -- Up-to-date: /home/jhw0178/ros2_2026_summer_study/ros_ws/install/user_interface/share/ament_index/resource_index/rust_packages/user_interface
[1.134s] -- Up-to-date: /home/jhw0178/ros2_2026_summer_study/ros_ws/install/user_interface/share/user_interface/rust
[1.134s] -- Up-to-date: /home/jhw0178/ros2_2026_summer_study/ros_ws/install/user_interface/share/user_interface/rust/Cargo.toml
[1.135s] -- Up-to-date: /home/jhw0178/ros2_2026_summer_study/ros_ws/install/user_interface/share/user_interface/rust/src
[1.135s] -- Up-to-date: /home/jhw0178/ros2_2026_summer_study/ros_ws/install/user_interface/share/user_interface/rust/src/srv
[1.135s] -- Up-to-date: /home/jhw0178/ros2_2026_summer_study/ros_ws/install/user_interface/share/user_interface/rust/src/srv/rmw.rs
[1.136s] -- Up-to-date: /home/jhw0178/ros2_2026_summer_study/ros_ws/install/user_interface/share/user_interface/rust/src/msg
[1.136s] -- Up-to-date: /home/jhw0178/ros2_2026_summer_study/ros_ws/install/user_interface/share/user_interface/rust/src/msg/rmw.rs
[1.136s] -- Up-to-date: /home/jhw0178/ros2_2026_summer_study/ros_ws/install/user_interface/share/user_interface/rust/src/action
[1.136s] -- Up-to-date: /home/jhw0178/ros2_2026_summer_study/ros_ws/install/user_interface/share/user_interface/rust/src/action/rmw.rs
[1.137s] -- Up-to-date: /home/jhw0178/ros2_2026_summer_study/ros_ws/install/user_interface/share/user_interface/rust/src/action.rs
[1.137s] -- Up-to-date: /home/jhw0178/ros2_2026_summer_study/ros_ws/install/user_interface/share/user_interface/rust/src/srv.rs
[1.137s] -- Up-to-date: /home/jhw0178/ros2_2026_summer_study/ros_ws/install/user_interface/share/user_interface/rust/src/lib.rs
[1.137s] -- Up-to-date: /home/jhw0178/ros2_2026_summer_study/ros_ws/install/user_interface/share/user_interface/rust/src/msg.rs
[1.137s] -- Up-to-date: /home/jhw0178/ros2_2026_summer_study/ros_ws/install/user_interface/share/user_interface/rust/build.rs
[1.137s] -- Up-to-date: /home/jhw0178/ros2_2026_summer_study/ros_ws/install/user_interface/share/user_interface/msg/UserInt.idl
[1.137s] -- Up-to-date: /home/jhw0178/ros2_2026_summer_study/ros_ws/install/user_interface/share/user_interface/srv/AddAndOdd.idl
[1.137s] -- Up-to-date: /home/jhw0178/ros2_2026_summer_study/ros_ws/install/user_interface/share/user_interface/action/Fibonacci.idl
[1.137s] -- Up-to-date: /home/jhw0178/ros2_2026_summer_study/ros_ws/install/user_interface/share/user_interface/msg/UserInt.msg
[1.137s] -- Up-to-date: /home/jhw0178/ros2_2026_summer_study/ros_ws/install/user_interface/share/user_interface/srv/AddAndOdd.srv
[1.138s] -- Up-to-date: /home/jhw0178/ros2_2026_summer_study/ros_ws/install/user_interface/share/user_interface/action/Fibonacci.action
[1.138s] -- Up-to-date: /home/jhw0178/ros2_2026_summer_study/ros_ws/install/user_interface/share/ament_index/resource_index/package_run_dependencies/user_interface
[1.138s] -- Up-to-date: /home/jhw0178/ros2_2026_summer_study/ros_ws/install/user_interface/share/ament_index/resource_index/parent_prefix_path/user_interface
[1.138s] -- Up-to-date: /home/jhw0178/ros2_2026_summer_study/ros_ws/install/user_interface/share/user_interface/environment/ament_prefix_path.sh
[1.138s] -- Up-to-date: /home/jhw0178/ros2_2026_summer_study/ros_ws/install/user_interface/share/user_interface/environment/ament_prefix_path.dsv
[1.138s] -- Up-to-date: /home/jhw0178/ros2_2026_summer_study/ros_ws/install/user_interface/share/user_interface/environment/path.sh
[1.138s] -- Up-to-date: /home/jhw0178/ros2_2026_summer_study/ros_ws/install/user_interface/share/user_interface/environment/path.dsv
[1.139s] -- Up-to-date: /home/jhw0178/ros2_2026_summer_study/ros_ws/install/user_interface/share/user_interface/local_setup.bash
[1.139s] -- Up-to-date: /home/jhw0178/ros2_2026_summer_study/ros_ws/install/user_interface/share/user_interface/local_setup.sh
[1.139s] -- Up-to-date: /home/jhw0178/ros2_2026_summer_study/ros_ws/install/user_interface/share/user_interface/local_setup.zsh
[1.139s] -- Up-to-date: /home/jhw0178/ros2_2026_summer_study/ros_ws/install/user_interface/share/user_interface/local_setup.dsv
[1.140s] -- Installing: /home/jhw0178/ros2_2026_summer_study/ros_ws/install/user_interface/share/user_interface/package.dsv
[1.141s] -- Up-to-date: /home/jhw0178/ros2_2026_summer_study/ros_ws/install/user_interface/share/ament_index/resource_index/packages/user_interface
[1.144s] -- Up-to-date: /home/jhw0178/ros2_2026_summer_study/ros_ws/install/user_interface/share/user_interface/cmake/export_user_interface__rosidl_generator_cExport.cmake
[1.144s] -- Up-to-date: /home/jhw0178/ros2_2026_summer_study/ros_ws/install/user_interface/share/user_interface/cmake/export_user_interface__rosidl_generator_cExport-noconfig.cmake
[1.145s] -- Up-to-date: /home/jhw0178/ros2_2026_summer_study/ros_ws/install/user_interface/share/user_interface/cmake/export_user_interface__rosidl_typesupport_fastrtps_cExport.cmake
[1.145s] -- Up-to-date: /home/jhw0178/ros2_2026_summer_study/ros_ws/install/user_interface/share/user_interface/cmake/export_user_interface__rosidl_typesupport_fastrtps_cExport-noconfig.cmake
[1.146s] -- Up-to-date: /home/jhw0178/ros2_2026_summer_study/ros_ws/install/user_interface/share/user_interface/cmake/user_interface__rosidl_typesupport_introspection_cExport.cmake
[1.147s] -- Up-to-date: /home/jhw0178/ros2_2026_summer_study/ros_ws/install/user_interface/share/user_interface/cmake/user_interface__rosidl_typesupport_introspection_cExport-noconfig.cmake
[1.148s] -- Up-to-date: /home/jhw0178/ros2_2026_summer_study/ros_ws/install/user_interface/share/user_interface/cmake/user_interface__rosidl_typesupport_cExport.cmake
[1.149s] -- Up-to-date: /home/jhw0178/ros2_2026_summer_study/ros_ws/install/user_interface/share/user_interface/cmake/user_interface__rosidl_typesupport_cExport-noconfig.cmake
[1.149s] -- Up-to-date: /home/jhw0178/ros2_2026_summer_study/ros_ws/install/user_interface/share/user_interface/cmake/export_user_interface__rosidl_generator_cppExport.cmake
[1.149s] -- Up-to-date: /home/jhw0178/ros2_2026_summer_study/ros_ws/install/user_interface/share/user_interface/cmake/export_user_interface__rosidl_typesupport_fastrtps_cppExport.cmake
[1.150s] -- Up-to-date: /home/jhw0178/ros2_2026_summer_study/ros_ws/install/user_interface/share/user_interface/cmake/export_user_interface__rosidl_typesupport_fastrtps_cppExport-noconfig.cmake
[1.150s] -- Up-to-date: /home/jhw0178/ros2_2026_summer_study/ros_ws/install/user_interface/share/user_interface/cmake/user_interface__rosidl_typesupport_introspection_cppExport.cmake
[1.150s] -- Up-to-date: /home/jhw0178/ros2_2026_summer_study/ros_ws/install/user_interface/share/user_interface/cmake/user_interface__rosidl_typesupport_introspection_cppExport-noconfig.cmake
[1.151s] -- Up-to-date: /home/jhw0178/ros2_2026_summer_study/ros_ws/install/user_interface/share/user_interface/cmake/user_interface__rosidl_typesupport_cppExport.cmake
[1.151s] -- Up-to-date: /home/jhw0178/ros2_2026_summer_study/ros_ws/install/user_interface/share/user_interface/cmake/user_interface__rosidl_typesupport_cppExport-noconfig.cmake
[1.151s] -- Up-to-date: /home/jhw0178/ros2_2026_summer_study/ros_ws/install/user_interface/share/user_interface/cmake/export_user_interface__rosidl_generator_pyExport.cmake
[1.152s] -- Up-to-date: /home/jhw0178/ros2_2026_summer_study/ros_ws/install/user_interface/share/user_interface/cmake/export_user_interface__rosidl_generator_pyExport-noconfig.cmake
[1.153s] -- Up-to-date: /home/jhw0178/ros2_2026_summer_study/ros_ws/install/user_interface/share/user_interface/cmake/rosidl_cmake-extras.cmake
[1.154s] -- Up-to-date: /home/jhw0178/ros2_2026_summer_study/ros_ws/install/user_interface/share/user_interface/cmake/ament_cmake_export_dependencies-extras.cmake
[1.154s] -- Up-to-date: /home/jhw0178/ros2_2026_summer_study/ros_ws/install/user_interface/share/user_interface/cmake/ament_cmake_export_include_directories-extras.cmake
[1.154s] -- Up-to-date: /home/jhw0178/ros2_2026_summer_study/ros_ws/install/user_interface/share/user_interface/cmake/ament_cmake_export_libraries-extras.cmake
[1.155s] -- Up-to-date: /home/jhw0178/ros2_2026_summer_study/ros_ws/install/user_interface/share/user_interface/cmake/ament_cmake_export_targets-extras.cmake
[1.155s] -- Up-to-date: /home/jhw0178/ros2_2026_summer_study/ros_ws/install/user_interface/share/user_interface/cmake/rosidl_cmake_export_typesupport_targets-extras.cmake
[1.155s] -- Up-to-date: /home/jhw0178/ros2_2026_summer_study/ros_ws/install/user_interface/share/user_interface/cmake/rosidl_cmake_export_typesupport_libraries-extras.cmake
[1.155s] -- Up-to-date: /home/jhw0178/ros2_2026_summer_study/ros_ws/install/user_interface/share/user_interface/cmake/rosidl_cmake_aggregate_target-extras.cmake
[1.155s] -- Up-to-date: /home/jhw0178/ros2_2026_summer_study/ros_ws/install/user_interface/share/user_interface/cmake/user_interfaceConfig.cmake
[1.156s] -- Up-to-date: /home/jhw0178/ros2_2026_summer_study/ros_ws/install/user_interface/share/user_interface/cmake/user_interfaceConfig-version.cmake
[1.156s] -- Up-to-date: /home/jhw0178/ros2_2026_summer_study/ros_ws/install/user_interface/share/user_interface/package.xml
[1.156s] Invoked command in '/home/jhw0178/ros2_2026_summer_study/ros_ws/build/user_interface' returned '0': CMAKE_PREFIX_PATH=${CMAKE_PREFIX_PATH}:/home/jhw0178/ros2_2026_summer_study/ros_ws/install/tf2_basic:/home/jhw0178/ros2_2026_summer_study/ros_ws/install/my_first_package:/home/jhw0178/ros2_2026_summer_study/ros_ws/install/mini_homework1:/opt/ros/jazzy /usr/bin/cmake --install /home/jhw0178/ros2_2026_summer_study/ros_ws/build/user_interface
