-- The C compiler identification is GNU 13.3.0
-- The CXX compiler identification is GNU 13.3.0
-- Detecting C compiler ABI info
-- Detecting C compiler ABI info - done
-- Check for working C compiler: /usr/bin/cc - skipped
-- Detecting C compile features
-- Detecting C compile features - done
-- Detecting CXX compiler ABI info
-- Detecting CXX compiler ABI info - done
-- Check for working CXX compiler: /usr/bin/c++ - skipped
-- Detecting CXX compile features
-- Detecting CXX compile features - done
-- Found ament_cmake: 2.5.6 (/opt/ros/jazzy/share/ament_cmake/cmake)
-- Found Python3: /usr/bin/python3 (found version "3.12.3") found components: Interpreter 
-- Found rosidl_default_generators: 1.6.1 (/opt/ros/jazzy/share/rosidl_default_generators/cmake)
-- Using all available rosidl_typesupport_c: rosidl_typesupport_fastrtps_c;rosidl_typesupport_introspection_c
-- Using all available rosidl_typesupport_cpp: rosidl_typesupport_fastrtps_cpp;rosidl_typesupport_introspection_cpp
-- Found rosidl_adapter: 4.6.9 (/opt/ros/jazzy/share/rosidl_adapter/cmake)
-- Found std_msgs: 5.3.8 (/opt/ros/jazzy/share/std_msgs/cmake)
-- Found ament_cmake_ros: 0.12.1 (/opt/ros/jazzy/share/ament_cmake_ros/cmake)
-- Using all available rosidl_typesupport_c: rosidl_typesupport_fastrtps_c;rosidl_typesupport_introspection_c
-- Using all available rosidl_typesupport_cpp: rosidl_typesupport_fastrtps_cpp;rosidl_typesupport_introspection_cpp
-- Found python_cmake_module: 0.11.1 (/opt/ros/jazzy/share/python_cmake_module/cmake)
-- Found PythonExtra: /usr/bin/python3  
-- Found Python3: /usr/bin/python3 (found version "3.12.3") found components: Interpreter Development NumPy Development.Module Development.Embed 
-- Found Python3: /usr/bin/python3 (found version "3.12.3") found components: Interpreter 
-- Found ament_lint_auto: 0.17.5 (/opt/ros/jazzy/share/ament_lint_auto/cmake)
-- Added test 'lint_cmake' to check CMake code style
-- Added test 'xmllint' to check XML markup files
-- Configuring done (4.3s)
-- Generating done (0.0s)
-- Build files have been written to: /home/jhw0178/ros2_2026_summer_study/ros_ws/build/user_interface
[  2%] [34m[1mGenerating Rust code for ROS interfaces[0m
[  4%] [34m[1mGenerating type hashes for ROS interfaces[0m
[  4%] Built target ament_cmake_python_copy_user_interface
running egg_info
creating user_interface.egg-info
[  4%] Built target user_interface__rosidl_generator_type_description
writing user_interface.egg-info/PKG-INFO
writing dependency_links to user_interface.egg-info/dependency_links.txt
[  6%] [34m[1mGenerating C code for ROS interfaces[0m
writing top-level names to user_interface.egg-info/top_level.txt
writing manifest file 'user_interface.egg-info/SOURCES.txt'
[  8%] [34m[1mGenerating C++ code for ROS interfaces[0m
[  8%] Built target user_interface__rs
reading manifest file 'user_interface.egg-info/SOURCES.txt'
writing manifest file 'user_interface.egg-info/SOURCES.txt'
[  8%] Built target ament_cmake_python_build_user_interface_egg
[  8%] Built target user_interface__cpp
[ 17%] [32mBuilding C object CMakeFiles/user_interface__rosidl_generator_c.dir/rosidl_generator_c/user_interface/srv/detail/add_and_odd__description.c.o[0m
[ 17%] [32mBuilding C object CMakeFiles/user_interface__rosidl_generator_c.dir/rosidl_generator_c/user_interface/msg/detail/user_int__type_support.c.o[0m
[ 17%] [32mBuilding C object CMakeFiles/user_interface__rosidl_generator_c.dir/rosidl_generator_c/user_interface/msg/detail/user_int__description.c.o[0m
[ 17%] [32mBuilding C object CMakeFiles/user_interface__rosidl_generator_c.dir/rosidl_generator_c/user_interface/msg/detail/user_int__functions.c.o[0m
[ 20%] [32mBuilding C object CMakeFiles/user_interface__rosidl_generator_c.dir/rosidl_generator_c/user_interface/srv/detail/add_and_odd__functions.c.o[0m
[ 22%] [32mBuilding C object CMakeFiles/user_interface__rosidl_generator_c.dir/rosidl_generator_c/user_interface/srv/detail/add_and_odd__type_support.c.o[0m
[ 24%] [32m[1mLinking C shared library libuser_interface__rosidl_generator_c.so[0m
[ 24%] Built target user_interface__rosidl_generator_c
[ 26%] [34m[1mGenerating C introspection for ROS interfaces[0m
[ 28%] [34m[1mGenerating C type support for eProsima Fast-RTPS[0m
[ 31%] [34m[1mGenerating C++ introspection for ROS interfaces[0m
[ 33%] [34m[1mGenerating C++ type support dispatch for ROS interfaces[0m
[ 35%] [34m[1mGenerating C++ type support for eProsima Fast-RTPS[0m
[ 37%] [34m[1mGenerating C type support dispatch for ROS interfaces[0m
[ 40%] [32mBuilding CXX object CMakeFiles/user_interface__rosidl_typesupport_c.dir/rosidl_typesupport_c/user_interface/msg/user_int__type_support.cpp.o[0m
[ 42%] [32mBuilding CXX object CMakeFiles/user_interface__rosidl_typesupport_c.dir/rosidl_typesupport_c/user_interface/srv/add_and_odd__type_support.cpp.o[0m
[ 44%] [32mBuilding CXX object CMakeFiles/user_interface__rosidl_typesupport_cpp.dir/rosidl_typesupport_cpp/user_interface/msg/user_int__type_support.cpp.o[0m
[ 46%] [32mBuilding CXX object CMakeFiles/user_interface__rosidl_typesupport_introspection_cpp.dir/rosidl_typesupport_introspection_cpp/user_interface/msg/detail/user_int__type_support.cpp.o[0m
[ 48%] [32mBuilding CXX object CMakeFiles/user_interface__rosidl_typesupport_cpp.dir/rosidl_typesupport_cpp/user_interface/srv/add_and_odd__type_support.cpp.o[0m
[ 51%] [32mBuilding CXX object CMakeFiles/user_interface__rosidl_typesupport_introspection_cpp.dir/rosidl_typesupport_introspection_cpp/user_interface/srv/detail/add_and_odd__type_support.cpp.o[0m
[ 53%] [32mBuilding C object CMakeFiles/user_interface__rosidl_typesupport_introspection_c.dir/rosidl_typesupport_introspection_c/user_interface/srv/detail/add_and_odd__type_support.c.o[0m
[ 55%] [32mBuilding C object CMakeFiles/user_interface__rosidl_typesupport_introspection_c.dir/rosidl_typesupport_introspection_c/user_interface/msg/detail/user_int__type_support.c.o[0m
[ 57%] [32m[1mLinking CXX shared library libuser_interface__rosidl_typesupport_c.so[0m
[ 60%] [32m[1mLinking C shared library libuser_interface__rosidl_typesupport_introspection_c.so[0m
[ 62%] [32mBuilding CXX object CMakeFiles/user_interface__rosidl_typesupport_fastrtps_c.dir/rosidl_typesupport_fastrtps_c/user_interface/srv/detail/add_and_odd__type_support_c.cpp.o[0m
[ 64%] [32mBuilding CXX object CMakeFiles/user_interface__rosidl_typesupport_fastrtps_c.dir/rosidl_typesupport_fastrtps_c/user_interface/msg/detail/user_int__type_support_c.cpp.o[0m
[ 66%] [32mBuilding CXX object CMakeFiles/user_interface__rosidl_typesupport_fastrtps_cpp.dir/rosidl_typesupport_fastrtps_cpp/user_interface/msg/detail/dds_fastrtps/user_int__type_support.cpp.o[0m
[ 68%] [32mBuilding CXX object CMakeFiles/user_interface__rosidl_typesupport_fastrtps_cpp.dir/rosidl_typesupport_fastrtps_cpp/user_interface/srv/detail/dds_fastrtps/add_and_odd__type_support.cpp.o[0m
[ 68%] Built target user_interface__rosidl_typesupport_c
[ 68%] Built target user_interface__rosidl_typesupport_introspection_c
[ 71%] [32m[1mLinking CXX shared library libuser_interface__rosidl_typesupport_cpp.so[0m
[ 73%] [32m[1mLinking CXX shared library libuser_interface__rosidl_typesupport_introspection_cpp.so[0m
[ 73%] Built target user_interface__rosidl_typesupport_introspection_cpp
[ 73%] Built target user_interface__rosidl_typesupport_cpp
[ 75%] [32m[1mLinking CXX shared library libuser_interface__rosidl_typesupport_fastrtps_c.so[0m
[ 77%] [32m[1mLinking CXX shared library libuser_interface__rosidl_typesupport_fastrtps_cpp.so[0m
[ 77%] Built target user_interface__rosidl_typesupport_fastrtps_c
[ 77%] Built target user_interface__rosidl_typesupport_fastrtps_cpp
[ 77%] Built target user_interface
[ 80%] [34m[1mGenerating Python code for ROS interfaces[0m
[ 80%] Built target user_interface__py
[ 82%] [32mBuilding C object CMakeFiles/user_interface__rosidl_generator_py.dir/rosidl_generator_py/user_interface/msg/_user_int_s.c.o[0m
[ 84%] [32mBuilding C object CMakeFiles/user_interface__rosidl_generator_py.dir/rosidl_generator_py/user_interface/srv/_add_and_odd_s.c.o[0m
[ 86%] [32m[1mLinking C shared library libuser_interface__rosidl_generator_py.so[0m
[ 86%] Built target user_interface__rosidl_generator_py
[ 93%] [32mBuilding C object CMakeFiles/user_interface_s__rosidl_typesupport_fastrtps_c.dir/rosidl_generator_py/user_interface/_user_interface_s.ep.rosidl_typesupport_fastrtps_c.c.o[0m
[ 93%] [32mBuilding C object CMakeFiles/user_interface_s__rosidl_typesupport_introspection_c.dir/rosidl_generator_py/user_interface/_user_interface_s.ep.rosidl_typesupport_introspection_c.c.o[0m
[ 93%] [32mBuilding C object CMakeFiles/user_interface_s__rosidl_typesupport_c.dir/rosidl_generator_py/user_interface/_user_interface_s.ep.rosidl_typesupport_c.c.o[0m
[ 97%] [32m[1mLinking C shared module rosidl_generator_py/user_interface/user_interface_s__rosidl_typesupport_c.so[0m
[ 97%] [32m[1mLinking C shared module rosidl_generator_py/user_interface/user_interface_s__rosidl_typesupport_introspection_c.so[0m
[100%] [32m[1mLinking C shared module rosidl_generator_py/user_interface/user_interface_s__rosidl_typesupport_fastrtps_c.so[0m
[100%] Built target user_interface_s__rosidl_typesupport_c
[100%] Built target user_interface_s__rosidl_typesupport_introspection_c
[100%] Built target user_interface_s__rosidl_typesupport_fastrtps_c
-- Install configuration: ""
-- Installing: /home/jhw0178/ros2_2026_summer_study/ros_ws/install/user_interface/share/ament_index/resource_index/rosidl_interfaces/user_interface
-- Installing: /home/jhw0178/ros2_2026_summer_study/ros_ws/install/user_interface/share/user_interface/msg/UserInt.json
-- Installing: /home/jhw0178/ros2_2026_summer_study/ros_ws/install/user_interface/share/user_interface/srv/AddAndOdd.json
-- Installing: /home/jhw0178/ros2_2026_summer_study/ros_ws/install/user_interface/include/user_interface/user_interface
-- Installing: /home/jhw0178/ros2_2026_summer_study/ros_ws/install/user_interface/include/user_interface/user_interface/srv
-- Installing: /home/jhw0178/ros2_2026_summer_study/ros_ws/install/user_interface/include/user_interface/user_interface/srv/detail
-- Installing: /home/jhw0178/ros2_2026_summer_study/ros_ws/install/user_interface/include/user_interface/user_interface/srv/detail/add_and_odd__description.c
-- Installing: /home/jhw0178/ros2_2026_summer_study/ros_ws/install/user_interface/include/user_interface/user_interface/srv/detail/add_and_odd__type_support.h
-- Installing: /home/jhw0178/ros2_2026_summer_study/ros_ws/install/user_interface/include/user_interface/user_interface/srv/detail/add_and_odd__struct.h
-- Installing: /home/jhw0178/ros2_2026_summer_study/ros_ws/install/user_interface/include/user_interface/user_interface/srv/detail/add_and_odd__functions.c
-- Installing: /home/jhw0178/ros2_2026_summer_study/ros_ws/install/user_interface/include/user_interface/user_interface/srv/detail/add_and_odd__type_support.c
-- Installing: /home/jhw0178/ros2_2026_summer_study/ros_ws/install/user_interface/include/user_interface/user_interface/srv/detail/add_and_odd__functions.h
-- Installing: /home/jhw0178/ros2_2026_summer_study/ros_ws/install/user_interface/include/user_interface/user_interface/srv/add_and_odd.h
-- Installing: /home/jhw0178/ros2_2026_summer_study/ros_ws/install/user_interface/include/user_interface/user_interface/msg
-- Installing: /home/jhw0178/ros2_2026_summer_study/ros_ws/install/user_interface/include/user_interface/user_interface/msg/user_int.h
-- Installing: /home/jhw0178/ros2_2026_summer_study/ros_ws/install/user_interface/include/user_interface/user_interface/msg/rosidl_generator_c__visibility_control.h
-- Installing: /home/jhw0178/ros2_2026_summer_study/ros_ws/install/user_interface/include/user_interface/user_interface/msg/detail
-- Installing: /home/jhw0178/ros2_2026_summer_study/ros_ws/install/user_interface/include/user_interface/user_interface/msg/detail/user_int__struct.h
-- Installing: /home/jhw0178/ros2_2026_summer_study/ros_ws/install/user_interface/include/user_interface/user_interface/msg/detail/user_int__type_support.c
-- Installing: /home/jhw0178/ros2_2026_summer_study/ros_ws/install/user_interface/include/user_interface/user_interface/msg/detail/user_int__functions.c
-- Installing: /home/jhw0178/ros2_2026_summer_study/ros_ws/install/user_interface/include/user_interface/user_interface/msg/detail/user_int__description.c
-- Installing: /home/jhw0178/ros2_2026_summer_study/ros_ws/install/user_interface/include/user_interface/user_interface/msg/detail/user_int__functions.h
-- Installing: /home/jhw0178/ros2_2026_summer_study/ros_ws/install/user_interface/include/user_interface/user_interface/msg/detail/user_int__type_support.h
-- Installing: /home/jhw0178/ros2_2026_summer_study/ros_ws/install/user_interface/share/user_interface/environment/library_path.sh
-- Installing: /home/jhw0178/ros2_2026_summer_study/ros_ws/install/user_interface/share/user_interface/environment/library_path.dsv
-- Installing: /home/jhw0178/ros2_2026_summer_study/ros_ws/install/user_interface/lib/libuser_interface__rosidl_generator_c.so
-- Set non-toolchain portion of runtime path of "/home/jhw0178/ros2_2026_summer_study/ros_ws/install/user_interface/lib/libuser_interface__rosidl_generator_c.so" to ""
-- Up-to-date: /home/jhw0178/ros2_2026_summer_study/ros_ws/install/user_interface/include/user_interface/user_interface
-- Up-to-date: /home/jhw0178/ros2_2026_summer_study/ros_ws/install/user_interface/include/user_interface/user_interface/srv
-- Up-to-date: /home/jhw0178/ros2_2026_summer_study/ros_ws/install/user_interface/include/user_interface/user_interface/srv/detail
-- Installing: /home/jhw0178/ros2_2026_summer_study/ros_ws/install/user_interface/include/user_interface/user_interface/srv/detail/add_and_odd__rosidl_typesupport_fastrtps_c.h
-- Up-to-date: /home/jhw0178/ros2_2026_summer_study/ros_ws/install/user_interface/include/user_interface/user_interface/msg
-- Installing: /home/jhw0178/ros2_2026_summer_study/ros_ws/install/user_interface/include/user_interface/user_interface/msg/rosidl_typesupport_fastrtps_c__visibility_control.h
-- Up-to-date: /home/jhw0178/ros2_2026_summer_study/ros_ws/install/user_interface/include/user_interface/user_interface/msg/detail
-- Installing: /home/jhw0178/ros2_2026_summer_study/ros_ws/install/user_interface/include/user_interface/user_interface/msg/detail/user_int__rosidl_typesupport_fastrtps_c.h
-- Installing: /home/jhw0178/ros2_2026_summer_study/ros_ws/install/user_interface/lib/libuser_interface__rosidl_typesupport_fastrtps_c.so
-- Set non-toolchain portion of runtime path of "/home/jhw0178/ros2_2026_summer_study/ros_ws/install/user_interface/lib/libuser_interface__rosidl_typesupport_fastrtps_c.so" to ""
-- Up-to-date: /home/jhw0178/ros2_2026_summer_study/ros_ws/install/user_interface/include/user_interface/user_interface
-- Up-to-date: /home/jhw0178/ros2_2026_summer_study/ros_ws/install/user_interface/include/user_interface/user_interface/srv
-- Up-to-date: /home/jhw0178/ros2_2026_summer_study/ros_ws/install/user_interface/include/user_interface/user_interface/srv/detail
-- Up-to-date: /home/jhw0178/ros2_2026_summer_study/ros_ws/install/user_interface/include/user_interface/user_interface/srv/detail/add_and_odd__type_support.c
-- Installing: /home/jhw0178/ros2_2026_summer_study/ros_ws/install/user_interface/include/user_interface/user_interface/srv/detail/add_and_odd__rosidl_typesupport_introspection_c.h
-- Up-to-date: /home/jhw0178/ros2_2026_summer_study/ros_ws/install/user_interface/include/user_interface/user_interface/msg
-- Up-to-date: /home/jhw0178/ros2_2026_summer_study/ros_ws/install/user_interface/include/user_interface/user_interface/msg/detail
-- Up-to-date: /home/jhw0178/ros2_2026_summer_study/ros_ws/install/user_interface/include/user_interface/user_interface/msg/detail/user_int__type_support.c
-- Installing: /home/jhw0178/ros2_2026_summer_study/ros_ws/install/user_interface/include/user_interface/user_interface/msg/detail/user_int__rosidl_typesupport_introspection_c.h
-- Installing: /home/jhw0178/ros2_2026_summer_study/ros_ws/install/user_interface/include/user_interface/user_interface/msg/rosidl_typesupport_introspection_c__visibility_control.h
-- Installing: /home/jhw0178/ros2_2026_summer_study/ros_ws/install/user_interface/lib/libuser_interface__rosidl_typesupport_introspection_c.so
-- Set non-toolchain portion of runtime path of "/home/jhw0178/ros2_2026_summer_study/ros_ws/install/user_interface/lib/libuser_interface__rosidl_typesupport_introspection_c.so" to ""
-- Installing: /home/jhw0178/ros2_2026_summer_study/ros_ws/install/user_interface/lib/libuser_interface__rosidl_typesupport_c.so
-- Set non-toolchain portion of runtime path of "/home/jhw0178/ros2_2026_summer_study/ros_ws/install/user_interface/lib/libuser_interface__rosidl_typesupport_c.so" to ""
-- Up-to-date: /home/jhw0178/ros2_2026_summer_study/ros_ws/install/user_interface/include/user_interface/user_interface
-- Up-to-date: /home/jhw0178/ros2_2026_summer_study/ros_ws/install/user_interface/include/user_interface/user_interface/srv
-- Installing: /home/jhw0178/ros2_2026_summer_study/ros_ws/install/user_interface/include/user_interface/user_interface/srv/add_and_odd.hpp
-- Up-to-date: /home/jhw0178/ros2_2026_summer_study/ros_ws/install/user_interface/include/user_interface/user_interface/srv/detail
-- Installing: /home/jhw0178/ros2_2026_summer_study/ros_ws/install/user_interface/include/user_interface/user_interface/srv/detail/add_and_odd__builder.hpp
-- Installing: /home/jhw0178/ros2_2026_summer_study/ros_ws/install/user_interface/include/user_interface/user_interface/srv/detail/add_and_odd__traits.hpp
-- Installing: /home/jhw0178/ros2_2026_summer_study/ros_ws/install/user_interface/include/user_interface/user_interface/srv/detail/add_and_odd__type_support.hpp
-- Installing: /home/jhw0178/ros2_2026_summer_study/ros_ws/install/user_interface/include/user_interface/user_interface/srv/detail/add_and_odd__struct.hpp
-- Up-to-date: /home/jhw0178/ros2_2026_summer_study/ros_ws/install/user_interface/include/user_interface/user_interface/msg
-- Installing: /home/jhw0178/ros2_2026_summer_study/ros_ws/install/user_interface/include/user_interface/user_interface/msg/rosidl_generator_cpp__visibility_control.hpp
-- Up-to-date: /home/jhw0178/ros2_2026_summer_study/ros_ws/install/user_interface/include/user_interface/user_interface/msg/detail
-- Installing: /home/jhw0178/ros2_2026_summer_study/ros_ws/install/user_interface/include/user_interface/user_interface/msg/detail/user_int__struct.hpp
-- Installing: /home/jhw0178/ros2_2026_summer_study/ros_ws/install/user_interface/include/user_interface/user_interface/msg/detail/user_int__builder.hpp
-- Installing: /home/jhw0178/ros2_2026_summer_study/ros_ws/install/user_interface/include/user_interface/user_interface/msg/detail/user_int__traits.hpp
-- Installing: /home/jhw0178/ros2_2026_summer_study/ros_ws/install/user_interface/include/user_interface/user_interface/msg/detail/user_int__type_support.hpp
-- Installing: /home/jhw0178/ros2_2026_summer_study/ros_ws/install/user_interface/include/user_interface/user_interface/msg/user_int.hpp
-- Up-to-date: /home/jhw0178/ros2_2026_summer_study/ros_ws/install/user_interface/include/user_interface/user_interface
-- Up-to-date: /home/jhw0178/ros2_2026_summer_study/ros_ws/install/user_interface/include/user_interface/user_interface/srv
-- Up-to-date: /home/jhw0178/ros2_2026_summer_study/ros_ws/install/user_interface/include/user_interface/user_interface/srv/detail
-- Installing: /home/jhw0178/ros2_2026_summer_study/ros_ws/install/user_interface/include/user_interface/user_interface/srv/detail/add_and_odd__rosidl_typesupport_fastrtps_cpp.hpp
-- Installing: /home/jhw0178/ros2_2026_summer_study/ros_ws/install/user_interface/include/user_interface/user_interface/srv/detail/dds_fastrtps
-- Up-to-date: /home/jhw0178/ros2_2026_summer_study/ros_ws/install/user_interface/include/user_interface/user_interface/msg
-- Installing: /home/jhw0178/ros2_2026_summer_study/ros_ws/install/user_interface/include/user_interface/user_interface/msg/rosidl_typesupport_fastrtps_cpp__visibility_control.h
-- Up-to-date: /home/jhw0178/ros2_2026_summer_study/ros_ws/install/user_interface/include/user_interface/user_interface/msg/detail
-- Installing: /home/jhw0178/ros2_2026_summer_study/ros_ws/install/user_interface/include/user_interface/user_interface/msg/detail/user_int__rosidl_typesupport_fastrtps_cpp.hpp
-- Installing: /home/jhw0178/ros2_2026_summer_study/ros_ws/install/user_interface/include/user_interface/user_interface/msg/detail/dds_fastrtps
-- Installing: /home/jhw0178/ros2_2026_summer_study/ros_ws/install/user_interface/lib/libuser_interface__rosidl_typesupport_fastrtps_cpp.so
-- Set non-toolchain portion of runtime path of "/home/jhw0178/ros2_2026_summer_study/ros_ws/install/user_interface/lib/libuser_interface__rosidl_typesupport_fastrtps_cpp.so" to ""
-- Up-to-date: /home/jhw0178/ros2_2026_summer_study/ros_ws/install/user_interface/include/user_interface/user_interface
-- Up-to-date: /home/jhw0178/ros2_2026_summer_study/ros_ws/install/user_interface/include/user_interface/user_interface/srv
-- Up-to-date: /home/jhw0178/ros2_2026_summer_study/ros_ws/install/user_interface/include/user_interface/user_interface/srv/detail
-- Installing: /home/jhw0178/ros2_2026_summer_study/ros_ws/install/user_interface/include/user_interface/user_interface/srv/detail/add_and_odd__rosidl_typesupport_introspection_cpp.hpp
-- Installing: /home/jhw0178/ros2_2026_summer_study/ros_ws/install/user_interface/include/user_interface/user_interface/srv/detail/add_and_odd__type_support.cpp
-- Up-to-date: /home/jhw0178/ros2_2026_summer_study/ros_ws/install/user_interface/include/user_interface/user_interface/msg
-- Up-to-date: /home/jhw0178/ros2_2026_summer_study/ros_ws/install/user_interface/include/user_interface/user_interface/msg/detail
-- Installing: /home/jhw0178/ros2_2026_summer_study/ros_ws/install/user_interface/include/user_interface/user_interface/msg/detail/user_int__rosidl_typesupport_introspection_cpp.hpp
-- Installing: /home/jhw0178/ros2_2026_summer_study/ros_ws/install/user_interface/include/user_interface/user_interface/msg/detail/user_int__type_support.cpp
-- Installing: /home/jhw0178/ros2_2026_summer_study/ros_ws/install/user_interface/lib/libuser_interface__rosidl_typesupport_introspection_cpp.so
-- Set non-toolchain portion of runtime path of "/home/jhw0178/ros2_2026_summer_study/ros_ws/install/user_interface/lib/libuser_interface__rosidl_typesupport_introspection_cpp.so" to ""
-- Installing: /home/jhw0178/ros2_2026_summer_study/ros_ws/install/user_interface/lib/libuser_interface__rosidl_typesupport_cpp.so
-- Set non-toolchain portion of runtime path of "/home/jhw0178/ros2_2026_summer_study/ros_ws/install/user_interface/lib/libuser_interface__rosidl_typesupport_cpp.so" to ""
-- Installing: /home/jhw0178/ros2_2026_summer_study/ros_ws/install/user_interface/share/user_interface/environment/pythonpath.sh
-- Installing: /home/jhw0178/ros2_2026_summer_study/ros_ws/install/user_interface/share/user_interface/environment/pythonpath.dsv
-- Installing: /home/jhw0178/ros2_2026_summer_study/ros_ws/install/user_interface/lib/python3.12/site-packages/user_interface-0.1.0-py3.12.egg-info
-- Installing: /home/jhw0178/ros2_2026_summer_study/ros_ws/install/user_interface/lib/python3.12/site-packages/user_interface-0.1.0-py3.12.egg-info/dependency_links.txt
-- Installing: /home/jhw0178/ros2_2026_summer_study/ros_ws/install/user_interface/lib/python3.12/site-packages/user_interface-0.1.0-py3.12.egg-info/SOURCES.txt
-- Installing: /home/jhw0178/ros2_2026_summer_study/ros_ws/install/user_interface/lib/python3.12/site-packages/user_interface-0.1.0-py3.12.egg-info/PKG-INFO
-- Installing: /home/jhw0178/ros2_2026_summer_study/ros_ws/install/user_interface/lib/python3.12/site-packages/user_interface-0.1.0-py3.12.egg-info/top_level.txt
-- Installing: /home/jhw0178/ros2_2026_summer_study/ros_ws/install/user_interface/lib/python3.12/site-packages/user_interface
-- Installing: /home/jhw0178/ros2_2026_summer_study/ros_ws/install/user_interface/lib/python3.12/site-packages/user_interface/srv
-- Installing: /home/jhw0178/ros2_2026_summer_study/ros_ws/install/user_interface/lib/python3.12/site-packages/user_interface/srv/_add_and_odd.py
-- Installing: /home/jhw0178/ros2_2026_summer_study/ros_ws/install/user_interface/lib/python3.12/site-packages/user_interface/srv/_add_and_odd_s.c
-- Installing: /home/jhw0178/ros2_2026_summer_study/ros_ws/install/user_interface/lib/python3.12/site-packages/user_interface/srv/__init__.py
-- Installing: /home/jhw0178/ros2_2026_summer_study/ros_ws/install/user_interface/lib/python3.12/site-packages/user_interface/msg
-- Installing: /home/jhw0178/ros2_2026_summer_study/ros_ws/install/user_interface/lib/python3.12/site-packages/user_interface/msg/_user_int.py
-- Installing: /home/jhw0178/ros2_2026_summer_study/ros_ws/install/user_interface/lib/python3.12/site-packages/user_interface/msg/_user_int_s.c
-- Installing: /home/jhw0178/ros2_2026_summer_study/ros_ws/install/user_interface/lib/python3.12/site-packages/user_interface/msg/__init__.py
-- Installing: /home/jhw0178/ros2_2026_summer_study/ros_ws/install/user_interface/lib/python3.12/site-packages/user_interface/_user_interface_s.ep.rosidl_typesupport_c.c
-- Installing: /home/jhw0178/ros2_2026_summer_study/ros_ws/install/user_interface/lib/python3.12/site-packages/user_interface/_user_interface_s.ep.rosidl_typesupport_fastrtps_c.c
-- Installing: /home/jhw0178/ros2_2026_summer_study/ros_ws/install/user_interface/lib/python3.12/site-packages/user_interface/__init__.py
-- Installing: /home/jhw0178/ros2_2026_summer_study/ros_ws/install/user_interface/lib/python3.12/site-packages/user_interface/_user_interface_s.ep.rosidl_typesupport_introspection_c.c
-- Installing: /home/jhw0178/ros2_2026_summer_study/ros_ws/install/user_interface/lib/python3.12/site-packages/user_interface/user_interface_s__rosidl_typesupport_c.so
-- Installing: /home/jhw0178/ros2_2026_summer_study/ros_ws/install/user_interface/lib/python3.12/site-packages/user_interface/user_interface_s__rosidl_typesupport_introspection_c.so
-- Installing: /home/jhw0178/ros2_2026_summer_study/ros_ws/install/user_interface/lib/python3.12/site-packages/user_interface/user_interface_s__rosidl_typesupport_fastrtps_c.so
Listing '/home/jhw0178/ros2_2026_summer_study/ros_ws/install/user_interface/lib/python3.12/site-packages/user_interface'...
Compiling '/home/jhw0178/ros2_2026_summer_study/ros_ws/install/user_interface/lib/python3.12/site-packages/user_interface/__init__.py'...
Listing '/home/jhw0178/ros2_2026_summer_study/ros_ws/install/user_interface/lib/python3.12/site-packages/user_interface/msg'...
Compiling '/home/jhw0178/ros2_2026_summer_study/ros_ws/install/user_interface/lib/python3.12/site-packages/user_interface/msg/__init__.py'...
Compiling '/home/jhw0178/ros2_2026_summer_study/ros_ws/install/user_interface/lib/python3.12/site-packages/user_interface/msg/_user_int.py'...
Listing '/home/jhw0178/ros2_2026_summer_study/ros_ws/install/user_interface/lib/python3.12/site-packages/user_interface/srv'...
Compiling '/home/jhw0178/ros2_2026_summer_study/ros_ws/install/user_interface/lib/python3.12/site-packages/user_interface/srv/__init__.py'...
Compiling '/home/jhw0178/ros2_2026_summer_study/ros_ws/install/user_interface/lib/python3.12/site-packages/user_interface/srv/_add_and_odd.py'...
-- Installing: /home/jhw0178/ros2_2026_summer_study/ros_ws/install/user_interface/lib/python3.12/site-packages/user_interface/user_interface_s__rosidl_typesupport_fastrtps_c.so
-- Set non-toolchain portion of runtime path of "/home/jhw0178/ros2_2026_summer_study/ros_ws/install/user_interface/lib/python3.12/site-packages/user_interface/user_interface_s__rosidl_typesupport_fastrtps_c.so" to ""
-- Installing: /home/jhw0178/ros2_2026_summer_study/ros_ws/install/user_interface/lib/python3.12/site-packages/user_interface/user_interface_s__rosidl_typesupport_introspection_c.so
-- Set non-toolchain portion of runtime path of "/home/jhw0178/ros2_2026_summer_study/ros_ws/install/user_interface/lib/python3.12/site-packages/user_interface/user_interface_s__rosidl_typesupport_introspection_c.so" to ""
-- Installing: /home/jhw0178/ros2_2026_summer_study/ros_ws/install/user_interface/lib/python3.12/site-packages/user_interface/user_interface_s__rosidl_typesupport_c.so
-- Set non-toolchain portion of runtime path of "/home/jhw0178/ros2_2026_summer_study/ros_ws/install/user_interface/lib/python3.12/site-packages/user_interface/user_interface_s__rosidl_typesupport_c.so" to ""
-- Installing: /home/jhw0178/ros2_2026_summer_study/ros_ws/install/user_interface/lib/libuser_interface__rosidl_generator_py.so
-- Set non-toolchain portion of runtime path of "/home/jhw0178/ros2_2026_summer_study/ros_ws/install/user_interface/lib/libuser_interface__rosidl_generator_py.so" to ""
-- Installing: /home/jhw0178/ros2_2026_summer_study/ros_ws/install/user_interface/share/ament_index/resource_index/rust_packages/user_interface
-- Installing: /home/jhw0178/ros2_2026_summer_study/ros_ws/install/user_interface/share/user_interface/rust
-- Installing: /home/jhw0178/ros2_2026_summer_study/ros_ws/install/user_interface/share/user_interface/rust/Cargo.toml
-- Installing: /home/jhw0178/ros2_2026_summer_study/ros_ws/install/user_interface/share/user_interface/rust/src
-- Installing: /home/jhw0178/ros2_2026_summer_study/ros_ws/install/user_interface/share/user_interface/rust/src/srv
-- Installing: /home/jhw0178/ros2_2026_summer_study/ros_ws/install/user_interface/share/user_interface/rust/src/srv/rmw.rs
-- Installing: /home/jhw0178/ros2_2026_summer_study/ros_ws/install/user_interface/share/user_interface/rust/src/msg
-- Installing: /home/jhw0178/ros2_2026_summer_study/ros_ws/install/user_interface/share/user_interface/rust/src/msg/rmw.rs
-- Installing: /home/jhw0178/ros2_2026_summer_study/ros_ws/install/user_interface/share/user_interface/rust/src/srv.rs
-- Installing: /home/jhw0178/ros2_2026_summer_study/ros_ws/install/user_interface/share/user_interface/rust/src/lib.rs
-- Installing: /home/jhw0178/ros2_2026_summer_study/ros_ws/install/user_interface/share/user_interface/rust/src/msg.rs
-- Installing: /home/jhw0178/ros2_2026_summer_study/ros_ws/install/user_interface/share/user_interface/rust/build.rs
-- Installing: /home/jhw0178/ros2_2026_summer_study/ros_ws/install/user_interface/share/user_interface/msg/UserInt.idl
-- Installing: /home/jhw0178/ros2_2026_summer_study/ros_ws/install/user_interface/share/user_interface/srv/AddAndOdd.idl
-- Installing: /home/jhw0178/ros2_2026_summer_study/ros_ws/install/user_interface/share/user_interface/msg/UserInt.msg
-- Installing: /home/jhw0178/ros2_2026_summer_study/ros_ws/install/user_interface/share/user_interface/srv/AddAndOdd.srv
-- Installing: /home/jhw0178/ros2_2026_summer_study/ros_ws/install/user_interface/share/ament_index/resource_index/package_run_dependencies/user_interface
-- Installing: /home/jhw0178/ros2_2026_summer_study/ros_ws/install/user_interface/share/ament_index/resource_index/parent_prefix_path/user_interface
-- Installing: /home/jhw0178/ros2_2026_summer_study/ros_ws/install/user_interface/share/user_interface/environment/ament_prefix_path.sh
-- Installing: /home/jhw0178/ros2_2026_summer_study/ros_ws/install/user_interface/share/user_interface/environment/ament_prefix_path.dsv
-- Installing: /home/jhw0178/ros2_2026_summer_study/ros_ws/install/user_interface/share/user_interface/environment/path.sh
-- Installing: /home/jhw0178/ros2_2026_summer_study/ros_ws/install/user_interface/share/user_interface/environment/path.dsv
-- Installing: /home/jhw0178/ros2_2026_summer_study/ros_ws/install/user_interface/share/user_interface/local_setup.bash
-- Installing: /home/jhw0178/ros2_2026_summer_study/ros_ws/install/user_interface/share/user_interface/local_setup.sh
-- Installing: /home/jhw0178/ros2_2026_summer_study/ros_ws/install/user_interface/share/user_interface/local_setup.zsh
-- Installing: /home/jhw0178/ros2_2026_summer_study/ros_ws/install/user_interface/share/user_interface/local_setup.dsv
-- Installing: /home/jhw0178/ros2_2026_summer_study/ros_ws/install/user_interface/share/user_interface/package.dsv
-- Installing: /home/jhw0178/ros2_2026_summer_study/ros_ws/install/user_interface/share/ament_index/resource_index/packages/user_interface
-- Installing: /home/jhw0178/ros2_2026_summer_study/ros_ws/install/user_interface/share/user_interface/cmake/export_user_interface__rosidl_generator_cExport.cmake
-- Installing: /home/jhw0178/ros2_2026_summer_study/ros_ws/install/user_interface/share/user_interface/cmake/export_user_interface__rosidl_generator_cExport-noconfig.cmake
-- Installing: /home/jhw0178/ros2_2026_summer_study/ros_ws/install/user_interface/share/user_interface/cmake/export_user_interface__rosidl_typesupport_fastrtps_cExport.cmake
-- Installing: /home/jhw0178/ros2_2026_summer_study/ros_ws/install/user_interface/share/user_interface/cmake/export_user_interface__rosidl_typesupport_fastrtps_cExport-noconfig.cmake
-- Installing: /home/jhw0178/ros2_2026_summer_study/ros_ws/install/user_interface/share/user_interface/cmake/user_interface__rosidl_typesupport_introspection_cExport.cmake
-- Installing: /home/jhw0178/ros2_2026_summer_study/ros_ws/install/user_interface/share/user_interface/cmake/user_interface__rosidl_typesupport_introspection_cExport-noconfig.cmake
-- Installing: /home/jhw0178/ros2_2026_summer_study/ros_ws/install/user_interface/share/user_interface/cmake/user_interface__rosidl_typesupport_cExport.cmake
-- Installing: /home/jhw0178/ros2_2026_summer_study/ros_ws/install/user_interface/share/user_interface/cmake/user_interface__rosidl_typesupport_cExport-noconfig.cmake
-- Installing: /home/jhw0178/ros2_2026_summer_study/ros_ws/install/user_interface/share/user_interface/cmake/export_user_interface__rosidl_generator_cppExport.cmake
-- Installing: /home/jhw0178/ros2_2026_summer_study/ros_ws/install/user_interface/share/user_interface/cmake/export_user_interface__rosidl_typesupport_fastrtps_cppExport.cmake
-- Installing: /home/jhw0178/ros2_2026_summer_study/ros_ws/install/user_interface/share/user_interface/cmake/export_user_interface__rosidl_typesupport_fastrtps_cppExport-noconfig.cmake
-- Installing: /home/jhw0178/ros2_2026_summer_study/ros_ws/install/user_interface/share/user_interface/cmake/user_interface__rosidl_typesupport_introspection_cppExport.cmake
-- Installing: /home/jhw0178/ros2_2026_summer_study/ros_ws/install/user_interface/share/user_interface/cmake/user_interface__rosidl_typesupport_introspection_cppExport-noconfig.cmake
-- Installing: /home/jhw0178/ros2_2026_summer_study/ros_ws/install/user_interface/share/user_interface/cmake/user_interface__rosidl_typesupport_cppExport.cmake
-- Installing: /home/jhw0178/ros2_2026_summer_study/ros_ws/install/user_interface/share/user_interface/cmake/user_interface__rosidl_typesupport_cppExport-noconfig.cmake
-- Installing: /home/jhw0178/ros2_2026_summer_study/ros_ws/install/user_interface/share/user_interface/cmake/export_user_interface__rosidl_generator_pyExport.cmake
-- Installing: /home/jhw0178/ros2_2026_summer_study/ros_ws/install/user_interface/share/user_interface/cmake/export_user_interface__rosidl_generator_pyExport-noconfig.cmake
-- Installing: /home/jhw0178/ros2_2026_summer_study/ros_ws/install/user_interface/share/user_interface/cmake/rosidl_cmake-extras.cmake
-- Installing: /home/jhw0178/ros2_2026_summer_study/ros_ws/install/user_interface/share/user_interface/cmake/ament_cmake_export_dependencies-extras.cmake
-- Installing: /home/jhw0178/ros2_2026_summer_study/ros_ws/install/user_interface/share/user_interface/cmake/ament_cmake_export_include_directories-extras.cmake
-- Installing: /home/jhw0178/ros2_2026_summer_study/ros_ws/install/user_interface/share/user_interface/cmake/ament_cmake_export_libraries-extras.cmake
-- Installing: /home/jhw0178/ros2_2026_summer_study/ros_ws/install/user_interface/share/user_interface/cmake/ament_cmake_export_targets-extras.cmake
-- Installing: /home/jhw0178/ros2_2026_summer_study/ros_ws/install/user_interface/share/user_interface/cmake/rosidl_cmake_export_typesupport_targets-extras.cmake
-- Installing: /home/jhw0178/ros2_2026_summer_study/ros_ws/install/user_interface/share/user_interface/cmake/rosidl_cmake_export_typesupport_libraries-extras.cmake
-- Installing: /home/jhw0178/ros2_2026_summer_study/ros_ws/install/user_interface/share/user_interface/cmake/rosidl_cmake_aggregate_target-extras.cmake
-- Installing: /home/jhw0178/ros2_2026_summer_study/ros_ws/install/user_interface/share/user_interface/cmake/user_interfaceConfig.cmake
-- Installing: /home/jhw0178/ros2_2026_summer_study/ros_ws/install/user_interface/share/user_interface/cmake/user_interfaceConfig-version.cmake
-- Installing: /home/jhw0178/ros2_2026_summer_study/ros_ws/install/user_interface/share/user_interface/package.xml
