running egg_info
creating ../../build/tf2_basic/tf2_basic.egg-info
writing ../../build/tf2_basic/tf2_basic.egg-info/PKG-INFO
writing dependency_links to ../../build/tf2_basic/tf2_basic.egg-info/dependency_links.txt
writing entry points to ../../build/tf2_basic/tf2_basic.egg-info/entry_points.txt
writing requirements to ../../build/tf2_basic/tf2_basic.egg-info/requires.txt
writing top-level names to ../../build/tf2_basic/tf2_basic.egg-info/top_level.txt
writing manifest file '../../build/tf2_basic/tf2_basic.egg-info/SOURCES.txt'
reading manifest file '../../build/tf2_basic/tf2_basic.egg-info/SOURCES.txt'
writing manifest file '../../build/tf2_basic/tf2_basic.egg-info/SOURCES.txt'
running build
running build_py
creating /home/jhw0178/ros2_2026_summer_study/ros_ws/build/tf2_basic/build
creating /home/jhw0178/ros2_2026_summer_study/ros_ws/build/tf2_basic/build/lib
creating /home/jhw0178/ros2_2026_summer_study/ros_ws/build/tf2_basic/build/lib/tf2_basic
copying tf2_basic/tf_listener.py -> /home/jhw0178/ros2_2026_summer_study/ros_ws/build/tf2_basic/build/lib/tf2_basic
copying tf2_basic/dynamic_turtle_tf2_broadcaster.py -> /home/jhw0178/ros2_2026_summer_study/ros_ws/build/tf2_basic/build/lib/tf2_basic
copying tf2_basic/__init__.py -> /home/jhw0178/ros2_2026_summer_study/ros_ws/build/tf2_basic/build/lib/tf2_basic
copying tf2_basic/turtle_tf_listener.py -> /home/jhw0178/ros2_2026_summer_study/ros_ws/build/tf2_basic/build/lib/tf2_basic
copying tf2_basic/static_turtle_tf2_broadcaster.py -> /home/jhw0178/ros2_2026_summer_study/ros_ws/build/tf2_basic/build/lib/tf2_basic
running install
running install_lib
creating /home/jhw0178/ros2_2026_summer_study/ros_ws/install/tf2_basic/lib/python3.12/site-packages/tf2_basic
copying /home/jhw0178/ros2_2026_summer_study/ros_ws/build/tf2_basic/build/lib/tf2_basic/tf_listener.py -> /home/jhw0178/ros2_2026_summer_study/ros_ws/install/tf2_basic/lib/python3.12/site-packages/tf2_basic
copying /home/jhw0178/ros2_2026_summer_study/ros_ws/build/tf2_basic/build/lib/tf2_basic/dynamic_turtle_tf2_broadcaster.py -> /home/jhw0178/ros2_2026_summer_study/ros_ws/install/tf2_basic/lib/python3.12/site-packages/tf2_basic
copying /home/jhw0178/ros2_2026_summer_study/ros_ws/build/tf2_basic/build/lib/tf2_basic/__init__.py -> /home/jhw0178/ros2_2026_summer_study/ros_ws/install/tf2_basic/lib/python3.12/site-packages/tf2_basic
copying /home/jhw0178/ros2_2026_summer_study/ros_ws/build/tf2_basic/build/lib/tf2_basic/turtle_tf_listener.py -> /home/jhw0178/ros2_2026_summer_study/ros_ws/install/tf2_basic/lib/python3.12/site-packages/tf2_basic
copying /home/jhw0178/ros2_2026_summer_study/ros_ws/build/tf2_basic/build/lib/tf2_basic/static_turtle_tf2_broadcaster.py -> /home/jhw0178/ros2_2026_summer_study/ros_ws/install/tf2_basic/lib/python3.12/site-packages/tf2_basic
byte-compiling /home/jhw0178/ros2_2026_summer_study/ros_ws/install/tf2_basic/lib/python3.12/site-packages/tf2_basic/tf_listener.py to tf_listener.cpython-312.pyc
byte-compiling /home/jhw0178/ros2_2026_summer_study/ros_ws/install/tf2_basic/lib/python3.12/site-packages/tf2_basic/dynamic_turtle_tf2_broadcaster.py to dynamic_turtle_tf2_broadcaster.cpython-312.pyc
byte-compiling /home/jhw0178/ros2_2026_summer_study/ros_ws/install/tf2_basic/lib/python3.12/site-packages/tf2_basic/__init__.py to __init__.cpython-312.pyc
byte-compiling /home/jhw0178/ros2_2026_summer_study/ros_ws/install/tf2_basic/lib/python3.12/site-packages/tf2_basic/turtle_tf_listener.py to turtle_tf_listener.cpython-312.pyc
byte-compiling /home/jhw0178/ros2_2026_summer_study/ros_ws/install/tf2_basic/lib/python3.12/site-packages/tf2_basic/static_turtle_tf2_broadcaster.py to static_turtle_tf2_broadcaster.cpython-312.pyc
running install_data
creating /home/jhw0178/ros2_2026_summer_study/ros_ws/install/tf2_basic/share/ament_index
creating /home/jhw0178/ros2_2026_summer_study/ros_ws/install/tf2_basic/share/ament_index/resource_index
creating /home/jhw0178/ros2_2026_summer_study/ros_ws/install/tf2_basic/share/ament_index/resource_index/packages
copying resource/tf2_basic -> /home/jhw0178/ros2_2026_summer_study/ros_ws/install/tf2_basic/share/ament_index/resource_index/packages
copying package.xml -> /home/jhw0178/ros2_2026_summer_study/ros_ws/install/tf2_basic/share/tf2_basic
creating /home/jhw0178/ros2_2026_summer_study/ros_ws/install/tf2_basic/share/tf2_basic/launch
copying launch/display.launch.py -> /home/jhw0178/ros2_2026_summer_study/ros_ws/install/tf2_basic/share/tf2_basic/launch
creating /home/jhw0178/ros2_2026_summer_study/ros_ws/install/tf2_basic/share/tf2_basic/urdf
copying urdf/01_myfirst.urdf -> /home/jhw0178/ros2_2026_summer_study/ros_ws/install/tf2_basic/share/tf2_basic/urdf
creating /home/jhw0178/ros2_2026_summer_study/ros_ws/install/tf2_basic/share/tf2_basic/rviz
copying rviz/urdf.rviz -> /home/jhw0178/ros2_2026_summer_study/ros_ws/install/tf2_basic/share/tf2_basic/rviz
creating /home/jhw0178/ros2_2026_summer_study/ros_ws/install/tf2_basic/share/tf2_basic/meshes
running install_egg_info
Copying ../../build/tf2_basic/tf2_basic.egg-info to /home/jhw0178/ros2_2026_summer_study/ros_ws/install/tf2_basic/lib/python3.12/site-packages/tf2_basic-0.0.0-py3.12.egg-info
running install_scripts
Installing dynamic_turtle_tf2_broadcaster script to /home/jhw0178/ros2_2026_summer_study/ros_ws/install/tf2_basic/lib/tf2_basic
Installing static_turtle_tf2_broadcaster script to /home/jhw0178/ros2_2026_summer_study/ros_ws/install/tf2_basic/lib/tf2_basic
Installing tf_listener script to /home/jhw0178/ros2_2026_summer_study/ros_ws/install/tf2_basic/lib/tf2_basic
writing list of installed files to '/home/jhw0178/ros2_2026_summer_study/ros_ws/build/tf2_basic/install.log'
