[0.744s] Invoking command in '/home/jhw0178/ros2_2026_summer_study/ros_ws/build/user_interface': CMAKE_PREFIX_PATH=${CMAKE_PREFIX_PATH}:/home/jhw0178/ros2_2026_summer_study/ros_ws/install/follow_turtle:/home/jhw0178/ros2_2026_summer_study/ros_ws/install/tf2_basic:/home/jhw0178/ros2_2026_summer_study/ros_ws/install/my_first_package:/home/jhw0178/ros2_2026_summer_study/ros_ws/install/mini_homework1:/opt/ros/jazzy /usr/bin/cmake --build /home/jhw0178/ros2_2026_summer_study/ros_ws/build/user_interface -- -j16 -l16
[0.798s] [  1%] Built target user_interface__rosidl_generator_type_description
[0.804s] [  3%] Built target user_interface__rs
[0.813s] [  3%] Built target ament_cmake_python_copy_user_interface
[0.824s] [  5%] Built target user_interface__cpp
[0.824s] [ 25%] Built target user_interface__rosidl_generator_c
[0.852s] [ 34%] Built target user_interface__rosidl_typesupport_introspection_c
[0.853s] [ 43%] Built target user_interface__rosidl_typesupport_c
[0.855s] [ 52%] Built target user_interface__rosidl_typesupport_fastrtps_c
[0.857s] [ 61%] Built target user_interface__rosidl_typesupport_fastrtps_cpp
[0.858s] [ 80%] Built target user_interface__rosidl_typesupport_introspection_cpp
[0.858s] [ 80%] Built target user_interface__rosidl_typesupport_cpp
[0.878s] [ 80%] Built target user_interface
[0.904s] [ 81%] Built target user_interface__py
[0.932s] [ 89%] Built target user_interface__rosidl_generator_py
[0.955s] [ 92%] Built target user_interface_s__rosidl_typesupport_fastrtps_c
[0.959s] [ 96%] Built target user_interface_s__rosidl_typesupport_introspection_c
[0.961s] [100%] Built target user_interface_s__rosidl_typesupport_c
[1.059s] running egg_info
[1.080s] writing user_interface.egg-info/PKG-INFO
[1.081s] writing dependency_links to user_interface.egg-info/dependency_links.txt
[1.081s] writing top-level names to user_interface.egg-info/top_level.txt
[1.144s] reading manifest file 'user_interface.egg-info/SOURCES.txt'
[1.145s] writing manifest file 'user_interface.egg-info/SOURCES.txt'
[1.185s] [100%] Built target ament_cmake_python_build_user_interface_egg
[1.198s] Invoked command in '/home/jhw0178/ros2_2026_summer_study/ros_ws/build/user_interface' returned '0': CMAKE_PREFIX_PATH=${CMAKE_PREFIX_PATH}:/home/jhw0178/ros2_2026_summer_study/ros_ws/install/follow_turtle:/home/jhw0178/ros2_2026_summer_study/ros_ws/install/tf2_basic:/home/jhw0178/ros2_2026_summer_study/ros_ws/install/my_first_package:/home/jhw0178/ros2_2026_summer_study/ros_ws/install/mini_homework1:/opt/ros/jazzy /usr/bin/cmake --build /home/jhw0178/ros2_2026_summer_study/ros_ws/build/user_interface -- -j16 -l16
[1.212s] Invoking command in '/home/jhw0178/ros2_2026_summer_study/ros_ws/build/user_interface': CMAKE_PREFIX_PATH=${CMAKE_PREFIX_PATH}:/home/jhw0178/ros2_2026_summer_study/ros_ws/install/follow_turtle:/home/jhw0178/ros2_2026_summer_study/ros_ws/install/tf2_basic:/home/jhw0178/ros2_2026_summer_study/ros_ws/install/my_first_package:/home/jhw0178/ros2_2026_summer_study/ros_ws/install/mini_homework1:/opt/ros/jazzy /usr/bin/cmake --install /home/jhw0178/ros2_2026_summer_study/ros_ws/build/user_interface
[1.222s] -- Install configuration: ""
[1.222s] -- Up-to-date: /home/jhw0178/ros2_2026_summer_study/ros_ws/install/user_interface/share/ament_index/resource_index/rosidl_interfaces/user_interface
[1.223s] -- Up-to-date: /home/jhw0178/ros2_2026_summer_study/ros_ws/install/user_interface/share/user_interface/msg/UserInt.json
[1.223s] -- Up-to-date: /home/jhw0178/ros2_2026_summer_study/ros_ws/install/user_interface/share/user_interface/srv/AddAndOdd.json
[1.224s] -- Up-to-date: /home/jhw0178/ros2_2026_summer_study/ros_ws/install/user_interface/share/user_interface/action/Fibonacci.json
[1.224s] -- Up-to-date: /home/jhw0178/ros2_2026_summer_study/ros_ws/install/user_interface/include/user_interface/user_interface
[1.225s] -- Up-to-date: /home/jhw0178/ros2_2026_summer_study/ros_ws/install/user_interface/include/user_interface/user_interface/srv
[1.225s] -- Up-to-date: /home/jhw0178/ros2_2026_summer_study/ros_ws/install/user_interface/include/user_interface/user_interface/srv/detail
[1.226s] -- Up-to-date: /home/jhw0178/ros2_2026_summer_study/ros_ws/install/user_interface/include/user_interface/user_interface/srv/detail/add_and_odd__description.c
[1.226s] -- Up-to-date: /home/jhw0178/ros2_2026_summer_study/ros_ws/install/user_interface/include/user_interface/user_interface/srv/detail/add_and_odd__type_support.h
[1.227s] -- Up-to-date: /home/jhw0178/ros2_2026_summer_study/ros_ws/install/user_interface/include/user_interface/user_interface/srv/detail/add_and_odd__struct.h
[1.227s] -- Up-to-date: /home/jhw0178/ros2_2026_summer_study/ros_ws/install/user_interface/include/user_interface/user_interface/srv/detail/add_and_odd__functions.c
[1.228s] -- Up-to-date: /home/jhw0178/ros2_2026_summer_study/ros_ws/install/user_interface/include/user_interface/user_interface/srv/detail/add_and_odd__type_support.c
[1.228s] -- Up-to-date: /home/jhw0178/ros2_2026_summer_study/ros_ws/install/user_interface/include/user_interface/user_interface/srv/detail/add_and_odd__functions.h
[1.229s] -- Up-to-date: /home/jhw0178/ros2_2026_summer_study/ros_ws/install/user_interface/include/user_interface/user_interface/srv/add_and_odd.h
[1.229s] -- Up-to-date: /home/jhw0178/ros2_2026_summer_study/ros_ws/install/user_interface/include/user_interface/user_interface/msg
[1.229s] -- Up-to-date: /home/jhw0178/ros2_2026_summer_study/ros_ws/install/user_interface/include/user_interface/user_interface/msg/user_int.h
[1.229s] -- Up-to-date: /home/jhw0178/ros2_2026_summer_study/ros_ws/install/user_interface/include/user_interface/user_interface/msg/rosidl_generator_c__visibility_control.h
[1.229s] -- Up-to-date: /home/jhw0178/ros2_2026_summer_study/ros_ws/install/user_interface/include/user_interface/user_interface/msg/detail
[1.229s] -- Up-to-date: /home/jhw0178/ros2_2026_summer_study/ros_ws/install/user_interface/include/user_interface/user_interface/msg/detail/user_int__struct.h
[1.230s] -- Up-to-date: /home/jhw0178/ros2_2026_summer_study/ros_ws/install/user_interface/include/user_interface/user_interface/msg/detail/user_int__type_support.c
[1.230s] -- Up-to-date: /home/jhw0178/ros2_2026_summer_study/ros_ws/install/user_interface/include/user_interface/user_interface/msg/detail/user_int__functions.c
[1.230s] -- Up-to-date: /home/jhw0178/ros2_2026_summer_study/ros_ws/install/user_interface/include/user_interface/user_interface/msg/detail/user_int__description.c
[1.230s] -- Up-to-date: /home/jhw0178/ros2_2026_summer_study/ros_ws/install/user_interface/include/user_interface/user_interface/msg/detail/user_int__functions.h
[1.230s] -- Up-to-date: /home/jhw0178/ros2_2026_summer_study/ros_ws/install/user_interface/include/user_interface/user_interface/msg/detail/user_int__type_support.h
[1.230s] -- Up-to-date: /home/jhw0178/ros2_2026_summer_study/ros_ws/install/user_interface/include/user_interface/user_interface/action
[1.230s] -- Up-to-date: /home/jhw0178/ros2_2026_summer_study/ros_ws/install/user_interface/include/user_interface/user_interface/action/detail
[1.230s] -- Up-to-date: /home/jhw0178/ros2_2026_summer_study/ros_ws/install/user_interface/include/user_interface/user_interface/action/detail/fibonacci__struct.h
[1.231s] -- Up-to-date: /home/jhw0178/ros2_2026_summer_study/ros_ws/install/user_interface/include/user_interface/user_interface/action/detail/fibonacci__type_support.c
[1.231s] -- Up-to-date: /home/jhw0178/ros2_2026_summer_study/ros_ws/install/user_interface/include/user_interface/user_interface/action/detail/fibonacci__description.c
[1.231s] -- Up-to-date: /home/jhw0178/ros2_2026_summer_study/ros_ws/install/user_interface/include/user_interface/user_interface/action/detail/fibonacci__type_support.h
[1.231s] -- Up-to-date: /home/jhw0178/ros2_2026_summer_study/ros_ws/install/user_interface/include/user_interface/user_interface/action/detail/fibonacci__functions.h
[1.231s] -- Up-to-date: /home/jhw0178/ros2_2026_summer_study/ros_ws/install/user_interface/include/user_interface/user_interface/action/detail/fibonacci__functions.c
[1.231s] -- Up-to-date: /home/jhw0178/ros2_2026_summer_study/ros_ws/install/user_interface/include/user_interface/user_interface/action/fibonacci.h
[1.232s] -- Up-to-date: /home/jhw0178/ros2_2026_summer_study/ros_ws/install/user_interface/share/user_interface/environment/library_path.sh
[1.233s] -- Up-to-date: /home/jhw0178/ros2_2026_summer_study/ros_ws/install/user_interface/share/user_interface/environment/library_path.dsv
[1.233s] -- Up-to-date: /home/jhw0178/ros2_2026_summer_study/ros_ws/install/user_interface/lib/libuser_interface__rosidl_generator_c.so
[1.233s] -- Up-to-date: /home/jhw0178/ros2_2026_summer_study/ros_ws/install/user_interface/include/user_interface/user_interface
[1.233s] -- Up-to-date: /home/jhw0178/ros2_2026_summer_study/ros_ws/install/user_interface/include/user_interface/user_interface/srv
[1.233s] -- Up-to-date: /home/jhw0178/ros2_2026_summer_study/ros_ws/install/user_interface/include/user_interface/user_interface/srv/detail
[1.233s] -- Up-to-date: /home/jhw0178/ros2_2026_summer_study/ros_ws/install/user_interface/include/user_interface/user_interface/srv/detail/add_and_odd__rosidl_typesupport_fastrtps_c.h
[1.233s] -- Up-to-date: /home/jhw0178/ros2_2026_summer_study/ros_ws/install/user_interface/include/user_interface/user_interface/msg
[1.234s] -- Up-to-date: /home/jhw0178/ros2_2026_summer_study/ros_ws/install/user_interface/include/user_interface/user_interface/msg/rosidl_typesupport_fastrtps_c__visibility_control.h
[1.234s] -- Up-to-date: /home/jhw0178/ros2_2026_summer_study/ros_ws/install/user_interface/include/user_interface/user_interface/msg/detail
[1.234s] -- Up-to-date: /home/jhw0178/ros2_2026_summer_study/ros_ws/install/user_interface/include/user_interface/user_interface/msg/detail/user_int__rosidl_typesupport_fastrtps_c.h
[1.234s] -- Up-to-date: /home/jhw0178/ros2_2026_summer_study/ros_ws/install/user_interface/include/user_interface/user_interface/action
[1.235s] -- Up-to-date: /home/jhw0178/ros2_2026_summer_study/ros_ws/install/user_interface/include/user_interface/user_interface/action/detail
[1.235s] -- Up-to-date: /home/jhw0178/ros2_2026_summer_study/ros_ws/install/user_interface/include/user_interface/user_interface/action/detail/fibonacci__rosidl_typesupport_fastrtps_c.h
[1.235s] -- Up-to-date: /home/jhw0178/ros2_2026_summer_study/ros_ws/install/user_interface/lib/libuser_interface__rosidl_typesupport_fastrtps_c.so
[1.235s] -- Up-to-date: /home/jhw0178/ros2_2026_summer_study/ros_ws/install/user_interface/include/user_interface/user_interface
[1.236s] -- Up-to-date: /home/jhw0178/ros2_2026_summer_study/ros_ws/install/user_interface/include/user_interface/user_interface/srv
[1.236s] -- Up-to-date: /home/jhw0178/ros2_2026_summer_study/ros_ws/install/user_interface/include/user_interface/user_interface/srv/detail
[1.236s] -- Up-to-date: /home/jhw0178/ros2_2026_summer_study/ros_ws/install/user_interface/include/user_interface/user_interface/srv/detail/add_and_odd__type_support.c
[1.236s] -- Up-to-date: /home/jhw0178/ros2_2026_summer_study/ros_ws/install/user_interface/include/user_interface/user_interface/srv/detail/add_and_odd__rosidl_typesupport_introspection_c.h
[1.236s] -- Up-to-date: /home/jhw0178/ros2_2026_summer_study/ros_ws/install/user_interface/include/user_interface/user_interface/msg
[1.236s] -- Up-to-date: /home/jhw0178/ros2_2026_summer_study/ros_ws/install/user_interface/include/user_interface/user_interface/msg/detail
[1.236s] -- Up-to-date: /home/jhw0178/ros2_2026_summer_study/ros_ws/install/user_interface/include/user_interface/user_interface/msg/detail/user_int__type_support.c
[1.236s] -- Up-to-date: /home/jhw0178/ros2_2026_summer_study/ros_ws/install/user_interface/include/user_interface/user_interface/msg/detail/user_int__rosidl_typesupport_introspection_c.h
[1.236s] -- Up-to-date: /home/jhw0178/ros2_2026_summer_study/ros_ws/install/user_interface/include/user_interface/user_interface/msg/rosidl_typesupport_introspection_c__visibility_control.h
[1.236s] -- Up-to-date: /home/jhw0178/ros2_2026_summer_study/ros_ws/install/user_interface/include/user_interface/user_interface/action
[1.236s] -- Up-to-date: /home/jhw0178/ros2_2026_summer_study/ros_ws/install/user_interface/include/user_interface/user_interface/action/detail
[1.236s] -- Up-to-date: /home/jhw0178/ros2_2026_summer_study/ros_ws/install/user_interface/include/user_interface/user_interface/action/detail/fibonacci__type_support.c
[1.236s] -- Up-to-date: /home/jhw0178/ros2_2026_summer_study/ros_ws/install/user_interface/include/user_interface/user_interface/action/detail/fibonacci__rosidl_typesupport_introspection_c.h
[1.236s] -- Up-to-date: /home/jhw0178/ros2_2026_summer_study/ros_ws/install/user_interface/lib/libuser_interface__rosidl_typesupport_introspection_c.so
[1.236s] -- Up-to-date: /home/jhw0178/ros2_2026_summer_study/ros_ws/install/user_interface/lib/libuser_interface__rosidl_typesupport_c.so
[1.237s] -- Up-to-date: /home/jhw0178/ros2_2026_summer_study/ros_ws/install/user_interface/include/user_interface/user_interface
[1.237s] -- Up-to-date: /home/jhw0178/ros2_2026_summer_study/ros_ws/install/user_interface/include/user_interface/user_interface/srv
[1.237s] -- Up-to-date: /home/jhw0178/ros2_2026_summer_study/ros_ws/install/user_interface/include/user_interface/user_interface/srv/add_and_odd.hpp
[1.237s] -- Up-to-date: /home/jhw0178/ros2_2026_summer_study/ros_ws/install/user_interface/include/user_interface/user_interface/srv/detail
[1.237s] -- Up-to-date: /home/jhw0178/ros2_2026_summer_study/ros_ws/install/user_interface/include/user_interface/user_interface/srv/detail/add_and_odd__builder.hpp
[1.237s] -- Up-to-date: /home/jhw0178/ros2_2026_summer_study/ros_ws/install/user_interface/include/user_interface/user_interface/srv/detail/add_and_odd__traits.hpp
[1.237s] -- Up-to-date: /home/jhw0178/ros2_2026_summer_study/ros_ws/install/user_interface/include/user_interface/user_interface/srv/detail/add_and_odd__type_support.hpp
[1.237s] -- Up-to-date: /home/jhw0178/ros2_2026_summer_study/ros_ws/install/user_interface/include/user_interface/user_interface/srv/detail/add_and_odd__struct.hpp
[1.237s] -- Up-to-date: /home/jhw0178/ros2_2026_summer_study/ros_ws/install/user_interface/include/user_interface/user_interface/msg
[1.237s] -- Up-to-date: /home/jhw0178/ros2_2026_summer_study/ros_ws/install/user_interface/include/user_interface/user_interface/msg/rosidl_generator_cpp__visibility_control.hpp
[1.237s] -- Up-to-date: /home/jhw0178/ros2_2026_summer_study/ros_ws/install/user_interface/include/user_interface/user_interface/msg/detail
[1.237s] -- Up-to-date: /home/jhw0178/ros2_2026_summer_study/ros_ws/install/user_interface/include/user_interface/user_interface/msg/detail/user_int__struct.hpp
[1.237s] -- Up-to-date: /home/jhw0178/ros2_2026_summer_study/ros_ws/install/user_interface/include/user_interface/user_interface/msg/detail/user_int__builder.hpp
[1.237s] -- Up-to-date: /home/jhw0178/ros2_2026_summer_study/ros_ws/install/user_interface/include/user_interface/user_interface/msg/detail/user_int__traits.hpp
[1.237s] -- Up-to-date: /home/jhw0178/ros2_2026_summer_study/ros_ws/install/user_interface/include/user_interface/user_interface/msg/detail/user_int__type_support.hpp
[1.237s] -- Up-to-date: /home/jhw0178/ros2_2026_summer_study/ros_ws/install/user_interface/include/user_interface/user_interface/msg/user_int.hpp
[1.237s] -- Up-to-date: /home/jhw0178/ros2_2026_summer_study/ros_ws/install/user_interface/include/user_interface/user_interface/action
[1.237s] -- Up-to-date: /home/jhw0178/ros2_2026_summer_study/ros_ws/install/user_interface/include/user_interface/user_interface/action/detail
[1.237s] -- Up-to-date: /home/jhw0178/ros2_2026_summer_study/ros_ws/install/user_interface/include/user_interface/user_interface/action/detail/fibonacci__struct.hpp
[1.237s] -- Up-to-date: /home/jhw0178/ros2_2026_summer_study/ros_ws/install/user_interface/include/user_interface/user_interface/action/detail/fibonacci__builder.hpp
[1.238s] -- Up-to-date: /home/jhw0178/ros2_2026_summer_study/ros_ws/install/user_interface/include/user_interface/user_interface/action/detail/fibonacci__type_support.hpp
[1.238s] -- Up-to-date: /home/jhw0178/ros2_2026_summer_study/ros_ws/install/user_interface/include/user_interface/user_interface/action/detail/fibonacci__traits.hpp
[1.238s] -- Up-to-date: /home/jhw0178/ros2_2026_summer_study/ros_ws/install/user_interface/include/user_interface/user_interface/action/fibonacci.hpp
[1.238s] -- Up-to-date: /home/jhw0178/ros2_2026_summer_study/ros_ws/install/user_interface/include/user_interface/user_interface
[1.238s] -- Up-to-date: /home/jhw0178/ros2_2026_summer_study/ros_ws/install/user_interface/include/user_interface/user_interface/srv
[1.238s] -- Up-to-date: /home/jhw0178/ros2_2026_summer_study/ros_ws/install/user_interface/include/user_interface/user_interface/srv/detail
[1.238s] -- Up-to-date: /home/jhw0178/ros2_2026_summer_study/ros_ws/install/user_interface/include/user_interface/user_interface/srv/detail/add_and_odd__rosidl_typesupport_fastrtps_cpp.hpp
[1.238s] -- Up-to-date: /home/jhw0178/ros2_2026_summer_study/ros_ws/install/user_interface/include/user_interface/user_interface/srv/detail/dds_fastrtps
[1.238s] -- Up-to-date: /home/jhw0178/ros2_2026_summer_study/ros_ws/install/user_interface/include/user_interface/user_interface/msg
[1.238s] -- Up-to-date: /home/jhw0178/ros2_2026_summer_study/ros_ws/install/user_interface/include/user_interface/user_interface/msg/rosidl_typesupport_fastrtps_cpp__visibility_control.h
[1.238s] -- Up-to-date: /home/jhw0178/ros2_2026_summer_study/ros_ws/install/user_interface/include/user_interface/user_interface/msg/detail
[1.238s] -- Up-to-date: /home/jhw0178/ros2_2026_summer_study/ros_ws/install/user_interface/include/user_interface/user_interface/msg/detail/user_int__rosidl_typesupport_fastrtps_cpp.hpp
[1.238s] -- Up-to-date: /home/jhw0178/ros2_2026_summer_study/ros_ws/install/user_interface/include/user_interface/user_interface/msg/detail/dds_fastrtps
[1.238s] -- Up-to-date: /home/jhw0178/ros2_2026_summer_study/ros_ws/install/user_interface/include/user_interface/user_interface/action
[1.238s] -- Up-to-date: /home/jhw0178/ros2_2026_summer_study/ros_ws/install/user_interface/include/user_interface/user_interface/action/detail
[1.238s] -- Up-to-date: /home/jhw0178/ros2_2026_summer_study/ros_ws/install/user_interface/include/user_interface/user_interface/action/detail/fibonacci__rosidl_typesupport_fastrtps_cpp.hpp
[1.238s] -- Up-to-date: /home/jhw0178/ros2_2026_summer_study/ros_ws/install/user_interface/include/user_interface/user_interface/action/detail/dds_fastrtps
[1.238s] -- Up-to-date: /home/jhw0178/ros2_2026_summer_study/ros_ws/install/user_interface/lib/libuser_interface__rosidl_typesupport_fastrtps_cpp.so
[1.238s] -- Up-to-date: /home/jhw0178/ros2_2026_summer_study/ros_ws/install/user_interface/include/user_interface/user_interface
[1.238s] -- Up-to-date: /home/jhw0178/ros2_2026_summer_study/ros_ws/install/user_interface/include/user_interface/user_interface/srv
[1.238s] -- Up-to-date: /home/jhw0178/ros2_2026_summer_study/ros_ws/install/user_interface/include/user_interface/user_interface/srv/detail
[1.238s] -- Up-to-date: /home/jhw0178/ros2_2026_summer_study/ros_ws/install/user_interface/include/user_interface/user_interface/srv/detail/add_and_odd__rosidl_typesupport_introspection_cpp.hpp
[1.239s] -- Up-to-date: /home/jhw0178/ros2_2026_summer_study/ros_ws/install/user_interface/include/user_interface/user_interface/srv/detail/add_and_odd__type_support.cpp
[1.239s] -- Up-to-date: /home/jhw0178/ros2_2026_summer_study/ros_ws/install/user_interface/include/user_interface/user_interface/msg
[1.239s] -- Up-to-date: /home/jhw0178/ros2_2026_summer_study/ros_ws/install/user_interface/include/user_interface/user_interface/msg/detail
[1.239s] -- Up-to-date: /home/jhw0178/ros2_2026_summer_study/ros_ws/install/user_interface/include/user_interface/user_interface/msg/detail/user_int__rosidl_typesupport_introspection_cpp.hpp
[1.239s] -- Up-to-date: /home/jhw0178/ros2_2026_summer_study/ros_ws/install/user_interface/include/user_interface/user_interface/msg/detail/user_int__type_support.cpp
[1.239s] -- Up-to-date: /home/jhw0178/ros2_2026_summer_study/ros_ws/install/user_interface/include/user_interface/user_interface/action
[1.239s] -- Up-to-date: /home/jhw0178/ros2_2026_summer_study/ros_ws/install/user_interface/include/user_interface/user_interface/action/detail
[1.239s] -- Up-to-date: /home/jhw0178/ros2_2026_summer_study/ros_ws/install/user_interface/include/user_interface/user_interface/action/detail/fibonacci__rosidl_typesupport_introspection_cpp.hpp
[1.239s] -- Up-to-date: /home/jhw0178/ros2_2026_summer_study/ros_ws/install/user_interface/include/user_interface/user_interface/action/detail/fibonacci__type_support.cpp
[1.239s] -- Up-to-date: /home/jhw0178/ros2_2026_summer_study/ros_ws/install/user_interface/lib/libuser_interface__rosidl_typesupport_introspection_cpp.so
[1.239s] -- Up-to-date: /home/jhw0178/ros2_2026_summer_study/ros_ws/install/user_interface/lib/libuser_interface__rosidl_typesupport_cpp.so
[1.239s] -- Up-to-date: /home/jhw0178/ros2_2026_summer_study/ros_ws/install/user_interface/share/user_interface/environment/pythonpath.sh
[1.239s] -- Up-to-date: /home/jhw0178/ros2_2026_summer_study/ros_ws/install/user_interface/share/user_interface/environment/pythonpath.dsv
[1.239s] -- Up-to-date: /home/jhw0178/ros2_2026_summer_study/ros_ws/install/user_interface/lib/python3.12/site-packages/user_interface-0.1.0-py3.12.egg-info
[1.239s] -- Installing: /home/jhw0178/ros2_2026_summer_study/ros_ws/install/user_interface/lib/python3.12/site-packages/user_interface-0.1.0-py3.12.egg-info/dependency_links.txt
[1.239s] -- Installing: /home/jhw0178/ros2_2026_summer_study/ros_ws/install/user_interface/lib/python3.12/site-packages/user_interface-0.1.0-py3.12.egg-info/SOURCES.txt
[1.239s] -- Installing: /home/jhw0178/ros2_2026_summer_study/ros_ws/install/user_interface/lib/python3.12/site-packages/user_interface-0.1.0-py3.12.egg-info/PKG-INFO
[1.239s] -- Installing: /home/jhw0178/ros2_2026_summer_study/ros_ws/install/user_interface/lib/python3.12/site-packages/user_interface-0.1.0-py3.12.egg-info/top_level.txt
[1.239s] -- Up-to-date: /home/jhw0178/ros2_2026_summer_study/ros_ws/install/user_interface/lib/python3.12/site-packages/user_interface
[1.239s] -- Up-to-date: /home/jhw0178/ros2_2026_summer_study/ros_ws/install/user_interface/lib/python3.12/site-packages/user_interface/srv
[1.239s] -- Up-to-date: /home/jhw0178/ros2_2026_summer_study/ros_ws/install/user_interface/lib/python3.12/site-packages/user_interface/srv/_add_and_odd.py
[1.239s] -- Up-to-date: /home/jhw0178/ros2_2026_summer_study/ros_ws/install/user_interface/lib/python3.12/site-packages/user_interface/srv/_add_and_odd_s.c
[1.239s] -- Up-to-date: /home/jhw0178/ros2_2026_summer_study/ros_ws/install/user_interface/lib/python3.12/site-packages/user_interface/srv/__init__.py
[1.239s] -- Up-to-date: /home/jhw0178/ros2_2026_summer_study/ros_ws/install/user_interface/lib/python3.12/site-packages/user_interface/msg
[1.240s] -- Up-to-date: /home/jhw0178/ros2_2026_summer_study/ros_ws/install/user_interface/lib/python3.12/site-packages/user_interface/msg/_user_int.py
[1.240s] -- Up-to-date: /home/jhw0178/ros2_2026_summer_study/ros_ws/install/user_interface/lib/python3.12/site-packages/user_interface/msg/_user_int_s.c
[1.240s] -- Up-to-date: /home/jhw0178/ros2_2026_summer_study/ros_ws/install/user_interface/lib/python3.12/site-packages/user_interface/msg/__init__.py
[1.240s] -- Up-to-date: /home/jhw0178/ros2_2026_summer_study/ros_ws/install/user_interface/lib/python3.12/site-packages/user_interface/_user_interface_s.ep.rosidl_typesupport_c.c
[1.240s] -- Up-to-date: /home/jhw0178/ros2_2026_summer_study/ros_ws/install/user_interface/lib/python3.12/site-packages/user_interface/_user_interface_s.ep.rosidl_typesupport_fastrtps_c.c
[1.240s] -- Up-to-date: /home/jhw0178/ros2_2026_summer_study/ros_ws/install/user_interface/lib/python3.12/site-packages/user_interface/action
[1.240s] -- Up-to-date: /home/jhw0178/ros2_2026_summer_study/ros_ws/install/user_interface/lib/python3.12/site-packages/user_interface/action/_fibonacci.py
[1.240s] -- Up-to-date: /home/jhw0178/ros2_2026_summer_study/ros_ws/install/user_interface/lib/python3.12/site-packages/user_interface/action/_fibonacci_s.c
[1.240s] -- Up-to-date: /home/jhw0178/ros2_2026_summer_study/ros_ws/install/user_interface/lib/python3.12/site-packages/user_interface/action/__init__.py
[1.240s] -- Up-to-date: /home/jhw0178/ros2_2026_summer_study/ros_ws/install/user_interface/lib/python3.12/site-packages/user_interface/__init__.py
[1.240s] -- Up-to-date: /home/jhw0178/ros2_2026_summer_study/ros_ws/install/user_interface/lib/python3.12/site-packages/user_interface/_user_interface_s.ep.rosidl_typesupport_introspection_c.c
[1.240s] -- Up-to-date: /home/jhw0178/ros2_2026_summer_study/ros_ws/install/user_interface/lib/python3.12/site-packages/user_interface/user_interface_s__rosidl_typesupport_c.so
[1.240s] -- Up-to-date: /home/jhw0178/ros2_2026_summer_study/ros_ws/install/user_interface/lib/python3.12/site-packages/user_interface/user_interface_s__rosidl_typesupport_introspection_c.so
[1.240s] -- Up-to-date: /home/jhw0178/ros2_2026_summer_study/ros_ws/install/user_interface/lib/python3.12/site-packages/user_interface/user_interface_s__rosidl_typesupport_fastrtps_c.so
[1.278s] Listing '/home/jhw0178/ros2_2026_summer_study/ros_ws/install/user_interface/lib/python3.12/site-packages/user_interface'...
[1.278s] Listing '/home/jhw0178/ros2_2026_summer_study/ros_ws/install/user_interface/lib/python3.12/site-packages/user_interface/action'...
[1.278s] Listing '/home/jhw0178/ros2_2026_summer_study/ros_ws/install/user_interface/lib/python3.12/site-packages/user_interface/msg'...
[1.278s] Listing '/home/jhw0178/ros2_2026_summer_study/ros_ws/install/user_interface/lib/python3.12/site-packages/user_interface/srv'...
[1.284s] -- Up-to-date: /home/jhw0178/ros2_2026_summer_study/ros_ws/install/user_interface/lib/python3.12/site-packages/user_interface/user_interface_s__rosidl_typesupport_fastrtps_c.so
[1.285s] -- Up-to-date: /home/jhw0178/ros2_2026_summer_study/ros_ws/install/user_interface/lib/python3.12/site-packages/user_interface/user_interface_s__rosidl_typesupport_introspection_c.so
[1.285s] -- Up-to-date: /home/jhw0178/ros2_2026_summer_study/ros_ws/install/user_interface/lib/python3.12/site-packages/user_interface/user_interface_s__rosidl_typesupport_c.so
[1.285s] -- Up-to-date: /home/jhw0178/ros2_2026_summer_study/ros_ws/install/user_interface/lib/libuser_interface__rosidl_generator_py.so
[1.286s] -- Up-to-date: /home/jhw0178/ros2_2026_summer_study/ros_ws/install/user_interface/share/ament_index/resource_index/rust_packages/user_interface
[1.287s] -- Up-to-date: /home/jhw0178/ros2_2026_summer_study/ros_ws/install/user_interface/share/user_interface/rust
[1.287s] -- Up-to-date: /home/jhw0178/ros2_2026_summer_study/ros_ws/install/user_interface/share/user_interface/rust/Cargo.toml
[1.287s] -- Up-to-date: /home/jhw0178/ros2_2026_summer_study/ros_ws/install/user_interface/share/user_interface/rust/src
[1.288s] -- Up-to-date: /home/jhw0178/ros2_2026_summer_study/ros_ws/install/user_interface/share/user_interface/rust/src/srv
[1.288s] -- Up-to-date: /home/jhw0178/ros2_2026_summer_study/ros_ws/install/user_interface/share/user_interface/rust/src/srv/rmw.rs
[1.289s] -- Up-to-date: /home/jhw0178/ros2_2026_summer_study/ros_ws/install/user_interface/share/user_interface/rust/src/msg
[1.290s] -- Up-to-date: /home/jhw0178/ros2_2026_summer_study/ros_ws/install/user_interface/share/user_interface/rust/src/msg/rmw.rs
[1.290s] -- Up-to-date: /home/jhw0178/ros2_2026_summer_study/ros_ws/install/user_interface/share/user_interface/rust/src/action
[1.290s] -- Up-to-date: /home/jhw0178/ros2_2026_summer_study/ros_ws/install/user_interface/share/user_interface/rust/src/action/rmw.rs
[1.290s] -- Up-to-date: /home/jhw0178/ros2_2026_summer_study/ros_ws/install/user_interface/share/user_interface/rust/src/action.rs
[1.291s] -- Up-to-date: /home/jhw0178/ros2_2026_summer_study/ros_ws/install/user_interface/share/user_interface/rust/src/srv.rs
[1.291s] -- Up-to-date: /home/jhw0178/ros2_2026_summer_study/ros_ws/install/user_interface/share/user_interface/rust/src/lib.rs
[1.292s] -- Up-to-date: /home/jhw0178/ros2_2026_summer_study/ros_ws/install/user_interface/share/user_interface/rust/src/msg.rs
[1.292s] -- Up-to-date: /home/jhw0178/ros2_2026_summer_study/ros_ws/install/user_interface/share/user_interface/rust/build.rs
[1.292s] -- Up-to-date: /home/jhw0178/ros2_2026_summer_study/ros_ws/install/user_interface/share/user_interface/msg/UserInt.idl
[1.292s] -- Up-to-date: /home/jhw0178/ros2_2026_summer_study/ros_ws/install/user_interface/share/user_interface/srv/AddAndOdd.idl
[1.293s] -- Up-to-date: /home/jhw0178/ros2_2026_summer_study/ros_ws/install/user_interface/share/user_interface/action/Fibonacci.idl
[1.293s] -- Up-to-date: /home/jhw0178/ros2_2026_summer_study/ros_ws/install/user_interface/share/user_interface/msg/UserInt.msg
[1.293s] -- Up-to-date: /home/jhw0178/ros2_2026_summer_study/ros_ws/install/user_interface/share/user_interface/srv/AddAndOdd.srv
[1.293s] -- Up-to-date: /home/jhw0178/ros2_2026_summer_study/ros_ws/install/user_interface/share/user_interface/action/Fibonacci.action
[1.293s] -- Up-to-date: /home/jhw0178/ros2_2026_summer_study/ros_ws/install/user_interface/share/ament_index/resource_index/package_run_dependencies/user_interface
[1.293s] -- Up-to-date: /home/jhw0178/ros2_2026_summer_study/ros_ws/install/user_interface/share/ament_index/resource_index/parent_prefix_path/user_interface
[1.293s] -- Up-to-date: /home/jhw0178/ros2_2026_summer_study/ros_ws/install/user_interface/share/user_interface/environment/ament_prefix_path.sh
[1.293s] -- Up-to-date: /home/jhw0178/ros2_2026_summer_study/ros_ws/install/user_interface/share/user_interface/environment/ament_prefix_path.dsv
[1.293s] -- Up-to-date: /home/jhw0178/ros2_2026_summer_study/ros_ws/install/user_interface/share/user_interface/environment/path.sh
[1.293s] -- Up-to-date: /home/jhw0178/ros2_2026_summer_study/ros_ws/install/user_interface/share/user_interface/environment/path.dsv
[1.293s] -- Up-to-date: /home/jhw0178/ros2_2026_summer_study/ros_ws/install/user_interface/share/user_interface/local_setup.bash
[1.293s] -- Up-to-date: /home/jhw0178/ros2_2026_summer_study/ros_ws/install/user_interface/share/user_interface/local_setup.sh
[1.294s] -- Up-to-date: /home/jhw0178/ros2_2026_summer_study/ros_ws/install/user_interface/share/user_interface/local_setup.zsh
[1.294s] -- Up-to-date: /home/jhw0178/ros2_2026_summer_study/ros_ws/install/user_interface/share/user_interface/local_setup.dsv
[1.294s] -- Installing: /home/jhw0178/ros2_2026_summer_study/ros_ws/install/user_interface/share/user_interface/package.dsv
[1.294s] -- Up-to-date: /home/jhw0178/ros2_2026_summer_study/ros_ws/install/user_interface/share/ament_index/resource_index/packages/user_interface
[1.294s] -- Up-to-date: /home/jhw0178/ros2_2026_summer_study/ros_ws/install/user_interface/share/user_interface/cmake/export_user_interface__rosidl_generator_cExport.cmake
[1.294s] -- Up-to-date: /home/jhw0178/ros2_2026_summer_study/ros_ws/install/user_interface/share/user_interface/cmake/export_user_interface__rosidl_generator_cExport-noconfig.cmake
[1.294s] -- Up-to-date: /home/jhw0178/ros2_2026_summer_study/ros_ws/install/user_interface/share/user_interface/cmake/export_user_interface__rosidl_typesupport_fastrtps_cExport.cmake
[1.294s] -- Up-to-date: /home/jhw0178/ros2_2026_summer_study/ros_ws/install/user_interface/share/user_interface/cmake/export_user_interface__rosidl_typesupport_fastrtps_cExport-noconfig.cmake
[1.296s] -- Up-to-date: /home/jhw0178/ros2_2026_summer_study/ros_ws/install/user_interface/share/user_interface/cmake/user_interface__rosidl_typesupport_introspection_cExport.cmake
[1.297s] -- Up-to-date: /home/jhw0178/ros2_2026_summer_study/ros_ws/install/user_interface/share/user_interface/cmake/user_interface__rosidl_typesupport_introspection_cExport-noconfig.cmake
[1.298s] -- Up-to-date: /home/jhw0178/ros2_2026_summer_study/ros_ws/install/user_interface/share/user_interface/cmake/user_interface__rosidl_typesupport_cExport.cmake
[1.299s] -- Up-to-date: /home/jhw0178/ros2_2026_summer_study/ros_ws/install/user_interface/share/user_interface/cmake/user_interface__rosidl_typesupport_cExport-noconfig.cmake
[1.299s] -- Up-to-date: /home/jhw0178/ros2_2026_summer_study/ros_ws/install/user_interface/share/user_interface/cmake/export_user_interface__rosidl_generator_cppExport.cmake
[1.299s] -- Up-to-date: /home/jhw0178/ros2_2026_summer_study/ros_ws/install/user_interface/share/user_interface/cmake/export_user_interface__rosidl_typesupport_fastrtps_cppExport.cmake
[1.300s] -- Up-to-date: /home/jhw0178/ros2_2026_summer_study/ros_ws/install/user_interface/share/user_interface/cmake/export_user_interface__rosidl_typesupport_fastrtps_cppExport-noconfig.cmake
[1.300s] -- Up-to-date: /home/jhw0178/ros2_2026_summer_study/ros_ws/install/user_interface/share/user_interface/cmake/user_interface__rosidl_typesupport_introspection_cppExport.cmake
[1.301s] -- Up-to-date: /home/jhw0178/ros2_2026_summer_study/ros_ws/install/user_interface/share/user_interface/cmake/user_interface__rosidl_typesupport_introspection_cppExport-noconfig.cmake
[1.301s] -- Up-to-date: /home/jhw0178/ros2_2026_summer_study/ros_ws/install/user_interface/share/user_interface/cmake/user_interface__rosidl_typesupport_cppExport.cmake
[1.301s] -- Up-to-date: /home/jhw0178/ros2_2026_summer_study/ros_ws/install/user_interface/share/user_interface/cmake/user_interface__rosidl_typesupport_cppExport-noconfig.cmake
[1.303s] -- Up-to-date: /home/jhw0178/ros2_2026_summer_study/ros_ws/install/user_interface/share/user_interface/cmake/export_user_interface__rosidl_generator_pyExport.cmake
[1.304s] -- Up-to-date: /home/jhw0178/ros2_2026_summer_study/ros_ws/install/user_interface/share/user_interface/cmake/export_user_interface__rosidl_generator_pyExport-noconfig.cmake
[1.304s] -- Up-to-date: /home/jhw0178/ros2_2026_summer_study/ros_ws/install/user_interface/share/user_interface/cmake/rosidl_cmake-extras.cmake
[1.305s] -- Up-to-date: /home/jhw0178/ros2_2026_summer_study/ros_ws/install/user_interface/share/user_interface/cmake/ament_cmake_export_dependencies-extras.cmake
[1.305s] -- Up-to-date: /home/jhw0178/ros2_2026_summer_study/ros_ws/install/user_interface/share/user_interface/cmake/ament_cmake_export_include_directories-extras.cmake
[1.305s] -- Up-to-date: /home/jhw0178/ros2_2026_summer_study/ros_ws/install/user_interface/share/user_interface/cmake/ament_cmake_export_libraries-extras.cmake
[1.305s] -- Up-to-date: /home/jhw0178/ros2_2026_summer_study/ros_ws/install/user_interface/share/user_interface/cmake/ament_cmake_export_targets-extras.cmake
[1.306s] -- Up-to-date: /home/jhw0178/ros2_2026_summer_study/ros_ws/install/user_interface/share/user_interface/cmake/rosidl_cmake_export_typesupport_targets-extras.cmake
[1.306s] -- Up-to-date: /home/jhw0178/ros2_2026_summer_study/ros_ws/install/user_interface/share/user_interface/cmake/rosidl_cmake_export_typesupport_libraries-extras.cmake
[1.306s] -- Up-to-date: /home/jhw0178/ros2_2026_summer_study/ros_ws/install/user_interface/share/user_interface/cmake/rosidl_cmake_aggregate_target-extras.cmake
[1.306s] -- Up-to-date: /home/jhw0178/ros2_2026_summer_study/ros_ws/install/user_interface/share/user_interface/cmake/user_interfaceConfig.cmake
[1.306s] -- Up-to-date: /home/jhw0178/ros2_2026_summer_study/ros_ws/install/user_interface/share/user_interface/cmake/user_interfaceConfig-version.cmake
[1.306s] -- Up-to-date: /home/jhw0178/ros2_2026_summer_study/ros_ws/install/user_interface/share/user_interface/package.xml
[1.306s] Invoked command in '/home/jhw0178/ros2_2026_summer_study/ros_ws/build/user_interface' returned '0': CMAKE_PREFIX_PATH=${CMAKE_PREFIX_PATH}:/home/jhw0178/ros2_2026_summer_study/ros_ws/install/follow_turtle:/home/jhw0178/ros2_2026_summer_study/ros_ws/install/tf2_basic:/home/jhw0178/ros2_2026_summer_study/ros_ws/install/my_first_package:/home/jhw0178/ros2_2026_summer_study/ros_ws/install/mini_homework1:/opt/ros/jazzy /usr/bin/cmake --install /home/jhw0178/ros2_2026_summer_study/ros_ws/build/user_interface
