[0.753s] Invoking command in '/home/jhw0178/ros2_2026_summer_study/ros_ws/src/my_first_package': PYTHONPATH=/home/jhw0178/ros2_2026_summer_study/ros_ws/build/my_first_package/prefix_override:/usr/lib/python3/dist-packages/colcon_core/task/python/colcon_distutils_commands:/home/jhw0178/ros2_2026_summer_study/ros_ws/install/my_first_package/lib/python3.12/site-packages:${PYTHONPATH} /usr/bin/python3 -W ignore:setup.py install is deprecated -W ignore:easy_install command is deprecated setup.py egg_info --egg-base ../../build/my_first_package build --build-base /home/jhw0178/ros2_2026_summer_study/ros_ws/build/my_first_package/build install --record /home/jhw0178/ros2_2026_summer_study/ros_ws/build/my_first_package/install.log --install-scripts $base/lib/my_first_package --single-version-externally-managed install_data
[0.941s] running egg_info
[0.953s] writing ../../build/my_first_package/my_first_package.egg-info/PKG-INFO
[0.953s] writing dependency_links to ../../build/my_first_package/my_first_package.egg-info/dependency_links.txt
[0.954s] writing entry points to ../../build/my_first_package/my_first_package.egg-info/entry_points.txt
[0.954s] writing requirements to ../../build/my_first_package/my_first_package.egg-info/requires.txt
[0.954s] writing top-level names to ../../build/my_first_package/my_first_package.egg-info/top_level.txt
[0.977s] reading manifest file '../../build/my_first_package/my_first_package.egg-info/SOURCES.txt'
[0.978s] writing manifest file '../../build/my_first_package/my_first_package.egg-info/SOURCES.txt'
[0.978s] running build
[0.978s] running build_py
[0.979s] copying my_first_package/simple_pub.py -> /home/jhw0178/ros2_2026_summer_study/ros_ws/build/my_first_package/build/lib/my_first_package
[0.979s] copying my_first_package/class_pub.py -> /home/jhw0178/ros2_2026_summer_study/ros_ws/build/my_first_package/build/lib/my_first_package
[0.979s] running install
[0.985s] running install_lib
[0.998s] copying /home/jhw0178/ros2_2026_summer_study/ros_ws/build/my_first_package/build/lib/my_first_package/simple_pub.py -> /home/jhw0178/ros2_2026_summer_study/ros_ws/install/my_first_package/lib/python3.12/site-packages/my_first_package
[0.998s] copying /home/jhw0178/ros2_2026_summer_study/ros_ws/build/my_first_package/build/lib/my_first_package/class_pub.py -> /home/jhw0178/ros2_2026_summer_study/ros_ws/install/my_first_package/lib/python3.12/site-packages/my_first_package
[0.998s] byte-compiling /home/jhw0178/ros2_2026_summer_study/ros_ws/install/my_first_package/lib/python3.12/site-packages/my_first_package/simple_pub.py to simple_pub.cpython-312.pyc
[0.999s] byte-compiling /home/jhw0178/ros2_2026_summer_study/ros_ws/install/my_first_package/lib/python3.12/site-packages/my_first_package/class_pub.py to class_pub.cpython-312.pyc
[0.999s] running install_data
[0.999s] running install_egg_info
[1.014s] removing '/home/jhw0178/ros2_2026_summer_study/ros_ws/install/my_first_package/lib/python3.12/site-packages/my_first_package-0.0.0-py3.12.egg-info' (and everything under it)
[1.014s] Copying ../../build/my_first_package/my_first_package.egg-info to /home/jhw0178/ros2_2026_summer_study/ros_ws/install/my_first_package/lib/python3.12/site-packages/my_first_package-0.0.0-py3.12.egg-info
[1.015s] running install_scripts
[1.102s] Installing class_pub script to /home/jhw0178/ros2_2026_summer_study/ros_ws/install/my_first_package/lib/my_first_package
[1.102s] Installing simple_pub script to /home/jhw0178/ros2_2026_summer_study/ros_ws/install/my_first_package/lib/my_first_package
[1.102s] writing list of installed files to '/home/jhw0178/ros2_2026_summer_study/ros_ws/build/my_first_package/install.log'
[1.143s] Invoked command in '/home/jhw0178/ros2_2026_summer_study/ros_ws/src/my_first_package' returned '0': PYTHONPATH=/home/jhw0178/ros2_2026_summer_study/ros_ws/build/my_first_package/prefix_override:/usr/lib/python3/dist-packages/colcon_core/task/python/colcon_distutils_commands:/home/jhw0178/ros2_2026_summer_study/ros_ws/install/my_first_package/lib/python3.12/site-packages:${PYTHONPATH} /usr/bin/python3 -W ignore:setup.py install is deprecated -W ignore:easy_install command is deprecated setup.py egg_info --egg-base ../../build/my_first_package build --build-base /home/jhw0178/ros2_2026_summer_study/ros_ws/build/my_first_package/build install --record /home/jhw0178/ros2_2026_summer_study/ros_ws/build/my_first_package/install.log --install-scripts $base/lib/my_first_package --single-version-externally-managed install_data
