[0.786s] Invoking command in '/home/jhw0178/ros2_2026_summer_study/ros_ws/src/my_first_package': PYTHONPATH=/home/jhw0178/ros2_2026_summer_study/ros_ws/build/my_first_package/prefix_override:/usr/lib/python3/dist-packages/colcon_core/task/python/colcon_distutils_commands:/home/jhw0178/ros2_2026_summer_study/ros_ws/install/my_first_package/lib/python3.12/site-packages:${PYTHONPATH} /usr/bin/python3 -W ignore:setup.py install is deprecated -W ignore:easy_install command is deprecated setup.py egg_info --egg-base ../../build/my_first_package build --build-base /home/jhw0178/ros2_2026_summer_study/ros_ws/build/my_first_package/build install --record /home/jhw0178/ros2_2026_summer_study/ros_ws/build/my_first_package/install.log --install-scripts $base/lib/my_first_package --single-version-externally-managed install_data
[0.979s] running egg_info
[0.992s] writing ../../build/my_first_package/my_first_package.egg-info/PKG-INFO
[0.992s] writing dependency_links to ../../build/my_first_package/my_first_package.egg-info/dependency_links.txt
[0.992s] writing entry points to ../../build/my_first_package/my_first_package.egg-info/entry_points.txt
[0.993s] writing requirements to ../../build/my_first_package/my_first_package.egg-info/requires.txt
[0.993s] writing top-level names to ../../build/my_first_package/my_first_package.egg-info/top_level.txt
[1.021s] reading manifest file '../../build/my_first_package/my_first_package.egg-info/SOURCES.txt'
[1.022s] writing manifest file '../../build/my_first_package/my_first_package.egg-info/SOURCES.txt'
[1.022s] running build
[1.022s] running build_py
[1.023s] copying my_first_package/qos_test_sub.py -> /home/jhw0178/ros2_2026_summer_study/ros_ws/build/my_first_package/build/lib/my_first_package
[1.023s] running install
[1.028s] running install_lib
[1.041s] copying /home/jhw0178/ros2_2026_summer_study/ros_ws/build/my_first_package/build/lib/my_first_package/qos_test_sub.py -> /home/jhw0178/ros2_2026_summer_study/ros_ws/install/my_first_package/lib/python3.12/site-packages/my_first_package
[1.041s] byte-compiling /home/jhw0178/ros2_2026_summer_study/ros_ws/install/my_first_package/lib/python3.12/site-packages/my_first_package/qos_test_sub.py to qos_test_sub.cpython-312.pyc
[1.042s] running install_data
[1.042s] running install_egg_info
[1.056s] removing '/home/jhw0178/ros2_2026_summer_study/ros_ws/install/my_first_package/lib/python3.12/site-packages/my_first_package-0.0.0-py3.12.egg-info' (and everything under it)
[1.056s] Copying ../../build/my_first_package/my_first_package.egg-info to /home/jhw0178/ros2_2026_summer_study/ros_ws/install/my_first_package/lib/python3.12/site-packages/my_first_package-0.0.0-py3.12.egg-info
[1.057s] running install_scripts
[1.151s] Installing header_pub script to /home/jhw0178/ros2_2026_summer_study/ros_ws/install/my_first_package/lib/my_first_package
[1.152s] Installing message1_pub script to /home/jhw0178/ros2_2026_summer_study/ros_ws/install/my_first_package/lib/my_first_package
[1.152s] Installing message_pub script to /home/jhw0178/ros2_2026_summer_study/ros_ws/install/my_first_package/lib/my_first_package
[1.152s] Installing message_sub script to /home/jhw0178/ros2_2026_summer_study/ros_ws/install/my_first_package/lib/my_first_package
[1.153s] Installing my_turtle script to /home/jhw0178/ros2_2026_summer_study/ros_ws/install/my_first_package/lib/my_first_package
[1.153s] Installing my_turtle1 script to /home/jhw0178/ros2_2026_summer_study/ros_ws/install/my_first_package/lib/my_first_package
[1.154s] Installing qos_test_pub script to /home/jhw0178/ros2_2026_summer_study/ros_ws/install/my_first_package/lib/my_first_package
[1.154s] Installing qos_test_sub script to /home/jhw0178/ros2_2026_summer_study/ros_ws/install/my_first_package/lib/my_first_package
[1.154s] Installing simple1_pub script to /home/jhw0178/ros2_2026_summer_study/ros_ws/install/my_first_package/lib/my_first_package
[1.154s] Installing simple_pub script to /home/jhw0178/ros2_2026_summer_study/ros_ws/install/my_first_package/lib/my_first_package
[1.154s] writing list of installed files to '/home/jhw0178/ros2_2026_summer_study/ros_ws/build/my_first_package/install.log'
[1.185s] Invoked command in '/home/jhw0178/ros2_2026_summer_study/ros_ws/src/my_first_package' returned '0': PYTHONPATH=/home/jhw0178/ros2_2026_summer_study/ros_ws/build/my_first_package/prefix_override:/usr/lib/python3/dist-packages/colcon_core/task/python/colcon_distutils_commands:/home/jhw0178/ros2_2026_summer_study/ros_ws/install/my_first_package/lib/python3.12/site-packages:${PYTHONPATH} /usr/bin/python3 -W ignore:setup.py install is deprecated -W ignore:easy_install command is deprecated setup.py egg_info --egg-base ../../build/my_first_package build --build-base /home/jhw0178/ros2_2026_summer_study/ros_ws/build/my_first_package/build install --record /home/jhw0178/ros2_2026_summer_study/ros_ws/build/my_first_package/install.log --install-scripts $base/lib/my_first_package --single-version-externally-managed install_data
