[0.793s] Invoking command in '/home/jhw0178/ros2_2026_summer_study/ros_ws/build/user_interface': CMAKE_PREFIX_PATH=${CMAKE_PREFIX_PATH}:/home/jhw0178/ros2_2026_summer_study/ros_ws/install/follow_turtle:/home/jhw0178/ros2_2026_summer_study/ros_ws/install/tf2_basic:/home/jhw0178/ros2_2026_summer_study/ros_ws/install/my_first_package:/home/jhw0178/ros2_2026_summer_study/ros_ws/install/mini_homework1:/opt/ros/jazzy /usr/bin/cmake --build /home/jhw0178/ros2_2026_summer_study/ros_ws/build/user_interface -- -j16 -l16
[0.857s] [  1%] Built target user_interface__rs
[0.858s] [  3%] Built target user_interface__rosidl_generator_type_description
[0.870s] [  3%] Built target ament_cmake_python_copy_user_interface
[0.878s] [  5%] Built target user_interface__cpp
[0.884s] [ 25%] Built target user_interface__rosidl_generator_c
[0.913s] [ 34%] Built target user_interface__rosidl_typesupport_cpp
[0.914s] [ 43%] Built target user_interface__rosidl_typesupport_c
[0.917s] [ 60%] Built target user_interface__rosidl_typesupport_fastrtps_c
[0.917s] [ 61%] Built target user_interface__rosidl_typesupport_introspection_c
[0.919s] [ 70%] Built target user_interface__rosidl_typesupport_fastrtps_cpp
[0.919s] [ 80%] Built target user_interface__rosidl_typesupport_introspection_cpp
[0.942s] [ 80%] Built target user_interface
[0.967s] [ 81%] Built target user_interface__py
[0.999s] [ 89%] Built target user_interface__rosidl_generator_py
[1.025s] [ 92%] Built target user_interface_s__rosidl_typesupport_fastrtps_c
[1.028s] [ 96%] Built target user_interface_s__rosidl_typesupport_introspection_c
[1.031s] [100%] Built target user_interface_s__rosidl_typesupport_c
[1.136s] running egg_info
[1.163s] writing user_interface.egg-info/PKG-INFO
[1.164s] writing dependency_links to user_interface.egg-info/dependency_links.txt
[1.164s] writing top-level names to user_interface.egg-info/top_level.txt
[1.219s] reading manifest file 'user_interface.egg-info/SOURCES.txt'
[1.219s] writing manifest file 'user_interface.egg-info/SOURCES.txt'
[1.255s] [100%] Built target ament_cmake_python_build_user_interface_egg
[1.267s] Invoked command in '/home/jhw0178/ros2_2026_summer_study/ros_ws/build/user_interface' returned '0': CMAKE_PREFIX_PATH=${CMAKE_PREFIX_PATH}:/home/jhw0178/ros2_2026_summer_study/ros_ws/install/follow_turtle:/home/jhw0178/ros2_2026_summer_study/ros_ws/install/tf2_basic:/home/jhw0178/ros2_2026_summer_study/ros_ws/install/my_first_package:/home/jhw0178/ros2_2026_summer_study/ros_ws/install/mini_homework1:/opt/ros/jazzy /usr/bin/cmake --build /home/jhw0178/ros2_2026_summer_study/ros_ws/build/user_interface -- -j16 -l16
[1.277s] Invoking command in '/home/jhw0178/ros2_2026_summer_study/ros_ws/build/user_interface': CMAKE_PREFIX_PATH=${CMAKE_PREFIX_PATH}:/home/jhw0178/ros2_2026_summer_study/ros_ws/install/follow_turtle:/home/jhw0178/ros2_2026_summer_study/ros_ws/install/tf2_basic:/home/jhw0178/ros2_2026_summer_study/ros_ws/install/my_first_package:/home/jhw0178/ros2_2026_summer_study/ros_ws/install/mini_homework1:/opt/ros/jazzy /usr/bin/cmake --install /home/jhw0178/ros2_2026_summer_study/ros_ws/build/user_interface
[1.286s] -- Install configuration: ""
[1.287s] -- Up-to-date: /home/jhw0178/ros2_2026_summer_study/ros_ws/install/user_interface/share/ament_index/resource_index/rosidl_interfaces/user_interface
[1.287s] -- Up-to-date: /home/jhw0178/ros2_2026_summer_study/ros_ws/install/user_interface/share/user_interface/msg/UserInt.json
[1.288s] -- Up-to-date: /home/jhw0178/ros2_2026_summer_study/ros_ws/install/user_interface/share/user_interface/srv/AddAndOdd.json
[1.288s] -- Up-to-date: /home/jhw0178/ros2_2026_summer_study/ros_ws/install/user_interface/share/user_interface/action/Fibonacci.json
[1.288s] -- Up-to-date: /home/jhw0178/ros2_2026_summer_study/ros_ws/install/user_interface/include/user_interface/user_interface
[1.289s] -- Up-to-date: /home/jhw0178/ros2_2026_summer_study/ros_ws/install/user_interface/include/user_interface/user_interface/srv
[1.289s] -- Up-to-date: /home/jhw0178/ros2_2026_summer_study/ros_ws/install/user_interface/include/user_interface/user_interface/srv/detail
[1.289s] -- Up-to-date: /home/jhw0178/ros2_2026_summer_study/ros_ws/install/user_interface/include/user_interface/user_interface/srv/detail/add_and_odd__description.c
[1.289s] -- Up-to-date: /home/jhw0178/ros2_2026_summer_study/ros_ws/install/user_interface/include/user_interface/user_interface/srv/detail/add_and_odd__type_support.h
[1.290s] -- Up-to-date: /home/jhw0178/ros2_2026_summer_study/ros_ws/install/user_interface/include/user_interface/user_interface/srv/detail/add_and_odd__struct.h
[1.290s] -- Up-to-date: /home/jhw0178/ros2_2026_summer_study/ros_ws/install/user_interface/include/user_interface/user_interface/srv/detail/add_and_odd__functions.c
[1.290s] -- Up-to-date: /home/jhw0178/ros2_2026_summer_study/ros_ws/install/user_interface/include/user_interface/user_interface/srv/detail/add_and_odd__type_support.c
[1.290s] -- Up-to-date: /home/jhw0178/ros2_2026_summer_study/ros_ws/install/user_interface/include/user_interface/user_interface/srv/detail/add_and_odd__functions.h
[1.290s] -- Up-to-date: /home/jhw0178/ros2_2026_summer_study/ros_ws/install/user_interface/include/user_interface/user_interface/srv/add_and_odd.h
[1.291s] -- Up-to-date: /home/jhw0178/ros2_2026_summer_study/ros_ws/install/user_interface/include/user_interface/user_interface/msg
[1.291s] -- Up-to-date: /home/jhw0178/ros2_2026_summer_study/ros_ws/install/user_interface/include/user_interface/user_interface/msg/user_int.h
[1.292s] -- Up-to-date: /home/jhw0178/ros2_2026_summer_study/ros_ws/install/user_interface/include/user_interface/user_interface/msg/rosidl_generator_c__visibility_control.h
[1.292s] -- Up-to-date: /home/jhw0178/ros2_2026_summer_study/ros_ws/install/user_interface/include/user_interface/user_interface/msg/detail
[1.292s] -- Up-to-date: /home/jhw0178/ros2_2026_summer_study/ros_ws/install/user_interface/include/user_interface/user_interface/msg/detail/user_int__struct.h
[1.293s] -- Up-to-date: /home/jhw0178/ros2_2026_summer_study/ros_ws/install/user_interface/include/user_interface/user_interface/msg/detail/user_int__type_support.c
[1.293s] -- Up-to-date: /home/jhw0178/ros2_2026_summer_study/ros_ws/install/user_interface/include/user_interface/user_interface/msg/detail/user_int__functions.c
[1.293s] -- Up-to-date: /home/jhw0178/ros2_2026_summer_study/ros_ws/install/user_interface/include/user_interface/user_interface/msg/detail/user_int__description.c
[1.293s] -- Up-to-date: /home/jhw0178/ros2_2026_summer_study/ros_ws/install/user_interface/include/user_interface/user_interface/msg/detail/user_int__functions.h
[1.293s] -- Up-to-date: /home/jhw0178/ros2_2026_summer_study/ros_ws/install/user_interface/include/user_interface/user_interface/msg/detail/user_int__type_support.h
[1.293s] -- Up-to-date: /home/jhw0178/ros2_2026_summer_study/ros_ws/install/user_interface/include/user_interface/user_interface/action
[1.294s] -- Up-to-date: /home/jhw0178/ros2_2026_summer_study/ros_ws/install/user_interface/include/user_interface/user_interface/action/detail
[1.294s] -- Up-to-date: /home/jhw0178/ros2_2026_summer_study/ros_ws/install/user_interface/include/user_interface/user_interface/action/detail/fibonacci__struct.h
[1.294s] -- Up-to-date: /home/jhw0178/ros2_2026_summer_study/ros_ws/install/user_interface/include/user_interface/user_interface/action/detail/fibonacci__type_support.c
[1.295s] -- Up-to-date: /home/jhw0178/ros2_2026_summer_study/ros_ws/install/user_interface/include/user_interface/user_interface/action/detail/fibonacci__description.c
[1.295s] -- Up-to-date: /home/jhw0178/ros2_2026_summer_study/ros_ws/install/user_interface/include/user_interface/user_interface/action/detail/fibonacci__type_support.h
[1.296s] -- Up-to-date: /home/jhw0178/ros2_2026_summer_study/ros_ws/install/user_interface/include/user_interface/user_interface/action/detail/fibonacci__functions.h
[1.296s] -- Up-to-date: /home/jhw0178/ros2_2026_summer_study/ros_ws/install/user_interface/include/user_interface/user_interface/action/detail/fibonacci__functions.c
[1.297s] -- Up-to-date: /home/jhw0178/ros2_2026_summer_study/ros_ws/install/user_interface/include/user_interface/user_interface/action/fibonacci.h
[1.297s] -- Up-to-date: /home/jhw0178/ros2_2026_summer_study/ros_ws/install/user_interface/share/user_interface/environment/library_path.sh
[1.298s] -- Up-to-date: /home/jhw0178/ros2_2026_summer_study/ros_ws/install/user_interface/share/user_interface/environment/library_path.dsv
[1.298s] -- Up-to-date: /home/jhw0178/ros2_2026_summer_study/ros_ws/install/user_interface/lib/libuser_interface__rosidl_generator_c.so
[1.298s] -- Up-to-date: /home/jhw0178/ros2_2026_summer_study/ros_ws/install/user_interface/include/user_interface/user_interface
[1.298s] -- Up-to-date: /home/jhw0178/ros2_2026_summer_study/ros_ws/install/user_interface/include/user_interface/user_interface/srv
[1.299s] -- Up-to-date: /home/jhw0178/ros2_2026_summer_study/ros_ws/install/user_interface/include/user_interface/user_interface/srv/detail
[1.299s] -- Up-to-date: /home/jhw0178/ros2_2026_summer_study/ros_ws/install/user_interface/include/user_interface/user_interface/srv/detail/add_and_odd__rosidl_typesupport_fastrtps_c.h
[1.299s] -- Up-to-date: /home/jhw0178/ros2_2026_summer_study/ros_ws/install/user_interface/include/user_interface/user_interface/msg
[1.299s] -- Up-to-date: /home/jhw0178/ros2_2026_summer_study/ros_ws/install/user_interface/include/user_interface/user_interface/msg/rosidl_typesupport_fastrtps_c__visibility_control.h
[1.299s] -- Up-to-date: /home/jhw0178/ros2_2026_summer_study/ros_ws/install/user_interface/include/user_interface/user_interface/msg/detail
[1.300s] -- Up-to-date: /home/jhw0178/ros2_2026_summer_study/ros_ws/install/user_interface/include/user_interface/user_interface/msg/detail/user_int__rosidl_typesupport_fastrtps_c.h
[1.300s] -- Up-to-date: /home/jhw0178/ros2_2026_summer_study/ros_ws/install/user_interface/include/user_interface/user_interface/action
[1.301s] -- Up-to-date: /home/jhw0178/ros2_2026_summer_study/ros_ws/install/user_interface/include/user_interface/user_interface/action/detail
[1.301s] -- Up-to-date: /home/jhw0178/ros2_2026_summer_study/ros_ws/install/user_interface/include/user_interface/user_interface/action/detail/fibonacci__rosidl_typesupport_fastrtps_c.h
[1.301s] -- Up-to-date: /home/jhw0178/ros2_2026_summer_study/ros_ws/install/user_interface/lib/libuser_interface__rosidl_typesupport_fastrtps_c.so
[1.301s] -- Up-to-date: /home/jhw0178/ros2_2026_summer_study/ros_ws/install/user_interface/include/user_interface/user_interface
[1.302s] -- Up-to-date: /home/jhw0178/ros2_2026_summer_study/ros_ws/install/user_interface/include/user_interface/user_interface/srv
[1.303s] -- Up-to-date: /home/jhw0178/ros2_2026_summer_study/ros_ws/install/user_interface/include/user_interface/user_interface/srv/detail
[1.303s] -- Up-to-date: /home/jhw0178/ros2_2026_summer_study/ros_ws/install/user_interface/include/user_interface/user_interface/srv/detail/add_and_odd__type_support.c
[1.303s] -- Up-to-date: /home/jhw0178/ros2_2026_summer_study/ros_ws/install/user_interface/include/user_interface/user_interface/srv/detail/add_and_odd__rosidl_typesupport_introspection_c.h
[1.304s] -- Up-to-date: /home/jhw0178/ros2_2026_summer_study/ros_ws/install/user_interface/include/user_interface/user_interface/msg
[1.304s] -- Up-to-date: /home/jhw0178/ros2_2026_summer_study/ros_ws/install/user_interface/include/user_interface/user_interface/msg/detail
[1.304s] -- Up-to-date: /home/jhw0178/ros2_2026_summer_study/ros_ws/install/user_interface/include/user_interface/user_interface/msg/detail/user_int__type_support.c
[1.305s] -- Up-to-date: /home/jhw0178/ros2_2026_summer_study/ros_ws/install/user_interface/include/user_interface/user_interface/msg/detail/user_int__rosidl_typesupport_introspection_c.h
[1.305s] -- Up-to-date: /home/jhw0178/ros2_2026_summer_study/ros_ws/install/user_interface/include/user_interface/user_interface/msg/rosidl_typesupport_introspection_c__visibility_control.h
[1.305s] -- Up-to-date: /home/jhw0178/ros2_2026_summer_study/ros_ws/install/user_interface/include/user_interface/user_interface/action
[1.305s] -- Up-to-date: /home/jhw0178/ros2_2026_summer_study/ros_ws/install/user_interface/include/user_interface/user_interface/action/detail
[1.305s] -- Up-to-date: /home/jhw0178/ros2_2026_summer_study/ros_ws/install/user_interface/include/user_interface/user_interface/action/detail/fibonacci__type_support.c
[1.305s] -- Up-to-date: /home/jhw0178/ros2_2026_summer_study/ros_ws/install/user_interface/include/user_interface/user_interface/action/detail/fibonacci__rosidl_typesupport_introspection_c.h
[1.305s] -- Up-to-date: /home/jhw0178/ros2_2026_summer_study/ros_ws/install/user_interface/lib/libuser_interface__rosidl_typesupport_introspection_c.so
[1.305s] -- Up-to-date: /home/jhw0178/ros2_2026_summer_study/ros_ws/install/user_interface/lib/libuser_interface__rosidl_typesupport_c.so
[1.306s] -- Up-to-date: /home/jhw0178/ros2_2026_summer_study/ros_ws/install/user_interface/include/user_interface/user_interface
[1.306s] -- Up-to-date: /home/jhw0178/ros2_2026_summer_study/ros_ws/install/user_interface/include/user_interface/user_interface/srv
[1.306s] -- Up-to-date: /home/jhw0178/ros2_2026_summer_study/ros_ws/install/user_interface/include/user_interface/user_interface/srv/add_and_odd.hpp
[1.306s] -- Up-to-date: /home/jhw0178/ros2_2026_summer_study/ros_ws/install/user_interface/include/user_interface/user_interface/srv/detail
[1.306s] -- Up-to-date: /home/jhw0178/ros2_2026_summer_study/ros_ws/install/user_interface/include/user_interface/user_interface/srv/detail/add_and_odd__builder.hpp
[1.306s] -- Up-to-date: /home/jhw0178/ros2_2026_summer_study/ros_ws/install/user_interface/include/user_interface/user_interface/srv/detail/add_and_odd__traits.hpp
[1.306s] -- Up-to-date: /home/jhw0178/ros2_2026_summer_study/ros_ws/install/user_interface/include/user_interface/user_interface/srv/detail/add_and_odd__type_support.hpp
[1.306s] -- Up-to-date: /home/jhw0178/ros2_2026_summer_study/ros_ws/install/user_interface/include/user_interface/user_interface/srv/detail/add_and_odd__struct.hpp
[1.306s] -- Up-to-date: /home/jhw0178/ros2_2026_summer_study/ros_ws/install/user_interface/include/user_interface/user_interface/msg
[1.307s] -- Up-to-date: /home/jhw0178/ros2_2026_summer_study/ros_ws/install/user_interface/include/user_interface/user_interface/msg/rosidl_generator_cpp__visibility_control.hpp
[1.307s] -- Up-to-date: /home/jhw0178/ros2_2026_summer_study/ros_ws/install/user_interface/include/user_interface/user_interface/msg/detail
[1.307s] -- Up-to-date: /home/jhw0178/ros2_2026_summer_study/ros_ws/install/user_interface/include/user_interface/user_interface/msg/detail/user_int__struct.hpp
[1.307s] -- Up-to-date: /home/jhw0178/ros2_2026_summer_study/ros_ws/install/user_interface/include/user_interface/user_interface/msg/detail/user_int__builder.hpp
[1.307s] -- Up-to-date: /home/jhw0178/ros2_2026_summer_study/ros_ws/install/user_interface/include/user_interface/user_interface/msg/detail/user_int__traits.hpp
[1.307s] -- Up-to-date: /home/jhw0178/ros2_2026_summer_study/ros_ws/install/user_interface/include/user_interface/user_interface/msg/detail/user_int__type_support.hpp
[1.307s] -- Up-to-date: /home/jhw0178/ros2_2026_summer_study/ros_ws/install/user_interface/include/user_interface/user_interface/msg/user_int.hpp
[1.307s] -- Up-to-date: /home/jhw0178/ros2_2026_summer_study/ros_ws/install/user_interface/include/user_interface/user_interface/action
[1.307s] -- Up-to-date: /home/jhw0178/ros2_2026_summer_study/ros_ws/install/user_interface/include/user_interface/user_interface/action/detail
[1.308s] -- Up-to-date: /home/jhw0178/ros2_2026_summer_study/ros_ws/install/user_interface/include/user_interface/user_interface/action/detail/fibonacci__struct.hpp
[1.308s] -- Up-to-date: /home/jhw0178/ros2_2026_summer_study/ros_ws/install/user_interface/include/user_interface/user_interface/action/detail/fibonacci__builder.hpp
[1.308s] -- Up-to-date: /home/jhw0178/ros2_2026_summer_study/ros_ws/install/user_interface/include/user_interface/user_interface/action/detail/fibonacci__type_support.hpp
[1.308s] -- Up-to-date: /home/jhw0178/ros2_2026_summer_study/ros_ws/install/user_interface/include/user_interface/user_interface/action/detail/fibonacci__traits.hpp
[1.308s] -- Up-to-date: /home/jhw0178/ros2_2026_summer_study/ros_ws/install/user_interface/include/user_interface/user_interface/action/fibonacci.hpp
[1.308s] -- Up-to-date: /home/jhw0178/ros2_2026_summer_study/ros_ws/install/user_interface/include/user_interface/user_interface
[1.308s] -- Up-to-date: /home/jhw0178/ros2_2026_summer_study/ros_ws/install/user_interface/include/user_interface/user_interface/srv
[1.308s] -- Up-to-date: /home/jhw0178/ros2_2026_summer_study/ros_ws/install/user_interface/include/user_interface/user_interface/srv/detail
[1.309s] -- Up-to-date: /home/jhw0178/ros2_2026_summer_study/ros_ws/install/user_interface/include/user_interface/user_interface/srv/detail/add_and_odd__rosidl_typesupport_fastrtps_cpp.hpp
[1.309s] -- Up-to-date: /home/jhw0178/ros2_2026_summer_study/ros_ws/install/user_interface/include/user_interface/user_interface/srv/detail/dds_fastrtps
[1.309s] -- Up-to-date: /home/jhw0178/ros2_2026_summer_study/ros_ws/install/user_interface/include/user_interface/user_interface/msg
[1.309s] -- Up-to-date: /home/jhw0178/ros2_2026_summer_study/ros_ws/install/user_interface/include/user_interface/user_interface/msg/rosidl_typesupport_fastrtps_cpp__visibility_control.h
[1.309s] -- Up-to-date: /home/jhw0178/ros2_2026_summer_study/ros_ws/install/user_interface/include/user_interface/user_interface/msg/detail
[1.309s] -- Up-to-date: /home/jhw0178/ros2_2026_summer_study/ros_ws/install/user_interface/include/user_interface/user_interface/msg/detail/user_int__rosidl_typesupport_fastrtps_cpp.hpp
[1.309s] -- Up-to-date: /home/jhw0178/ros2_2026_summer_study/ros_ws/install/user_interface/include/user_interface/user_interface/msg/detail/dds_fastrtps
[1.309s] -- Up-to-date: /home/jhw0178/ros2_2026_summer_study/ros_ws/install/user_interface/include/user_interface/user_interface/action
[1.309s] -- Up-to-date: /home/jhw0178/ros2_2026_summer_study/ros_ws/install/user_interface/include/user_interface/user_interface/action/detail
[1.309s] -- Up-to-date: /home/jhw0178/ros2_2026_summer_study/ros_ws/install/user_interface/include/user_interface/user_interface/action/detail/fibonacci__rosidl_typesupport_fastrtps_cpp.hpp
[1.310s] -- Up-to-date: /home/jhw0178/ros2_2026_summer_study/ros_ws/install/user_interface/include/user_interface/user_interface/action/detail/dds_fastrtps
[1.310s] -- Up-to-date: /home/jhw0178/ros2_2026_summer_study/ros_ws/install/user_interface/lib/libuser_interface__rosidl_typesupport_fastrtps_cpp.so
[1.310s] -- Up-to-date: /home/jhw0178/ros2_2026_summer_study/ros_ws/install/user_interface/include/user_interface/user_interface
[1.310s] -- Up-to-date: /home/jhw0178/ros2_2026_summer_study/ros_ws/install/user_interface/include/user_interface/user_interface/srv
[1.310s] -- Up-to-date: /home/jhw0178/ros2_2026_summer_study/ros_ws/install/user_interface/include/user_interface/user_interface/srv/detail
[1.310s] -- Up-to-date: /home/jhw0178/ros2_2026_summer_study/ros_ws/install/user_interface/include/user_interface/user_interface/srv/detail/add_and_odd__rosidl_typesupport_introspection_cpp.hpp
[1.310s] -- Up-to-date: /home/jhw0178/ros2_2026_summer_study/ros_ws/install/user_interface/include/user_interface/user_interface/srv/detail/add_and_odd__type_support.cpp
[1.310s] -- Up-to-date: /home/jhw0178/ros2_2026_summer_study/ros_ws/install/user_interface/include/user_interface/user_interface/msg
[1.310s] -- Up-to-date: /home/jhw0178/ros2_2026_summer_study/ros_ws/install/user_interface/include/user_interface/user_interface/msg/detail
[1.310s] -- Up-to-date: /home/jhw0178/ros2_2026_summer_study/ros_ws/install/user_interface/include/user_interface/user_interface/msg/detail/user_int__rosidl_typesupport_introspection_cpp.hpp
[1.310s] -- Up-to-date: /home/jhw0178/ros2_2026_summer_study/ros_ws/install/user_interface/include/user_interface/user_interface/msg/detail/user_int__type_support.cpp
[1.311s] -- Up-to-date: /home/jhw0178/ros2_2026_summer_study/ros_ws/install/user_interface/include/user_interface/user_interface/action
[1.311s] -- Up-to-date: /home/jhw0178/ros2_2026_summer_study/ros_ws/install/user_interface/include/user_interface/user_interface/action/detail
[1.311s] -- Up-to-date: /home/jhw0178/ros2_2026_summer_study/ros_ws/install/user_interface/include/user_interface/user_interface/action/detail/fibonacci__rosidl_typesupport_introspection_cpp.hpp
[1.311s] -- Up-to-date: /home/jhw0178/ros2_2026_summer_study/ros_ws/install/user_interface/include/user_interface/user_interface/action/detail/fibonacci__type_support.cpp
[1.311s] -- Up-to-date: /home/jhw0178/ros2_2026_summer_study/ros_ws/install/user_interface/lib/libuser_interface__rosidl_typesupport_introspection_cpp.so
[1.311s] -- Up-to-date: /home/jhw0178/ros2_2026_summer_study/ros_ws/install/user_interface/lib/libuser_interface__rosidl_typesupport_cpp.so
[1.311s] -- Up-to-date: /home/jhw0178/ros2_2026_summer_study/ros_ws/install/user_interface/share/user_interface/environment/pythonpath.sh
[1.311s] -- Up-to-date: /home/jhw0178/ros2_2026_summer_study/ros_ws/install/user_interface/share/user_interface/environment/pythonpath.dsv
[1.311s] -- Up-to-date: /home/jhw0178/ros2_2026_summer_study/ros_ws/install/user_interface/lib/python3.12/site-packages/user_interface-0.1.0-py3.12.egg-info
[1.311s] -- Installing: /home/jhw0178/ros2_2026_summer_study/ros_ws/install/user_interface/lib/python3.12/site-packages/user_interface-0.1.0-py3.12.egg-info/dependency_links.txt
[1.312s] -- Installing: /home/jhw0178/ros2_2026_summer_study/ros_ws/install/user_interface/lib/python3.12/site-packages/user_interface-0.1.0-py3.12.egg-info/SOURCES.txt
[1.312s] -- Installing: /home/jhw0178/ros2_2026_summer_study/ros_ws/install/user_interface/lib/python3.12/site-packages/user_interface-0.1.0-py3.12.egg-info/PKG-INFO
[1.312s] -- Installing: /home/jhw0178/ros2_2026_summer_study/ros_ws/install/user_interface/lib/python3.12/site-packages/user_interface-0.1.0-py3.12.egg-info/top_level.txt
[1.312s] -- Up-to-date: /home/jhw0178/ros2_2026_summer_study/ros_ws/install/user_interface/lib/python3.12/site-packages/user_interface
[1.312s] -- Up-to-date: /home/jhw0178/ros2_2026_summer_study/ros_ws/install/user_interface/lib/python3.12/site-packages/user_interface/srv
[1.312s] -- Up-to-date: /home/jhw0178/ros2_2026_summer_study/ros_ws/install/user_interface/lib/python3.12/site-packages/user_interface/srv/_add_and_odd.py
[1.312s] -- Up-to-date: /home/jhw0178/ros2_2026_summer_study/ros_ws/install/user_interface/lib/python3.12/site-packages/user_interface/srv/_add_and_odd_s.c
[1.312s] -- Up-to-date: /home/jhw0178/ros2_2026_summer_study/ros_ws/install/user_interface/lib/python3.12/site-packages/user_interface/srv/__init__.py
[1.313s] -- Up-to-date: /home/jhw0178/ros2_2026_summer_study/ros_ws/install/user_interface/lib/python3.12/site-packages/user_interface/msg
[1.313s] -- Up-to-date: /home/jhw0178/ros2_2026_summer_study/ros_ws/install/user_interface/lib/python3.12/site-packages/user_interface/msg/_user_int.py
[1.313s] -- Up-to-date: /home/jhw0178/ros2_2026_summer_study/ros_ws/install/user_interface/lib/python3.12/site-packages/user_interface/msg/_user_int_s.c
[1.313s] -- Up-to-date: /home/jhw0178/ros2_2026_summer_study/ros_ws/install/user_interface/lib/python3.12/site-packages/user_interface/msg/__init__.py
[1.313s] -- Up-to-date: /home/jhw0178/ros2_2026_summer_study/ros_ws/install/user_interface/lib/python3.12/site-packages/user_interface/_user_interface_s.ep.rosidl_typesupport_c.c
[1.314s] -- Up-to-date: /home/jhw0178/ros2_2026_summer_study/ros_ws/install/user_interface/lib/python3.12/site-packages/user_interface/_user_interface_s.ep.rosidl_typesupport_fastrtps_c.c
[1.314s] -- Up-to-date: /home/jhw0178/ros2_2026_summer_study/ros_ws/install/user_interface/lib/python3.12/site-packages/user_interface/action
[1.314s] -- Up-to-date: /home/jhw0178/ros2_2026_summer_study/ros_ws/install/user_interface/lib/python3.12/site-packages/user_interface/action/_fibonacci.py
[1.314s] -- Up-to-date: /home/jhw0178/ros2_2026_summer_study/ros_ws/install/user_interface/lib/python3.12/site-packages/user_interface/action/_fibonacci_s.c
[1.314s] -- Up-to-date: /home/jhw0178/ros2_2026_summer_study/ros_ws/install/user_interface/lib/python3.12/site-packages/user_interface/action/__init__.py
[1.314s] -- Up-to-date: /home/jhw0178/ros2_2026_summer_study/ros_ws/install/user_interface/lib/python3.12/site-packages/user_interface/__init__.py
[1.315s] -- Up-to-date: /home/jhw0178/ros2_2026_summer_study/ros_ws/install/user_interface/lib/python3.12/site-packages/user_interface/_user_interface_s.ep.rosidl_typesupport_introspection_c.c
[1.315s] -- Up-to-date: /home/jhw0178/ros2_2026_summer_study/ros_ws/install/user_interface/lib/python3.12/site-packages/user_interface/user_interface_s__rosidl_typesupport_c.so
[1.315s] -- Up-to-date: /home/jhw0178/ros2_2026_summer_study/ros_ws/install/user_interface/lib/python3.12/site-packages/user_interface/user_interface_s__rosidl_typesupport_introspection_c.so
[1.315s] -- Up-to-date: /home/jhw0178/ros2_2026_summer_study/ros_ws/install/user_interface/lib/python3.12/site-packages/user_interface/user_interface_s__rosidl_typesupport_fastrtps_c.so
[1.352s] Listing '/home/jhw0178/ros2_2026_summer_study/ros_ws/install/user_interface/lib/python3.12/site-packages/user_interface'...
[1.353s] Listing '/home/jhw0178/ros2_2026_summer_study/ros_ws/install/user_interface/lib/python3.12/site-packages/user_interface/action'...
[1.353s] Listing '/home/jhw0178/ros2_2026_summer_study/ros_ws/install/user_interface/lib/python3.12/site-packages/user_interface/msg'...
[1.353s] Listing '/home/jhw0178/ros2_2026_summer_study/ros_ws/install/user_interface/lib/python3.12/site-packages/user_interface/srv'...
[1.360s] -- Up-to-date: /home/jhw0178/ros2_2026_summer_study/ros_ws/install/user_interface/lib/python3.12/site-packages/user_interface/user_interface_s__rosidl_typesupport_fastrtps_c.so
[1.361s] -- Up-to-date: /home/jhw0178/ros2_2026_summer_study/ros_ws/install/user_interface/lib/python3.12/site-packages/user_interface/user_interface_s__rosidl_typesupport_introspection_c.so
[1.361s] -- Up-to-date: /home/jhw0178/ros2_2026_summer_study/ros_ws/install/user_interface/lib/python3.12/site-packages/user_interface/user_interface_s__rosidl_typesupport_c.so
[1.362s] -- Up-to-date: /home/jhw0178/ros2_2026_summer_study/ros_ws/install/user_interface/lib/libuser_interface__rosidl_generator_py.so
[1.363s] -- Up-to-date: /home/jhw0178/ros2_2026_summer_study/ros_ws/install/user_interface/share/ament_index/resource_index/rust_packages/user_interface
[1.363s] -- Up-to-date: /home/jhw0178/ros2_2026_summer_study/ros_ws/install/user_interface/share/user_interface/rust
[1.364s] -- Up-to-date: /home/jhw0178/ros2_2026_summer_study/ros_ws/install/user_interface/share/user_interface/rust/Cargo.toml
[1.364s] -- Up-to-date: /home/jhw0178/ros2_2026_summer_study/ros_ws/install/user_interface/share/user_interface/rust/src
[1.366s] -- Up-to-date: /home/jhw0178/ros2_2026_summer_study/ros_ws/install/user_interface/share/user_interface/rust/src/srv
[1.366s] -- Up-to-date: /home/jhw0178/ros2_2026_summer_study/ros_ws/install/user_interface/share/user_interface/rust/src/srv/rmw.rs
[1.367s] -- Up-to-date: /home/jhw0178/ros2_2026_summer_study/ros_ws/install/user_interface/share/user_interface/rust/src/msg
[1.367s] -- Up-to-date: /home/jhw0178/ros2_2026_summer_study/ros_ws/install/user_interface/share/user_interface/rust/src/msg/rmw.rs
[1.367s] -- Up-to-date: /home/jhw0178/ros2_2026_summer_study/ros_ws/install/user_interface/share/user_interface/rust/src/action
[1.368s] -- Up-to-date: /home/jhw0178/ros2_2026_summer_study/ros_ws/install/user_interface/share/user_interface/rust/src/action/rmw.rs
[1.368s] -- Up-to-date: /home/jhw0178/ros2_2026_summer_study/ros_ws/install/user_interface/share/user_interface/rust/src/action.rs
[1.368s] -- Up-to-date: /home/jhw0178/ros2_2026_summer_study/ros_ws/install/user_interface/share/user_interface/rust/src/srv.rs
[1.368s] -- Up-to-date: /home/jhw0178/ros2_2026_summer_study/ros_ws/install/user_interface/share/user_interface/rust/src/lib.rs
[1.368s] -- Up-to-date: /home/jhw0178/ros2_2026_summer_study/ros_ws/install/user_interface/share/user_interface/rust/src/msg.rs
[1.368s] -- Up-to-date: /home/jhw0178/ros2_2026_summer_study/ros_ws/install/user_interface/share/user_interface/rust/build.rs
[1.369s] -- Up-to-date: /home/jhw0178/ros2_2026_summer_study/ros_ws/install/user_interface/share/user_interface/msg/UserInt.idl
[1.369s] -- Up-to-date: /home/jhw0178/ros2_2026_summer_study/ros_ws/install/user_interface/share/user_interface/srv/AddAndOdd.idl
[1.369s] -- Up-to-date: /home/jhw0178/ros2_2026_summer_study/ros_ws/install/user_interface/share/user_interface/action/Fibonacci.idl
[1.369s] -- Up-to-date: /home/jhw0178/ros2_2026_summer_study/ros_ws/install/user_interface/share/user_interface/msg/UserInt.msg
[1.372s] -- Up-to-date: /home/jhw0178/ros2_2026_summer_study/ros_ws/install/user_interface/share/user_interface/srv/AddAndOdd.srv
[1.372s] -- Up-to-date: /home/jhw0178/ros2_2026_summer_study/ros_ws/install/user_interface/share/user_interface/action/Fibonacci.action
[1.373s] -- Up-to-date: /home/jhw0178/ros2_2026_summer_study/ros_ws/install/user_interface/share/ament_index/resource_index/package_run_dependencies/user_interface
[1.373s] -- Up-to-date: /home/jhw0178/ros2_2026_summer_study/ros_ws/install/user_interface/share/ament_index/resource_index/parent_prefix_path/user_interface
[1.374s] -- Up-to-date: /home/jhw0178/ros2_2026_summer_study/ros_ws/install/user_interface/share/user_interface/environment/ament_prefix_path.sh
[1.375s] -- Up-to-date: /home/jhw0178/ros2_2026_summer_study/ros_ws/install/user_interface/share/user_interface/environment/ament_prefix_path.dsv
[1.377s] -- Up-to-date: /home/jhw0178/ros2_2026_summer_study/ros_ws/install/user_interface/share/user_interface/environment/path.sh
[1.378s] -- Up-to-date: /home/jhw0178/ros2_2026_summer_study/ros_ws/install/user_interface/share/user_interface/environment/path.dsv
[1.379s] -- Up-to-date: /home/jhw0178/ros2_2026_summer_study/ros_ws/install/user_interface/share/user_interface/local_setup.bash
[1.379s] -- Up-to-date: /home/jhw0178/ros2_2026_summer_study/ros_ws/install/user_interface/share/user_interface/local_setup.sh
[1.379s] -- Up-to-date: /home/jhw0178/ros2_2026_summer_study/ros_ws/install/user_interface/share/user_interface/local_setup.zsh
[1.379s] -- Up-to-date: /home/jhw0178/ros2_2026_summer_study/ros_ws/install/user_interface/share/user_interface/local_setup.dsv
[1.380s] -- Installing: /home/jhw0178/ros2_2026_summer_study/ros_ws/install/user_interface/share/user_interface/package.dsv
[1.380s] -- Up-to-date: /home/jhw0178/ros2_2026_summer_study/ros_ws/install/user_interface/share/ament_index/resource_index/packages/user_interface
[1.381s] -- Up-to-date: /home/jhw0178/ros2_2026_summer_study/ros_ws/install/user_interface/share/user_interface/cmake/export_user_interface__rosidl_generator_cExport.cmake
[1.382s] -- Up-to-date: /home/jhw0178/ros2_2026_summer_study/ros_ws/install/user_interface/share/user_interface/cmake/export_user_interface__rosidl_generator_cExport-noconfig.cmake
[1.383s] -- Up-to-date: /home/jhw0178/ros2_2026_summer_study/ros_ws/install/user_interface/share/user_interface/cmake/export_user_interface__rosidl_typesupport_fastrtps_cExport.cmake
[1.383s] -- Up-to-date: /home/jhw0178/ros2_2026_summer_study/ros_ws/install/user_interface/share/user_interface/cmake/export_user_interface__rosidl_typesupport_fastrtps_cExport-noconfig.cmake
[1.384s] -- Up-to-date: /home/jhw0178/ros2_2026_summer_study/ros_ws/install/user_interface/share/user_interface/cmake/user_interface__rosidl_typesupport_introspection_cExport.cmake
[1.385s] -- Up-to-date: /home/jhw0178/ros2_2026_summer_study/ros_ws/install/user_interface/share/user_interface/cmake/user_interface__rosidl_typesupport_introspection_cExport-noconfig.cmake
[1.385s] -- Up-to-date: /home/jhw0178/ros2_2026_summer_study/ros_ws/install/user_interface/share/user_interface/cmake/user_interface__rosidl_typesupport_cExport.cmake
[1.385s] -- Up-to-date: /home/jhw0178/ros2_2026_summer_study/ros_ws/install/user_interface/share/user_interface/cmake/user_interface__rosidl_typesupport_cExport-noconfig.cmake
[1.385s] -- Up-to-date: /home/jhw0178/ros2_2026_summer_study/ros_ws/install/user_interface/share/user_interface/cmake/export_user_interface__rosidl_generator_cppExport.cmake
[1.385s] -- Up-to-date: /home/jhw0178/ros2_2026_summer_study/ros_ws/install/user_interface/share/user_interface/cmake/export_user_interface__rosidl_typesupport_fastrtps_cppExport.cmake
[1.386s] -- Up-to-date: /home/jhw0178/ros2_2026_summer_study/ros_ws/install/user_interface/share/user_interface/cmake/export_user_interface__rosidl_typesupport_fastrtps_cppExport-noconfig.cmake
[1.386s] -- Up-to-date: /home/jhw0178/ros2_2026_summer_study/ros_ws/install/user_interface/share/user_interface/cmake/user_interface__rosidl_typesupport_introspection_cppExport.cmake
[1.386s] -- Up-to-date: /home/jhw0178/ros2_2026_summer_study/ros_ws/install/user_interface/share/user_interface/cmake/user_interface__rosidl_typesupport_introspection_cppExport-noconfig.cmake
[1.386s] -- Up-to-date: /home/jhw0178/ros2_2026_summer_study/ros_ws/install/user_interface/share/user_interface/cmake/user_interface__rosidl_typesupport_cppExport.cmake
[1.387s] -- Up-to-date: /home/jhw0178/ros2_2026_summer_study/ros_ws/install/user_interface/share/user_interface/cmake/user_interface__rosidl_typesupport_cppExport-noconfig.cmake
[1.387s] -- Up-to-date: /home/jhw0178/ros2_2026_summer_study/ros_ws/install/user_interface/share/user_interface/cmake/export_user_interface__rosidl_generator_pyExport.cmake
[1.387s] -- Up-to-date: /home/jhw0178/ros2_2026_summer_study/ros_ws/install/user_interface/share/user_interface/cmake/export_user_interface__rosidl_generator_pyExport-noconfig.cmake
[1.387s] -- Up-to-date: /home/jhw0178/ros2_2026_summer_study/ros_ws/install/user_interface/share/user_interface/cmake/rosidl_cmake-extras.cmake
[1.388s] -- Up-to-date: /home/jhw0178/ros2_2026_summer_study/ros_ws/install/user_interface/share/user_interface/cmake/ament_cmake_export_dependencies-extras.cmake
[1.389s] -- Up-to-date: /home/jhw0178/ros2_2026_summer_study/ros_ws/install/user_interface/share/user_interface/cmake/ament_cmake_export_include_directories-extras.cmake
[1.390s] -- Up-to-date: /home/jhw0178/ros2_2026_summer_study/ros_ws/install/user_interface/share/user_interface/cmake/ament_cmake_export_libraries-extras.cmake
[1.390s] -- Up-to-date: /home/jhw0178/ros2_2026_summer_study/ros_ws/install/user_interface/share/user_interface/cmake/ament_cmake_export_targets-extras.cmake
[1.390s] -- Up-to-date: /home/jhw0178/ros2_2026_summer_study/ros_ws/install/user_interface/share/user_interface/cmake/rosidl_cmake_export_typesupport_targets-extras.cmake
[1.391s] -- Up-to-date: /home/jhw0178/ros2_2026_summer_study/ros_ws/install/user_interface/share/user_interface/cmake/rosidl_cmake_export_typesupport_libraries-extras.cmake
[1.392s] -- Up-to-date: /home/jhw0178/ros2_2026_summer_study/ros_ws/install/user_interface/share/user_interface/cmake/rosidl_cmake_aggregate_target-extras.cmake
[1.392s] -- Up-to-date: /home/jhw0178/ros2_2026_summer_study/ros_ws/install/user_interface/share/user_interface/cmake/user_interfaceConfig.cmake
[1.393s] -- Up-to-date: /home/jhw0178/ros2_2026_summer_study/ros_ws/install/user_interface/share/user_interface/cmake/user_interfaceConfig-version.cmake
[1.393s] -- Up-to-date: /home/jhw0178/ros2_2026_summer_study/ros_ws/install/user_interface/share/user_interface/package.xml
[1.394s] Invoked command in '/home/jhw0178/ros2_2026_summer_study/ros_ws/build/user_interface' returned '0': CMAKE_PREFIX_PATH=${CMAKE_PREFIX_PATH}:/home/jhw0178/ros2_2026_summer_study/ros_ws/install/follow_turtle:/home/jhw0178/ros2_2026_summer_study/ros_ws/install/tf2_basic:/home/jhw0178/ros2_2026_summer_study/ros_ws/install/my_first_package:/home/jhw0178/ros2_2026_summer_study/ros_ws/install/mini_homework1:/opt/ros/jazzy /usr/bin/cmake --install /home/jhw0178/ros2_2026_summer_study/ros_ws/build/user_interface
