running egg_info
writing ../../build/mini_homework1/mini_homework1.egg-info/PKG-INFO
writing dependency_links to ../../build/mini_homework1/mini_homework1.egg-info/dependency_links.txt
writing entry points to ../../build/mini_homework1/mini_homework1.egg-info/entry_points.txt
writing requirements to ../../build/mini_homework1/mini_homework1.egg-info/requires.txt
writing top-level names to ../../build/mini_homework1/mini_homework1.egg-info/top_level.txt
reading manifest file '../../build/mini_homework1/mini_homework1.egg-info/SOURCES.txt'
writing manifest file '../../build/mini_homework1/mini_homework1.egg-info/SOURCES.txt'
running build
running build_py
running install
running install_lib
running install_data
copying launch/test.launch.py -> /home/jhw0178/ros2_2026_summer_study/ros_ws/install/mini_homework1/share/mini_homework1/launch
running install_egg_info
removing '/home/jhw0178/ros2_2026_summer_study/ros_ws/install/mini_homework1/lib/python3.12/site-packages/mini_homework1-0.0.0-py3.12.egg-info' (and everything under it)
Copying ../../build/mini_homework1/mini_homework1.egg-info to /home/jhw0178/ros2_2026_summer_study/ros_ws/install/mini_homework1/lib/python3.12/site-packages/mini_homework1-0.0.0-py3.12.egg-info
running install_scripts
Installing publisher script to /home/jhw0178/ros2_2026_summer_study/ros_ws/install/mini_homework1/lib/mini_homework1
Installing subscriber1 script to /home/jhw0178/ros2_2026_summer_study/ros_ws/install/mini_homework1/lib/mini_homework1
Installing subscriber2 script to /home/jhw0178/ros2_2026_summer_study/ros_ws/install/mini_homework1/lib/mini_homework1
Installing time_and_topic1_subscriber script to /home/jhw0178/ros2_2026_summer_study/ros_ws/install/mini_homework1/lib/mini_homework1
Installing time_publisher script to /home/jhw0178/ros2_2026_summer_study/ros_ws/install/mini_homework1/lib/mini_homework1
writing list of installed files to '/home/jhw0178/ros2_2026_summer_study/ros_ws/build/mini_homework1/install.log'
