[0.324s] DEBUG:colcon:Command line arguments: ['/usr/bin/colcon', 'build']
[0.324s] DEBUG:colcon:Parsed command line arguments: Namespace(log_base=None, log_level=None, verb_name='build', build_base='build', install_base='install', merge_install=False, symlink_install=False, test_result_base=None, continue_on_error=False, executor='parallel', parallel_workers=16, event_handlers=None, ignore_user_meta=False, metas=['./colcon.meta'], base_paths=['.'], packages_ignore=None, packages_ignore_regex=None, paths=None, packages_up_to=None, packages_up_to_regex=None, packages_above=None, packages_above_and_dependencies=None, packages_above_depth=None, packages_select_by_dep=None, packages_skip_by_dep=None, packages_skip_up_to=None, packages_select_build_failed=False, packages_skip_build_finished=False, packages_select_test_failures=False, packages_skip_test_passed=False, packages_select=None, packages_skip=None, packages_select_regex=None, packages_skip_regex=None, packages_start=None, packages_end=None, allow_overriding=[], cmake_args=None, cmake_target=None, cmake_target_skip_unavailable=False, cmake_clean_cache=False, cmake_clean_first=False, cmake_force_configure=False, ament_cmake_args=None, catkin_cmake_args=None, catkin_skip_building_tests=False, mixin_files=None, mixin=None, verb_parser=<colcon_mixin.mixin.mixin_argument.MixinArgumentDecorator object at 0x737d5023e450>, verb_extension=<colcon_core.verb.build.BuildVerb object at 0x737d5023e180>, main=<bound method BuildVerb.main of <colcon_core.verb.build.BuildVerb object at 0x737d5023e180>>, mixin_verb=('build',))
[0.398s] Level 1:colcon.colcon_core.package_discovery:discover_packages(colcon_meta) check parameters
[0.398s] Level 1:colcon.colcon_core.package_discovery:discover_packages(recursive) check parameters
[0.398s] Level 1:colcon.colcon_core.package_discovery:discover_packages(ignore) check parameters
[0.398s] Level 1:colcon.colcon_core.package_discovery:discover_packages(path) check parameters
[0.398s] Level 1:colcon.colcon_core.package_discovery:discover_packages(colcon_meta) discover
[0.398s] Level 1:colcon.colcon_core.package_discovery:discover_packages(recursive) discover
[0.398s] INFO:colcon.colcon_core.package_discovery:Crawling recursively for packages in '/home/jhw0178/ros2_2026_summer_study/ros_ws'
[0.399s] Level 1:colcon.colcon_core.package_identification:_identify(.) by extensions ['ignore', 'ignore_ament_install']
[0.399s] Level 1:colcon.colcon_core.package_identification:_identify(.) by extension 'ignore'
[0.399s] Level 1:colcon.colcon_core.package_identification:_identify(.) by extension 'ignore_ament_install'
[0.399s] Level 1:colcon.colcon_core.package_identification:_identify(.) by extensions ['colcon_pkg']
[0.399s] Level 1:colcon.colcon_core.package_identification:_identify(.) by extension 'colcon_pkg'
[0.399s] Level 1:colcon.colcon_core.package_identification:_identify(.) by extensions ['colcon_meta']
[0.399s] Level 1:colcon.colcon_core.package_identification:_identify(.) by extension 'colcon_meta'
[0.399s] Level 1:colcon.colcon_core.package_identification:_identify(.) by extensions ['ros']
[0.399s] Level 1:colcon.colcon_core.package_identification:_identify(.) by extension 'ros'
[0.433s] Level 1:colcon.colcon_core.package_identification:_identify(.) by extensions ['cmake', 'python']
[0.433s] Level 1:colcon.colcon_core.package_identification:_identify(.) by extension 'cmake'
[0.433s] Level 1:colcon.colcon_core.package_identification:_identify(.) by extension 'python'
[0.433s] Level 1:colcon.colcon_core.package_identification:_identify(.) by extensions ['python_setup_py']
[0.433s] Level 1:colcon.colcon_core.package_identification:_identify(.) by extension 'python_setup_py'
[0.433s] Level 1:colcon.colcon_core.package_identification:_identify(build) by extensions ['ignore', 'ignore_ament_install']
[0.433s] Level 1:colcon.colcon_core.package_identification:_identify(build) by extension 'ignore'
[0.433s] Level 1:colcon.colcon_core.package_identification:_identify(build) ignored
[0.433s] Level 1:colcon.colcon_core.package_identification:_identify(install) by extensions ['ignore', 'ignore_ament_install']
[0.433s] Level 1:colcon.colcon_core.package_identification:_identify(install) by extension 'ignore'
[0.434s] Level 1:colcon.colcon_core.package_identification:_identify(install) ignored
[0.434s] Level 1:colcon.colcon_core.package_identification:_identify(log) by extensions ['ignore', 'ignore_ament_install']
[0.434s] Level 1:colcon.colcon_core.package_identification:_identify(log) by extension 'ignore'
[0.434s] Level 1:colcon.colcon_core.package_identification:_identify(log) ignored
[0.434s] Level 1:colcon.colcon_core.package_identification:_identify(src) by extensions ['ignore', 'ignore_ament_install']
[0.434s] Level 1:colcon.colcon_core.package_identification:_identify(src) by extension 'ignore'
[0.434s] Level 1:colcon.colcon_core.package_identification:_identify(src) by extension 'ignore_ament_install'
[0.434s] Level 1:colcon.colcon_core.package_identification:_identify(src) by extensions ['colcon_pkg']
[0.434s] Level 1:colcon.colcon_core.package_identification:_identify(src) by extension 'colcon_pkg'
[0.434s] Level 1:colcon.colcon_core.package_identification:_identify(src) by extensions ['colcon_meta']
[0.434s] Level 1:colcon.colcon_core.package_identification:_identify(src) by extension 'colcon_meta'
[0.434s] Level 1:colcon.colcon_core.package_identification:_identify(src) by extensions ['ros']
[0.434s] Level 1:colcon.colcon_core.package_identification:_identify(src) by extension 'ros'
[0.434s] Level 1:colcon.colcon_core.package_identification:_identify(src) by extensions ['cmake', 'python']
[0.434s] Level 1:colcon.colcon_core.package_identification:_identify(src) by extension 'cmake'
[0.434s] Level 1:colcon.colcon_core.package_identification:_identify(src) by extension 'python'
[0.434s] Level 1:colcon.colcon_core.package_identification:_identify(src) by extensions ['python_setup_py']
[0.434s] Level 1:colcon.colcon_core.package_identification:_identify(src) by extension 'python_setup_py'
[0.434s] Level 1:colcon.colcon_core.package_identification:_identify(src/mini_homework1) by extensions ['ignore', 'ignore_ament_install']
[0.435s] Level 1:colcon.colcon_core.package_identification:_identify(src/mini_homework1) by extension 'ignore'
[0.435s] Level 1:colcon.colcon_core.package_identification:_identify(src/mini_homework1) by extension 'ignore_ament_install'
[0.435s] Level 1:colcon.colcon_core.package_identification:_identify(src/mini_homework1) by extensions ['colcon_pkg']
[0.435s] Level 1:colcon.colcon_core.package_identification:_identify(src/mini_homework1) by extension 'colcon_pkg'
[0.435s] Level 1:colcon.colcon_core.package_identification:_identify(src/mini_homework1) by extensions ['colcon_meta']
[0.435s] Level 1:colcon.colcon_core.package_identification:_identify(src/mini_homework1) by extension 'colcon_meta'
[0.435s] Level 1:colcon.colcon_core.package_identification:_identify(src/mini_homework1) by extensions ['ros']
[0.435s] Level 1:colcon.colcon_core.package_identification:_identify(src/mini_homework1) by extension 'ros'
[0.438s] DEBUG:colcon.colcon_core.package_identification:Package 'src/mini_homework1' with type 'ros.ament_python' and name 'mini_homework1'
[0.438s] Level 1:colcon.colcon_core.package_identification:_identify(src/my_first_package) by extensions ['ignore', 'ignore_ament_install']
[0.439s] Level 1:colcon.colcon_core.package_identification:_identify(src/my_first_package) by extension 'ignore'
[0.439s] Level 1:colcon.colcon_core.package_identification:_identify(src/my_first_package) by extension 'ignore_ament_install'
[0.439s] Level 1:colcon.colcon_core.package_identification:_identify(src/my_first_package) by extensions ['colcon_pkg']
[0.439s] Level 1:colcon.colcon_core.package_identification:_identify(src/my_first_package) by extension 'colcon_pkg'
[0.439s] Level 1:colcon.colcon_core.package_identification:_identify(src/my_first_package) by extensions ['colcon_meta']
[0.439s] Level 1:colcon.colcon_core.package_identification:_identify(src/my_first_package) by extension 'colcon_meta'
[0.439s] Level 1:colcon.colcon_core.package_identification:_identify(src/my_first_package) by extensions ['ros']
[0.439s] Level 1:colcon.colcon_core.package_identification:_identify(src/my_first_package) by extension 'ros'
[0.439s] DEBUG:colcon.colcon_core.package_identification:Package 'src/my_first_package' with type 'ros.ament_python' and name 'my_first_package'
[0.440s] Level 1:colcon.colcon_core.package_identification:_identify(src/user_interface) by extensions ['ignore', 'ignore_ament_install']
[0.440s] Level 1:colcon.colcon_core.package_identification:_identify(src/user_interface) by extension 'ignore'
[0.440s] Level 1:colcon.colcon_core.package_identification:_identify(src/user_interface) by extension 'ignore_ament_install'
[0.440s] Level 1:colcon.colcon_core.package_identification:_identify(src/user_interface) by extensions ['colcon_pkg']
[0.440s] Level 1:colcon.colcon_core.package_identification:_identify(src/user_interface) by extension 'colcon_pkg'
[0.440s] Level 1:colcon.colcon_core.package_identification:_identify(src/user_interface) by extensions ['colcon_meta']
[0.440s] Level 1:colcon.colcon_core.package_identification:_identify(src/user_interface) by extension 'colcon_meta'
[0.440s] Level 1:colcon.colcon_core.package_identification:_identify(src/user_interface) by extensions ['ros']
[0.440s] Level 1:colcon.colcon_core.package_identification:_identify(src/user_interface) by extension 'ros'
[0.441s] DEBUG:colcon.colcon_core.package_identification:Package 'src/user_interface' with type 'ros.ament_cmake' and name 'user_interface'
[0.441s] Level 1:colcon.colcon_core.package_discovery:discover_packages(recursive) using defaults
[0.441s] Level 1:colcon.colcon_core.package_discovery:discover_packages(ignore) discover
[0.441s] Level 1:colcon.colcon_core.package_discovery:discover_packages(ignore) using defaults
[0.441s] Level 1:colcon.colcon_core.package_discovery:discover_packages(path) discover
[0.441s] Level 1:colcon.colcon_core.package_discovery:discover_packages(path) using defaults
[0.471s] Level 1:colcon.colcon_core.package_discovery:discover_packages(prefix_path) check parameters
[0.471s] Level 1:colcon.colcon_core.package_discovery:discover_packages(prefix_path) discover
[0.476s] DEBUG:colcon.colcon_installed_package_information.package_discovery:Found 3 installed packages in /home/jhw0178/ros2_2026_summer_study/ros_ws/install
[0.477s] DEBUG:colcon.colcon_installed_package_information.package_discovery:Found 287 installed packages in /opt/ros/jazzy
[0.479s] Level 1:colcon.colcon_core.package_discovery:discover_packages(prefix_path) using defaults
[0.512s] Level 5:colcon.colcon_core.verb:set package 'mini_homework1' build argument 'cmake_args' from command line to 'None'
[0.512s] Level 5:colcon.colcon_core.verb:set package 'mini_homework1' build argument 'cmake_target' from command line to 'None'
[0.512s] Level 5:colcon.colcon_core.verb:set package 'mini_homework1' build argument 'cmake_target_skip_unavailable' from command line to 'False'
[0.512s] Level 5:colcon.colcon_core.verb:set package 'mini_homework1' build argument 'cmake_clean_cache' from command line to 'False'
[0.512s] Level 5:colcon.colcon_core.verb:set package 'mini_homework1' build argument 'cmake_clean_first' from command line to 'False'
[0.512s] Level 5:colcon.colcon_core.verb:set package 'mini_homework1' build argument 'cmake_force_configure' from command line to 'False'
[0.512s] Level 5:colcon.colcon_core.verb:set package 'mini_homework1' build argument 'ament_cmake_args' from command line to 'None'
[0.512s] Level 5:colcon.colcon_core.verb:set package 'mini_homework1' build argument 'catkin_cmake_args' from command line to 'None'
[0.512s] Level 5:colcon.colcon_core.verb:set package 'mini_homework1' build argument 'catkin_skip_building_tests' from command line to 'False'
[0.512s] DEBUG:colcon.colcon_core.verb:Building package 'mini_homework1' with the following arguments: {'ament_cmake_args': None, 'build_base': '/home/jhw0178/ros2_2026_summer_study/ros_ws/build/mini_homework1', 'catkin_cmake_args': None, 'catkin_skip_building_tests': False, 'cmake_args': None, 'cmake_clean_cache': False, 'cmake_clean_first': False, 'cmake_force_configure': False, 'cmake_target': None, 'cmake_target_skip_unavailable': False, 'install_base': '/home/jhw0178/ros2_2026_summer_study/ros_ws/install/mini_homework1', 'merge_install': False, 'path': '/home/jhw0178/ros2_2026_summer_study/ros_ws/src/mini_homework1', 'symlink_install': False, 'test_result_base': None}
[0.513s] Level 5:colcon.colcon_core.verb:set package 'my_first_package' build argument 'cmake_args' from command line to 'None'
[0.513s] Level 5:colcon.colcon_core.verb:set package 'my_first_package' build argument 'cmake_target' from command line to 'None'
[0.513s] Level 5:colcon.colcon_core.verb:set package 'my_first_package' build argument 'cmake_target_skip_unavailable' from command line to 'False'
[0.513s] Level 5:colcon.colcon_core.verb:set package 'my_first_package' build argument 'cmake_clean_cache' from command line to 'False'
[0.513s] Level 5:colcon.colcon_core.verb:set package 'my_first_package' build argument 'cmake_clean_first' from command line to 'False'
[0.513s] Level 5:colcon.colcon_core.verb:set package 'my_first_package' build argument 'cmake_force_configure' from command line to 'False'
[0.513s] Level 5:colcon.colcon_core.verb:set package 'my_first_package' build argument 'ament_cmake_args' from command line to 'None'
[0.513s] Level 5:colcon.colcon_core.verb:set package 'my_first_package' build argument 'catkin_cmake_args' from command line to 'None'
[0.513s] Level 5:colcon.colcon_core.verb:set package 'my_first_package' build argument 'catkin_skip_building_tests' from command line to 'False'
[0.513s] DEBUG:colcon.colcon_core.verb:Building package 'my_first_package' with the following arguments: {'ament_cmake_args': None, 'build_base': '/home/jhw0178/ros2_2026_summer_study/ros_ws/build/my_first_package', 'catkin_cmake_args': None, 'catkin_skip_building_tests': False, 'cmake_args': None, 'cmake_clean_cache': False, 'cmake_clean_first': False, 'cmake_force_configure': False, 'cmake_target': None, 'cmake_target_skip_unavailable': False, 'install_base': '/home/jhw0178/ros2_2026_summer_study/ros_ws/install/my_first_package', 'merge_install': False, 'path': '/home/jhw0178/ros2_2026_summer_study/ros_ws/src/my_first_package', 'symlink_install': False, 'test_result_base': None}
[0.513s] Level 5:colcon.colcon_core.verb:set package 'user_interface' build argument 'cmake_args' from command line to 'None'
[0.513s] Level 5:colcon.colcon_core.verb:set package 'user_interface' build argument 'cmake_target' from command line to 'None'
[0.513s] Level 5:colcon.colcon_core.verb:set package 'user_interface' build argument 'cmake_target_skip_unavailable' from command line to 'False'
[0.513s] Level 5:colcon.colcon_core.verb:set package 'user_interface' build argument 'cmake_clean_cache' from command line to 'False'
[0.513s] Level 5:colcon.colcon_core.verb:set package 'user_interface' build argument 'cmake_clean_first' from command line to 'False'
[0.513s] Level 5:colcon.colcon_core.verb:set package 'user_interface' build argument 'cmake_force_configure' from command line to 'False'
[0.513s] Level 5:colcon.colcon_core.verb:set package 'user_interface' build argument 'ament_cmake_args' from command line to 'None'
[0.513s] Level 5:colcon.colcon_core.verb:set package 'user_interface' build argument 'catkin_cmake_args' from command line to 'None'
[0.513s] Level 5:colcon.colcon_core.verb:set package 'user_interface' build argument 'catkin_skip_building_tests' from command line to 'False'
[0.513s] DEBUG:colcon.colcon_core.verb:Building package 'user_interface' with the following arguments: {'ament_cmake_args': None, 'build_base': '/home/jhw0178/ros2_2026_summer_study/ros_ws/build/user_interface', 'catkin_cmake_args': None, 'catkin_skip_building_tests': False, 'cmake_args': None, 'cmake_clean_cache': False, 'cmake_clean_first': False, 'cmake_force_configure': False, 'cmake_target': None, 'cmake_target_skip_unavailable': False, 'install_base': '/home/jhw0178/ros2_2026_summer_study/ros_ws/install/user_interface', 'merge_install': False, 'path': '/home/jhw0178/ros2_2026_summer_study/ros_ws/src/user_interface', 'symlink_install': False, 'test_result_base': None}
[0.513s] INFO:colcon.colcon_core.executor:Executing jobs using 'parallel' executor
[0.514s] DEBUG:colcon.colcon_parallel_executor.executor.parallel:run_until_complete
[0.515s] INFO:colcon.colcon_ros.task.ament_python.build:Building ROS package in '/home/jhw0178/ros2_2026_summer_study/ros_ws/src/mini_homework1' with build type 'ament_python'
[0.515s] Level 1:colcon.colcon_core.shell:create_environment_hook('mini_homework1', 'ament_prefix_path')
[0.520s] INFO:colcon.colcon_core.plugin_system:Skipping extension 'colcon_core.shell.bat': Not used on non-Windows systems
[0.521s] INFO:colcon.colcon_core.shell:Creating environment hook '/home/jhw0178/ros2_2026_summer_study/ros_ws/install/mini_homework1/share/mini_homework1/hook/ament_prefix_path.ps1'
[0.522s] INFO:colcon.colcon_core.shell:Creating environment descriptor '/home/jhw0178/ros2_2026_summer_study/ros_ws/install/mini_homework1/share/mini_homework1/hook/ament_prefix_path.dsv'
[0.523s] INFO:colcon.colcon_core.shell:Creating environment hook '/home/jhw0178/ros2_2026_summer_study/ros_ws/install/mini_homework1/share/mini_homework1/hook/ament_prefix_path.sh'
[0.524s] INFO:colcon.colcon_core.shell:Skip shell extension 'powershell' for command environment: Not usable outside of PowerShell
[0.524s] DEBUG:colcon.colcon_core.shell:Skip shell extension 'dsv' for command environment
[0.527s] INFO:colcon.colcon_ros.task.ament_python.build:Building ROS package in '/home/jhw0178/ros2_2026_summer_study/ros_ws/src/my_first_package' with build type 'ament_python'
[0.527s] Level 1:colcon.colcon_core.shell:create_environment_hook('my_first_package', 'ament_prefix_path')
[0.527s] INFO:colcon.colcon_core.shell:Creating environment hook '/home/jhw0178/ros2_2026_summer_study/ros_ws/install/my_first_package/share/my_first_package/hook/ament_prefix_path.ps1'
[0.528s] INFO:colcon.colcon_core.shell:Creating environment descriptor '/home/jhw0178/ros2_2026_summer_study/ros_ws/install/my_first_package/share/my_first_package/hook/ament_prefix_path.dsv'
[0.529s] INFO:colcon.colcon_core.shell:Creating environment hook '/home/jhw0178/ros2_2026_summer_study/ros_ws/install/my_first_package/share/my_first_package/hook/ament_prefix_path.sh'
[0.529s] INFO:colcon.colcon_core.shell:Skip shell extension 'powershell' for command environment: Not usable outside of PowerShell
[0.529s] DEBUG:colcon.colcon_core.shell:Skip shell extension 'dsv' for command environment
[0.532s] INFO:colcon.colcon_ros.task.ament_cmake.build:Building ROS package in '/home/jhw0178/ros2_2026_summer_study/ros_ws/src/user_interface' with build type 'ament_cmake'
[0.533s] INFO:colcon.colcon_cmake.task.cmake.build:Building CMake package in '/home/jhw0178/ros2_2026_summer_study/ros_ws/src/user_interface'
[0.533s] INFO:colcon.colcon_core.shell:Skip shell extension 'powershell' for command environment: Not usable outside of PowerShell
[0.533s] DEBUG:colcon.colcon_core.shell:Skip shell extension 'dsv' for command environment
[0.716s] INFO:colcon.colcon_core.task.python.build:Building Python package in '/home/jhw0178/ros2_2026_summer_study/ros_ws/src/mini_homework1'
[0.716s] INFO:colcon.colcon_core.shell:Skip shell extension 'powershell' for command environment: Not usable outside of PowerShell
[0.717s] DEBUG:colcon.colcon_core.shell:Skip shell extension 'dsv' for command environment
[0.908s] INFO:colcon.colcon_core.task.python.build:Building Python package in '/home/jhw0178/ros2_2026_summer_study/ros_ws/src/my_first_package'
[0.908s] INFO:colcon.colcon_core.shell:Skip shell extension 'powershell' for command environment: Not usable outside of PowerShell
[0.908s] DEBUG:colcon.colcon_core.shell:Skip shell extension 'dsv' for command environment
[0.916s] DEBUG:colcon.colcon_core.event_handler.log_command:Invoking command in '/home/jhw0178/ros2_2026_summer_study/ros_ws/build/user_interface': CMAKE_PREFIX_PATH=${CMAKE_PREFIX_PATH}:/home/jhw0178/ros2_2026_summer_study/ros_ws/install/my_first_package:/home/jhw0178/ros2_2026_summer_study/ros_ws/install/mini_homework1:/opt/ros/jazzy /usr/bin/cmake --build /home/jhw0178/ros2_2026_summer_study/ros_ws/build/user_interface -- -j16 -l16
[1.359s] DEBUG:colcon.colcon_core.event_handler.log_command:Invoked command in '/home/jhw0178/ros2_2026_summer_study/ros_ws/build/user_interface' returned '0': CMAKE_PREFIX_PATH=${CMAKE_PREFIX_PATH}:/home/jhw0178/ros2_2026_summer_study/ros_ws/install/my_first_package:/home/jhw0178/ros2_2026_summer_study/ros_ws/install/mini_homework1:/opt/ros/jazzy /usr/bin/cmake --build /home/jhw0178/ros2_2026_summer_study/ros_ws/build/user_interface -- -j16 -l16
[1.368s] DEBUG:colcon.colcon_core.event_handler.log_command:Invoking command in '/home/jhw0178/ros2_2026_summer_study/ros_ws/build/user_interface': CMAKE_PREFIX_PATH=${CMAKE_PREFIX_PATH}:/home/jhw0178/ros2_2026_summer_study/ros_ws/install/my_first_package:/home/jhw0178/ros2_2026_summer_study/ros_ws/install/mini_homework1:/opt/ros/jazzy /usr/bin/cmake --install /home/jhw0178/ros2_2026_summer_study/ros_ws/build/user_interface
[1.452s] Level 1:colcon.colcon_core.environment:create_environment_scripts_only(user_interface)
[1.452s] DEBUG:colcon.colcon_core.event_handler.log_command:Invoked command in '/home/jhw0178/ros2_2026_summer_study/ros_ws/build/user_interface' returned '0': CMAKE_PREFIX_PATH=${CMAKE_PREFIX_PATH}:/home/jhw0178/ros2_2026_summer_study/ros_ws/install/my_first_package:/home/jhw0178/ros2_2026_summer_study/ros_ws/install/mini_homework1:/opt/ros/jazzy /usr/bin/cmake --install /home/jhw0178/ros2_2026_summer_study/ros_ws/build/user_interface
[1.458s] Level 1:colcon.colcon_core.environment:checking '/home/jhw0178/ros2_2026_summer_study/ros_ws/install/user_interface' for CMake module files
[1.458s] Level 1:colcon.colcon_core.environment:checking '/home/jhw0178/ros2_2026_summer_study/ros_ws/install/user_interface' for CMake config files
[1.459s] Level 1:colcon.colcon_core.shell:create_environment_hook('user_interface', 'cmake_prefix_path')
[1.459s] INFO:colcon.colcon_core.shell:Creating environment hook '/home/jhw0178/ros2_2026_summer_study/ros_ws/install/user_interface/share/user_interface/hook/cmake_prefix_path.ps1'
[1.460s] INFO:colcon.colcon_core.shell:Creating environment descriptor '/home/jhw0178/ros2_2026_summer_study/ros_ws/install/user_interface/share/user_interface/hook/cmake_prefix_path.dsv'
[1.460s] INFO:colcon.colcon_core.shell:Creating environment hook '/home/jhw0178/ros2_2026_summer_study/ros_ws/install/user_interface/share/user_interface/hook/cmake_prefix_path.sh'
[1.461s] Level 1:colcon.colcon_core.environment:checking '/home/jhw0178/ros2_2026_summer_study/ros_ws/install/user_interface/lib'
[1.461s] Level 1:colcon.colcon_core.shell:create_environment_hook('user_interface', 'ld_library_path_lib')
[1.461s] INFO:colcon.colcon_core.shell:Creating environment hook '/home/jhw0178/ros2_2026_summer_study/ros_ws/install/user_interface/share/user_interface/hook/ld_library_path_lib.ps1'
[1.462s] INFO:colcon.colcon_core.shell:Creating environment descriptor '/home/jhw0178/ros2_2026_summer_study/ros_ws/install/user_interface/share/user_interface/hook/ld_library_path_lib.dsv'
[1.462s] INFO:colcon.colcon_core.shell:Creating environment hook '/home/jhw0178/ros2_2026_summer_study/ros_ws/install/user_interface/share/user_interface/hook/ld_library_path_lib.sh'
[1.462s] Level 1:colcon.colcon_core.environment:checking '/home/jhw0178/ros2_2026_summer_study/ros_ws/install/user_interface/bin'
[1.463s] Level 1:colcon.colcon_core.environment:checking '/home/jhw0178/ros2_2026_summer_study/ros_ws/install/user_interface/lib/pkgconfig/user_interface.pc'
[1.463s] Level 1:colcon.colcon_core.environment:checking '/home/jhw0178/ros2_2026_summer_study/ros_ws/install/user_interface/lib/python3.12/site-packages'
[1.463s] Level 1:colcon.colcon_core.shell:create_environment_hook('user_interface', 'pythonpath')
[1.463s] INFO:colcon.colcon_core.shell:Creating environment hook '/home/jhw0178/ros2_2026_summer_study/ros_ws/install/user_interface/share/user_interface/hook/pythonpath.ps1'
[1.463s] INFO:colcon.colcon_core.shell:Creating environment descriptor '/home/jhw0178/ros2_2026_summer_study/ros_ws/install/user_interface/share/user_interface/hook/pythonpath.dsv'
[1.464s] INFO:colcon.colcon_core.shell:Creating environment hook '/home/jhw0178/ros2_2026_summer_study/ros_ws/install/user_interface/share/user_interface/hook/pythonpath.sh'
[1.464s] Level 1:colcon.colcon_core.environment:checking '/home/jhw0178/ros2_2026_summer_study/ros_ws/install/user_interface/bin'
[1.465s] INFO:colcon.colcon_core.shell:Creating package script '/home/jhw0178/ros2_2026_summer_study/ros_ws/install/user_interface/share/user_interface/package.ps1'
[1.466s] INFO:colcon.colcon_core.shell:Creating package descriptor '/home/jhw0178/ros2_2026_summer_study/ros_ws/install/user_interface/share/user_interface/package.dsv'
[1.466s] INFO:colcon.colcon_core.shell:Creating package script '/home/jhw0178/ros2_2026_summer_study/ros_ws/install/user_interface/share/user_interface/package.sh'
[1.467s] INFO:colcon.colcon_core.shell:Creating package script '/home/jhw0178/ros2_2026_summer_study/ros_ws/install/user_interface/share/user_interface/package.bash'
[1.468s] INFO:colcon.colcon_core.shell:Creating package script '/home/jhw0178/ros2_2026_summer_study/ros_ws/install/user_interface/share/user_interface/package.zsh'
[1.468s] Level 1:colcon.colcon_core.environment:create_file_with_runtime_dependencies(/home/jhw0178/ros2_2026_summer_study/ros_ws/install/user_interface/share/colcon-core/packages/user_interface)
[1.469s] Level 1:colcon.colcon_core.environment:create_environment_scripts_only(user_interface)
[1.469s] Level 1:colcon.colcon_core.environment:checking '/home/jhw0178/ros2_2026_summer_study/ros_ws/install/user_interface' for CMake module files
[1.470s] Level 1:colcon.colcon_core.environment:checking '/home/jhw0178/ros2_2026_summer_study/ros_ws/install/user_interface' for CMake config files
[1.470s] Level 1:colcon.colcon_core.shell:create_environment_hook('user_interface', 'cmake_prefix_path')
[1.470s] INFO:colcon.colcon_core.shell:Creating environment hook '/home/jhw0178/ros2_2026_summer_study/ros_ws/install/user_interface/share/user_interface/hook/cmake_prefix_path.ps1'
[1.471s] INFO:colcon.colcon_core.shell:Creating environment descriptor '/home/jhw0178/ros2_2026_summer_study/ros_ws/install/user_interface/share/user_interface/hook/cmake_prefix_path.dsv'
[1.471s] INFO:colcon.colcon_core.shell:Creating environment hook '/home/jhw0178/ros2_2026_summer_study/ros_ws/install/user_interface/share/user_interface/hook/cmake_prefix_path.sh'
[1.471s] Level 1:colcon.colcon_core.environment:checking '/home/jhw0178/ros2_2026_summer_study/ros_ws/install/user_interface/lib'
[1.471s] Level 1:colcon.colcon_core.shell:create_environment_hook('user_interface', 'ld_library_path_lib')
[1.472s] INFO:colcon.colcon_core.shell:Creating environment hook '/home/jhw0178/ros2_2026_summer_study/ros_ws/install/user_interface/share/user_interface/hook/ld_library_path_lib.ps1'
[1.472s] INFO:colcon.colcon_core.shell:Creating environment descriptor '/home/jhw0178/ros2_2026_summer_study/ros_ws/install/user_interface/share/user_interface/hook/ld_library_path_lib.dsv'
[1.472s] INFO:colcon.colcon_core.shell:Creating environment hook '/home/jhw0178/ros2_2026_summer_study/ros_ws/install/user_interface/share/user_interface/hook/ld_library_path_lib.sh'
[1.472s] Level 1:colcon.colcon_core.environment:checking '/home/jhw0178/ros2_2026_summer_study/ros_ws/install/user_interface/bin'
[1.473s] Level 1:colcon.colcon_core.environment:checking '/home/jhw0178/ros2_2026_summer_study/ros_ws/install/user_interface/lib/pkgconfig/user_interface.pc'
[1.473s] Level 1:colcon.colcon_core.environment:checking '/home/jhw0178/ros2_2026_summer_study/ros_ws/install/user_interface/lib/python3.12/site-packages'
[1.473s] Level 1:colcon.colcon_core.shell:create_environment_hook('user_interface', 'pythonpath')
[1.473s] INFO:colcon.colcon_core.shell:Creating environment hook '/home/jhw0178/ros2_2026_summer_study/ros_ws/install/user_interface/share/user_interface/hook/pythonpath.ps1'
[1.473s] INFO:colcon.colcon_core.shell:Creating environment descriptor '/home/jhw0178/ros2_2026_summer_study/ros_ws/install/user_interface/share/user_interface/hook/pythonpath.dsv'
[1.474s] INFO:colcon.colcon_core.shell:Creating environment hook '/home/jhw0178/ros2_2026_summer_study/ros_ws/install/user_interface/share/user_interface/hook/pythonpath.sh'
[1.474s] Level 1:colcon.colcon_core.environment:checking '/home/jhw0178/ros2_2026_summer_study/ros_ws/install/user_interface/bin'
[1.475s] INFO:colcon.colcon_core.shell:Creating package script '/home/jhw0178/ros2_2026_summer_study/ros_ws/install/user_interface/share/user_interface/package.ps1'
[1.475s] INFO:colcon.colcon_core.shell:Creating package descriptor '/home/jhw0178/ros2_2026_summer_study/ros_ws/install/user_interface/share/user_interface/package.dsv'
[1.476s] INFO:colcon.colcon_core.shell:Creating package script '/home/jhw0178/ros2_2026_summer_study/ros_ws/install/user_interface/share/user_interface/package.sh'
[1.476s] INFO:colcon.colcon_core.shell:Creating package script '/home/jhw0178/ros2_2026_summer_study/ros_ws/install/user_interface/share/user_interface/package.bash'
[1.477s] INFO:colcon.colcon_core.shell:Creating package script '/home/jhw0178/ros2_2026_summer_study/ros_ws/install/user_interface/share/user_interface/package.zsh'
[1.477s] Level 1:colcon.colcon_core.environment:create_file_with_runtime_dependencies(/home/jhw0178/ros2_2026_summer_study/ros_ws/install/user_interface/share/colcon-core/packages/user_interface)
[1.755s] DEBUG:colcon.colcon_core.task.python.build:Available setuptools commands: check, build, setopt, alias, compile_catalog, bdist_rpm, bdist, build_clib, build_ext, init_catalog, clean, develop, test, symlink_data, install_data, rotate, egg_info, build_py, saveopts, install_lib, install_scripts, upload, easy_install, upload_docs, extract_messages, install_egg_info, register, build_scripts, sdist, editable_wheel, install, dist_info, update_catalog, install_headers, bdist_egg, bdist_dumb
[1.758s] DEBUG:colcon.colcon_core.task.python.build:Available setuptools commands: check, build, setopt, alias, compile_catalog, bdist_rpm, bdist, build_clib, build_ext, init_catalog, clean, develop, test, symlink_data, install_data, rotate, egg_info, build_py, saveopts, install_lib, install_scripts, upload, easy_install, upload_docs, extract_messages, install_egg_info, register, build_scripts, sdist, editable_wheel, install, dist_info, update_catalog, install_headers, bdist_egg, bdist_dumb
[1.758s] DEBUG:colcon.colcon_core.event_handler.log_command:Invoking command in '/home/jhw0178/ros2_2026_summer_study/ros_ws/src/my_first_package': PYTHONPATH=/home/jhw0178/ros2_2026_summer_study/ros_ws/build/my_first_package/prefix_override:/usr/lib/python3/dist-packages/colcon_core/task/python/colcon_distutils_commands:/home/jhw0178/ros2_2026_summer_study/ros_ws/install/my_first_package/lib/python3.12/site-packages:${PYTHONPATH} /usr/bin/python3 -W ignore:setup.py install is deprecated -W ignore:easy_install command is deprecated setup.py egg_info --egg-base ../../build/my_first_package build --build-base /home/jhw0178/ros2_2026_summer_study/ros_ws/build/my_first_package/build install --record /home/jhw0178/ros2_2026_summer_study/ros_ws/build/my_first_package/install.log --install-scripts $base/lib/my_first_package --single-version-externally-managed install_data
[1.760s] DEBUG:colcon.colcon_core.event_handler.log_command:Invoking command in '/home/jhw0178/ros2_2026_summer_study/ros_ws/src/mini_homework1': PYTHONPATH=/home/jhw0178/ros2_2026_summer_study/ros_ws/build/mini_homework1/prefix_override:/usr/lib/python3/dist-packages/colcon_core/task/python/colcon_distutils_commands:/home/jhw0178/ros2_2026_summer_study/ros_ws/install/mini_homework1/lib/python3.12/site-packages:${PYTHONPATH} /usr/bin/python3 -W ignore:setup.py install is deprecated -W ignore:easy_install command is deprecated setup.py egg_info --egg-base ../../build/mini_homework1 build --build-base /home/jhw0178/ros2_2026_summer_study/ros_ws/build/mini_homework1/build install --record /home/jhw0178/ros2_2026_summer_study/ros_ws/build/mini_homework1/install.log --install-scripts $base/lib/mini_homework1 --single-version-externally-managed install_data
[2.193s] Level 1:colcon.colcon_core.environment:checking '/home/jhw0178/ros2_2026_summer_study/ros_ws/install/mini_homework1' for CMake module files
[2.194s] DEBUG:colcon.colcon_core.event_handler.log_command:Invoked command in '/home/jhw0178/ros2_2026_summer_study/ros_ws/src/mini_homework1' returned '0': PYTHONPATH=/home/jhw0178/ros2_2026_summer_study/ros_ws/build/mini_homework1/prefix_override:/usr/lib/python3/dist-packages/colcon_core/task/python/colcon_distutils_commands:/home/jhw0178/ros2_2026_summer_study/ros_ws/install/mini_homework1/lib/python3.12/site-packages:${PYTHONPATH} /usr/bin/python3 -W ignore:setup.py install is deprecated -W ignore:easy_install command is deprecated setup.py egg_info --egg-base ../../build/mini_homework1 build --build-base /home/jhw0178/ros2_2026_summer_study/ros_ws/build/mini_homework1/build install --record /home/jhw0178/ros2_2026_summer_study/ros_ws/build/mini_homework1/install.log --install-scripts $base/lib/mini_homework1 --single-version-externally-managed install_data
[2.195s] Level 1:colcon.colcon_core.environment:checking '/home/jhw0178/ros2_2026_summer_study/ros_ws/install/mini_homework1' for CMake config files
[2.196s] Level 1:colcon.colcon_core.environment:checking '/home/jhw0178/ros2_2026_summer_study/ros_ws/install/mini_homework1/lib'
[2.196s] Level 1:colcon.colcon_core.environment:checking '/home/jhw0178/ros2_2026_summer_study/ros_ws/install/mini_homework1/bin'
[2.196s] Level 1:colcon.colcon_core.environment:checking '/home/jhw0178/ros2_2026_summer_study/ros_ws/install/mini_homework1/lib/pkgconfig/mini_homework1.pc'
[2.196s] Level 1:colcon.colcon_core.environment:checking '/home/jhw0178/ros2_2026_summer_study/ros_ws/install/mini_homework1/lib/python3.12/site-packages'
[2.196s] Level 1:colcon.colcon_core.shell:create_environment_hook('mini_homework1', 'pythonpath')
[2.196s] INFO:colcon.colcon_core.shell:Creating environment hook '/home/jhw0178/ros2_2026_summer_study/ros_ws/install/mini_homework1/share/mini_homework1/hook/pythonpath.ps1'
[2.197s] INFO:colcon.colcon_core.shell:Creating environment descriptor '/home/jhw0178/ros2_2026_summer_study/ros_ws/install/mini_homework1/share/mini_homework1/hook/pythonpath.dsv'
[2.197s] INFO:colcon.colcon_core.shell:Creating environment hook '/home/jhw0178/ros2_2026_summer_study/ros_ws/install/mini_homework1/share/mini_homework1/hook/pythonpath.sh'
[2.198s] Level 1:colcon.colcon_core.environment:checking '/home/jhw0178/ros2_2026_summer_study/ros_ws/install/mini_homework1/bin'
[2.198s] Level 1:colcon.colcon_core.environment:create_environment_scripts_only(mini_homework1)
[2.198s] INFO:colcon.colcon_core.shell:Creating package script '/home/jhw0178/ros2_2026_summer_study/ros_ws/install/mini_homework1/share/mini_homework1/package.ps1'
[2.199s] INFO:colcon.colcon_core.shell:Creating package descriptor '/home/jhw0178/ros2_2026_summer_study/ros_ws/install/mini_homework1/share/mini_homework1/package.dsv'
[2.199s] INFO:colcon.colcon_core.shell:Creating package script '/home/jhw0178/ros2_2026_summer_study/ros_ws/install/mini_homework1/share/mini_homework1/package.sh'
[2.199s] INFO:colcon.colcon_core.shell:Creating package script '/home/jhw0178/ros2_2026_summer_study/ros_ws/install/mini_homework1/share/mini_homework1/package.bash'
[2.200s] INFO:colcon.colcon_core.shell:Creating package script '/home/jhw0178/ros2_2026_summer_study/ros_ws/install/mini_homework1/share/mini_homework1/package.zsh'
[2.200s] Level 1:colcon.colcon_core.environment:create_file_with_runtime_dependencies(/home/jhw0178/ros2_2026_summer_study/ros_ws/install/mini_homework1/share/colcon-core/packages/mini_homework1)
[2.201s] Level 1:colcon.colcon_core.environment:checking '/home/jhw0178/ros2_2026_summer_study/ros_ws/install/my_first_package' for CMake module files
[2.202s] DEBUG:colcon.colcon_core.event_handler.log_command:Invoked command in '/home/jhw0178/ros2_2026_summer_study/ros_ws/src/my_first_package' returned '0': PYTHONPATH=/home/jhw0178/ros2_2026_summer_study/ros_ws/build/my_first_package/prefix_override:/usr/lib/python3/dist-packages/colcon_core/task/python/colcon_distutils_commands:/home/jhw0178/ros2_2026_summer_study/ros_ws/install/my_first_package/lib/python3.12/site-packages:${PYTHONPATH} /usr/bin/python3 -W ignore:setup.py install is deprecated -W ignore:easy_install command is deprecated setup.py egg_info --egg-base ../../build/my_first_package build --build-base /home/jhw0178/ros2_2026_summer_study/ros_ws/build/my_first_package/build install --record /home/jhw0178/ros2_2026_summer_study/ros_ws/build/my_first_package/install.log --install-scripts $base/lib/my_first_package --single-version-externally-managed install_data
[2.203s] Level 1:colcon.colcon_core.environment:checking '/home/jhw0178/ros2_2026_summer_study/ros_ws/install/my_first_package' for CMake config files
[2.203s] Level 1:colcon.colcon_core.environment:checking '/home/jhw0178/ros2_2026_summer_study/ros_ws/install/my_first_package/lib'
[2.203s] Level 1:colcon.colcon_core.environment:checking '/home/jhw0178/ros2_2026_summer_study/ros_ws/install/my_first_package/bin'
[2.203s] Level 1:colcon.colcon_core.environment:checking '/home/jhw0178/ros2_2026_summer_study/ros_ws/install/my_first_package/lib/pkgconfig/my_first_package.pc'
[2.204s] Level 1:colcon.colcon_core.environment:checking '/home/jhw0178/ros2_2026_summer_study/ros_ws/install/my_first_package/lib/python3.12/site-packages'
[2.204s] Level 1:colcon.colcon_core.shell:create_environment_hook('my_first_package', 'pythonpath')
[2.204s] INFO:colcon.colcon_core.shell:Creating environment hook '/home/jhw0178/ros2_2026_summer_study/ros_ws/install/my_first_package/share/my_first_package/hook/pythonpath.ps1'
[2.204s] INFO:colcon.colcon_core.shell:Creating environment descriptor '/home/jhw0178/ros2_2026_summer_study/ros_ws/install/my_first_package/share/my_first_package/hook/pythonpath.dsv'
[2.204s] INFO:colcon.colcon_core.shell:Creating environment hook '/home/jhw0178/ros2_2026_summer_study/ros_ws/install/my_first_package/share/my_first_package/hook/pythonpath.sh'
[2.205s] Level 1:colcon.colcon_core.environment:checking '/home/jhw0178/ros2_2026_summer_study/ros_ws/install/my_first_package/bin'
[2.205s] Level 1:colcon.colcon_core.environment:create_environment_scripts_only(my_first_package)
[2.205s] INFO:colcon.colcon_core.shell:Creating package script '/home/jhw0178/ros2_2026_summer_study/ros_ws/install/my_first_package/share/my_first_package/package.ps1'
[2.206s] INFO:colcon.colcon_core.shell:Creating package descriptor '/home/jhw0178/ros2_2026_summer_study/ros_ws/install/my_first_package/share/my_first_package/package.dsv'
[2.206s] INFO:colcon.colcon_core.shell:Creating package script '/home/jhw0178/ros2_2026_summer_study/ros_ws/install/my_first_package/share/my_first_package/package.sh'
[2.207s] INFO:colcon.colcon_core.shell:Creating package script '/home/jhw0178/ros2_2026_summer_study/ros_ws/install/my_first_package/share/my_first_package/package.bash'
[2.207s] INFO:colcon.colcon_core.shell:Creating package script '/home/jhw0178/ros2_2026_summer_study/ros_ws/install/my_first_package/share/my_first_package/package.zsh'
[2.207s] Level 1:colcon.colcon_core.environment:create_file_with_runtime_dependencies(/home/jhw0178/ros2_2026_summer_study/ros_ws/install/my_first_package/share/colcon-core/packages/my_first_package)
[2.207s] DEBUG:colcon.colcon_parallel_executor.executor.parallel:closing loop
[2.208s] DEBUG:colcon.colcon_parallel_executor.executor.parallel:loop closed
[2.209s] DEBUG:colcon.colcon_parallel_executor.executor.parallel:run_until_complete finished with '0'
[2.209s] DEBUG:colcon.colcon_core.event_reactor:joining thread
[2.253s] INFO:colcon.colcon_core.plugin_system:Skipping extension 'colcon_notification.desktop_notification.notify_send': Could not find 'notify-send'
[2.253s] INFO:colcon.colcon_core.plugin_system:Skipping extension 'colcon_notification.desktop_notification.terminal_notifier': Not used on non-Darwin systems
[2.253s] INFO:colcon.colcon_core.plugin_system:Skipping extension 'colcon_notification.desktop_notification.win32': Not used on non-Windows systems
[2.254s] INFO:colcon.colcon_notification.desktop_notification:Sending desktop notification using 'notify2'
[2.255s] DEBUG:colcon.colcon_notification.desktop_notification.notify2:Failed to initialize notify2: org.freedesktop.DBus.Error.ServiceUnknown: The name org.freedesktop.Notifications was not provided by any .service files
[2.256s] DEBUG:colcon.colcon_core.event_reactor:joined thread
[2.256s] INFO:colcon.colcon_core.shell:Creating prefix script '/home/jhw0178/ros2_2026_summer_study/ros_ws/install/local_setup.ps1'
[2.257s] INFO:colcon.colcon_core.shell:Creating prefix util module '/home/jhw0178/ros2_2026_summer_study/ros_ws/install/_local_setup_util_ps1.py'
[2.258s] INFO:colcon.colcon_core.shell:Creating prefix chain script '/home/jhw0178/ros2_2026_summer_study/ros_ws/install/setup.ps1'
[2.259s] INFO:colcon.colcon_core.shell:Creating prefix script '/home/jhw0178/ros2_2026_summer_study/ros_ws/install/local_setup.sh'
[2.260s] INFO:colcon.colcon_core.shell:Creating prefix util module '/home/jhw0178/ros2_2026_summer_study/ros_ws/install/_local_setup_util_sh.py'
[2.261s] INFO:colcon.colcon_core.shell:Creating prefix chain script '/home/jhw0178/ros2_2026_summer_study/ros_ws/install/setup.sh'
[2.262s] INFO:colcon.colcon_core.shell:Creating prefix script '/home/jhw0178/ros2_2026_summer_study/ros_ws/install/local_setup.bash'
[2.263s] INFO:colcon.colcon_core.shell:Creating prefix chain script '/home/jhw0178/ros2_2026_summer_study/ros_ws/install/setup.bash'
[2.264s] INFO:colcon.colcon_core.shell:Creating prefix script '/home/jhw0178/ros2_2026_summer_study/ros_ws/install/local_setup.zsh'
[2.265s] INFO:colcon.colcon_core.shell:Creating prefix chain script '/home/jhw0178/ros2_2026_summer_study/ros_ws/install/setup.zsh'
